<?xml version="1.0" encoding="UTF-8"?>
<testsuites>
  <testsuite name="" tests="1" assertions="1" failures="0" errors="0" time="103.803967">
    <testsuite name="Instapost" tests="1" assertions="1" failures="0" errors="0" time="103.803967">
      <testsuite name="Tests\InstaTest" file="/home/git/insta/tests/InstaTest.php" tests="1" assertions="1" failures="0" errors="0" time="103.803967">
        <testcase name="testShouldUploadPhotosWithCaption" class="Tests\InstaTest" file="/home/git/insta/tests/InstaTest.php" line="17" assertions="1" time="103.803967">
          <system-out>[1;34mGET:  [0mfeed/timeline?rank_token=2018677947_7691e152-1aed-496e-aa05-1c9f77ebef0e&amp;ranked_content=true
[0;32m‚Üê 200 	 8.23kB[0m
[0;36mRESPONSE: [0m{"num_results": 8, "more_available": true, "auto_load_more_enabled": true, "feed_items": [{"media_or_ad": {"taken_at": 1500830813, "pk": 1565404780191800890, "id": "1565404780191800890_288202169", "device_timestamp": 1500830736, "media_type": 1, "code": "BW5b1qNB946", "client_cache_key": "MTU2NTQwNDc4MDE5MTgwMDg5MA==.2", "filter_type": 0, "image_versions2": {"candidates": [{"width": 1080, "height": 1080, "url": "https://instagram.fhel2-1.fna.fbcdn.net/t51.2885-15/e35/20184656_1668768196469033_6327628163027304448_n.jpg?ig_cache_key=MTU2NTQwNDc4MDE5MTgwMDg5MA%3D%3D.2\u0026se=8"}, {"width": 240, "height": 240, "url": "https://instagram.fhel2-1.fna.fbcdn.net/t51.2885-15/s240x240/e35/20184656_1668768196469033_6327628163027304448_n.jpg?ig_cache_key=MTU2NTQwNDc4MDE5MTgwMDg5MA%3D%3D.2"}]}, "original_width": 1080, "original_height": 1080, "user": {"pk": 288202169, "username": "jeannasel", "full_name": "Jeanna Seliverstova", "is_private": false, "profile_pic_url": "https://instagram.fhel2-1.fna.fbcdn.net/t51.2885-19/s150x150/15803628_296085164126347_120498365505994752_a.jpg", "profile_pic_id": "1416059243505595469_288202169", "friendship_status": {"following": true, "outgoing_request": false, "is_bestie": false}, "is_verified": false, "has_anonymous_profile_picture": false, "is_unpublished": false, "is_favorite": false}, "caption": {"pk": 17875524544092951, "user_id": 288202169, "text": "#\u043d\u0435\u0431\u043e\u2601 #\u0432\u043e\u043b\u0448\u0435\u0431\u0441\u0442\u0432\u043e\u2728 #\u0431\u0435\u0437\u0444\u0438\u043b\u044c\u0442\u0440\u043e\u0432\ud83d\ude0d", "type": 1, "created_at": 1500830813, "created_at_utc": 1500830813, "content_type": "comment", "status": "Active", "bit_flags": 0, "user": {"pk": 288202169, "username": "jeannasel", "full_name": "Jeanna Seliverstova", "is_private": false, "profile_pic_url": "https://instagram.fhel2-1.fna.fbcdn.net/t51.2885-19/s150x150/15803628_296085164126347_120498365505994752_a.jpg", "profile_pic_id": "1416059243505595469_288202169", "friendship_status": {"following": true, "outgoing_request": false, "is_bestie": false}, "is_verified": false, "has_anonymous_profile_picture": false, "is_unpublished": false, "is_favorite": false}, "did_report_as_spam": false, "media_id": 1565404780191800890, "has_translation": true}, "caption_is_edited": false, "like_count": 0, "has_liked": false, "top_likers": [], "likers": [], "comment_likes_enabled": true, "comment_threading_enabled": false, "has_more_comments": false, "max_num_visible_preview_comments": 2, "preview_comments": [], "comment_count": 0, "photo_of_you": false, "can_viewer_save": true, "organic_tracking_token": "eyJ2ZXJzaW9uIjo1LCJwYXlsb2FkIjp7ImlzX2FuYWx5dGljc190cmFja2VkIjpmYWxzZSwidXVpZCI6IjJmOTdhMTJjMmYyMjQ4ZTg5ZDQxNmVhYjBmOThhNTY0MTU2NTQwNDc4MDE5MTgwMDg5MCIsInNlcnZlcl90b2tlbiI6IjE1MDA4MzA4MjI3OTZ8MTU2NTQwNDc4MDE5MTgwMDg5MHwyMDE4Njc3OTQ3fDE5NzE0OTUxMDc1ZWU5N2Y1ZTc2OTFhOWQzNGU1MjVmZmYxNDA5OTY3YjRiYzk3N2RhM2QyZDc4ODEzODJlNTUifSwic2lnbmF0dXJlIjoiIn0="}}, {"media_or_ad": {"taken_at": 1500830585, "pk": 1565402867505220621, "id": "1565402867505220621_1593143552", "device_timestamp": 1500830180, "media_type": 1, "code": "BW5bZ04BswN", "client_cache_key": "MTU2NTQwMjg2NzUwNTIyMDYyMQ==.2", "filter_type": 2, "image_versions2": {"candidates": [{"width": 1080, "height": 1080, "url": "https://instagram.fhel2-1.fna.fbcdn.net/t51.2885-15/e35/20393517_332224723879063_3885412387318136832_n.jpg?ig_cache_key=MTU2NTQwMjg2NzUwNTIyMDYyMQ%3D%3D.2\u0026se=8"}, {"width": 240, "height": 240, "url": "https://instagram.fhel2-1.fna.fbcdn.net/t51.2885-15/s240x240/e35/20393517_332224723879063_3885412387318136832_n.jpg?ig_cache_key=MTU2NTQwMjg2NzUwNTIyMDYyMQ%3D%3D.2"}]}, "original_width": 1080, "original_height": 1080, "location": {"pk": 423860212, "name": "Izmaylovsky Park", "address": "", "city": "", "short_name": "Izmaylovsky Park", "lng": 37.78944444, "lat": 55.77722222, "external_source": "facebook_places", "facebook_places_id": 140145676010905}, "lat": 55.77722222, "lng": 37.78944444, "user": {"pk": 1593143552, "username": "stafanka", "full_name": "\ud83c\udf38\u0410\u043d\u044e\u0442\u0430\ud83c\udf38", "is_private": false, "profile_pic_url": "https://instagram.fhel2-1.fna.fbcdn.net/t51.2885-19/s150x150/15876210_409048476093573_7592026419975159808_n.jpg", "profile_pic_id": "1424647385191545737_1593143552", "friendship_status": {"following": true, "outgoing_request": false, "is_bestie": false}, "is_verified": false, "has_anonymous_profile_picture": false, "is_unpublished": false, "is_favorite": false}, "caption": {"pk": 17878489558103883, "user_id": 1593143552, "text": "\u0412 \u043f\u0440\u0438\u0440\u043e\u0434\u0435 \u0432\u0441\u0435 \u043c\u0443\u0434\u0440\u043e \u043f\u0440\u043e\u0434\u0443\u043c\u0430\u043d\u043e \u0438 \u0443\u0441\u0442\u0440\u043e\u0435\u043d\u043e, \u0432\u0441\u044f\u043a\u0438\u0439 \u0434\u043e\u043b\u0436\u0435\u043d \u0437\u0430\u043d\u0438\u043c\u0430\u0442\u044c\u0441\u044f \u0441\u0432\u043e\u0438\u043c \u0434\u0435\u043b\u043e\u043c, \u0438 \u0432 \u044d\u0442\u043e\u0439 \u043c\u0443\u0434\u0440\u043e\u0441\u0442\u0438 \u2014 \u0432\u044b\u0441\u0448\u0430\u044f \u0441\u043f\u0440\u0430\u0432\u0435\u0434\u043b\u0438\u0432\u043e\u0441\u0442\u044c \u0436\u0438\u0437\u043d\u0438.#moscowcity #friends #2017 #supergirl #\u0433\u0443\u043b\u044f\u044e #\u0441\u043e\u043b\u043d\u0446\u0435 #\u0441\u0447\u0430\u0441\u0442\u043b\u0438\u0432\u0430\u044f #\u043b\u044e\u0431\u043b\u044e #\u043f\u0440\u0438\u0440\u043e\u0434\u0430 #\u0441\u0447\u0430\u0441\u0442\u044c\u0435\u0435\u0441\u0442\u044c #\u043d\u0435\u043c\u043e\u0436\u0435\u0442 #\u043d\u0435\u0431\u044b\u0442\u044c #\u2764\ufe0f", "type": 1, "created_at": 1500830586, "created_at_utc": 1500830586, "content_type": "comment", "status": "Active", "bit_flags": 0, "user": {"pk": 1593143552, "username": "stafanka", "full_name": "\ud83c\udf38\u0410\u043d\u044e\u0442\u0430\ud83c\udf38", "is_private": false, "profile_pic_url": "https://instagram.fhel2-1.fna.fbcdn.net/t51.2885-19/s150x150/15876210_409048476093573_7592026419975159808_n.jpg", "profile_pic_id": "1424647385191545737_1593143552", "friendship_status": {"following": true, "outgoing_request": false, "is_bestie": false}, "is_verified": false, "has_anonymous_profile_picture": false, "is_unpublished": false, "is_favorite": false}, "did_report_as_spam": false, "media_id": 1565402867505220621, "has_translation": true}, "caption_is_edited": false, "like_count": 3, "has_liked": false, "top_likers": [], "likers": [{"pk": 5435363480, "username": "_xitlis_", "full_name": "", "is_private": false, "profile_pic_url": "https://instagram.fhel2-1.fna.fbcdn.net/t51.2885-19/s150x150/19932362_680656905468649_4016084018519867392_a.jpg", "profile_pic_id": "1556781280631711127_5435363480", "is_verified": false}, {"pk": 5579176945, "username": "shadko_m.98", "full_name": "Shadko Maksim", "is_private": false, "profile_pic_url": "https://instagram.fhel2-1.fna.fbcdn.net/t51.2885-19/s150x150/19379294_143846912833205_9222202096353280000_n.jpg", "profile_pic_id": "1533525562520552247_5579176945", "is_verified": false}, {"pk": 3561348709, "username": "vinnichiariotti", "full_name": "Vinni Chiariotti", "is_private": false, "profile_pic_url": "https://instagram.fhel2-1.fna.fbcdn.net/t51.2885-19/s150x150/13706853_271555766552193_121550497_a.jpg", "profile_pic_id": "1299968953896071280_3561348709", "is_verified": false}], "comment_likes_enabled": true, "comment_threading_enabled": false, "has_more_comments": false, "max_num_visible_preview_comments": 2, "preview_comments": [], "comment_count": 0, "photo_of_you": false, "can_viewer_save": true, "organic_tracking_token": "eyJ2ZXJzaW9uIjo1LCJwYXlsb2FkIjp7ImlzX2FuYWx5dGljc190cmFja2VkIjpmYWxzZSwidXVpZCI6IjJmOTdhMTJjMmYyMjQ4ZTg5ZDQxNmVhYjBmOThhNTY0MTU2NTQwMjg2NzUwNTIyMDYyMSIsInNlcnZlcl90b2tlbiI6IjE1MDA4MzA4MjI3OTd8MTU2NTQwMjg2NzUwNTIyMDYyMXwyMDE4Njc3OTQ3fDYyMGUwZGJlNTlmODE5ZWIxNjI1MmI0YjQzOTYwZTg3Zjc5NGY5MDA4M2ZhMzkzYjRhYjJhNTdiOTMyOGI1NTAifSwic2lnbmF0dXJlIjoiIn0=", "preview": "ACoq55TXT6Rd4Xym6dj6Vywz2q3Azocr1pAd7XGXzEyHnvVszz49Ceg9azJVkYkkc0NgVGNNpWBHUGmc0AXEOK1raAfef8B/jVK0i53N2rWD/hWdjSMOrK10/wA/HO3H+NSyqsw3dCe4pFO0YH+fekUADH44+tNu6t2L5e/UyZgUODVbdWtOA3BrP8mhWM3C2xbBx0qdZO1Vx0ooNi35gqNpKrClFIBzNmmbqWm0xH//2Q=="}}, {"media_or_ad": {"taken_at": 1500830452, "pk": 1565401755485886601, "id": "1565401755485886601_2372076296", "device_timestamp": 1500830314005, "media_type": 1, "code": "BW5bJpOgliJgh5sa9kfSHjoV9Twa_Ocwdz-WBg0", "client_cache_key": "MTU2NTQwMTc1NTQ4NTg4NjYwMQ==.2", "filter_type": 112, "image_versions2": {"candidates": [{"width": 1080, "height": 774, "url": "https://instagram.fhel2-1.fna.fbcdn.net/t51.2885-15/e35/20214268_284212445319628_4645008217250725888_n.jpg?ig_cache_key=MTU2NTQwMTc1NTQ4NTg4NjYwMQ%3D%3D.2\u0026se=8"}, {"width": 240, "height": 172, "url": "https://instagram.fhel2-1.fna.fbcdn.net/t51.2885-15/s240x240/e35/20214268_284212445319628_4645008217250725888_n.jpg?ig_cache_key=MTU2NTQwMTc1NTQ4NTg4NjYwMQ%3D%3D.2"}]}, "original_width": 1080, "original_height": 774, "location": {"pk": 538636436321564, "name": "Juglas Kanals", "address": "", "city": "", "short_name": "Juglas Kanals", "lng": 24.2500413, "lat": 56.99029044, "external_source": "facebook_places", "facebook_places_id": 538636436321564}, "lat": 56.99029044, "lng": 24.2500413, "user": {"pk": 2372076296, "username": "angela_000000001", "full_name": "Andzelina Sarkane", "is_private": true, "profile_pic_url": "https://instagram.fhel2-1.fna.fbcdn.net/t51.2885-19/s150x150/20347112_1752439045048904_8354407660753256448_a.jpg", "profile_pic_id": "1565359645521043213_2372076296", "friendship_status": {"following": true, "outgoing_request": false, "is_bestie": false}, "is_verified": false, "has_anonymous_profile_picture": false, "is_unpublished": false, "is_favorite": false}, "caption": null, "caption_is_edited": false, "like_count": 1, "has_liked": false, "top_likers": [], "likers": [{"pk": 2325270530, "username": "pudink2", "full_name": "\u041f\u0443\u0434\u0438\u043d\u043a", "is_private": false, "profile_pic_url": "https://instagram.fhel2-1.fna.fbcdn.net/t51.2885-19/s150x150/18947418_1941375666140992_4543689608025604096_a.jpg", "profile_pic_id": "1532720828297424286_2325270530", "is_verified": false}], "comment_likes_enabled": true, "comment_threading_enabled": false, "has_more_comments": false, "max_num_visible_preview_comments": 2, "preview_comments": [], "comment_count": 0, "photo_of_you": false, "can_viewer_save": true, "organic_tracking_token": "eyJ2ZXJzaW9uIjo1LCJwYXlsb2FkIjp7ImlzX2FuYWx5dGljc190cmFja2VkIjpmYWxzZSwidXVpZCI6IjJmOTdhMTJjMmYyMjQ4ZTg5ZDQxNmVhYjBmOThhNTY0MTU2NTQwMTc1NTQ4NTg4NjYwMSIsInNlcnZlcl90b2tlbiI6IjE1MDA4MzA4MjI3OTd8MTU2NTQwMTc1NTQ4NTg4NjYwMXwyMDE4Njc3OTQ3fDA4Y2YxYTBiMjMwZmFmZWFhODA3NzhlYzAzOGJlODQ2N2JlMGFmNzY0MThjOTQwYzA2NWEyZTk0ZmIwYThmZmYifSwic2lnbmF0dXJlIjoiIn0=", "preview": "ACoe3vOj/vL/AN9D/Gj7RF/fX/vof41m7oP7yD/gP/1qazRAfKyg+65/pRr2J0CXUfLucb18kYVu/JGeMc/U8gVq+fH/AHl/MVxFwhaVs9Gbg4xkZxnH9K6OG4jCBXGHAwcK3OONw46Hg+2apphoavnR/wB4fmKXzU/vD8xVIXMXv/3y3+FO+0R+h/74b/ClZhoYD3hbHPQg/wA6PtZrK3Ubq1uiOUutLukDnsRj8Af61Y+0ksDnsf6VmGQ429hTd5pXG43tZ9DcFxnvUn2n3rAEhpfMandE8r7n/9k="}}, {"media_or_ad": {"taken_at": 1500827296, "pk": 1565375279654918502, "id": "1565375279654918502_1578286911", "device_timestamp": 1500827279503, "media_type": 1, "code": "BW5VIXsAllmyLb56rsOtgjoGaEVszzjfHP74uo0", "client_cache_key": "MTU2NTM3NTI3OTY1NDkxODUwMg==.2", "filter_type": 15, "image_versions2": {"candidates": [{"width": 1080, "height": 1350, "url": "https://instagram.fhel2-1.fna.fbcdn.net/t51.2885-15/e35/20184848_1977763282467830_834329613797687296_n.jpg?ig_cache_key=MTU2NTM3NTI3OTY1NDkxODUwMg%3D%3D.2\u0026se=8"}, {"width": 240, "height": 300, "url": "https://instagram.fhel2-1.fna.fbcdn.net/t51.2885-15/e35/p240x240/20184848_1977763282467830_834329613797687296_n.jpg?ig_cache_key=MTU2NTM3NTI3OTY1NDkxODUwMg%3D%3D.2"}]}, "original_width": 1080, "original_height": 1350, "user": {"pk": 1578286911, "username": "charles09.ca13", "full_name": "C Charles Garcia\ud83d\ude0a\ud83d\ude0a\ud83d\ude0a", "is_private": true, "profile_pic_url": "https://instagram.fhel2-1.fna.fbcdn.net/t51.2885-19/s150x150/19986196_1394833660613221_5464371850001776640_a.jpg", "profile_pic_id": "1560605262300129483_1578286911", "friendship_status": {"following": true, "outgoing_request": false, "is_bestie": false}, "is_verified": false, "has_anonymous_profile_picture": false, "is_unpublished": false, "is_favorite": false}, "caption": {"pk": 17875738852084242, "user_id": 1578286911, "text": "\ud83d\ude01\ud83d\ude01\ud83d\ude01\ud83d\ude01\ud83d\ude02", "type": 1, "created_at": 1500827297, "created_at_utc": 1500827297, "content_type": "comment", "status": "Active", "bit_flags": 0, "user": {"pk": 1578286911, "username": "charles09.ca13", "full_name": "C Charles Garcia\ud83d\ude0a\ud83d\ude0a\ud83d\ude0a", "is_private": true, "profile_pic_url": "https://instagram.fhel2-1.fna.fbcdn.net/t51.2885-19/s150x150/19986196_1394833660613221_5464371850001776640_a.jpg", "profile_pic_id": "1560605262300129483_1578286911", "friendship_status": {"following": true, "outgoing_request": false, "is_bestie": false}, "is_verified": false, "has_anonymous_profile_picture": false, "is_unpublished": false, "is_favorite": false}, "did_report_as_spam": false, "media_id": 1565375279654918502}, "caption_is_edited": false, "like_count": 4, "has_liked": false, "top_likers": [], "likers": [{"pk": 428323750, "username": "1.ojitos_inolvidable", "full_name": "guerrera sin tregua \ud83d\ude09", "is_private": true, "profile_pic_url": "https://instagram.fhel2-1.fna.fbcdn.net/t51.2885-19/s150x150/20065744_1925443187730260_2613240565982035968_a.jpg", "profile_pic_id": "1561125375173328059_428323750", "is_verified": false}, {"pk": 4079385954, "username": "nelsonmendes04", "full_name": "Nelson Mendes", "is_private": true, "profile_pic_url": "https://instagram.fhel2-1.fna.fbcdn.net/t51.2885-19/s150x150/19533955_516923568638627_5208661222458654720_a.jpg", "profile_pic_id": "1549682606558421637_4079385954", "is_verified": false}, {"pk": 3407074991, "username": "dayanaa_giron", "full_name": "D a y a n a\ud83c\udf3a", "is_private": true, "profile_pic_url": "https://instagram.fhel2-1.fna.fbcdn.net/t51.2885-19/s150x150/19933028_1479694508756876_3685870908280406016_a.jpg", "profile_pic_id": "1557476685691843822_3407074991", "is_verified": false}, {"pk": 351825638, "username": "adifa_", "full_name": "Carmen", "is_private": true, "profile_pic_url": "https://instagram.fhel2-1.fna.fbcdn.net/t51.2885-19/s150x150/16465627_1241578345895295_3482846258010259456_a.jpg", "profile_pic_id": "1443215328825620372_351825638", "is_verified": false}], "comment_likes_enabled": true, "comment_threading_enabled": false, "has_more_comments": false, "max_num_visible_preview_comments": 2, "preview_comments": [], "comment_count": 0, "photo_of_you": false, "can_viewer_save": true, "organic_tracking_token": "eyJ2ZXJzaW9uIjo1LCJwYXlsb2FkIjp7ImlzX2FuYWx5dGljc190cmFja2VkIjpmYWxzZSwidXVpZCI6IjJmOTdhMTJjMmYyMjQ4ZTg5ZDQxNmVhYjBmOThhNTY0MTU2NTM3NTI3OTY1NDkxODUwMiIsInNlcnZlcl90b2tlbiI6IjE1MDA4MzA4MjI3OTd8MTU2NTM3NTI3OTY1NDkxODUwMnwyMDE4Njc3OTQ3fGM0MDBiNjE1NjJmNGRlYzJiMjk4NmJiYTMyYzVmNTk4NWNkOTFiYjdhMDgzNjA4MTlmYmM4ODM3ODBkMmI5NjgifSwic2lnbmF0dXJlIjoiIn0=", "preview": "ACEqxbXliPVGH6Zp1kivIA/Qg98Z9sj/ACaSz4mX3yPzBFMVMdfw/wDrVu+q8v8AMV7amlcTmABoyG5K889Me9Vf7Rk9F/I/41CY9wOBkgZqt0pKK9RXuX/7Rk9F/I/40VQop8q7DL0MOx1bcvBB7/4VYkUbo85ZBuU4+pOPrg0ip3qYZGR/C3P4jvWV7sNk2ym82xSsI2huCx5bH9Pwqu0jY5Ibt0/ya0Y1BTB6g/oajltQRkde3aruk7CV5FXzI/7n6miocexoqv63A3FjyM9qR4942jv+lSVKRxXJe2pta5X8khsg5wMEetS7OPU+hqVgMZpP4aLtgkkQ+X/siin5NFK47H//2Q=="}}, {"media_or_ad": {"taken_at": 1500825083, "pk": 1565356715817249579, "id": "1565356715817249579_2302440147", "device_timestamp": 1500825035175, "media_type": 1, "code": "BW5Q6OxDysrbuPm2lD0-t6hHjYPaV1UnJ2YH240", "client_cache_key": "MTU2NTM1NjcxNTgxNzI0OTU3OQ==.2", "filter_type": 0, "image_versions2": {"candidates": [{"width": 800, "height": 1000, "url": "https://instagram.fhel2-1.fna.fbcdn.net/t51.2885-15/e35/20225972_130245934249025_3024146448036921344_n.jpg?ig_cache_key=MTU2NTM1NjcxNTgxNzI0OTU3OQ%3D%3D.2"}, {"width": 240, "height": 300, "url": "https://instagram.fhel2-1.fna.fbcdn.net/t51.2885-15/e35/p240x240/20225972_130245934249025_3024146448036921344_n.jpg?ig_cache_key=MTU2NTM1NjcxNTgxNzI0OTU3OQ%3D%3D.2"}]}, "original_width": 800, "original_height": 1000, "user": {"pk": 2302440147, "username": "masha9862", "full_name": "Masha", "is_private": true, "profile_pic_url": "https://instagram.fhel2-1.fna.fbcdn.net/t51.2885-19/s150x150/20065573_446070782443193_6524528099739041792_a.jpg", "profile_pic_id": "1557410325031930827_2302440147", "friendship_status": {"following": true, "outgoing_request": false, "is_bestie": false}, "is_verified": false, "has_anonymous_profile_picture": false, "is_unpublished": false, "is_favorite": false}, "caption": null, "caption_is_edited": false, "like_count": 0, "has_liked": false, "top_likers": [], "likers": [], "comment_likes_enabled": true, "comment_threading_enabled": false, "has_more_comments": false, "max_num_visible_preview_comments": 2, "preview_comments": [], "comment_count": 0, "photo_of_you": false, "can_viewer_save": true, "organic_tracking_token": "eyJ2ZXJzaW9uIjo1LCJwYXlsb2FkIjp7ImlzX2FuYWx5dGljc190cmFja2VkIjpmYWxzZSwidXVpZCI6IjJmOTdhMTJjMmYyMjQ4ZTg5ZDQxNmVhYjBmOThhNTY0MTU2NTM1NjcxNTgxNzI0OTU3OSIsInNlcnZlcl90b2tlbiI6IjE1MDA4MzA4MjI3OTd8MTU2NTM1NjcxNTgxNzI0OTU3OXwyMDE4Njc3OTQ3fDc0MDYyYmJlZTk3Mjk4NjkyZGY3NTI0NzY5NWNiZjBhMmIwY2Y5YWJiYWVmMWYxZjI0ZTc5ZThhNjliMDdhNjAifSwic2lnbmF0dXJlIjoiIn0=", "preview": "ACEqv+RsiLSBmkbHAxkn0GeBj16gDOaozRhVG4bckY+ZnI753MME/wC6Me+aR59qhEXAXIbLMWGFxgZHy5ycHocY705ZVmIY5xjAB4wOy4yR1HJHXvWLslobK7epHbIJBgYLEAnJYZ7dU5HPTOffitGGBZIyMMjg55IY+xDfxD0LZIwRVMlYcFPlKjqOcHvxnnIGOTimxXfUlf3ZHGWIYfMeOPXJwo6AdeaI2aCV0yfy7v1P6f40VU+yD/nm3/fb/wCFFFl3DUuT8pvHzDGTn7x4644z64HQcYzUXlEFgcKV2nBJ7juffp9RUD3aocOp2sehVWGe4IPOe+VPPpS3TiRQ4IUqMYzksvofX2PJ9apwT1EpNaExjyBtKsWcKBknr0z/ADqWBTk8YAJGP4sg9ufybjnnkVQsXC4lJBI+6pIGPU/U9vQU83aFiijA/iwBj3yeWYk8dRmhQW4OT2L32pf+ekn/AHwP/iaKi+0N/wA83/Mf40VZBk3Mf2eMxtlgSGQnqMf/AFuKW5A3kqAykLx+Gc+2c0upnlf93+tMiA8kH1J/nStfUuO9hLdcsowANwz6ntjP40+IeaZEj4LvksP7oPAH86UqNj8dif0qLTj+9H4/yot1CWmhc/suP1f9P8KKu5ooJsf/2Q=="}}, {"media_or_ad": {"taken_at": 1500830809, "pk": 1565404748902659576, "id": "1565404748902659576_2133734408", "device_timestamp": 1500830806, "media_type": 1, "code": "BW5b1NEDXX4JqC3a0ij2ChyNSi9GA14bgw_uF80", "client_cache_key": "MTU2NTQwNDc0ODkwMjY1OTU3Ng==.2", "filter_type": 0, "image_versions2": {"candidates": [{"width": 960, "height": 960, "url": "https://instagram.fhel2-1.fna.fbcdn.net/t51.2885-15/e35/20347179_334076673688814_1846690496802455552_n.jpg?ig_cache_key=MTU2NTQwNDc0ODkwMjY1OTU3Ng%3D%3D.2"}, {"width": 240, "height": 240, "url": "https://instagram.fhel2-1.fna.fbcdn.net/t51.2885-15/s240x240/e35/20347179_334076673688814_1846690496802455552_n.jpg?ig_cache_key=MTU2NTQwNDc0ODkwMjY1OTU3Ng%3D%3D.2"}]}, "original_width": 960, "original_height": 960, "user": {"pk": 2133734408, "username": "ekramy_elrshidy", "full_name": "The blacke scorpion", "is_private": true, "profile_pic_url": "https://instagram.fhel2-1.fna.fbcdn.net/t51.2885-19/s150x150/19955160_107213823198115_6935464063744868352_a.jpg", "profile_pic_id": "1558560108320904858_2133734408", "friendship_status": {"following": true, "outgoing_request": false, "is_bestie": false}, "is_verified": false, "has_anonymous_profile_picture": false, "is_unpublished": false, "is_favorite": false}, "caption": null, "caption_is_edited": false, "like_count": 0, "has_liked": false, "top_likers": [], "likers": [], "comment_likes_enabled": true, "comment_threading_enabled": false, "has_more_comments": false, "max_num_visible_preview_comments": 2, "preview_comments": [], "comment_count": 0, "photo_of_you": false, "can_viewer_save": true, "organic_tracking_token": "eyJ2ZXJzaW9uIjo1LCJwYXlsb2FkIjp7ImlzX2FuYWx5dGljc190cmFja2VkIjpmYWxzZSwidXVpZCI6IjJmOTdhMTJjMmYyMjQ4ZTg5ZDQxNmVhYjBmOThhNTY0MTU2NTQwNDc0ODkwMjY1OTU3NiIsInNlcnZlcl90b2tlbiI6IjE1MDA4MzA4MjI3OTh8MTU2NTQwNDc0ODkwMjY1OTU3NnwyMDE4Njc3OTQ3fDM1MGI4YzhkNDIzMzYzZjI5MWE2ZDQ3NmViOTE0MWZlN2ZjNjNkNzZjMjNiMGUxNmU4YWEwYzcwYjY3ZDg4YWIifSwic2lnbmF0dXJlIjoiIn0="}}, {"media_or_ad": {"taken_at": 1500823414, "pk": 1565342715776255942, "id": "1565342715776255942_4126000464", "device_timestamp": 1500823412584, "media_type": 1, "code": "BW5NugNlsfG", "client_cache_key": "MTU2NTM0MjcxNTc3NjI1NTk0Mg==.2", "filter_type": 0, "image_versions2": {"candidates": [{"width": 640, "height": 640, "url": "https://instagram.fhel2-1.fna.fbcdn.net/t51.2885-15/e35/20214314_1715129378797031_7437534668221579264_n.jpg?ig_cache_key=MTU2NTM0MjcxNTc3NjI1NTk0Mg%3D%3D.2"}, {"width": 240, "height": 240, "url": "https://instagram.fhel2-1.fna.fbcdn.net/t51.2885-15/s240x240/e35/20214314_1715129378797031_7437534668221579264_n.jpg?ig_cache_key=MTU2NTM0MjcxNTc3NjI1NTk0Mg%3D%3D.2"}]}, "original_width": 640, "original_height": 640, "location": {"pk": 398290713853901, "name": "Bora-Bora Beach Club Anapa", "address": "\u041f\u0438\u043e\u043d\u0435\u0440\u0441\u043a\u0438\u0439 \u043f\u0440\u043e\u0441\u043f\u0435\u043a\u0442 20\u0430", "city": "", "short_name": "Bora-Bora Beach Club Anapa", "lng": 37.3199519, "lat": 44.9241873, "external_source": "facebook_places", "facebook_places_id": 398290713853901}, "lat": 44.9241873, "lng": 37.3199519, "user": {"pk": 4126000464, "username": "body_store_lux", "full_name": "\u041c\u043e\u0434\u043d\u044b\u0435 \u043a\u0443\u043f\u0430\u043b\u044c\u043d\u0438\u043a\u0438!", "is_private": false, "profile_pic_url": "https://instagram.fhel2-1.fna.fbcdn.net/t51.2885-19/s150x150/18723220_1361385467291615_7534190119784284160_a.jpg", "profile_pic_id": "1525279861815811889_4126000464", "friendship_status": {"following": true, "outgoing_request": false, "is_bestie": false}, "is_verified": false, "has_anonymous_profile_picture": false, "is_unpublished": false, "is_favorite": false}, "caption": {"pk": 17865567538158145, "user_id": 4126000464, "text": "\u0414\u0435\u0432\u043e\u0447\u043a\u0438, \u0436\u0434\u0451\u043c \u0412\u0430\u0441 \u043a\u0430\u0436\u0434\u044b\u0439 \u0434\u0435\u043d\u044c \u0432 \u043d\u0430\u0448\u0435\u043c \u0443\u044e\u0442\u043d\u043e\u043c \u0448\u043e\u0443\u0440\u0443\u043c\u0435 ALDI DESIGN!\r\n\u0421\u0442\u043e\u0438\u043c\u043e\u0441\u0442\u044c \u043e\u0442 1000 \u0440\u0443\u0431., \u043b\u044e\u0431\u044b\u0435 \u0440\u0430\u0437\u043c\u0435\u0440\u044b! \ud83c\udfe2\u041d\u0430\u0448 \u0430\u0434\u0440\u0435\u0441: \u041c\u043e\u0441\u043a\u0432\u0430, \u0443\u043b\u0438\u0446\u0430 \u041d\u0438\u043a\u043e\u043b\u044c\u0441\u043a\u0430\u044f \u0434\u043e\u043c 17, \u0440\u044f\u0434\u043e\u043c \u0441 \u0413\u0423\u041c\u043e\u043c, \u0422\u0426 \u00ab\u0421\u043b\u0430\u0432\u044f\u043d\u0441\u043a\u0438\u0439\u00bb\u0432\u0442\u043e\u0440\u043e\u0439 \u044d\u0442\u0430\u0436 \n\u0427\u0430\u0441\u044b \u0440\u0430\u0431\u043e\u0442\u044b \u043c\u0430\u0433\u0430\u0437\u0438\u043d\u0430 \u043a\u0430\u0436\u0434\u044b\u0439 \u0434\u0435\u043d\u044c c 14 \u0434\u043e 20 \u0447., \u043a\u0430\u0436\u0434\u044b\u0439 \u0434\u0435\u043d\u044c!!! \u041c\u0435\u0442\u0440\u043e: \u041b\u0443\u0431\u044f\u043d\u043a\u0430/\u041f\u043b\u043e\u0449\u0430\u0434\u044c \u0440\u0435\u0432\u043e\u043b\u044e\u0446\u0438\u0438/\u0422\u0435\u0430\u0442\u0440\u0430\u043b\u044c\u043d\u0430\u044f \ud83d\udcf1\u041d\u0430\u0448\u0438 \u043c\u0435\u043d\u0435\u0434\u0436\u0435\u0440\u044b \u0441 \u0440\u0430\u0434\u043e\u0441\u0442\u044c\u044e \u043e\u0442\u0432\u0435\u0442\u044f\u0442 \u043d\u0430 \u043b\u044e\u0431\u044b\u0435 \u0412\u0430\u0448\u0438 \u0432\u043e\u043f\u0440\u043e\u0441\u044b 8 965 321-44-30 whatsapp!\r\n\u0420\u0430\u0434\u044b \u043f\u0440\u0435\u0434\u0441\u0442\u0430\u0432\u0438\u0442\u044c \u0412\u0430\u043c 70 \u0441\u043e\u0432\u0435\u0440\u0448\u0435\u043d\u043d\u043e \u043d\u043e\u0432\u044b\u0445 \u043c\u043e\u043d\u043e\u043a\u0438\u043d\u0438, \u043f\u0440\u0438\u0433\u043b\u0430\u0448\u0430\u0435\u043c \u0412\u0430\u0441 \u043a \u043d\u0430\u043c \u0432 \u0431\u0443\u0442\u0438\u043a, \u043f\u043e\u0441\u043f\u0435\u0448\u0438\u0442\u0435, \u043f\u043e\u043a\u0430 \u0432\u0441\u0435 \u0440\u0430\u0437\u043c\u0435\u0440\u044b \u0432 \u043d\u0430\u043b\u0438\u0447\u0438\u0438!!! \u041a\u0440\u043e\u043c\u0435 \u044d\u0442\u043e\u0433\u043e, \u043f\u043e\u0441\u0442\u0443\u043f\u0438\u043b\u0438 \u0432 \u043f\u0440\u043e\u0434\u0430\u0436\u0443 \u044d\u043a\u0441\u043a\u043b\u044e\u0437\u0438\u0432\u043d\u044b\u0435 \u043f\u043e\u043d\u0447\u0438\u043a\u0438!!! \u0421\u0435\u0439\u0447\u0430\u0441 \u0432 \u043d\u0430\u043b\u0438\u0447\u0438\u0438 \u0411\u041e\u041b\u042c\u0428\u0415 4000 \u043a\u0443\u043f\u0430\u043b\u044c\u043d\u0438\u043a\u043e\u0432 \u0438 \u0442\u0443\u043d\u0438\u043a!!! \u0414\u043e\u0441\u0442\u0430\u0432\u043a\u0430 \u0441 \u043f\u0440\u0438\u043c\u0435\u0440\u043a\u043e\u0439 \u043f\u043e \u041c\u043e\u0441\u043a\u0432\u0435 \u0432 \u0442\u0435\u0447\u0435\u043d\u0438\u0435 24 \u0447\u0430\u0441\u043e\u0432 - 300\u0440\u0443\u0431\u043b\u0435\u0439, \u043f\u043e \u0420\u0424: \u044d\u043a\u0441\u0440\u0435\u0441\u0441 \u043f\u043e\u0447\u0442\u0430 - \u043e\u0442 300\u0440\u0443\u0431\u043b\u0435\u0439 \u0434\u043e \u0412\u0430\u0448\u0438\u0445 \u0434\u0432\u0435\u0440\u0435\u0439!!! #\u043a\u0443\u043f\u0430\u043b\u044c\u043d\u0438\u043a #\u0431\u0438\u043a\u0438\u043d\u0438 #\u043a\u0443\u043f\u0438\u0442\u044c\u043a\u0443\u043f\u0430\u043b\u044c\u043d\u0438\u043a #\u043a\u0443\u043f\u0430\u043b\u044c\u043d\u0438\u043a\u043c\u043e\u0441\u043a\u0432\u0430 #\u0448\u043e\u0443\u0440\u0443\u043c\u043c\u043e\u0441\u043a\u0432\u0430 #\u0432\u0435\u0447\u0435\u0440\u043d\u0435\u0435\u043f\u043b\u0430\u0442\u044c\u0435 #iconclub #\u0442\u0443\u0444\u043b\u04382017 #\u043a\u0443\u043f\u0430\u043b\u044c\u043d\u0438\u043a\u043a\u0440\u0430\u0441\u043d\u043e\u0434\u0430\u0440 #\u0441\u0430\u043b\u043e\u043d\u043a\u0440\u0430\u0441\u043e\u0442\u044b\u043c\u043e\u0441\u043a\u0432\u0430 #\u043c\u0435\u043a\u0441\u0438\u043a\u0430 #\u043a\u0440\u0430\u0431\u0438 #\u043c\u0438\u043d\u0438\u0431\u0438\u043a\u0438\u043d\u0438 #\u0442\u0443\u0440\u0446\u0438\u044f #\u0431\u0430\u043b\u0438 #\u0442\u0443\u0444\u043b\u0438 #\u043c\u0430\u043d\u0438\u043a\u044e\u0440\u043c\u043e\u0441\u043a\u0432\u0430 #\u043a\u0438\u043f\u0440 #\u0441\u0430\u043c\u0443\u0438 #\u043f\u043b\u0430\u0442\u044c\u0435\u043c\u043e\u0441\u043a\u0432\u0430 #\u043c\u0430\u043d\u0438\u043a\u044e\u0440 #\u0437\u0430\u043a\u0430\u0437\u0430\u0442\u044c\u043a\u0443\u043f\u0430\u043b\u044c\u043d\u0438\u043a\u0438 #\u043f\u043e\u0434\u043f\u0438\u0441\u043a\u0430\u043d\u0430\u043c\u0435\u043d\u044f #\u0442\u044b #\u043b\u044e\u0431\u043e\u0432\u044c\u0432\u0441\u0435\u0439\u0436\u0438\u0437\u043d\u0438 #\u043f\u0443\u0442\u0435\u0448\u0435\u0441\u0442\u0432\u0438\u0435 #bikini #katyajuja555 #\u0431\u043e\u0440\u043e\u0434\u0438\u043d\u0430", "type": 1, "created_at": 1500823415, "created_at_utc": 1500823415, "content_type": "comment", "status": "Active", "bit_flags": 0, "user": {"pk": 4126000464, "username": "body_store_lux", "full_name": "\u041c\u043e\u0434\u043d\u044b\u0435 \u043a\u0443\u043f\u0430\u043b\u044c\u043d\u0438\u043a\u0438!", "is_private": false, "profile_pic_url": "https://instagram.fhel2-1.fna.fbcdn.net/t51.2885-19/s150x150/18723220_1361385467291615_7534190119784284160_a.jpg", "profile_pic_id": "1525279861815811889_4126000464", "friendship_status": {"following": true, "outgoing_request": false, "is_bestie": false}, "is_verified": false, "has_anonymous_profile_picture": false, "is_unpublished": false, "is_favorite": false}, "did_report_as_spam": false, "media_id": 1565342715776255942, "has_translation": true}, "caption_is_edited": false, "like_count": 5, "has_liked": false, "top_likers": [], "likers": [{"pk": 1546464616, "username": "______.keiko.______", "full_name": "KEIKO", "is_private": false, "profile_pic_url": "https://instagram.fhel2-1.fna.fbcdn.net/t51.2885-19/s150x150/16122393_1336089326464615_7917319215680323584_a.jpg", "profile_pic_id": "1433261090170963861_1546464616", "is_verified": false}, {"pk": 4894585705, "username": "bodriy_frenchie", "full_name": "\u041a\u043e\u0444\u0435 \u0441 \u0441\u043e\u0431\u043e\u0439 \u2615\ufe0f", "is_private": false, "profile_pic_url": "https://instagram.fhel2-1.fna.fbcdn.net/t51.2885-19/s150x150/17493823_1265544626816759_5218105666563997696_a.jpg", "profile_pic_id": "1481273391776014072_4894585705", "is_verified": false}, {"pk": 5730602171, "username": "kostevich_fit", "full_name": "Kostevich_fit", "is_private": false, "profile_pic_url": "https://instagram.fhel2-1.fna.fbcdn.net/t51.2885-19/s150x150/19955123_1336269289826248_2099087655860961280_a.jpg", "profile_pic_id": "1557899958768677733_5730602171", "is_verified": false}, {"pk": 2298792302, "username": "moskva.gorod", "full_name": "\u0412\u0441\u0451 \u043e \u041c\u043e\u0441\u043a\u0432\u0435", "is_private": false, "profile_pic_url": "https://instagram.fhel2-1.fna.fbcdn.net/t51.2885-19/s150x150/19428874_191133421417397_6222909438647336960_a.jpg", "profile_pic_id": "1544505168933056697_2298792302", "is_verified": false}, {"pk": 3166837668, "username": "matreshkaua", "full_name": "\u042f\u0420\u041a\u0410\u042f \u041e\u0414\u0415\u0416\u0414\u0410 \"Matreshka-UA\"", "is_private": false, "profile_pic_url": "https://instagram.fhel2-1.fna.fbcdn.net/t51.2885-19/s150x150/19761579_317849258674157_7177192979306643456_n.jpg", "profile_pic_id": "1243433746337215737_3166837668", "is_verified": false}], "comment_likes_enabled": true, "comment_threading_enabled": false, "has_more_comments": false, "max_num_visible_preview_comments": 2, "preview_comments": [], "comment_count": 0, "photo_of_you": false, "can_viewer_save": true, "organic_tracking_token": "eyJ2ZXJzaW9uIjo1LCJwYXlsb2FkIjp7ImlzX2FuYWx5dGljc190cmFja2VkIjpmYWxzZSwidXVpZCI6IjJmOTdhMTJjMmYyMjQ4ZTg5ZDQxNmVhYjBmOThhNTY0MTU2NTM0MjcxNTc3NjI1NTk0MiIsInNlcnZlcl90b2tlbiI6IjE1MDA4MzA4MjI3OTh8MTU2NTM0MjcxNTc3NjI1NTk0MnwyMDE4Njc3OTQ3fGIxYmI5ODFmMjRiOWNmNTk5N2E0MmFmNjNhOWIzODRlMTAzZjQ3Mjk5MWEwNWViZjFlNzFiNGRjN2E5MDM2NjkifSwic2lnbmF0dXJlIjoiIn0=", "preview": "ACoq6GRtozgn6Vhm3ka42h8sBnd6HH8u3FbLk/xYC459c/4VjyzGG4Z0weB19MDipZ0Ur3aW9v8AIckzwHZLkAt9/JPPT8QP0rZDjjvuHBHSsG7uBMysOm3p6HJzU0VzthDYLMh2g84A9yOnoDQt7FVI+6ptWfVG5RUEFyk444bup6j/ABHuKnqjlIiM53Y2j/JrI1GAAiVejcH1z2P+NbDAnAGMZ5+nt75xWZfxFYxzxv8A6HFSzak7SXnoZe0VbtLjySQeFbv6H1I7j1qoKkSMyttFSehJJpqWxsWdvt/eOAH5wB0x6j61fqvApT5RyowAe+PT3/wqxVnlMSq86koVUBiFJCtzk9sk9qnpGGQQaBGVHaPJFmZQrjj5euB/F6HPXHTHTBqGywshQ8nnp3AB/nxW1gAjHGc/0pVRV+6AM+gxQbKb5XF6r8hI1x2x+OakpKKDE//Z"}}, {"media_or_ad": {"taken_at": 1500830500, "pk": 1565402151034808688, "id": "1565402151034808688_2133734408", "device_timestamp": 1500830432, "media_type": 1, "code": "BW5bPZnD-lwacw2LeiQxjKvii7kol9eAXYdu8Q0", "client_cache_key": "MTU2NTQwMjE1MTAzNDgwODY4OA==.2", "filter_type": 112, "image_versions2": {"candidates": [{"width": 1080, "height": 900, "url": "https://instagram.fhel2-1.fna.fbcdn.net/t51.2885-15/e35/20346896_1922566118009794_5584947159846879232_n.jpg?ig_cache_key=MTU2NTQwMjE1MTAzNDgwODY4OA%3D%3D.2\u0026se=8"}, {"width": 240, "height": 200, "url": "https://instagram.fhel2-1.fna.fbcdn.net/t51.2885-15/s240x240/e35/20346896_1922566118009794_5584947159846879232_n.jpg?ig_cache_key=MTU2NTQwMjE1MTAzNDgwODY4OA%3D%3D.2"}]}, "original_width": 1080, "original_height": 900, "user": {"pk": 2133734408, "username": "ekramy_elrshidy", "full_name": "The blacke scorpion", "is_private": true, "profile_pic_url": "https://instagram.fhel2-1.fna.fbcdn.net/t51.2885-19/s150x150/19955160_107213823198115_6935464063744868352_a.jpg", "profile_pic_id": "1558560108320904858_2133734408", "friendship_status": {"following": true, "outgoing_request": false, "is_bestie": false}, "is_verified": false, "has_anonymous_profile_picture": false, "is_unpublished": false, "is_favorite": false}, "caption": null, "caption_is_edited": false, "like_count": 0, "has_liked": false, "top_likers": [], "likers": [], "comment_likes_enabled": true, "comment_threading_enabled": false, "has_more_comments": false, "max_num_visible_preview_comments": 2, "preview_comments": [], "comment_count": 0, "photo_of_you": false, "can_viewer_save": true, "organic_tracking_token": "eyJ2ZXJzaW9uIjo1LCJwYXlsb2FkIjp7ImlzX2FuYWx5dGljc190cmFja2VkIjpmYWxzZSwidXVpZCI6IjJmOTdhMTJjMmYyMjQ4ZTg5ZDQxNmVhYjBmOThhNTY0MTU2NTQwMjE1MTAzNDgwODY4OCIsInNlcnZlcl90b2tlbiI6IjE1MDA4MzA4MjI3OTh8MTU2NTQwMjE1MTAzNDgwODY4OHwyMDE4Njc3OTQ3fGU4NWEyYTkxZDU4ZjU2NTgyNDllZGYwZTg3N2EzNjg0MGJjMjIyMzgyNWI3OTQwYzViYTRiZjU3ZDYxYTRjY2MifSwic2lnbmF0dXJlIjoiIn0=", "preview": "ACojjhJuYljJ+VW+b3wOPwzVogLgsgUhgFZME/jjt2P8qJ0NqS5GQxzuH3ST2PdSe3Vc9xREVkZXAZFXqDxk+g7kZrKfu3b2/Nv9WVG1jUqrdQGRdy9QO3X6/UfqKfJdRRYEjBSemf8A61OMjH7i5H94nj6jGSa5YKV7r8dir21MYI7fKATjjgcfp+v61YFjN6Y/L/GtHa7ffY/ReB+fX9aTyU9P1Ndt35L5EPV3av6tjHaSYlQMoeOQMEHryarSbrZBv5xgL3OOwJ9vXvxmtGNAigdgKbcQrcIUPseParnFTXK0ZxdmZQjiuHLthjwOc4GBx0PT1p73Bs4ljRd55x6AZz9e4AqwYIl2npjgAcZHoR3qpeSkESIMOmT83de4qFCytfRF3uZ81zNIcSZB/u9P0qvlvX9a2lSO5TdNjcw++OMfj/Q1TOkTdmQjscn/AAreL010E4NHTbQBxQvIooqSDHHBYjquce3Paq8xJSRu+DRRWb6/I3Xwr1f5DdMO5Np5APStkQoOABgUUVRa2R//2Q=="}}], "is_direct_v2_enabled": true, "next_max_id": "KEkAxseWDeg2uRWJWIJOmmy5FQ3MBjidbbkVW-iVU0FfuRVmWQLshVS5FSsrD7GjQ7kVcOkPZ_ZsuRX4dQ1EU2-5FTreB41ab7kVFubG54euVwA=", "status": "ok"}

[1;34mGET:  [0mfeed/reels_tray/
[0;32m‚Üê 200 	 18.29kB[0m
[0;36mRESPONSE: [0m{"tray": [{"id": 288202169, "latest_reel_media": 1500830636, "expiring_at": 1500917036, "seen": 0.0, "can_reply": true, "user": {"pk": 288202169, "username": "jeannasel", "full_name": "Jeanna Seliverstova", "is_private": false, "profile_pic_url": "https://instagram.fhel2-1.fna.fbcdn.net/t51.2885-19/s150x150/15803628_296085164126347_120498365505994752_a.jpg", "profile_pic_id": "1416059243505595469_288202169", "is_verified": false}, "ranked_position": 1, "seen_ranked_position": 1, "muted": false, "prefetch_count": 1, "items": [{"taken_at": 1500819878, "pk": 1565399044715825885, "id": "1565399044715825885_288202169", "device_timestamp": 1500819878, "media_type": 2, "code": "BW5aiMoBcrd", "client_cache_key": "MTU2NTM5OTA0NDcxNTgyNTg4NQ==.2", "filter_type": 0, "image_versions2": {"candidates": [{"width": 1080, "height": 1920, "url": "https://instagram.fhel2-1.fna.fbcdn.net/t51.9792-15/e15/fr/p1080x1080/16778276_1650803401597772_4013713484335284224_n.jpg?ig_cache_key=MTU2NTM5OTA0NDcxNTgyNTg4NQ%3D%3D.2"}, {"width": 240, "height": 426, "url": "https://instagram.fhel2-1.fna.fbcdn.net/t51.9792-15/e15/p240x240/16778276_1650803401597772_4013713484335284224_n.jpg?ig_cache_key=MTU2NTM5OTA0NDcxNTgyNTg4NQ%3D%3D.2"}]}, "original_width": 1080, "original_height": 1920, "caption_position": 0.0, "is_reel_media": true, "video_versions": [{"type": 101, "width": 640, "height": 1137, "url": "https://instagram.fhel2-1.fna.fbcdn.net/t50.9793-16/19153450_1322078064575579_6127926881141391360_n.mp4"}, {"type": 103, "width": 480, "height": 853, "url": "https://instagram.fhel2-1.fna.fbcdn.net/t50.9793-16/19572937_107631933236059_5839989748176781312_n.mp4"}, {"type": 102, "width": 480, "height": 853, "url": "https://instagram.fhel2-1.fna.fbcdn.net/t50.9793-16/19572937_107631933236059_5839989748176781312_n.mp4"}], "has_audio": true, "video_duration": 15, "user": {"pk": 288202169, "username": "jeannasel", "full_name": "Jeanna Seliverstova", "is_private": false, "profile_pic_url": "https://instagram.fhel2-1.fna.fbcdn.net/t51.2885-19/s150x150/15803628_296085164126347_120498365505994752_a.jpg", "profile_pic_id": "1416059243505595469_288202169", "is_verified": false, "has_anonymous_profile_picture": false, "is_unpublished": false, "is_favorite": false}, "caption": null, "caption_is_edited": false, "photo_of_you": false, "can_viewer_save": true, "organic_tracking_token": "eyJ2ZXJzaW9uIjo1LCJwYXlsb2FkIjp7ImlzX2FuYWx5dGljc190cmFja2VkIjpmYWxzZSwidXVpZCI6IjY4OTI0MzE0Y2EyMjQyOGJhNDUwNDY4NzgwYTNiZTU1MTU2NTM5OTA0NDcxNTgyNTg4NSIsInNlcnZlcl90b2tlbiI6IjE1MDA4MzA4MjkzNDB8MTU2NTM5OTA0NDcxNTgyNTg4NXwyMDE4Njc3OTQ3fDk3M2MxNGNkODE5Y2RmZGExMDY1YTZlMzVmMWVmN2NjYzMwY2UzYjAxYWE0Y2E4ZjNiZTRmZDBkMjMxNzQzOTMifSwic2lnbmF0dXJlIjoiIn0=", "expiring_at": 1500906278, "reel_mentions": [], "story_locations": [], "story_hashtags": [], "story_polls": []}, {"taken_at": 1500830636, "pk": 1565404328758651272, "id": "1565404328758651272_288202169", "device_timestamp": 1500830636, "media_type": 2, "code": "BW5bvFxhKmI", "client_cache_key": "MTU2NTQwNDMyODc1ODY1MTI3Mg==.2", "filter_type": 0, "image_versions2": {"candidates": [{"width": 1080, "height": 1920, "url": "https://instagram.fhel2-1.fna.fbcdn.net/t51.9792-15/e15/fr/p1080x1080/19410839_1907184112872488_748811330261090304_n.jpg?ig_cache_key=MTU2NTQwNDMyODc1ODY1MTI3Mg%3D%3D.2"}, {"width": 240, "height": 426, "url": "https://instagram.fhel2-1.fna.fbcdn.net/t51.9792-15/e15/p240x240/19410839_1907184112872488_748811330261090304_n.jpg?ig_cache_key=MTU2NTQwNDMyODc1ODY1MTI3Mg%3D%3D.2"}]}, "original_width": 1080, "original_height": 1920, "caption_position": 0.0, "is_reel_media": true, "video_versions": [{"type": 101, "width": 640, "height": 1137, "url": "https://instagram.fhel2-1.fna.fbcdn.net/t50.9793-16/19386259_299007283896805_2509992051857162240_n.mp4"}, {"type": 103, "width": 480, "height": 853, "url": "https://instagram.fhel2-1.fna.fbcdn.net/t50.9793-16/19383337_1869873236672594_4977506370350743552_n.mp4"}, {"type": 102, "width": 480, "height": 853, "url": "https://instagram.fhel2-1.fna.fbcdn.net/t50.9793-16/19383337_1869873236672594_4977506370350743552_n.mp4"}], "has_audio": true, "video_duration": 15.011678, "user": {"pk": 288202169, "username": "jeannasel", "full_name": "Jeanna Seliverstova", "is_private": false, "profile_pic_url": "https://instagram.fhel2-1.fna.fbcdn.net/t51.2885-19/s150x150/15803628_296085164126347_120498365505994752_a.jpg", "profile_pic_id": "1416059243505595469_288202169", "is_verified": false, "has_anonymous_profile_picture": false, "is_unpublished": false, "is_favorite": false}, "caption": null, "caption_is_edited": false, "photo_of_you": false, "can_viewer_save": true, "organic_tracking_token": "eyJ2ZXJzaW9uIjo1LCJwYXlsb2FkIjp7ImlzX2FuYWx5dGljc190cmFja2VkIjpmYWxzZSwidXVpZCI6IjY4OTI0MzE0Y2EyMjQyOGJhNDUwNDY4NzgwYTNiZTU1MTU2NTQwNDMyODc1ODY1MTI3MiIsInNlcnZlcl90b2tlbiI6IjE1MDA4MzA4MjkzNDB8MTU2NTQwNDMyODc1ODY1MTI3MnwyMDE4Njc3OTQ3fGU1ZWQzZGRmNjgwZTkwNDBkYTQ1MDI1ZTg0YjUyNzM3ZjM3YWRiYjM3NTY0YjE2ZjUyZWE5OTM1MGYwZGI3YTQifSwic2lnbmF0dXJlIjoiIn0=", "expiring_at": 1500917036, "reel_mentions": [], "story_locations": [], "story_hashtags": [], "story_polls": []}]}, {"id": 3287945800, "latest_reel_media": 1500826287, "expiring_at": 1500912687, "seen": 0.0, "can_reply": false, "user": {"pk": 3287945800, "username": "ayaallanurova", "full_name": "AyaAllanurova", "is_private": false, "profile_pic_url": "https://instagram.fhel2-1.fna.fbcdn.net/t51.2885-19/s150x150/20065594_290523214691461_5785134082274885632_a.jpg", "profile_pic_id": "1560304755006591488_3287945800", "is_verified": false}, "ranked_position": 2, "seen_ranked_position": 2, "muted": false, "prefetch_count": 0, "items": [{"taken_at": 1500826266, "pk": 1565366661140602892, "id": "1565366661140602892_3287945800", "device_timestamp": 1500826266, "media_type": 1, "code": "BW5TK9EhmAM", "client_cache_key": "MTU2NTM2NjY2MTE0MDYwMjg5Mg==.2", "filter_type": 643, "image_versions2": {"candidates": [{"width": 1080, "height": 1920, "url": "https://instagram.fhel2-1.fna.fbcdn.net/t51.9792-15/e35/19385595_1735060716797739_3004838340953374720_n.jpg?ig_cache_key=MTU2NTM2NjY2MTE0MDYwMjg5Mg%3D%3D.2\u0026se=8"}, {"width": 240, "height": 426, "url": "https://instagram.fhel2-1.fna.fbcdn.net/t51.9792-15/e35/p240x240/19385595_1735060716797739_3004838340953374720_n.jpg?ig_cache_key=MTU2NTM2NjY2MTE0MDYwMjg5Mg%3D%3D.2"}]}, "original_width": 1080, "original_height": 1920, "caption_position": 0.0, "is_reel_media": true, "user": {"pk": 3287945800, "username": "ayaallanurova", "full_name": "AyaAllanurova", "is_private": false, "profile_pic_url": "https://instagram.fhel2-1.fna.fbcdn.net/t51.2885-19/s150x150/20065594_290523214691461_5785134082274885632_a.jpg", "profile_pic_id": "1560304755006591488_3287945800", "is_verified": false, "has_anonymous_profile_picture": false, "is_unpublished": false, "is_favorite": false}, "caption": null, "caption_is_edited": false, "photo_of_you": false, "can_viewer_save": true, "organic_tracking_token": "eyJ2ZXJzaW9uIjo1LCJwYXlsb2FkIjp7ImlzX2FuYWx5dGljc190cmFja2VkIjpmYWxzZSwidXVpZCI6IjY4OTI0MzE0Y2EyMjQyOGJhNDUwNDY4NzgwYTNiZTU1MTU2NTM2NjY2MTE0MDYwMjg5MiIsInNlcnZlcl90b2tlbiI6IjE1MDA4MzA4MjkzNDF8MTU2NTM2NjY2MTE0MDYwMjg5MnwyMDE4Njc3OTQ3fGVkYTEwZmQ5Yjc4M2UxODU1Mjk3ZDFjZmJmYWI0YjdmOWZkZTQ3NTg2NTMyMmYxYjFmOTUxNzYzZTA1MTQ1OGQifSwic2lnbmF0dXJlIjoiIn0=", "expiring_at": 1500912666, "reel_mentions": [], "story_locations": [], "story_hashtags": [], "story_polls": []}, {"taken_at": 1500826287, "pk": 1565366836001239859, "id": "1565366836001239859_3287945800", "device_timestamp": 1500826287, "media_type": 1, "code": "BW5TNf7B_Mz", "client_cache_key": "MTU2NTM2NjgzNjAwMTIzOTg1OQ==.2", "filter_type": 0, "image_versions2": {"candidates": [{"width": 1080, "height": 1921, "url": "https://instagram.fhel2-1.fna.fbcdn.net/t51.9792-15/e35/17970051_1695474160761973_5745708739218898944_n.jpg?ig_cache_key=MTU2NTM2NjgzNjAwMTIzOTg1OQ%3D%3D.2\u0026se=8"}, {"width": 240, "height": 426, "url": "https://instagram.fhel2-1.fna.fbcdn.net/t51.9792-15/e35/p240x240/17970051_1695474160761973_5745708739218898944_n.jpg?ig_cache_key=MTU2NTM2NjgzNjAwMTIzOTg1OQ%3D%3D.2"}]}, "original_width": 1080, "original_height": 1921, "caption_position": 0.0, "is_reel_media": true, "user": {"pk": 3287945800, "username": "ayaallanurova", "full_name": "AyaAllanurova", "is_private": false, "profile_pic_url": "https://instagram.fhel2-1.fna.fbcdn.net/t51.2885-19/s150x150/20065594_290523214691461_5785134082274885632_a.jpg", "profile_pic_id": "1560304755006591488_3287945800", "is_verified": false, "has_anonymous_profile_picture": false, "is_unpublished": false, "is_favorite": false}, "caption": null, "caption_is_edited": false, "photo_of_you": false, "can_viewer_save": true, "organic_tracking_token": "eyJ2ZXJzaW9uIjo1LCJwYXlsb2FkIjp7ImlzX2FuYWx5dGljc190cmFja2VkIjpmYWxzZSwidXVpZCI6IjY4OTI0MzE0Y2EyMjQyOGJhNDUwNDY4NzgwYTNiZTU1MTU2NTM2NjgzNjAwMTIzOTg1OSIsInNlcnZlcl90b2tlbiI6IjE1MDA4MzA4MjkzNDB8MTU2NTM2NjgzNjAwMTIzOTg1OXwyMDE4Njc3OTQ3fDdhMjFlYzMxMGYzZDBjOGE3ZDZlYTM1NGIzMjhmY2Q0NmFlODQ2NDhmODNkNmMzMTllZmJjMmJhMGQ1YjUzOTAifSwic2lnbmF0dXJlIjoiIn0=", "expiring_at": 1500912687, "reel_mentions": [], "story_locations": [], "story_hashtags": [], "story_polls": []}]}, {"id": 1417472224, "latest_reel_media": 1500829178, "expiring_at": 1500915578, "seen": 0.0, "can_reply": true, "user": {"pk": 1417472224, "username": "lisamonina", "full_name": "l i s a", "is_private": false, "profile_pic_url": "https://instagram.fhel2-1.fna.fbcdn.net/t51.2885-19/s150x150/20180618_1496768067033337_5238133756195241984_a.jpg", "profile_pic_id": "1560375251854315671_1417472224", "is_verified": false}, "ranked_position": 3, "seen_ranked_position": 3, "muted": false, "prefetch_count": 0, "items": [{"taken_at": 1500829178, "pk": 1565391068224454178, "id": "1565391068224454178_1417472224", "device_timestamp": 1500832776781, "media_type": 1, "code": "BW5YuH8Fn4i", "client_cache_key": "MTU2NTM5MTA2ODIyNDQ1NDE3OA==.2", "filter_type": 0, "image_versions2": {"candidates": [{"width": 608, "height": 1080, "url": "https://instagram.fhel2-1.fna.fbcdn.net/t51.9792-15/e35/18118098_1395587417204960_861528147034636288_n.jpg?ig_cache_key=MTU2NTM5MTA2ODIyNDQ1NDE3OA%3D%3D.2"}, {"width": 240, "height": 426, "url": "https://instagram.fhel2-1.fna.fbcdn.net/t51.9792-15/e35/p240x240/18118098_1395587417204960_861528147034636288_n.jpg?ig_cache_key=MTU2NTM5MTA2ODIyNDQ1NDE3OA%3D%3D.2"}]}, "original_width": 608, "original_height": 1080, "caption_position": 0.0, "is_reel_media": true, "user": {"pk": 1417472224, "username": "lisamonina", "full_name": "l i s a", "is_private": false, "profile_pic_url": "https://instagram.fhel2-1.fna.fbcdn.net/t51.2885-19/s150x150/20180618_1496768067033337_5238133756195241984_a.jpg", "profile_pic_id": "1560375251854315671_1417472224", "is_verified": false, "has_anonymous_profile_picture": false, "is_unpublished": false, "is_favorite": false}, "caption": null, "caption_is_edited": false, "photo_of_you": false, "can_viewer_save": true, "organic_tracking_token": "eyJ2ZXJzaW9uIjo1LCJwYXlsb2FkIjp7ImlzX2FuYWx5dGljc190cmFja2VkIjpmYWxzZSwidXVpZCI6IjY4OTI0MzE0Y2EyMjQyOGJhNDUwNDY4NzgwYTNiZTU1MTU2NTM5MTA2ODIyNDQ1NDE3OCIsInNlcnZlcl90b2tlbiI6IjE1MDA4MzA4MjkzNDF8MTU2NTM5MTA2ODIyNDQ1NDE3OHwyMDE4Njc3OTQ3fDhmZjU1Y2QwMTYwNDBmNDkyMzlhNmY0NDEyOWY2YmIwZDcyY2JhZTEwYmVmZTAyYTJiZjkzZDY5YzM1M2VjNzgifSwic2lnbmF0dXJlIjoiIn0=", "expiring_at": 1500915578, "reel_mentions": [], "story_locations": [{"x": 0.27776846, "y": 0.10438957, "width": 0.3585702, "height": 0.040651854, "rotation": -0.06235297, "is_pinned": 0, "location": {"pk": 297175197, "name": "Olkhon Island", "address": "", "city": "", "short_name": "Olkhon Island", "lng": 107.38361111111, "lat": 53.156666666667, "external_source": "facebook_places", "facebook_places_id": 106068516099522}}], "story_hashtags": [], "story_polls": []}]}, {"id": 5486367805, "latest_reel_media": 1500830219, "expiring_at": 1500916619, "seen": 0.0, "can_reply": true, "user": {"pk": 5486367805, "username": "a.t.212608", "full_name": "\ud83d\udc51", "is_private": false, "profile_pic_url": "https://instagram.fhel2-1.fna.fbcdn.net/t51.2885-19/s150x150/18812417_903219166484926_1680539987604406272_a.jpg", "profile_pic_id": "1527711972794930241_5486367805", "is_verified": false}, "ranked_position": 4, "seen_ranked_position": 4, "muted": false, "prefetch_count": 0, "items": [{"taken_at": 1500830219, "pk": 1565400442535881149, "id": "1565400442535881149_5486367805", "device_timestamp": 1500830219, "media_type": 2, "code": "BW5a2iclym9", "client_cache_key": "MTU2NTQwMDQ0MjUzNTg4MTE0OQ==.2", "filter_type": 0, "image_versions2": {"candidates": [{"width": 640, "height": 1137, "url": "https://instagram.fhel2-1.fna.fbcdn.net/t51.9792-15/e15/p640x640/16992848_1819437251404673_8794193547151540224_n.jpg?ig_cache_key=MTU2NTQwMDQ0MjUzNTg4MTE0OQ%3D%3D.2"}, {"width": 240, "height": 426, "url": "https://instagram.fhel2-1.fna.fbcdn.net/t51.9792-15/e15/p240x240/16992848_1819437251404673_8794193547151540224_n.jpg?ig_cache_key=MTU2NTQwMDQ0MjUzNTg4MTE0OQ%3D%3D.2"}]}, "original_width": 720, "original_height": 1280, "caption_position": 0.0, "is_reel_media": true, "video_versions": [{"type": 101, "width": 640, "height": 1137, "url": "https://instagram.fhel2-1.fna.fbcdn.net/t50.9793-16/19386166_125666688046232_8664346343512211456_n.mp4"}, {"type": 103, "width": 480, "height": 853, "url": "https://instagram.fhel2-1.fna.fbcdn.net/t50.9793-16/17613076_267495763733988_8375927401116336128_n.mp4"}, {"type": 102, "width": 480, "height": 853, "url": "https://instagram.fhel2-1.fna.fbcdn.net/t50.9793-16/17613076_267495763733988_8375927401116336128_n.mp4"}], "has_audio": false, "video_duration": 5.7, "user": {"pk": 5486367805, "username": "a.t.212608", "full_name": "\ud83d\udc51", "is_private": false, "profile_pic_url": "https://instagram.fhel2-1.fna.fbcdn.net/t51.2885-19/s150x150/18812417_903219166484926_1680539987604406272_a.jpg", "profile_pic_id": "1527711972794930241_5486367805", "is_verified": false, "has_anonymous_profile_picture": false, "is_unpublished": false, "is_favorite": false}, "caption": null, "caption_is_edited": false, "photo_of_you": false, "can_viewer_save": true, "organic_tracking_token": "eyJ2ZXJzaW9uIjo1LCJwYXlsb2FkIjp7ImlzX2FuYWx5dGljc190cmFja2VkIjpmYWxzZSwidXVpZCI6IjY4OTI0MzE0Y2EyMjQyOGJhNDUwNDY4NzgwYTNiZTU1MTU2NTQwMDQ0MjUzNTg4MTE0OSIsInNlcnZlcl90b2tlbiI6IjE1MDA4MzA4MjkzNDF8MTU2NTQwMDQ0MjUzNTg4MTE0OXwyMDE4Njc3OTQ3fGU3ODgyNzE3ZDc5NmY4YTFkNDAxNDgzODNmZjgzMTk0YWFhZWFjMDAyNjBlZTUwYmRhMTBlZDMzYzM2YzI4MzQifSwic2lnbmF0dXJlIjoiIn0=", "expiring_at": 1500916619, "reel_mentions": [], "story_locations": [], "story_hashtags": [], "story_polls": []}]}, {"id": 2196707705, "latest_reel_media": 1500820619, "expiring_at": 1500907019, "seen": 0.0, "can_reply": true, "user": {"pk": 2196707705, "username": "stokotonya", "full_name": "\u0421\u0442\u043e\u043a\u043e\u0437\u0435\u043d\u043a\u043e \u0410\u043d\u0442\u043e\u043d\u0438\u043d\u0430 \u0411\u0438\u0437\u043d\u0435\u0441 NL\ud83c\udf0d", "is_private": false, "profile_pic_url": "https://instagram.fhel2-1.fna.fbcdn.net/t51.2885-19/s150x150/19933164_841983342625103_3608358602697342976_a.jpg", "profile_pic_id": "1559603079992893600_2196707705", "is_verified": false}, "ranked_position": 5, "seen_ranked_position": 5, "muted": false, "prefetch_count": 0}, {"id": 28875309, "latest_reel_media": 1500829272, "expiring_at": 1500915672, "seen": 0.0, "can_reply": true, "user": {"pk": 28875309, "username": "victoriapotekhina", "full_name": "\u0412\u0438\u043a\u0442\u043e\u0440\u0438\u044f \u041f\u043e\u0442\u0435\u0445\u0438\u043d\u0430", "is_private": false, "profile_pic_url": "https://instagram.fhel2-1.fna.fbcdn.net/t51.2885-19/s150x150/13736926_932623693532603_985468990_a.jpg", "profile_pic_id": "1295799679774311805_28875309", "is_verified": false}, "ranked_position": 6, "seen_ranked_position": 6, "muted": false, "prefetch_count": 0}, {"id": 3270494922, "latest_reel_media": 1500807928, "expiring_at": 1500894328, "seen": 0.0, "can_reply": true, "user": {"pk": 3270494922, "username": "dtp_irk_", "full_name": "\u0414\u0422\u041f \u0418\u0420\u041a\u0423\u0422\u0421\u041a\u0410 | \u0412\u0441\u0435 \u0421\u0430\u043c\u043e\u0435 \ud83d\ude0e\ud83d\ude31\ud83d\ude0a\ud83d\udd1e", "is_private": false, "profile_pic_url": "https://instagram.fhel2-1.fna.fbcdn.net/t51.2885-19/s150x150/18380660_1707825409516500_396056311801839616_a.jpg", "profile_pic_id": "1511234422006287519_3270494922", "is_verified": false}, "ranked_position": 7, "seen_ranked_position": 7, "muted": false, "prefetch_count": 0}, {"id": 816667689, "latest_reel_media": 1500830765, "expiring_at": 1500917165, "seen": 0.0, "can_reply": true, "user": {"pk": 816667689, "username": "ly.grin", "full_name": "\ud83c\udf3f\u041b\u044e\u0431\u0430\ud83c\udf3f", "is_private": false, "profile_pic_url": "https://instagram.fhel2-1.fna.fbcdn.net/t51.2885-19/s150x150/19534101_1426995064047011_3608076543605080064_a.jpg", "profile_pic_id": "1549898987087903393_816667689", "is_verified": false}, "ranked_position": 8, "seen_ranked_position": 8, "muted": false, "prefetch_count": 0}, {"id": 446980825, "latest_reel_media": 1500828670, "expiring_at": 1500915070, "seen": 0.0, "can_reply": true, "user": {"pk": 446980825, "username": "vlada_matvienko", "full_name": "Vladlena", "is_private": false, "profile_pic_url": "https://instagram.fhel2-1.fna.fbcdn.net/t51.2885-19/s150x150/19986123_1935524053327353_5456461860272340992_a.jpg", "profile_pic_id": "1557394368348246654_446980825", "is_verified": false}, "ranked_position": 9, "seen_ranked_position": 9, "muted": false, "prefetch_count": 0}, {"id": 558483405, "latest_reel_media": 1500826110, "expiring_at": 1500912510, "seen": 0.0, "can_reply": true, "user": {"pk": 558483405, "username": "wow.i.mom", "full_name": "Marina", "is_private": false, "profile_pic_url": "https://instagram.fhel2-1.fna.fbcdn.net/t51.2885-19/s150x150/19226949_1961850957359648_963036924526723072_a.jpg", "profile_pic_id": "1536883416758150154_558483405", "is_verified": false}, "ranked_position": 10, "seen_ranked_position": 10, "muted": false, "prefetch_count": 0}, {"id": 245183946, "latest_reel_media": 1500827620, "expiring_at": 1500914020, "seen": 0.0, "can_reply": true, "user": {"pk": 245183946, "username": "la_torte", "full_name": "YULIA IVANOVA, Moscow", "is_private": false, "profile_pic_url": "https://instagram.fhel2-1.fna.fbcdn.net/t51.2885-19/11356956_486110254904722_2116328223_a.jpg", "is_verified": false}, "ranked_position": 11, "seen_ranked_position": 11, "muted": false, "prefetch_count": 0}, {"id": 1363510, "latest_reel_media": 1500830686, "expiring_at": 1500917086, "seen": 0.0, "can_reply": true, "user": {"pk": 1363510, "username": "136th", "full_name": "\u0421\u0435\u0440\u0433\u0435\u0439 \u041a\u0430\u043b\u044e\u0436\u043d\u044b\u0439", "is_private": false, "profile_pic_url": "https://instagram.fhel2-1.fna.fbcdn.net/t51.2885-19/s150x150/17881844_1973844912836409_1328022102879502336_a.jpg", "profile_pic_id": "1491916868403219891_1363510", "is_verified": false}, "ranked_position": 12, "seen_ranked_position": 12, "muted": false, "prefetch_count": 0}, {"id": 306622647, "latest_reel_media": 1500812696, "expiring_at": 1500899096, "seen": 0.0, "can_reply": true, "user": {"pk": 306622647, "username": "_tulrzhev_", "full_name": "E K A T E R I N A", "is_private": false, "profile_pic_url": "https://instagram.fhel2-1.fna.fbcdn.net/t51.2885-19/s150x150/19761300_149988495571182_4504431807348867072_a.jpg", "profile_pic_id": "1553678140671454007_306622647", "is_verified": false}, "ranked_position": 13, "seen_ranked_position": 13, "muted": false, "prefetch_count": 0}, {"id": 1728512354, "latest_reel_media": 1500813652, "expiring_at": 1500900052, "seen": 0.0, "can_reply": true, "user": {"pk": 1728512354, "username": "copter38", "full_name": "Copter38", "is_private": false, "profile_pic_url": "https://instagram.fhel2-1.fna.fbcdn.net/t51.2885-19/s150x150/14063243_532664086943109_744351098_a.jpg", "profile_pic_id": "1318202577938376039_1728512354", "is_verified": false}, "ranked_position": 14, "seen_ranked_position": 14, "muted": false, "prefetch_count": 0}, {"id": 4462225583, "latest_reel_media": 1500822338, "expiring_at": 1500908738, "seen": 0.0, "can_reply": true, "user": {"pk": 4462225583, "username": "koanassh", "full_name": "\u0410\u043d\u0430\u0441\u0442\u0430\u0441\u0438\u044f \u041a\u043e\u0448\u043a\u0438\u043d\u0430", "is_private": false, "profile_pic_url": "https://instagram.fhel2-1.fna.fbcdn.net/t51.2885-19/s150x150/19623175_1419584861443382_8969418141130031104_a.jpg", "profile_pic_id": "1550138475076311140_4462225583", "is_verified": false}, "ranked_position": 15, "seen_ranked_position": 15, "muted": false, "prefetch_count": 0}, {"id": 1174354933, "latest_reel_media": 1500811316, "expiring_at": 1500897716, "seen": 0.0, "can_reply": true, "user": {"pk": 1174354933, "username": "count_v.dracula", "full_name": "Vladlena Buik-Li", "is_private": false, "profile_pic_url": "https://instagram.fhel2-1.fna.fbcdn.net/t51.2885-19/s150x150/19534264_450346605333117_2901132550250430464_a.jpg", "profile_pic_id": "1549925069600383445_1174354933", "is_verified": false}, "ranked_position": 16, "seen_ranked_position": 16, "muted": false, "prefetch_count": 0}, {"id": 2519847035, "latest_reel_media": 1500830233, "expiring_at": 1500916633, "seen": 0.0, "can_reply": true, "user": {"pk": 2519847035, "username": "_irina__re", "full_name": "", "is_private": false, "profile_pic_url": "https://instagram.fhel2-1.fna.fbcdn.net/t51.2885-19/s150x150/19436382_1083354148464256_5801762872795070464_a.jpg", "profile_pic_id": "1546491035922830052_2519847035", "is_verified": false}, "ranked_position": 17, "seen_ranked_position": 17, "muted": false, "prefetch_count": 0}, {"id": 1442508870, "latest_reel_media": 1500824701, "expiring_at": 1500911101, "seen": 0.0, "can_reply": true, "user": {"pk": 1442508870, "username": "ch_nst", "full_name": "A n A s t A s i A", "is_private": false, "profile_pic_url": "https://instagram.fhel2-1.fna.fbcdn.net/t51.2885-19/s150x150/19955768_1955206311423870_113171258673201152_a.jpg", "profile_pic_id": "1558096111888150554_1442508870", "is_verified": false}, "ranked_position": 18, "seen_ranked_position": 18, "muted": false, "prefetch_count": 0}, {"id": 261183629, "latest_reel_media": 1500825557, "expiring_at": 1500911957, "seen": 0.0, "can_reply": true, "user": {"pk": 261183629, "username": "aikerimturgynbek", "full_name": "", "is_private": false, "profile_pic_url": "https://instagram.fhel2-1.fna.fbcdn.net/t51.2885-19/s150x150/20065846_215568865634890_4253931250013700096_a.jpg", "profile_pic_id": "1558143378909140729_261183629", "is_verified": false}, "ranked_position": 19, "seen_ranked_position": 19, "muted": false, "prefetch_count": 0}, {"id": 2287134253, "latest_reel_media": 1500820261, "expiring_at": 1500906661, "seen": 0.0, "can_reply": true, "user": {"pk": 2287134253, "username": "masha_fitness_", "full_name": "\ud83d\udcaa\u0424\u0418\u0422\u041d\u0415\u0421 \u0422\u0420\u0415\u041d\u0415\u0420 \u0418\u0420\u041a\u0423\u0422\u0421\u041a\ud83c\uddf7\ud83c\uddfa", "is_private": false, "profile_pic_url": "https://instagram.fhel2-1.fna.fbcdn.net/t51.2885-19/s150x150/19985263_152512711975075_715134165275639808_a.jpg", "profile_pic_id": "1558514619398574219_2287134253", "is_verified": false}, "ranked_position": 20, "seen_ranked_position": 20, "muted": false, "prefetch_count": 0}, {"id": 3642334943, "latest_reel_media": 1500823606, "expiring_at": 1500910006, "seen": 0.0, "can_reply": true, "user": {"pk": 3642334943, "username": "daria_raskol", "full_name": "\u0414\u0430\u0440\u044c\u044f \u0420\u0430\u0441\u043a\u043e\u043b\u044c\u043d\u0438\u043a\u043e\u0432\u0430", "is_private": false, "profile_pic_url": "https://instagram.fhel2-1.fna.fbcdn.net/t51.2885-19/s150x150/17882300_426348384388919_3646032780212568064_a.jpg", "profile_pic_id": "1494857244485945590_3642334943", "is_verified": false}, "ranked_position": 21, "seen_ranked_position": 21, "muted": false, "prefetch_count": 0}, {"id": 284106969, "latest_reel_media": 1500823484, "expiring_at": 1500909884, "seen": 0.0, "can_reply": true, "user": {"pk": 284106969, "username": "maharbi13", "full_name": "\ud83e\udd40\ud83d\udda4Igoshina\ud83d\udda4\ud83e\udd40", "is_private": false, "profile_pic_url": "https://instagram.fhel2-1.fna.fbcdn.net/t51.2885-19/s150x150/19985126_1553560568007721_2072055578376536064_a.jpg", "profile_pic_id": "1558024078878373520_284106969", "is_verified": false}, "ranked_position": 22, "seen_ranked_position": 22, "muted": false, "prefetch_count": 0}, {"id": 2896660114, "latest_reel_media": 1500823692, "expiring_at": 1500910092, "seen": 0.0, "can_reply": true, "user": {"pk": 2896660114, "username": "nastyaaa_tyan", "full_name": "\u0410\u043d\u0430\u0441\u0442\u0430\u0441\u0438\u044f \u0410\u0444\u043e\u043d\u0438\u043d\u0430", "is_private": false, "profile_pic_url": "https://instagram.fhel2-1.fna.fbcdn.net/t51.2885-19/s150x150/18252819_779324928892126_6715343729944690688_a.jpg", "profile_pic_id": "1507375765900123296_2896660114", "is_verified": false}, "ranked_position": 23, "seen_ranked_position": 23, "muted": false, "prefetch_count": 0}, {"id": 229943618, "latest_reel_media": 1500820448, "expiring_at": 1500906848, "seen": 0.0, "can_reply": true, "user": {"pk": 229943618, "username": "katyakogler", "full_name": "Katya Kogler", "is_private": false, "profile_pic_url": "https://instagram.fhel2-1.fna.fbcdn.net/t51.2885-19/s150x150/19624350_1946785188923033_6600595685697912832_a.jpg", "profile_pic_id": "1552273851386227918_229943618", "is_verified": false}, "ranked_position": 24, "seen_ranked_position": 24, "muted": false, "prefetch_count": 0}, {"id": 2160195848, "latest_reel_media": 1500820710, "expiring_at": 1500907110, "seen": 0.0, "can_reply": true, "user": {"pk": 2160195848, "username": "di_koshkina_", "full_name": "\ud83d\ude3b\u0414\u0438\u0430\u043d\u0430 \u041a\u043e\u0448\u043a\u0438\u043d\u0430\u2764\ufe0f\u0418\u0440\u043a\u0443\u0442\u0441\u043a", "is_private": false, "profile_pic_url": "https://instagram.fhel2-1.fna.fbcdn.net/t51.2885-19/s150x150/20347606_462737187416921_4743950545625022464_a.jpg", "profile_pic_id": "1565347809439713873_2160195848", "is_verified": false}, "ranked_position": 25, "seen_ranked_position": 25, "muted": false, "prefetch_count": 0}, {"id": 572006383, "latest_reel_media": 1500828628, "expiring_at": 1500915028, "seen": 0.0, "can_reply": true, "user": {"pk": 572006383, "username": "uchral_0915", "full_name": "Uchral G", "is_private": false, "profile_pic_url": "https://instagram.ffor13-1.fna.fbcdn.net/t51.2885-19/11906329_960233084022564_1448528159_a.jpg", "is_verified": false}, "ranked_position": 26, "seen_ranked_position": 26, "muted": false, "prefetch_count": 0}, {"id": 412574131, "latest_reel_media": 1500817926, "expiring_at": 1500904326, "seen": 0.0, "can_reply": true, "user": {"pk": 412574131, "username": "kudryash_ov", "full_name": "Anton Kudryashov", "is_private": false, "profile_pic_url": "https://instagram.fhel2-1.fna.fbcdn.net/t51.2885-19/s150x150/14730610_355655794771291_4007664516820107264_a.jpg", "profile_pic_id": "1362746258477261362_412574131", "is_verified": false}, "ranked_position": 27, "seen_ranked_position": 27, "muted": false, "prefetch_count": 0}, {"id": 1323978432, "latest_reel_media": 1500820712, "expiring_at": 1500907112, "seen": 0.0, "can_reply": true, "user": {"pk": 1323978432, "username": "kazzanchyan", "full_name": "Irina Kazanchyan", "is_private": false, "profile_pic_url": "https://instagram.fhel2-1.fna.fbcdn.net/t51.2885-19/s150x150/18888915_196602230863332_711292463058255872_a.jpg", "profile_pic_id": "1530666697827272197_1323978432", "is_verified": false}, "ranked_position": 28, "seen_ranked_position": 28, "muted": false, "prefetch_count": 0}, {"id": 3111879604, "latest_reel_media": 1500809529, "expiring_at": 1500895929, "seen": 0.0, "can_reply": true, "user": {"pk": 3111879604, "username": "marina_noskova7", "full_name": "\u041c\u0430\u0440\u0438\u043d\u0430 \u041d\u043e\u0441\u043a\u043e\u0432\u0430", "is_private": false, "profile_pic_url": "https://instagram.fhel2-1.fna.fbcdn.net/t51.2885-19/s150x150/19624806_150541435513385_3481108222184521728_n.jpg", "profile_pic_id": "1461737975352485755_3111879604", "is_verified": false}, "ranked_position": 29, "seen_ranked_position": 29, "muted": false, "prefetch_count": 0}, {"id": 901380301, "latest_reel_media": 1500824626, "expiring_at": 1500911026, "seen": 0.0, "can_reply": true, "user": {"pk": 901380301, "username": "v.zolotoverh", "full_name": "\u0412\u0430\u043b\u0435\u0440\u0438\u044f \u0417\u043e\u043b\u043e\u0442\u043e\u0432\u0435\u0440\u0445", "is_private": false, "profile_pic_url": "https://instagram.fhel2-1.fna.fbcdn.net/t51.2885-19/s150x150/18722866_140400343172040_1871682301612523520_a.jpg", "profile_pic_id": "1522706428552546296_901380301", "is_verified": false}, "ranked_position": 30, "seen_ranked_position": 30, "muted": false, "prefetch_count": 0}, {"id": 43930838, "latest_reel_media": 1500818507, "expiring_at": 1500904907, "seen": 0.0, "can_reply": true, "user": {"pk": 43930838, "username": "emakher", "full_name": "Efim Gantmakher", "is_private": false, "profile_pic_url": "https://instagram.fhel2-1.fna.fbcdn.net/t51.2885-19/s150x150/14712253_681428155358901_7041405071392768000_a.jpg", "profile_pic_id": "1361689134377191271_43930838", "is_verified": false}, "ranked_position": 31, "seen_ranked_position": 31, "muted": false, "prefetch_count": 0}, {"id": 1723183675, "latest_reel_media": 1500830087, "expiring_at": 1500916487, "seen": 0.0, "can_reply": true, "user": {"pk": 1723183675, "username": "all_is_dull", "full_name": "\u0410\u043b\u0451\u0448\u043a\u0430", "is_private": false, "profile_pic_url": "https://instagram.fhel2-1.fna.fbcdn.net/t51.2885-19/s150x150/13525578_298675500466505_882362163_a.jpg", "profile_pic_id": "1285564336442427992_1723183675", "is_verified": false}, "ranked_position": 32, "seen_ranked_position": 32, "muted": false, "prefetch_count": 0}, {"id": 426864874, "latest_reel_media": 1500821417, "expiring_at": 1500907817, "seen": 0.0, "can_reply": true, "user": {"pk": 426864874, "username": "zeziulchik", "full_name": "Anastasia\u2649\ufe0f", "is_private": false, "profile_pic_url": "https://instagram.fhel2-1.fna.fbcdn.net/t51.2885-19/s150x150/15876858_724322107732622_8458873673552494592_n.jpg", "profile_pic_id": "1427184028922811752_426864874", "is_verified": false}, "ranked_position": 33, "seen_ranked_position": 33, "muted": false, "prefetch_count": 0}, {"id": 668065568, "latest_reel_media": 1500820297, "expiring_at": 1500906697, "seen": 0.0, "can_reply": true, "user": {"pk": 668065568, "username": "rinasns", "full_name": "Nadin Rinas", "is_private": false, "profile_pic_url": "https://instagram.fhel2-1.fna.fbcdn.net/t51.2885-19/s150x150/15035582_1793380027596024_1230179324787687424_a.jpg", "profile_pic_id": "1390665599483866118_668065568", "is_verified": false}, "ranked_position": 34, "seen_ranked_position": 34, "muted": false, "prefetch_count": 0}, {"id": 5694258598, "latest_reel_media": 1500819384, "expiring_at": 1500905784, "seen": 0.0, "can_reply": true, "user": {"pk": 5694258598, "username": "johnredgard", "full_name": "johnredgard", "is_private": false, "profile_pic_url": "https://instagram.fhel2-1.fna.fbcdn.net/t51.2885-19/s150x150/19932019_319847181794689_5813815603294633984_a.jpg", "profile_pic_id": "1553017829372982742_5694258598", "is_verified": false}, "ranked_position": 35, "seen_ranked_position": 35, "muted": false, "prefetch_count": 0}, {"id": 3920539853, "latest_reel_media": 1500813073, "expiring_at": 1500899473, "seen": 0.0, "can_reply": true, "user": {"pk": 3920539853, "username": "gradientis", "full_name": "\ud83d\udc5b \u0411\u0440\u0435\u043d\u0434\u043e\u0432\u044b\u0435 \u0421\u0443\u043c\u043a\u0438 \u0412 \u041d\u0410\u041b\u0418\u0427\u0418\u0418", "is_private": false, "profile_pic_url": "https://instagram.fhel2-1.fna.fbcdn.net/t51.2885-19/s150x150/14582355_1147513168673057_1032282015065440256_a.jpg", "profile_pic_id": "1362284813918355159_3920539853", "is_verified": false}, "ranked_position": 36, "seen_ranked_position": 36, "muted": false, "prefetch_count": 0}, {"id": 547177580, "latest_reel_media": 1500816500, "expiring_at": 1500902900, "seen": 0.0, "can_reply": false, "user": {"pk": 547177580, "username": "alexsandria93", "full_name": "\ud83c\udd62\ud83c\udd50\ud83c\udd5d\ud83c\udd54\ud83c\udd52\ud83c\udd57\ud83c\udd5a\ud83c\udd50", "is_private": false, "profile_pic_url": "https://instagram.fhel2-1.fna.fbcdn.net/t51.2885-19/s150x150/19985916_130856117511331_6698891312256516096_a.jpg", "profile_pic_id": "1560143267054522896_547177580", "is_verified": false}, "ranked_position": 37, "seen_ranked_position": 37, "muted": false, "prefetch_count": 0}, {"id": 783479692, "latest_reel_media": 1500808560, "expiring_at": 1500894960, "seen": 0.0, "can_reply": true, "user": {"pk": 783479692, "username": "nickyross38", "full_name": "\u041d\u0438\u043a\u043e\u043b\u0430\u0439 \u0427\u0438\u0441\u0442\u0438\u043a\u043e\u0432", "is_private": false, "profile_pic_url": "https://instagram.fhel2-1.fna.fbcdn.net/t51.2885-19/s150x150/11375150_872668092811756_1181996102_a.jpg", "is_verified": false}, "ranked_position": 38, "seen_ranked_position": 38, "muted": false, "prefetch_count": 0}, {"id": 294470582, "latest_reel_media": 1500815667, "expiring_at": 1500902067, "seen": 0.0, "can_reply": true, "user": {"pk": 294470582, "username": "fdrv.al", "full_name": "MMII \ud83e\udd1e\ud83c\udffc", "is_private": false, "profile_pic_url": "https://instagram.fhel2-1.fna.fbcdn.net/t51.2885-19/s150x150/19437036_154951438409391_386010658174402560_a.jpg", "profile_pic_id": "1564178863583891182_294470582", "is_verified": false}, "ranked_position": 39, "seen_ranked_position": 39, "muted": false, "prefetch_count": 0}, {"id": 592580753, "latest_reel_media": 1500815630, "expiring_at": 1500902030, "seen": 0.0, "can_reply": true, "user": {"pk": 592580753, "username": "nastic_lobova", "full_name": "\u0410\u043d\u0430\u0441\u0442\u0430\u0441\u0438\u044f \u041b\u043e\u0431\u043e\u0432\u0430\ud83d\udc90", "is_private": false, "profile_pic_url": "https://instagram.fhel2-1.fna.fbcdn.net/t51.2885-19/s150x150/19985900_1990307064588003_6368620323037773824_a.jpg", "profile_pic_id": "1559788537461600767_592580753", "is_verified": false}, "ranked_position": 40, "seen_ranked_position": 40, "muted": false, "prefetch_count": 0}, {"id": 2338413, "latest_reel_media": 1500823781, "expiring_at": 1500910181, "seen": 0.0, "can_reply": true, "user": {"pk": 2338413, "username": "natashabaccardi", "full_name": "natashabaccardi", "is_private": false, "profile_pic_url": "https://instagram.fhel2-1.fna.fbcdn.net/t51.2885-19/s150x150/1170006_994322793948438_1519268086_a.jpg", "is_verified": false}, "ranked_position": 41, "seen_ranked_position": 41, "muted": false, "prefetch_count": 0}, {"id": 962876387, "latest_reel_media": 1500819289, "expiring_at": 1500905689, "seen": 0.0, "can_reply": true, "user": {"pk": 962876387, "username": "dashabelyashik", "full_name": "Daria", "is_private": false, "profile_pic_url": "https://instagram.fhel2-1.fna.fbcdn.net/t51.2885-19/s150x150/14592175_1785043858421308_4832640168588476416_a.jpg", "profile_pic_id": "1381218029262591317_962876387", "is_verified": false}, "ranked_position": 42, "seen_ranked_position": 42, "muted": false, "prefetch_count": 0}, {"id": 827704083, "latest_reel_media": 1500814430, "expiring_at": 1500900830, "seen": 0.0, "can_reply": true, "user": {"pk": 827704083, "username": "makhmadiev", "full_name": "Sharaf", "is_private": false, "profile_pic_url": "https://instagram.fhel2-1.fna.fbcdn.net/t51.2885-19/s150x150/17438117_1415627328512776_710464165730320384_a.jpg", "profile_pic_id": "1480941068127492955_827704083", "is_verified": false}, "ranked_position": 43, "seen_ranked_position": 43, "muted": false, "prefetch_count": 0}, {"id": 42582246, "latest_reel_media": 1500816311, "expiring_at": 1500902711, "seen": 0.0, "can_reply": true, "user": {"pk": 42582246, "username": "nadyademina", "full_name": "Nadya Demina", "is_private": false, "profile_pic_url": "https://instagram.fhel2-1.fna.fbcdn.net/t51.2885-19/s150x150/14478536_1142474099140322_4503177200157065216_a.jpg", "profile_pic_id": "1359567516615426035_42582246", "is_verified": false}, "ranked_position": 44, "seen_ranked_position": 44, "muted": false, "prefetch_count": 0}, {"id": 573716746, "latest_reel_media": 1500812822, "expiring_at": 1500899222, "seen": 0.0, "can_reply": true, "user": {"pk": 573716746, "username": "allenablack", "full_name": "Alena", "is_private": false, "profile_pic_url": "https://instagram.fhel2-1.fna.fbcdn.net/t51.2885-19/s150x150/14677243_1111899725554705_5903222846573772800_a.jpg", "profile_pic_id": "1359097731658737687_573716746", "is_verified": false}, "ranked_position": 45, "seen_ranked_position": 45, "muted": false, "prefetch_count": 0}, {"id": 283821377, "latest_reel_media": 1500821633, "expiring_at": 1500908033, "seen": 0.0, "can_reply": true, "user": {"pk": 283821377, "username": "alena__barbie", "full_name": "A\u043b\u0451\u043d\u0430 \u0410\u043a\u0441\u0451\u043d\u043e\u0432\u0430 \ud83d\udc78\ud83c\udffc", "is_private": false, "profile_pic_url": "https://instagram.fhel2-1.fna.fbcdn.net/t51.2885-19/s150x150/20067425_1225138084298584_2994416220557541376_a.jpg", "profile_pic_id": "1561744357765475146_283821377", "is_verified": false}, "ranked_position": 46, "seen_ranked_position": 46, "muted": false, "prefetch_count": 0}, {"id": 646884148, "latest_reel_media": 1500812541, "expiring_at": 1500898941, "seen": 0.0, "can_reply": true, "user": {"pk": 646884148, "username": "magdan.off", "full_name": "\u0421\u0435\u0440\u0433\u0435\u0439", "is_private": false, "profile_pic_url": "https://instagram.fhel2-1.fna.fbcdn.net/t51.2885-19/s150x150/13725556_1812466162314643_1250146366_a.jpg", "profile_pic_id": "1295607224672123737_646884148", "is_verified": false}, "ranked_position": 47, "seen_ranked_position": 47, "muted": false, "prefetch_count": 0}, {"id": 476246685, "latest_reel_media": 1500815541, "expiring_at": 1500901941, "seen": 0.0, "can_reply": true, "user": {"pk": 476246685, "username": "pilipchak", "full_name": "Ma", "is_private": false, "profile_pic_url": "https://instagram.fhel2-1.fna.fbcdn.net/t51.2885-19/s150x150/13385718_1089733074414934_2033820975_a.jpg", "profile_pic_id": "1271315968472799859_476246685", "is_verified": false}, "ranked_position": 48, "seen_ranked_position": 48, "muted": false, "prefetch_count": 0}, {"id": 2291442291, "latest_reel_media": 1500823570, "expiring_at": 1500909970, "seen": 0.0, "can_reply": true, "user": {"pk": 2291442291, "username": "_ladyinblack_rish", "full_name": "Smoothies\ud83c\udf79Rish\ud83d\udc83\ud83d\udc8b", "is_private": false, "profile_pic_url": "https://instagram.fhel2-1.fna.fbcdn.net/t51.2885-19/s150x150/16122629_772275332936274_1806333132958334976_n.jpg", "profile_pic_id": "1436256630739076802_2291442291", "is_verified": false}, "ranked_position": 49, "seen_ranked_position": 49, "muted": false, "prefetch_count": 0}, {"id": 2073873927, "latest_reel_media": 1500813915, "expiring_at": 1500900315, "seen": 0.0, "can_reply": true, "user": {"pk": 2073873927, "username": "borodina90", "full_name": "Borodylia", "is_private": false, "profile_pic_url": "https://instagram.fhel2-1.fna.fbcdn.net/t51.2885-19/s150x150/19534946_1551376968235191_8728878879969640448_a.jpg", "profile_pic_id": "1548700134929141158_2073873927", "is_verified": false}, "ranked_position": 50, "seen_ranked_position": 50, "muted": false, "prefetch_count": 0}, {"id": 199889870, "latest_reel_media": 1500824856, "expiring_at": 1500911256, "seen": 0.0, "can_reply": true, "user": {"pk": 199889870, "username": "klubnikaz", "full_name": "Alena Evsyukova", "is_private": false, "profile_pic_url": "https://instagram.fhel2-1.fna.fbcdn.net/t51.2885-19/s150x150/16464996_1269933916430709_5531065914650263552_a.jpg", "profile_pic_id": "1449131074122564795_199889870", "is_verified": false}, "ranked_position": 51, "seen_ranked_position": 51, "muted": false, "prefetch_count": 0}, {"id": 552944328, "latest_reel_media": 1500813194, "expiring_at": 1500899594, "seen": 0.0, "can_reply": true, "user": {"pk": 552944328, "username": "lyzina_yakovleva", "full_name": "\u0410\u043d\u0430\u0441\u0442\u0430\u0441\u0438\u044f \u041b\u044b\u0437\u0438\u043d\u0430-\u042f\u043a\u043e\u0432\u043b\u0435\u0432\u0430", "is_private": true, "profile_pic_url": "https://instagram.fhel2-1.fna.fbcdn.net/t51.2885-19/s150x150/19764346_1836580076669694_1899324483496312832_a.jpg", "profile_pic_id": "1552250561263576978_552944328", "is_verified": false}, "ranked_position": 52, "seen_ranked_position": 52, "muted": false, "prefetch_count": 0}, {"id": 5517629889, "latest_reel_media": 1500818535, "expiring_at": 1500904935, "seen": 0.0, "can_reply": true, "user": {"pk": 5517629889, "username": "vladozha_zhivotova", "full_name": "\u0412\u043b\u0430\u0434\u043e\u0447\u043a\u0430 \u0416\u0438\u0432\u043e\u0442\u043e\u0432\u0430\ud83d\udc51\ud83c\udf08", "is_private": false, "profile_pic_url": "https://instagram.fhel2-1.fna.fbcdn.net/t51.2885-19/s150x150/19984643_333040083797364_8307347227349614592_a.jpg", "profile_pic_id": "1559182819681571493_5517629889", "is_verified": false}, "ranked_position": 53, "seen_ranked_position": 53, "muted": false, "prefetch_count": 0}, {"id": 1994032722, "latest_reel_media": 1500819103, "expiring_at": 1500905503, "seen": 0.0, "can_reply": true, "user": {"pk": 1994032722, "username": "oksanakopylova", "full_name": "\u041e\u043a\u0441\u0430\u043d\u0430, \u0424\u0438\u0442\u043d\u0435\u0441 \u0442\u0440\u0435\u043d\u0435\u0440, Irkutsk", "is_private": false, "profile_pic_url": "https://instagram.fhel2-1.fna.fbcdn.net/t51.2885-19/s150x150/18011724_983846788384314_4706706848386908160_a.jpg", "profile_pic_id": "1497227242227471560_1994032722", "is_verified": false}, "ranked_position": 54, "seen_ranked_position": 54, "muted": false, "prefetch_count": 0}, {"id": 1081354535, "latest_reel_media": 1500829377, "expiring_at": 1500915777, "seen": 0.0, "can_reply": true, "user": {"pk": 1081354535, "username": "chu_chuprov", "full_name": "chuprov", "is_private": false, "profile_pic_url": "https://instagram.fhel2-1.fna.fbcdn.net/t51.2885-19/s150x150/18645041_789654951201927_7206151341033390080_a.jpg", "profile_pic_id": "1519768044862524960_1081354535", "is_verified": false}, "ranked_position": 55, "seen_ranked_position": 55, "muted": false, "prefetch_count": 0}, {"id": 253494367, "latest_reel_media": 1500820306, "expiring_at": 1500906706, "seen": 0.0, "can_reply": true, "user": {"pk": 253494367, "username": "victoriya_cosmetolog", "full_name": "\ud83d\udd34\u0422\u0430\u0442\u0443\u0430\u0436 \u0411\u0440\u043e\u0432\u0435\u0439 \u041c\u043e\u0441\u043a\u0432\u0430", "is_private": false, "profile_pic_url": "https://instagram.fhel2-1.fna.fbcdn.net/t51.2885-19/s150x150/16230631_609051522621090_8450606076256059392_n.jpg", "profile_pic_id": "1438702909483532404_253494367", "is_verified": false}, "ranked_position": 56, "seen_ranked_position": 56, "muted": false, "prefetch_count": 0}, {"id": 513530074, "latest_reel_media": 1500814182, "expiring_at": 1500900582, "seen": 0.0, "can_reply": true, "user": {"pk": 513530074, "username": "sabina.budaeva", "full_name": "Sabina Budaeva\ud83d\udc8b", "is_private": false, "profile_pic_url": "https://instagram.fhel2-1.fna.fbcdn.net/t51.2885-19/s150x150/19955183_577757325945970_7037919112726577152_a.jpg", "profile_pic_id": "1554607178588303964_513530074", "is_verified": false}, "ranked_position": 57, "seen_ranked_position": 57, "muted": false, "prefetch_count": 0}, {"id": 475473803, "latest_reel_media": 1500818204, "expiring_at": 1500904604, "seen": 0.0, "can_reply": true, "user": {"pk": 475473803, "username": "katyatumad", "full_name": "Katya Tu", "is_private": false, "profile_pic_url": "https://instagram.fhel2-1.fna.fbcdn.net/t51.2885-19/s150x150/18011825_198992720606692_3241791274356834304_a.jpg", "profile_pic_id": "1495744219306063019_475473803", "is_verified": false}, "ranked_position": 58, "seen_ranked_position": 58, "muted": false, "prefetch_count": 0}, {"id": 1326460178, "latest_reel_media": 1500818910, "expiring_at": 1500905310, "seen": 0.0, "can_reply": true, "user": {"pk": 1326460178, "username": "kapochka74", "full_name": "Polina", "is_private": false, "profile_pic_url": "https://instagram.fhel2-1.fna.fbcdn.net/t51.2885-19/s150x150/18645580_1676575135981949_1407434222821441536_a.jpg", "profile_pic_id": "1522678119658668067_1326460178", "is_verified": false}, "ranked_position": 59, "seen_ranked_position": 59, "muted": false, "prefetch_count": 0}, {"id": 1957080676, "latest_reel_media": 1500811704, "expiring_at": 1500898104, "seen": 0.0, "can_reply": true, "user": {"pk": 1957080676, "username": "_maarinochkaa_", "full_name": "\u041c\u0430\u0440\u0438\u043d\u0430", "is_private": false, "profile_pic_url": "https://instagram.fhel2-1.fna.fbcdn.net/t51.2885-19/s150x150/20181184_152213052016607_2624891888838115328_a.jpg", "profile_pic_id": "1563939846765706357_1957080676", "is_verified": false}, "ranked_position": 60, "seen_ranked_position": 60, "muted": false, "prefetch_count": 0}, {"id": 213542575, "latest_reel_media": 1500818296, "expiring_at": 1500904696, "seen": 0.0, "can_reply": true, "user": {"pk": 213542575, "username": "kriskondrateva", "full_name": "\ud83d\ude08", "is_private": false, "profile_pic_url": "https://instagram.fhel2-1.fna.fbcdn.net/t51.2885-19/s150x150/17268060_311339449281780_8007914412553797632_a.jpg", "profile_pic_id": "1473565070935339951_213542575", "is_verified": false}, "ranked_position": 61, "seen_ranked_position": 61, "muted": false, "prefetch_count": 0}, {"id": 589712087, "latest_reel_media": 1500824638, "expiring_at": 1500911038, "seen": 0.0, "can_reply": true, "user": {"pk": 589712087, "username": "narimusya", "full_name": "\u041d\u0430\u0440\u0438\u043c\u0430\u043d \u0410\u0431\u0438\u0435\u0432", "is_private": false, "profile_pic_url": "https://instagram.fhel2-1.fna.fbcdn.net/t51.2885-19/s150x150/15046766_1025701860889539_1364932424756101120_a.jpg", "profile_pic_id": "1381054386327000990_589712087", "is_verified": false}, "ranked_position": 62, "seen_ranked_position": 62, "muted": false, "prefetch_count": 0}, {"id": 2983095789, "latest_reel_media": 1500816920, "expiring_at": 1500903320, "seen": 0.0, "can_reply": true, "user": {"pk": 2983095789, "username": "liudmilka07", "full_name": "\u041b\u044e\u0434\u043c\u0438\u043b\u043a\u0430\ud83c\udf53", "is_private": false, "profile_pic_url": "https://instagram.fhel2-1.fna.fbcdn.net/t51.2885-19/s150x150/20214486_1786141081403944_1053063553629552640_a.jpg", "profile_pic_id": "1564626645002879759_2983095789", "is_verified": false}, "ranked_position": 63, "seen_ranked_position": 63, "muted": false, "prefetch_count": 0}, {"id": 1937374256, "latest_reel_media": 1500824033, "expiring_at": 1500910433, "seen": 0.0, "can_reply": false, "user": {"pk": 1937374256, "username": "multfilm1988", "full_name": "\u0412\u044f\u0447\u0435\u0441\u043b\u0430\u0432", "is_private": false, "profile_pic_url": "https://instagram.fhel2-1.fna.fbcdn.net/t51.2885-19/s150x150/20181203_1384194205000414_2858185660429238272_a.jpg", "profile_pic_id": "1562940661036328127_1937374256", "is_verified": false}, "ranked_position": 64, "seen_ranked_position": 64, "muted": false, "prefetch_count": 0}, {"id": 5388695479, "latest_reel_media": 1500814227, "expiring_at": 1500900627, "seen": 0.0, "can_reply": true, "user": {"pk": 5388695479, "username": "mili_art_idei", "full_name": "\u0411\u0440\u043e\u0448\u0438 \u0440\u0443\u0447\u043d\u043e\u0439 \u0440\u0430\u0431\u043e\u0442\u044b \u0438\u0437 \u0431\u0438\u0441\u0435\u0440\u0430", "is_private": false, "profile_pic_url": "https://instagram.fhel2-1.fna.fbcdn.net/t51.2885-19/s150x150/19535100_458147577867493_8796684254521065472_a.jpg", "profile_pic_id": "1548675677857968476_5388695479", "is_verified": false}, "ranked_position": 65, "seen_ranked_position": 65, "muted": false, "prefetch_count": 0}, {"id": 1510743976, "latest_reel_media": 1500819341, "expiring_at": 1500905741, "seen": 0.0, "can_reply": true, "user": {"pk": 1510743976, "username": "olya_martysheva", "full_name": "\u041e\u043b\u044f \u041c\u0430\u0440\u0442\u044b\u0448\u0435\u0432\u0430", "is_private": false, "profile_pic_url": "https://instagram.fhel2-1.fna.fbcdn.net/t51.2885-19/11049301_1396276244020178_659690671_a.jpg", "is_verified": false}, "ranked_position": 66, "seen_ranked_position": 66, "muted": false, "prefetch_count": 0}, {"id": 1565369018, "latest_reel_media": 1500820816, "expiring_at": 1500907216, "seen": 0.0, "can_reply": true, "user": {"pk": 1565369018, "username": "machula.zh", "full_name": "\u041c\u0430\u0447\u0443\u043b\u0430 \u0415\u0432\u0433\u0435\u043d\u0438\u044f", "is_private": false, "profile_pic_url": "https://instagram.fhel2-1.fna.fbcdn.net/t51.2885-19/s150x150/19533871_1365337440220517_1998835508490272768_a.jpg", "profile_pic_id": "1545571040724674221_1565369018", "is_verified": false}, "ranked_position": 67, "seen_ranked_position": 67, "muted": false, "prefetch_count": 0}, {"id": 356348764, "latest_reel_media": 1500819814, "expiring_at": 1500906214, "seen": 0.0, "can_reply": true, "user": {"pk": 356348764, "username": "aliyuwakz", "full_name": "'Aliyusha \u2649\ufe0f Shemetayeva'", "is_private": false, "profile_pic_url": "https://instagram.fhel2-1.fna.fbcdn.net/t51.2885-19/s150x150/20065545_247512012411394_3828562937467895808_a.jpg", "profile_pic_id": "1556582262174074419_356348764", "is_verified": false}, "ranked_position": 68, "seen_ranked_position": 68, "muted": false, "prefetch_count": 0}, {"id": 3691418120, "latest_reel_media": 1500825888, "expiring_at": 1500912288, "seen": 0.0, "can_reply": true, "user": {"pk": 3691418120, "username": "mirageloungebar", "full_name": "\u041c\u0430\u0440\u0448\u0430\u043b\u0430 \u0413\u043e\u0432\u043e\u0440\u043e\u0432\u0430/ 5\u0430/\u0418\u0440\u043a\u0443\u0442\u0441\u043a2", "is_private": false, "profile_pic_url": "https://instagram.fhel2-1.fna.fbcdn.net/t51.2885-19/s150x150/19120708_1768219463468012_3734672061864345600_a.jpg", "profile_pic_id": "1537664504123399178_3691418120", "is_verified": false}, "ranked_position": 69, "seen_ranked_position": 69, "muted": false, "prefetch_count": 0}, {"id": 2316758492, "latest_reel_media": 1500823941, "expiring_at": 1500910341, "seen": 0.0, "can_reply": true, "user": {"pk": 2316758492, "username": "dulat.nagashibai", "full_name": "\u0414\u0443\u043b\u0430\u0442 \u0411\u043e\u043b\u0430\u0442\u0431\u0435\u043a\u04b1\u043b\u044b \u041d\u0430\u0493\u0430\u0448\u044b\u0431\u0430\u0435\u0432", "is_private": false, "profile_pic_url": "https://instagram.fhel2-1.fna.fbcdn.net/t51.2885-19/s150x150/20347278_466050847110328_4495685153695203328_a.jpg", "profile_pic_id": "1565343164439730026_2316758492", "is_verified": false}, "ranked_position": 70, "seen_ranked_position": 70, "muted": false, "prefetch_count": 0}, {"id": 416684386, "latest_reel_media": 1500824612, "expiring_at": 1500911012, "seen": 0.0, "can_reply": true, "user": {"pk": 416684386, "username": "danabekovna04", "full_name": "\ud83d\udd4a", "is_private": true, "profile_pic_url": "https://instagram.fhel2-1.fna.fbcdn.net/t51.2885-19/s150x150/19985683_126701297935275_5806979239425081344_a.jpg", "profile_pic_id": "1558906532615579979_416684386", "is_verified": false}, "ranked_position": 71, "seen_ranked_position": 71, "muted": false, "prefetch_count": 0}, {"id": 258598057, "latest_reel_media": 1500811947, "expiring_at": 1500898347, "seen": 0.0, "can_reply": true, "user": {"pk": 258598057, "username": "g_albina_e", "full_name": "\u00a9 \u0410\u043b\u044c\u0431\u0438\u043d\u0430 \u0413\u0435\u0440\u043c\u043e\u0433\u0435\u043d\u043e\u0432\u0430", "is_private": false, "profile_pic_url": "https://instagram.fhel2-1.fna.fbcdn.net/t51.2885-19/s150x150/19121878_276527022755468_8667088942123712512_a.jpg", "profile_pic_id": "1538204407090674007_258598057", "is_verified": false}, "ranked_position": 72, "seen_ranked_position": 72, "muted": false, "prefetch_count": 0}, {"id": 289869866, "latest_reel_media": 1500819604, "expiring_at": 1500906004, "seen": 0.0, "can_reply": true, "user": {"pk": 289869866, "username": "irisha_ostrowskaya", "full_name": "\u0418\u0440\u0438\u043d\u0430 \u041e\u0441\u0442\u0440\u043e\u0432\u0441\u043a\u0430\u044f \ud83d\udc3e", "is_private": false, "profile_pic_url": "https://instagram.fhel2-1.fna.fbcdn.net/t51.2885-19/s150x150/20181342_136458680274976_582587274043064320_a.jpg", "profile_pic_id": "1563901119482395368_289869866", "is_verified": false}, "ranked_position": 73, "seen_ranked_position": 73, "muted": false, "prefetch_count": 0}, {"id": 2308681967, "latest_reel_media": 1500814916, "expiring_at": 1500901316, "seen": 0.0, "can_reply": true, "user": {"pk": 2308681967, "username": "_anastasya_______", "full_name": "\u2763Anastasya Saveleva\u2763\ud83d\udc8b", "is_private": false, "profile_pic_url": "https://instagram.fhel2-1.fna.fbcdn.net/t51.2885-19/s150x150/20225241_1908751032696404_4097247999787270144_a.jpg", "profile_pic_id": "1562962162287269849_2308681967", "is_verified": false}, "ranked_position": 74, "seen_ranked_position": 74, "muted": false, "prefetch_count": 0}, {"id": 210798762, "latest_reel_media": 1500817338, "expiring_at": 1500903738, "seen": 0.0, "can_reply": true, "user": {"pk": 210798762, "username": "child_or_chiken", "full_name": "\u0421\u043e\u043d\u0435\u0447\u043a\u0430 \u041a\u0440\u0430\u0432\u0447\u0435\u043d\u043a\u043e", "is_private": true, "profile_pic_url": "https://instagram.fhel2-1.fna.fbcdn.net/t51.2885-19/s150x150/18443160_438603253179265_4793388870492225536_a.jpg", "profile_pic_id": "1515115823805959190_210798762", "is_verified": false}, "ranked_position": 75, "seen_ranked_position": 75, "muted": false, "prefetch_count": 0}, {"id": 258609822, "latest_reel_media": 1500820900, "expiring_at": 1500907300, "seen": 0.0, "can_reply": true, "user": {"pk": 258609822, "username": "eleanora072", "full_name": "eleanora072", "is_private": false, "profile_pic_url": "https://instagram.fhel2-1.fna.fbcdn.net/t51.2885-19/s150x150/14134500_1769511029992872_445539290_a.jpg", "profile_pic_id": "1331284414579297821_258609822", "is_verified": false}, "ranked_position": 76, "seen_ranked_position": 76, "muted": false, "prefetch_count": 0}, {"id": 5321853644, "latest_reel_media": 1500816835, "expiring_at": 1500903235, "seen": 0.0, "can_reply": true, "user": {"pk": 5321853644, "username": "mitrofanviolin", "full_name": "\u041c\u0438\u0442\u0440\u043e\u0444\u0430\u043d\u0438\u0439", "is_private": false, "profile_pic_url": "https://instagram.fhel2-1.fna.fbcdn.net/t51.2885-19/s150x150/19429474_834416313375171_1961953670836781056_a.jpg", "profile_pic_id": "1547758912811772358_5321853644", "is_verified": false}, "ranked_position": 77, "seen_ranked_position": 77, "muted": false, "prefetch_count": 0}, {"id": 369157439, "latest_reel_media": 1500826391, "expiring_at": 1500912791, "seen": 0.0, "can_reply": true, "user": {"pk": 369157439, "username": "iva___ma", "full_name": "\u0411\u0438\u0437\u043d\u0435\u0441 \u0423\u0441\u043f\u0435\u0445 \u0420\u0430\u0437\u0432\u0438\u0442\u0438\u0435", "is_private": false, "profile_pic_url": "https://instagram.fhel2-1.fna.fbcdn.net/t51.2885-19/s150x150/20180502_1381781678565181_8688362894393344000_a.jpg", "profile_pic_id": "1560675529181409094_369157439", "is_verified": false}, "ranked_position": 78, "seen_ranked_position": 78, "muted": false, "prefetch_count": 0}, {"id": 1396977232, "latest_reel_media": 1500811946, "expiring_at": 1500898346, "seen": 0.0, "can_reply": false, "user": {"pk": 1396977232, "username": "gal.ka", "full_name": "\u0413\u0430\u043b\u0438\u043d\u0430 \u0428\u0435\u0432\u0447\u0435\u043d\u043a\u043e", "is_private": false, "profile_pic_url": "https://instagram.fhel2-1.fna.fbcdn.net/t51.2885-19/s150x150/13768278_1711590855772206_783248148_a.jpg", "profile_pic_id": "1303391765914606713_1396977232", "is_verified": false}, "ranked_position": 79, "seen_ranked_position": 79, "muted": false, "prefetch_count": 0}, {"id": 816547059, "latest_reel_media": 1500828554, "expiring_at": 1500914954, "seen": 0.0, "can_reply": true, "user": {"pk": 816547059, "username": "masha_listova_", "full_name": "", "is_private": true, "profile_pic_url": "https://instagram.fhel2-1.fna.fbcdn.net/t51.2885-19/s150x150/20213798_109996352961335_6068962026753884160_a.jpg", "profile_pic_id": "1564913575745560514_816547059", "is_verified": false}, "ranked_position": 80, "seen_ranked_position": 80, "muted": false, "prefetch_count": 0}, {"id": 282291023, "latest_reel_media": 1500827543, "expiring_at": 1500913943, "seen": 0.0, "can_reply": false, "user": {"pk": 282291023, "username": "nastya_dacenko_", "full_name": "N A S T Y A D A T S E N K O", "is_private": false, "profile_pic_url": "https://instagram.fhel2-1.fna.fbcdn.net/t51.2885-19/s150x150/18580372_336876390061776_3258175689827811328_a.jpg", "profile_pic_id": "1521151938145868952_282291023", "is_verified": false}, "ranked_position": 81, "seen_ranked_position": 81, "muted": false, "prefetch_count": 0}, {"id": 260849257, "latest_reel_media": 1500808727, "expiring_at": 1500895127, "seen": 0.0, "can_reply": true, "user": {"pk": 260849257, "username": "aron_snowfall", "full_name": "Aleksandrina Korobkina", "is_private": false, "profile_pic_url": "https://instagram.fhel2-1.fna.fbcdn.net/t51.2885-19/11350892_1604530653148014_1760173784_a.jpg", "is_verified": false}, "ranked_position": 82, "seen_ranked_position": 82, "muted": false, "prefetch_count": 0}, {"id": 775643131, "latest_reel_media": 1500811424, "expiring_at": 1500897824, "seen": 0.0, "can_reply": true, "user": {"pk": 775643131, "username": "montenapoleone38", "full_name": "Montenapoleone38", "is_private": false, "profile_pic_url": "https://instagram.fhel2-1.fna.fbcdn.net/t51.2885-19/s150x150/14482068_1792815530997880_5244412860943040512_a.jpg", "profile_pic_id": "1356923435166684053_775643131", "is_verified": false}, "ranked_position": 83, "seen_ranked_position": 83, "muted": false, "prefetch_count": 0}, {"id": 1456832128, "latest_reel_media": 1500823123, "expiring_at": 1500909523, "seen": 0.0, "can_reply": true, "user": {"pk": 1456832128, "username": "olgadzhioevaa", "full_name": "Olga Dzhioeva", "is_private": false, "profile_pic_url": "https://instagram.fhel2-1.fna.fbcdn.net/t51.2885-19/s150x150/19437167_247781892375412_7197955310777008128_a.jpg", "profile_pic_id": "1548539949284200828_1456832128", "is_verified": false}, "ranked_position": 84, "seen_ranked_position": 84, "muted": false, "prefetch_count": 0}, {"id": 1537546167, "latest_reel_media": 1500811287, "expiring_at": 1500897687, "seen": 0.0, "can_reply": true, "user": {"pk": 1537546167, "username": "cinema.moscow", "full_name": "\u041a\u0438\u043d\u043e\u0442\u0435\u0430\u0442\u0440 \u00ab\u041c\u043e\u0441\u043a\u0432\u0430\u00bb", "is_private": false, "profile_pic_url": "https://instagram.fhel2-1.fna.fbcdn.net/t51.2885-19/11424623_709074489204749_1458288475_a.jpg", "is_verified": false}, "ranked_position": 85, "seen_ranked_position": 85, "muted": false, "prefetch_count": 0}, {"id": 553388554, "latest_reel_media": 1500821542, "expiring_at": 1500907942, "seen": 0.0, "can_reply": true, "user": {"pk": 553388554, "username": "ksenkkaa", "full_name": "", "is_private": false, "profile_pic_url": "https://instagram.fhel2-1.fna.fbcdn.net/t51.2885-19/s150x150/13715264_665325763625822_173473088_a.jpg", "profile_pic_id": "1302100583352381640_553388554", "is_verified": false}, "ranked_position": 86, "seen_ranked_position": 86, "muted": false, "prefetch_count": 0}, {"id": 222115087, "latest_reel_media": 1500821292, "expiring_at": 1500907692, "seen": 0.0, "can_reply": true, "user": {"pk": 222115087, "username": "kitkat_life", "full_name": "\u0414\u043e\u0432\u043e\u0436\u0443 \u0434\u043e \u0446\u0435\u043b\u0438,\u0432 \u043b\u044e\u0431\u043e\u043c \u0434\u0435\u043b\u0435!\ud83d\udcaa\ud83c\udffc", "is_private": false, "profile_pic_url": "https://instagram.fhel2-1.fna.fbcdn.net/t51.2885-19/s150x150/20184943_1186977191406477_6330334142747639808_a.jpg", "profile_pic_id": "1565316467091309826_222115087", "is_verified": false}, "ranked_position": 87, "seen_ranked_position": 87, "muted": false, "prefetch_count": 0}, {"id": 1431421485, "latest_reel_media": 1500822676, "expiring_at": 1500909076, "seen": 0.0, "can_reply": true, "user": {"pk": 1431421485, "username": "lihai.1996", "full_name": "\u0412\u0430\u043b\u044e\u0448\u043a\u0430\ud83d\ude04", "is_private": false, "profile_pic_url": "https://instagram.fhel2-1.fna.fbcdn.net/t51.2885-19/s150x150/14063229_1096533043717028_598269009_a.jpg", "profile_pic_id": "1327229627659544498_1431421485", "is_verified": false}, "ranked_position": 88, "seen_ranked_position": 88, "muted": false, "prefetch_count": 0}, {"id": 1080314589, "latest_reel_media": 1500821541, "expiring_at": 1500907941, "seen": 0.0, "can_reply": false, "user": {"pk": 1080314589, "username": "ansabrr", "full_name": "\u0410\u043d\u044f \u041c\u0438\u043d\u0430\u0435\u0432\u0430", "is_private": false, "profile_pic_url": "https://instagram.fhel2-1.fna.fbcdn.net/t51.2885-19/s150x150/18646294_1961394467427307_8642638066969739264_a.jpg", "profile_pic_id": "1526296948213826462_1080314589", "is_verified": false}, "ranked_position": 89, "seen_ranked_position": 89, "muted": false, "prefetch_count": 0}, {"id": 333426836, "latest_reel_media": 1500808990, "expiring_at": 1500895390, "seen": 0.0, "can_reply": true, "user": {"pk": 333426836, "username": "donev9", "full_name": "Donev Konstantin", "is_private": false, "profile_pic_url": "https://instagram.fhel2-1.fna.fbcdn.net/t51.2885-19/s150x150/20225456_1524127247625950_2057256886306078720_a.jpg", "profile_pic_id": "1565074155043632027_333426836", "is_verified": false}, "ranked_position": 90, "seen_ranked_position": 90, "muted": false, "prefetch_count": 0}, {"id": 1616719822, "latest_reel_media": 1500819280, "expiring_at": 1500905680, "seen": 0.0, "can_reply": true, "user": {"pk": 1616719822, "username": "emily_stayn", "full_name": "\u042d\u043c\u043c\u0430 \u0417\u0430\u0441\u0443\u0445\u0438\u043d\u0430", "is_private": false, "profile_pic_url": "https://instagram.fhel2-1.fna.fbcdn.net/t51.2885-19/s150x150/19931988_209346702923479_8200543176088354816_a.jpg", "profile_pic_id": "1553749430199684462_1616719822", "is_verified": false}, "ranked_position": 91, "seen_ranked_position": 91, "muted": false, "prefetch_count": 0}, {"id": 285093445, "latest_reel_media": 1500828889, "expiring_at": 1500915289, "seen": 0.0, "can_reply": true, "user": {"pk": 285093445, "username": "lizafluo", "full_name": "", "is_private": false, "profile_pic_url": "https://instagram.fhel2-1.fna.fbcdn.net/t51.2885-19/s150x150/14369044_1713542572301030_3749446534614220800_a.jpg", "profile_pic_id": "1350253691257323133_285093445", "is_verified": false}, "ranked_position": 92, "seen_ranked_position": 92, "muted": false, "prefetch_count": 0}, {"id": 3080786706, "latest_reel_media": 1500827340, "expiring_at": 1500913740, "seen": 0.0, "can_reply": true, "user": {"pk": 3080786706, "username": "sochi_iove_you", "full_name": "\u041d\u0430\u0441\u0442\u044f\ud83c\udf38\u0424\u0435\u044f", "is_private": false, "profile_pic_url": "https://instagram.fhel2-1.fna.fbcdn.net/t51.2885-19/s150x150/20214544_258063491348097_7988593068381044736_a.jpg", "profile_pic_id": "1559709383233946059_3080786706", "is_verified": false}, "ranked_position": 93, "seen_ranked_position": 93, "muted": false, "prefetch_count": 0}, {"id": 482834110, "latest_reel_media": 1500830192, "expiring_at": 1500916592, "seen": 0.0, "can_reply": false, "user": {"pk": 482834110, "username": "victdud", "full_name": "VICTORIA D", "is_private": false, "profile_pic_url": "https://instagram.fhel2-1.fna.fbcdn.net/t51.2885-19/s150x150/19984434_1726383044330736_5836129130923425792_a.jpg", "profile_pic_id": "1559474097946262482_482834110", "is_verified": false}, "ranked_position": 94, "seen_ranked_position": 94, "muted": false, "prefetch_count": 0}, {"id": 321680621, "latest_reel_media": 1500816044, "expiring_at": 1500902444, "seen": 0.0, "can_reply": true, "user": {"pk": 321680621, "username": "leechunyun", "full_name": "\ud83c\udd5b 1ee c6un 7un", "is_private": false, "profile_pic_url": "https://instagram.fhel2-1.fna.fbcdn.net/t51.2885-19/s150x150/20214129_288836688255334_1710958736996040704_a.jpg", "profile_pic_id": "1564363967228728476_321680621", "is_verified": false}, "ranked_position": 95, "seen_ranked_position": 95, "muted": false, "prefetch_count": 0}, {"id": 1921282371, "latest_reel_media": 1500816111, "expiring_at": 1500902511, "seen": 0.0, "can_reply": true, "user": {"pk": 1921282371, "username": "melana_an", "full_name": "Ann Mellman", "is_private": false, "profile_pic_url": "https://instagram.fhel2-1.fna.fbcdn.net/t51.2885-19/s150x150/18879562_1454017338230903_5930235188683472896_a.jpg", "profile_pic_id": "1530399781658321573_1921282371", "is_verified": false}, "ranked_position": 96, "seen_ranked_position": 96, "muted": false, "prefetch_count": 0}, {"id": 301066051, "latest_reel_media": 1500819285, "expiring_at": 1500905685, "seen": 0.0, "can_reply": true, "user": {"pk": 301066051, "username": "daniil.sarkisyan", "full_name": "\u0414\u0430\u043d\u0438\u0438\u043b", "is_private": false, "profile_pic_url": "https://instagram.fhel2-1.fna.fbcdn.net/t51.2885-19/s150x150/15275617_642970602549304_4779018889172353024_a.jpg", "profile_pic_id": "1396244435758780116_301066051", "is_verified": false}, "ranked_position": 97, "seen_ranked_position": 97, "muted": false, "prefetch_count": 0}, {"id": 3795850619, "latest_reel_media": 1500817461, "expiring_at": 1500903861, "seen": 0.0, "can_reply": true, "user": {"pk": 3795850619, "username": "vetashirobokova38", "full_name": "\u0412\u0435\u0442\u0430 \u0428\u0438\u0440\u043e\u0431\u043e\u043a\u043e\u0432\u0430\ud83d\udc9c\u0411\u0438\u0437\u043d\u0435\u0441 NL\ud83d\udc9c", "is_private": false, "profile_pic_url": "https://instagram.fhel2-1.fna.fbcdn.net/t51.2885-19/s150x150/19985101_153371118556489_1495238047434801152_a.jpg", "profile_pic_id": "1556383594384910013_3795850619", "is_verified": false}, "ranked_position": 98, "seen_ranked_position": 98, "muted": false, "prefetch_count": 0}, {"id": 356165690, "latest_reel_media": 1500811707, "expiring_at": 1500898107, "seen": 0.0, "can_reply": true, "user": {"pk": 356165690, "username": "natashasituhina", "full_name": "N A T A S H E N KA", "is_private": false, "profile_pic_url": "https://instagram.fhel2-1.fna.fbcdn.net/t51.2885-19/s150x150/19122061_758995874274627_7244209312531218432_a.jpg", "profile_pic_id": "1540010297837538362_356165690", "is_verified": false}, "ranked_position": 99, "seen_ranked_position": 99, "muted": false, "prefetch_count": 0}, {"id": 1284529383, "latest_reel_media": 1500829427, "expiring_at": 1500915827, "seen": 0.0, "can_reply": true, "user": {"pk": 1284529383, "username": "kaz.antseva", "full_name": "Alinochka Kazantseva", "is_private": false, "profile_pic_url": "https://instagram.fhel2-1.fna.fbcdn.net/t51.2885-19/s150x150/19955599_184350342102534_803607343362211840_a.jpg", "profile_pic_id": "1556710713118956725_1284529383", "is_verified": false}, "ranked_position": 100, "seen_ranked_position": 100, "muted": false, "prefetch_count": 0}, {"id": 4301819851, "latest_reel_media": 1500819144, "expiring_at": 1500905544, "seen": 0.0, "can_reply": true, "user": {"pk": 4301819851, "username": "1k_talolina", "full_name": "1k_talolina", "is_private": false, "profile_pic_url": "https://instagram.fhel2-1.fna.fbcdn.net/t51.2885-19/s150x150/20181037_1405115896245433_5168602229992587264_a.jpg", "profile_pic_id": "1561645790530591912_4301819851", "is_verified": false}, "ranked_position": 101, "seen_ranked_position": 101, "muted": false, "prefetch_count": 0}, {"id": 292241267, "latest_reel_media": 1500821672, "expiring_at": 1500908072, "seen": 0.0, "can_reply": true, "user": {"pk": 292241267, "username": "an_den_", "full_name": "\u0410\u043d\u0430\u0441\u0442\u0430\u0441\u0438\u044f \u041b\u0435\u0441\u043d\u0438\u043a\u043e\u0432\u0430\ud83d\ude18", "is_private": false, "profile_pic_url": "https://instagram.fhel2-1.fna.fbcdn.net/t51.2885-19/s150x150/18809402_1899916570246251_1030147472153903104_a.jpg", "profile_pic_id": "1529118326398954727_292241267", "is_verified": false}, "ranked_position": 102, "seen_ranked_position": 102, "muted": false, "prefetch_count": 0}, {"id": 991235692, "latest_reel_media": 1500820975, "expiring_at": 1500907375, "seen": 0.0, "can_reply": true, "user": {"pk": 991235692, "username": "krasotkaadina", "full_name": "\u0410\u0434\u0438\u043d\u0430 \u0411\u0430\u0439\u044b\u0448\u0431\u0435\u043a\u043e\u0432\u0430", "is_private": false, "profile_pic_url": "https://instagram.fhel2-1.fna.fbcdn.net/t51.2885-19/s150x150/18380086_1233129853464266_2049629982166089728_a.jpg", "profile_pic_id": "1513048344484954306_991235692", "is_verified": false}, "ranked_position": 103, "seen_ranked_position": 103, "muted": false, "prefetch_count": 0}, {"id": 246837379, "latest_reel_media": 1500810252, "expiring_at": 1500896652, "seen": 0.0, "can_reply": true, "user": {"pk": 246837379, "username": "chmel.an", "full_name": "CHMEL ANA\u0421\u0422\u042f", "is_private": false, "profile_pic_url": "https://instagram.fhel2-1.fna.fbcdn.net/t51.2885-19/s150x150/17661908_1753815398281720_3335277606990774272_a.jpg", "profile_pic_id": "1484619564709095491_246837379", "is_verified": false}, "ranked_position": 104, "seen_ranked_position": 104, "muted": false, "prefetch_count": 0}, {"id": 823360687, "latest_reel_media": 1500819487, "expiring_at": 1500905887, "seen": 0.0, "can_reply": true, "user": {"pk": 823360687, "username": "barni_ii", "full_name": "\ud83d\udc51\u0412\u0430\u0440\u044f\ud83d\udc51", "is_private": false, "profile_pic_url": "https://instagram.fhel2-1.fna.fbcdn.net/t51.2885-19/s150x150/17126837_691172491055196_7903710401349550080_a.jpg", "profile_pic_id": "1465792834824308489_823360687", "is_verified": false}, "ranked_position": 105, "seen_ranked_position": 105, "muted": false, "prefetch_count": 0}, {"id": 1551810023, "latest_reel_media": 1500818705, "expiring_at": 1500905105, "seen": 0.0, "can_reply": true, "user": {"pk": 1551810023, "username": "suharev_andrey", "full_name": "\u0421\u0443\u0445\u0430\u0440\u0435\u0432 \u0410\u043d\u0434\u0440\u0435\u0439", "is_private": false, "profile_pic_url": "https://instagram.fhel2-1.fna.fbcdn.net/t51.2885-19/s150x150/19227237_1429631250450468_3095236308633649152_a.jpg", "profile_pic_id": "1539997213462469258_1551810023", "is_verified": false}, "ranked_position": 106, "seen_ranked_position": 106, "muted": false, "prefetch_count": 0}, {"id": 2214986927, "latest_reel_media": 1500809110, "expiring_at": 1500895510, "seen": 0.0, "can_reply": true, "user": {"pk": 2214986927, "username": "ynina424", "full_name": "\u042f\u043d\u0438\u043d\u0438\u043e\ud83d\ude0e", "is_private": false, "profile_pic_url": "https://instagram.fhel2-1.fna.fbcdn.net/t51.2885-19/s150x150/19533760_651266711728778_1317763199830851584_a.jpg", "profile_pic_id": "1545641705981558635_2214986927", "is_verified": false}, "ranked_position": 107, "seen_ranked_position": 107, "muted": false, "prefetch_count": 0}, {"id": 4643034422, "latest_reel_media": 1500812205, "expiring_at": 1500898605, "seen": 0.0, "can_reply": true, "user": {"pk": 4643034422, "username": "evil_all_night", "full_name": "\u0418\u0440\u0438\u043d\u0430 \u041b\u0443\u0446\u043a\u0430\u044f", "is_private": false, "profile_pic_url": "https://instagram.fhel2-1.fna.fbcdn.net/t51.2885-19/s150x150/19761769_1696657217310561_4944916892948103168_a.jpg", "profile_pic_id": "1565073095705092625_4643034422", "is_verified": false}, "ranked_position": 108, "seen_ranked_position": 108, "muted": false, "prefetch_count": 0}, {"id": 3038347072, "latest_reel_media": 1500815267, "expiring_at": 1500901667, "seen": 0.0, "can_reply": true, "user": {"pk": 3038347072, "username": "a.popkova88", "full_name": "Alena", "is_private": false, "profile_pic_url": "https://instagram.fhel2-1.fna.fbcdn.net/t51.2885-19/s150x150/18513809_316439998789960_2453626451547652096_a.jpg", "profile_pic_id": "1519596952449540410_3038347072", "is_verified": false}, "ranked_position": 109, "seen_ranked_position": 109, "muted": false, "prefetch_count": 0}, {"id": 481912837, "latest_reel_media": 1500819070, "expiring_at": 1500905470, "seen": 0.0, "can_reply": true, "user": {"pk": 481912837, "username": "g.aliiina", "full_name": "\u0413\u0430\u043b\u0438\u043d\u0430 \u0412\u0430\u0441\u0438\u043b\u044c\u0435\u0432\u0430", "is_private": false, "profile_pic_url": "https://instagram.fhel2-1.fna.fbcdn.net/t51.2885-19/s150x150/18300120_551869445201280_2307888972719718400_a.jpg", "profile_pic_id": "1511419345060914928_481912837", "is_verified": false}, "ranked_position": 110, "seen_ranked_position": 110, "muted": false, "prefetch_count": 0}, {"id": 3557663771, "latest_reel_media": 1500813818, "expiring_at": 1500900218, "seen": 0.0, "can_reply": false, "user": {"pk": 3557663771, "username": "moon_1253", "full_name": "Mariia Maksimova", "is_private": false, "profile_pic_url": "https://instagram.fhel2-1.fna.fbcdn.net/t51.2885-19/s150x150/19933334_1877240332597982_4953545572440080384_a.jpg", "profile_pic_id": "1556582675909028769_3557663771", "is_verified": false}, "ranked_position": 111, "seen_ranked_position": 111, "muted": false, "prefetch_count": 0}, {"id": 51182259, "latest_reel_media": 1500828558, "expiring_at": 1500914958, "seen": 0.0, "can_reply": true, "user": {"pk": 51182259, "username": "okss._", "full_name": "\ud83d\udc45\ud83d\udc9e\u264e\ufe0f", "is_private": false, "profile_pic_url": "https://instagram.fhel2-1.fna.fbcdn.net/t51.2885-19/s150x150/19379832_107143209909305_6414687777182449664_a.jpg", "profile_pic_id": "1543707143928484976_51182259", "is_verified": false}, "ranked_position": 112, "seen_ranked_position": 112, "muted": false, "prefetch_count": 0}, {"id": 1657198547, "latest_reel_media": 1500814792, "expiring_at": 1500901192, "seen": 0.0, "can_reply": true, "user": {"pk": 1657198547, "username": "seraya_irk", "full_name": "Grey\ud83d\udd1d", "is_private": false, "profile_pic_url": "https://instagram.fhel2-1.fna.fbcdn.net/t51.2885-19/s150x150/18723487_1899026090355659_1229947581237297152_a.jpg", "profile_pic_id": "1527980015537836479_1657198547", "is_verified": false}, "ranked_position": 113, "seen_ranked_position": 113, "muted": false, "prefetch_count": 0}, {"id": 258890898, "latest_reel_media": 1500824479, "expiring_at": 1500910879, "seen": 0.0, "can_reply": true, "user": {"pk": 258890898, "username": "doribome", "full_name": "my universe\ud83d\udc3f", "is_private": false, "profile_pic_url": "https://instagram.fhel2-1.fna.fbcdn.net/t51.2885-19/s150x150/19623053_245946539224201_1645037294014431232_a.jpg", "profile_pic_id": "1550783847271347219_258890898", "is_verified": false}, "ranked_position": 114, "seen_ranked_position": 114, "muted": false, "prefetch_count": 0}, {"id": 2238800722, "latest_reel_media": 1500821689, "expiring_at": 1500908089, "seen": 0.0, "can_reply": true, "user": {"pk": 2238800722, "username": "wichulitta", "full_name": "\u0412\u0438\u043a\u0442\u043e\u0440\u0438\u044f \u0421\u0442\u0430\u0445\u043e\u0432\u0441\u043a\u0430\u044f", "is_private": false, "profile_pic_url": "https://instagram.fhel2-1.fna.fbcdn.net/t51.2885-19/s150x150/14596678_981094635346204_2866505093685968896_a.jpg", "profile_pic_id": "1357093194513177631_2238800722", "is_verified": false}, "ranked_position": 115, "seen_ranked_position": 115, "muted": false, "prefetch_count": 0}, {"id": 4260812994, "latest_reel_media": 1500819154, "expiring_at": 1500905554, "seen": 0.0, "can_reply": true, "user": {"pk": 4260812994, "username": "mens_kingdom_", "full_name": "\u041c\u0443\u0436\u0441\u043a\u043e\u0439 \u043a\u043e\u0440\u043e\u043b\u0435\u0432\u0441\u0442\u0432\u043e \ud83d\udc51", "is_private": false, "profile_pic_url": "https://instagram.fhel2-1.fna.fbcdn.net/t51.2885-19/s150x150/18298955_772599679569923_8974779385596870656_a.jpg", "profile_pic_id": "1508121350816349877_4260812994", "is_verified": false}, "ranked_position": 116, "seen_ranked_position": 116, "muted": false, "prefetch_count": 0}, {"id": 1600645842, "latest_reel_media": 1500815559, "expiring_at": 1500901959, "seen": 0.0, "can_reply": true, "user": {"pk": 1600645842, "username": "diana_suhovolskaya", "full_name": "Diana Suhovolskaya", "is_private": false, "profile_pic_url": "https://instagram.fhel2-1.fna.fbcdn.net/t51.2885-19/s150x150/18299162_1002710036532328_1559746617974718464_a.jpg", "profile_pic_id": "1513652878789785153_1600645842", "is_verified": false}, "ranked_position": 117, "seen_ranked_position": 117, "muted": false, "prefetch_count": 0}, {"id": 28561830, "latest_reel_media": 1500830098, "expiring_at": 1500916498, "seen": 0.0, "can_reply": true, "user": {"pk": 28561830, "username": "yannaop", "full_name": "\u042f\u043d\u0430 \u0427\u0435\u0440\u043d\u0435\u0439\u043a\u0438\u043d\u0430 / \u0411\u0438\u0437\u043d\u0435\u0441 NL_Int", "is_private": false, "profile_pic_url": "https://instagram.fhel2-1.fna.fbcdn.net/t51.2885-19/s150x150/19985229_198352164030246_945390643369213952_a.jpg", "profile_pic_id": "1558011717131231560_28561830", "is_verified": false}, "ranked_position": 118, "seen_ranked_position": 118, "muted": false, "prefetch_count": 0}, {"id": 344429721, "latest_reel_media": 1500813572, "expiring_at": 1500899972, "seen": 0.0, "can_reply": true, "user": {"pk": 344429721, "username": "evgeny_petrov_", "full_name": "\u0415\u0432\u0433\u0435\u043d\u0438\u0439 \u041f\u0435\u0442\u0440\u043e\u0432", "is_private": false, "profile_pic_url": "https://instagram.fhel2-1.fna.fbcdn.net/t51.2885-19/s150x150/13256715_137480553342077_1993194688_a.jpg", "profile_pic_id": "1280300889890643429_344429721", "is_verified": false}, "ranked_position": 119, "seen_ranked_position": 119, "muted": false, "prefetch_count": 0}, {"id": 1567769135, "latest_reel_media": 1500822290, "expiring_at": 1500908690, "seen": 0.0, "can_reply": true, "user": {"pk": 1567769135, "username": "ryslan_shepelev", "full_name": "Rysik", "is_private": false, "profile_pic_url": "https://instagram.fhel2-1.fna.fbcdn.net/t51.2885-19/s150x150/13402224_980390252076788_1932706856_a.jpg", "profile_pic_id": "1274475547644175226_1567769135", "is_verified": false}, "ranked_position": 120, "seen_ranked_position": 120, "muted": false, "prefetch_count": 0}, {"id": 5575154096, "latest_reel_media": 1500811825, "expiring_at": 1500898225, "seen": 0.0, "can_reply": true, "user": {"pk": 5575154096, "username": "tashlentseva99", "full_name": "\ud83d\udc71\ud83c\udffd\u200d\u2640\ufe0f\ud83d\udca6", "is_private": false, "profile_pic_url": "https://instagram.fhel2-1.fna.fbcdn.net/t51.2885-19/s150x150/18950313_298735593929775_6237492115337641984_a.jpg", "profile_pic_id": "1533259151664097993_5575154096", "is_verified": false}, "ranked_position": 121, "seen_ranked_position": 121, "muted": false, "prefetch_count": 0}, {"id": 12412721, "latest_reel_media": 1500810592, "expiring_at": 1500896992, "seen": 0.0, "can_reply": true, "user": {"pk": 12412721, "username": "abernatov", "full_name": "\u0410\u043d\u0434\u0440\u0435\u0439 \u0411\u0435\u0440\u043d\u0430\u0442\u043e\u0432", "is_private": false, "profile_pic_url": "https://instagram.fhel2-1.fna.fbcdn.net/t51.2885-19/s150x150/18580747_700532533465134_6469880245829763072_a.jpg", "profile_pic_id": "1518099339289181206_12412721", "is_verified": false}, "ranked_position": 122, "seen_ranked_position": 122, "muted": false, "prefetch_count": 0}, {"id": 406171387, "latest_reel_media": 1500823182, "expiring_at": 1500909582, "seen": 0.0, "can_reply": true, "user": {"pk": 406171387, "username": "ezvereva", "full_name": "\ud83d\udcf7Elena Zvereva \u0415\u043b\u0435\u043d\u0430 \u0417\u0432\u0435\u0440\u0435\u0432\u0430\ud83c\udfa5\ud83d\udcf1", "is_private": false, "profile_pic_url": "https://instagram.fhel2-1.fna.fbcdn.net/t51.2885-19/s150x150/12825726_1020143711422630_423225264_a.jpg", "is_verified": false}, "ranked_position": 123, "seen_ranked_position": 123, "muted": false, "prefetch_count": 0}, {"id": 979864096, "latest_reel_media": 1500811229, "expiring_at": 1500897629, "seen": 0.0, "can_reply": true, "user": {"pk": 979864096, "username": "ksumakarova13", "full_name": "\u041a\u0441\u0435\u043d\u0438\u044f", "is_private": false, "profile_pic_url": "https://instagram.fhel2-1.fna.fbcdn.net/t51.2885-19/s150x150/19932405_332527903865200_1212499160633180160_a.jpg", "profile_pic_id": "1553739733908513882_979864096", "is_verified": false}, "ranked_position": 124, "seen_ranked_position": 124, "muted": false, "prefetch_count": 0}, {"id": 2298453635, "latest_reel_media": 1500821892, "expiring_at": 1500908292, "seen": 0.0, "can_reply": true, "user": {"pk": 2298453635, "username": "primakeirk", "full_name": "\u041f\u0440\u0438\u0447\u0435\u0441\u043a\u0438 \u041c\u0430\u043a\u0438\u044f\u0436 \u0411\u0440\u043e\u0432\u0438 \u0418\u0440\u043a\u0443\u0442\u0441\u043a", "is_private": false, "profile_pic_url": "https://instagram.fhel2-1.fna.fbcdn.net/t51.2885-19/s150x150/12328474_1548102195488664_1762291312_a.jpg", "is_verified": false}, "ranked_position": 125, "seen_ranked_position": 125, "muted": false, "prefetch_count": 0}, {"id": 178416577, "latest_reel_media": 1500809203, "expiring_at": 1500895603, "seen": 0.0, "can_reply": true, "user": {"pk": 178416577, "username": "yulia_kasinich", "full_name": "\u042e\u043b\u044f \u041a\u0430\u0441\u0438\u043d\u0438\u0447", "is_private": false, "profile_pic_url": "https://instagram.fhel2-1.fna.fbcdn.net/t51.2885-19/s150x150/10268854_969090786482276_1538113541_a.jpg", "is_verified": false}, "ranked_position": 126, "seen_ranked_position": 126, "muted": false, "prefetch_count": 0}, {"id": 1828563174, "latest_reel_media": 1500822557, "expiring_at": 1500908957, "seen": 0.0, "can_reply": true, "user": {"pk": 1828563174, "username": "ksu1beauty", "full_name": "\ud83d\udcc8\u041a\u043e\u0440\u043f\u043e\u0440\u0430\u0446\u0438\u044f NL Start Up \ud83c\udf0e", "is_private": false, "profile_pic_url": "https://instagram.fhel2-1.fna.fbcdn.net/t51.2885-19/s150x150/18013639_1592487570792153_803572678681165824_a.jpg", "profile_pic_id": "1503022017178642503_1828563174", "is_verified": false}, "ranked_position": 127, "seen_ranked_position": 127, "muted": false, "prefetch_count": 0}, {"id": 3431601644, "latest_reel_media": 1500820665, "expiring_at": 1500907065, "seen": 0.0, "can_reply": true, "user": {"pk": 3431601644, "username": "ladybell_irk", "full_name": "\u041e\u043b\u044c\u0433\u0430 \u0411\u0435\u043b\u044f\u0435\u0432\u0430 \u0421\u0442\u0438\u043b\u0438\u0441\u0442", "is_private": false, "profile_pic_url": "https://instagram.fhel2-1.fna.fbcdn.net/t51.2885-19/s150x150/13397565_1744881785725004_2138510786_a.jpg", "profile_pic_id": "1276113732935202381_3431601644", "is_verified": false}, "ranked_position": 128, "seen_ranked_position": 128, "muted": false, "prefetch_count": 0}, {"id": 999977069, "latest_reel_media": 1500812706, "expiring_at": 1500899106, "seen": 0.0, "can_reply": true, "user": {"pk": 999977069, "username": "malyshechka4421", "full_name": "\u0422\u043e\u043d\u0435\u0447\u043a\u0430 \u041c\u0430\u043b\u044b\u0448 \ud83d\ude38", "is_private": false, "profile_pic_url": "https://instagram.fhel2-1.fna.fbcdn.net/t51.2885-19/s150x150/17934334_273842039729249_2827123778339733504_a.jpg", "profile_pic_id": "1494204159796697121_999977069", "is_verified": false}, "ranked_position": 129, "seen_ranked_position": 129, "muted": false, "prefetch_count": 0}, {"id": 1420699348, "latest_reel_media": 1500827411, "expiring_at": 1500913811, "seen": 0.0, "can_reply": true, "user": {"pk": 1420699348, "username": "007_bolgarin", "full_name": "", "is_private": false, "profile_pic_url": "https://instagram.fhel2-1.fna.fbcdn.net/t51.2885-19/s150x150/18581206_1292213400898140_7957885070121893888_a.jpg", "profile_pic_id": "1523532967702775676_1420699348", "is_verified": false}, "ranked_position": 130, "seen_ranked_position": 130, "muted": false, "prefetch_count": 0}, {"id": 632943944, "latest_reel_media": 1500830652, "expiring_at": 1500917052, "seen": 0.0, "can_reply": true, "user": {"pk": 632943944, "username": "sole_tropical", "full_name": "\ud83c\udf34\ud83c\udf1e\ud83c\udf0a\ud83c\udf79", "is_private": true, "profile_pic_url": "https://instagram.fhel2-1.fna.fbcdn.net/t51.2885-19/s150x150/20066204_1739575583009437_943911976323514368_a.jpg", "profile_pic_id": "1562184711828547814_632943944", "is_verified": false}, "ranked_position": 131, "seen_ranked_position": 131, "muted": false, "prefetch_count": 0}, {"id": 1997104792, "latest_reel_media": 1500827816, "expiring_at": 1500914216, "seen": 0.0, "can_reply": true, "user": {"pk": 1997104792, "username": "ivan_tolmachev_", "full_name": "\u0418\u0432\u0430\u043d", "is_private": false, "profile_pic_url": "https://instagram.fhel2-1.fna.fbcdn.net/t51.2885-19/s150x150/15034838_1160644827356002_8481411097826426880_a.jpg", "profile_pic_id": "1381209490322246379_1997104792", "is_verified": false}, "ranked_position": 132, "seen_ranked_position": 132, "muted": false, "prefetch_count": 0}, {"id": 189702065, "latest_reel_media": 1500820190, "expiring_at": 1500906590, "seen": 0.0, "can_reply": true, "user": {"pk": 189702065, "username": "nanisueno", "full_name": "A N A S T A S I Y A", "is_private": false, "profile_pic_url": "https://instagram.fhel2-1.fna.fbcdn.net/t51.2885-19/s150x150/19985282_141898919721526_8047187262795939840_a.jpg", "profile_pic_id": "1555353004734103790_189702065", "is_verified": false}, "ranked_position": 133, "seen_ranked_position": 133, "muted": false, "prefetch_count": 0}, {"id": 3937415113, "latest_reel_media": 1500822829, "expiring_at": 1500909229, "seen": 0.0, "can_reply": true, "user": {"pk": 3937415113, "username": "mileshko_nastya", "full_name": "mileshko_nastya", "is_private": false, "profile_pic_url": "https://instagram.fhel2-1.fna.fbcdn.net/t51.2885-19/s150x150/18949509_306033466504173_4360551412250181632_a.jpg", "profile_pic_id": "1532802265717418071_3937415113", "is_verified": false}, "ranked_position": 134, "seen_ranked_position": 134, "muted": false, "prefetch_count": 0}, {"id": 193028064, "latest_reel_media": 1500811039, "expiring_at": 1500897439, "seen": 0.0, "can_reply": true, "user": {"pk": 193028064, "username": "natali_gogoshka", "full_name": "\ud83d\udc9a\u041d\u0430\u0442\u0430\u043b\u0438\u044f \u0413\u043e\u0433\u043e\u043b\u0435\u0432\u0430\ud83d\udc9a", "is_private": false, "profile_pic_url": "https://instagram.fhel2-1.fna.fbcdn.net/t51.2885-19/s150x150/19955796_1515436851869938_7879695405246578688_a.jpg", "profile_pic_id": "1557866662722985735_193028064", "is_verified": false}, "ranked_position": 135, "seen_ranked_position": 135, "muted": false, "prefetch_count": 0}, {"id": 3101668927, "latest_reel_media": 1500816730, "expiring_at": 1500903130, "seen": 0.0, "can_reply": true, "user": {"pk": 3101668927, "username": "kris7tina7", "full_name": "\ud83d\udc60\u041a\u0440\u0438\u0441\u0442\u0438\u043d\u0430\ud83d\udc60", "is_private": false, "profile_pic_url": "https://instagram.fhel2-1.fna.fbcdn.net/t51.2885-19/s150x150/20067294_319458771857475_1414289231144026112_a.jpg", "profile_pic_id": "1561531421296847293_3101668927", "is_verified": false}, "ranked_position": 136, "seen_ranked_position": 136, "muted": false, "prefetch_count": 0}, {"id": 634813263, "latest_reel_media": 1500811687, "expiring_at": 1500898087, "seen": 0.0, "can_reply": true, "user": {"pk": 634813263, "username": "christina_kn1", "full_name": "", "is_private": false, "profile_pic_url": "https://instagram.fhel2-1.fna.fbcdn.net/t51.2885-19/s150x150/20065902_1403862216335230_1808336267050483712_a.jpg", "profile_pic_id": "1561029607468375358_634813263", "is_verified": false}, "ranked_position": 137, "seen_ranked_position": 137, "muted": false, "prefetch_count": 0}, {"id": 3514059705, "latest_reel_media": 1500825729, "expiring_at": 1500912129, "seen": 0.0, "can_reply": true, "user": {"pk": 3514059705, "username": "mila_shcerbakova", "full_name": "\u041c\u0438\u043b\u0430 \u0429\u0435\u0440\u0431\u0430\u043a\u043e\u0432\u0430", "is_private": false, "profile_pic_url": "https://instagram.fhel2-1.fna.fbcdn.net/t51.2885-19/s150x150/14063196_593152517530809_1495312281_a.jpg", "profile_pic_id": "1319589305538498427_3514059705", "is_verified": false}, "ranked_position": 138, "seen_ranked_position": 138, "muted": false, "prefetch_count": 0}, {"id": 1799592592, "latest_reel_media": 1500814172, "expiring_at": 1500900572, "seen": 0.0, "can_reply": true, "user": {"pk": 1799592592, "username": "_anastasia_marchenko_", "full_name": "\u0410\u043d\u0430\u0441\u0442\u0430\u0441\u0438\u044f \u041c\u0430\u0440\u0447\u0435\u043d\u043a\u043e", "is_private": false, "profile_pic_url": "https://instagram.fhel2-1.fna.fbcdn.net/t51.2885-19/s150x150/20225515_1270384376404373_5622472503860396032_a.jpg", "profile_pic_id": "1564578621815960067_1799592592", "is_verified": false}, "ranked_position": 139, "seen_ranked_position": 139, "muted": false, "prefetch_count": 0}, {"id": 4367477812, "latest_reel_media": 1500824804, "expiring_at": 1500911204, "seen": 0.0, "can_reply": true, "user": {"pk": 4367477812, "username": "d.d_m_", "full_name": "\u043c\u044b \u043c\u0435\u043d\u044f\u0435\u043c\u0441\u044f, \u043a\u043e\u0433\u0434\u0430 \u0432\u043b\u044e\u0431\u043b\u044f\u0435\u043c\u0441\u044f.", "is_private": false, "profile_pic_url": "https://instagram.fhel2-1.fna.fbcdn.net/t51.2885-19/s150x150/19764724_909048649233961_70346745355173888_a.jpg", "profile_pic_id": "1553730371056952353_4367477812", "is_verified": false}, "ranked_position": 140, "seen_ranked_position": 140, "muted": false, "prefetch_count": 0}, {"id": 5380553159, "latest_reel_media": 1500826627, "expiring_at": 1500913027, "seen": 0.0, "can_reply": true, "user": {"pk": 5380553159, "username": "viacheslav_siberian_bear", "full_name": "\u0412\u044f\u0447\u0435\u0441\u043b\u0430\u0432 \u0421\u0435\u0440\u0433\u0435\u0435\u0432\u0438\u0447 \u041a\u0443\u0434\u0440\u044f\u0448\u043e\u0432", "is_private": false, "profile_pic_url": "https://instagram.fhel2-1.fna.fbcdn.net/t51.2885-19/s150x150/19985144_1407991349287482_417010065669619712_a.jpg", "profile_pic_id": "1559272354634756985_5380553159", "is_verified": false}, "ranked_position": 141, "seen_ranked_position": 141, "muted": false, "prefetch_count": 0}, {"id": 1080486125, "latest_reel_media": 1500819364, "expiring_at": 1500905764, "seen": 0.0, "can_reply": true, "user": {"pk": 1080486125, "username": "a_uryadkina", "full_name": "\u2800\u2800\u2800\u2800\u2800\u2800\u2800\u2800\ud83c\udf38 ANASTASIA URYADKINA", "is_private": false, "profile_pic_url": "https://instagram.fhel2-1.fna.fbcdn.net/t51.2885-19/s150x150/14309918_1071585489563446_961338102_a.jpg", "profile_pic_id": "1335340699403317811_1080486125", "is_verified": false}, "ranked_position": 142, "seen_ranked_position": 142, "muted": false, "prefetch_count": 0}, {"id": 1507964237, "latest_reel_media": 1500827550, "expiring_at": 1500913950, "seen": 0.0, "can_reply": true, "user": {"pk": 1507964237, "username": "ohovasyzanna", "full_name": "\u269c\ufe0fSYZANNA\u269c\ufe0f", "is_private": false, "profile_pic_url": "https://instagram.fhel2-1.fna.fbcdn.net/t51.2885-19/s150x150/19367908_1942832605956768_9194920356714905600_a.jpg", "profile_pic_id": "1541471967056246704_1507964237", "is_verified": false}, "ranked_position": 143, "seen_ranked_position": 143, "muted": false, "prefetch_count": 0}, {"id": 323063467, "latest_reel_media": 1500815661, "expiring_at": 1500902061, "seen": 0.0, "can_reply": true, "user": {"pk": 323063467, "username": "by.sin.ka", "full_name": "\ud83c\udf3f\u042e\u043b\u0438\u044f \ud83d\udd4a\ud83c\udf3f", "is_private": false, "profile_pic_url": "https://instagram.fhel2-1.fna.fbcdn.net/t51.2885-19/s150x150/19228798_1337050879682718_6927384457166979072_a.jpg", "profile_pic_id": "1540445145231606158_323063467", "is_verified": false}, "ranked_position": 144, "seen_ranked_position": 144, "muted": false, "prefetch_count": 0}, {"id": 275115668, "latest_reel_media": 1500817032, "expiring_at": 1500903432, "seen": 0.0, "can_reply": false, "user": {"pk": 275115668, "username": "nika_fomenko", "full_name": "Veronika Fomenko", "is_private": false, "profile_pic_url": "https://instagram.fhel2-1.fna.fbcdn.net/t51.2885-19/s150x150/13649146_814660378634643_1630132371_a.jpg", "profile_pic_id": "1303453869447166637_275115668", "is_verified": false}, "ranked_position": 145, "seen_ranked_position": 145, "muted": false, "prefetch_count": 0}, {"id": 4872950059, "latest_reel_media": 1500815795, "expiring_at": 1500902195, "seen": 0.0, "can_reply": true, "user": {"pk": 4872950059, "username": "rukzak_deti", "full_name": "\ud83d\udc6b\u0420\u042e\u041a\u0417\u0410\u041a\u0418 \u0414\u0415\u0422\u042f\u041c", "is_private": false, "profile_pic_url": "https://instagram.fhel2-1.fna.fbcdn.net/t51.2885-19/s150x150/19534318_1686167341680027_7085710102887399424_n.jpg", "profile_pic_id": "1521813927285453008_4872950059", "is_verified": false}, "ranked_position": 146, "seen_ranked_position": 146, "muted": false, "prefetch_count": 0}, {"id": 5438639193, "latest_reel_media": 1500820849, "expiring_at": 1500907249, "seen": 0.0, "can_reply": true, "user": {"pk": 5438639193, "username": "giroandrew", "full_name": "\ud83d\udd25\u0410\u041d\u0414\u0420\u0415\u0419 \u041f\u0410\u041b\u042c\u0428\u0418\u041d\ud83d\udd25", "is_private": false, "profile_pic_url": "https://instagram.fhel2-1.fna.fbcdn.net/t51.2885-19/s150x150/18443477_268858813584681_513212161959395328_a.jpg", "profile_pic_id": "1510978204281895138_5438639193", "is_verified": false}, "ranked_position": 147, "seen_ranked_position": 147, "muted": false, "prefetch_count": 0}, {"id": 182407839, "latest_reel_media": 1500820291, "expiring_at": 1500906691, "seen": 0.0, "can_reply": true, "user": {"pk": 182407839, "username": "kristinamitiukova", "full_name": "Kristina Mitiukova", "is_private": false, "profile_pic_url": "https://instagram.fhel2-1.fna.fbcdn.net/t51.2885-19/s150x150/11430200_792103290887466_617509557_a.jpg", "is_verified": false}, "ranked_position": 148, "seen_ranked_position": 148, "muted": false, "prefetch_count": 0}, {"id": 461063159, "latest_reel_media": 1500815459, "expiring_at": 1500901859, "seen": 0.0, "can_reply": true, "user": {"pk": 461063159, "username": "anya_giryakova", "full_name": "Anya", "is_private": false, "profile_pic_url": "https://instagram.fhel2-1.fna.fbcdn.net/t51.2885-19/s150x150/19931768_107284793255834_5922914404042539008_a.jpg", "profile_pic_id": "1555597604422659825_461063159", "is_verified": false}, "ranked_position": 149, "seen_ranked_position": 149, "muted": false, "prefetch_count": 0}, {"id": 370832831, "latest_reel_media": 1500818488, "expiring_at": 1500904888, "seen": 0.0, "can_reply": true, "user": {"pk": 370832831, "username": "angel55888", "full_name": "\u0415\u043a\u0430\u0442\u0435\u0440\u0438\u043d\u0430", "is_private": false, "profile_pic_url": "https://instagram.fhel2-1.fna.fbcdn.net/t51.2885-19/11353477_994330463932796_1782083112_a.jpg", "is_verified": false}, "ranked_position": 150, "seen_ranked_position": 150, "muted": false, "prefetch_count": 0}, {"id": 1293991308, "latest_reel_media": 1500819977, "expiring_at": 1500906377, "seen": 0.0, "can_reply": true, "user": {"pk": 1293991308, "username": "antonshestakov_", "full_name": "\u0410\u043d\u0442\u043e\u043d \u0428\u0435\u0441\u0442\u0430\u043a\u043e\u0432", "is_private": false, "profile_pic_url": "https://instagram.fhel2-1.fna.fbcdn.net/t51.2885-19/s150x150/19625045_838227076327570_6139512697156272128_a.jpg", "profile_pic_id": "1552019571061628521_1293991308", "is_verified": false}, "ranked_position": 151, "seen_ranked_position": 151, "muted": false, "prefetch_count": 0}, {"id": 5617014312, "latest_reel_media": 1500817820, "expiring_at": 1500904220, "seen": 0.0, "can_reply": true, "user": {"pk": 5617014312, "username": "bags_style5", "full_name": "Bags_Style5", "is_private": false, "profile_pic_url": "https://instagram.fhel2-1.fna.fbcdn.net/t51.2885-19/s150x150/19121657_119933268602557_3953141612099403776_a.jpg", "profile_pic_id": "1539848765333477074_5617014312", "is_verified": false}, "ranked_position": 152, "seen_ranked_position": 152, "muted": false, "prefetch_count": 0}, {"id": 1737781102, "latest_reel_media": 1500809585, "expiring_at": 1500895985, "seen": 0.0, "can_reply": true, "user": {"pk": 1737781102, "username": "s_classe_insta", "full_name": "\u0410\u043b\u0435\u043a\u0441\u0435\u0439 \u0411\u044b\u043a\u043e\u0432\u0441\u043a\u0438\u0439 \ud83d\ude07", "is_private": false, "profile_pic_url": "https://instagram.fhel2-1.fna.fbcdn.net/t51.2885-19/s150x150/19933151_312922105821761_5252388456297922560_a.jpg", "profile_pic_id": "1553988800529590631_1737781102", "is_verified": false}, "ranked_position": 153, "seen_ranked_position": 153, "muted": false, "prefetch_count": 0}, {"id": 367043766, "latest_reel_media": 1500808413, "expiring_at": 1500894813, "seen": 0.0, "can_reply": true, "user": {"pk": 367043766, "username": "platinumluna", "full_name": "Julia", "is_private": false, "profile_pic_url": "https://instagram.fhel2-1.fna.fbcdn.net/t51.2885-19/s150x150/19380143_778588985646565_1630328233616474112_a.jpg", "profile_pic_id": "1542661402095171681_367043766", "is_verified": false}, "ranked_position": 154, "seen_ranked_position": 154, "muted": false, "prefetch_count": 0}, {"id": 5501362314, "latest_reel_media": 1500814856, "expiring_at": 1500901256, "seen": 0.0, "can_reply": true, "user": {"pk": 5501362314, "username": "tuffstuff_intl", "full_name": "Kat x Jay", "is_private": false, "profile_pic_url": "https://instagram.fhel2-1.fna.fbcdn.net/t51.2885-19/s150x150/18645578_315075388923169_6479295647366250496_a.jpg", "profile_pic_id": "1520930052266424251_5501362314", "is_verified": false}, "ranked_position": 155, "seen_ranked_position": 155, "muted": false, "prefetch_count": 0}, {"id": 1416620218, "latest_reel_media": 1500817534, "expiring_at": 1500903934, "seen": 0.0, "can_reply": true, "user": {"pk": 1416620218, "username": "potapova_playpsy", "full_name": "\u0414\u0435\u0442\u0441\u043a\u0438\u0439 \u041f\u0441\u0438\u0445\u043e\u043b\u043e\u0433, \u0418\u0433\u0440\u043e\u0442\u0435\u0440\u0430\u043f\u0435\u0432\u0442", "is_private": false, "profile_pic_url": "https://instagram.fhel2-1.fna.fbcdn.net/t51.2885-19/s150x150/16583777_167866570382359_7587355870674026496_a.jpg", "profile_pic_id": "1451436653108355446_1416620218", "is_verified": false}, "ranked_position": 156, "seen_ranked_position": 156, "muted": false, "prefetch_count": 0}, {"id": 26629233, "latest_reel_media": 1500823939, "expiring_at": 1500910339, "seen": 0.0, "can_reply": false, "user": {"pk": 26629233, "username": "axelhuynh", "full_name": "AXEL HUYNH / EMOTION DISTILLER", "is_private": false, "profile_pic_url": "https://instagram.fhel2-1.fna.fbcdn.net/t51.2885-19/11243679_894227617304117_1831830513_a.jpg", "is_verified": false}, "ranked_position": 157, "seen_ranked_position": 157, "muted": false, "prefetch_count": 0}, {"id": 2324872898, "latest_reel_media": 1500814184, "expiring_at": 1500900584, "seen": 0.0, "can_reply": true, "user": {"pk": 2324872898, "username": "ushkova_sonya", "full_name": "\ud83c\udf38Sonia\ud83c\udf38", "is_private": false, "profile_pic_url": "https://instagram.fhel2-1.fna.fbcdn.net/t51.2885-19/s150x150/14374505_1070620096339540_6884372189353607168_a.jpg", "profile_pic_id": "1355179906707621287_2324872898", "is_verified": false}, "ranked_position": 158, "seen_ranked_position": 158, "muted": false, "prefetch_count": 0}, {"id": 1140325123, "latest_reel_media": 1500819305, "expiring_at": 1500905705, "seen": 0.0, "can_reply": true, "user": {"pk": 1140325123, "username": "evasol91", "full_name": "Evgeniya Morozova", "is_private": false, "profile_pic_url": "https://instagram.fhel2-1.fna.fbcdn.net/t51.2885-19/s150x150/17662686_789023654606947_8423072694483812352_a.jpg", "profile_pic_id": "1490789405723749733_1140325123", "is_verified": false}, "ranked_position": 159, "seen_ranked_position": 159, "muted": false, "prefetch_count": 0}, {"id": 327749108, "latest_reel_media": 1500816962, "expiring_at": 1500903362, "seen": 0.0, "can_reply": true, "user": {"pk": 327749108, "username": "sara_lamaisondelcucito", "full_name": "Sara \u003c3", "is_private": false, "profile_pic_url": "https://instagram.fhel2-1.fna.fbcdn.net/t51.2885-19/s150x150/14449296_1117681071644425_6657032208802381824_a.jpg", "profile_pic_id": "1349080266656140135_327749108", "is_verified": false}, "ranked_position": 160, "seen_ranked_position": 160, "muted": false, "prefetch_count": 0}, {"id": 2124414952, "latest_reel_media": 1500812349, "expiring_at": 1500898749, "seen": 0.0, "can_reply": true, "user": {"pk": 2124414952, "username": "climenko.al", "full_name": "\u0410\u043b\u0435\u043a\u0441\u0430\u043d\u0434\u0440\u0430", "is_private": false, "profile_pic_url": "https://instagram.fhel2-1.fna.fbcdn.net/t51.2885-19/11084967_439984439494734_990824613_a.jpg", "is_verified": false}, "ranked_position": 161, "seen_ranked_position": 161, "muted": false, "prefetch_count": 0}, {"id": 1299602123, "latest_reel_media": 1500821475, "expiring_at": 1500907875, "seen": 0.0, "can_reply": true, "user": {"pk": 1299602123, "username": "harley1505", "full_name": "Angie", "is_private": false, "profile_pic_url": "https://instagram.fhel2-1.fna.fbcdn.net/t51.2885-19/s150x150/17127091_1846367752317223_1672743363536748544_a.jpg", "profile_pic_id": "1463534863839937228_1299602123", "is_verified": false}, "ranked_position": 162, "seen_ranked_position": 162, "muted": false, "prefetch_count": 0}, {"id": 1087580354, "latest_reel_media": 1500823557, "expiring_at": 1500909957, "seen": 0.0, "can_reply": true, "user": {"pk": 1087580354, "username": "_zyzz_761_", "full_name": "Veni Vidi Vici \ud83d\udcaa BODYBUILDING\ud83d\udc03", "is_private": false, "profile_pic_url": "https://instagram.fhel2-1.fna.fbcdn.net/t51.2885-19/s150x150/20067155_1357482007683349_2859024781074759680_a.jpg", "profile_pic_id": "1563315757408300885_1087580354", "is_verified": false}, "ranked_position": 163, "seen_ranked_position": 163, "muted": false, "prefetch_count": 0}, {"id": 1799860960, "latest_reel_media": 1500816959, "expiring_at": 1500903359, "seen": 0.0, "can_reply": true, "user": {"pk": 1799860960, "username": "furious7_erzhena", "full_name": "\u042d\u0440\u0416\u0435\u041d@", "is_private": false, "profile_pic_url": "https://instagram.fhel2-1.fna.fbcdn.net/t51.2885-19/s150x150/19622968_473108816376294_3663166796325715968_a.jpg", "profile_pic_id": "1550901389521515488_1799860960", "is_verified": false}, "ranked_position": 164, "seen_ranked_position": 164, "muted": false, "prefetch_count": 0}, {"id": 1998198699, "latest_reel_media": 1500816808, "expiring_at": 1500903208, "seen": 0.0, "can_reply": true, "user": {"pk": 1998198699, "username": "syshi_nyam", "full_name": "\ud83c\udf8c\u0421\u0443\u0448\u0438 \u041d\u044f\u043c\ud83c\udf63", "is_private": false, "profile_pic_url": "https://instagram.fhel2-1.fna.fbcdn.net/t51.2885-19/s150x150/10948793_1189423284404835_2000018420_a.jpg", "is_verified": false}, "ranked_position": 165, "seen_ranked_position": 165, "muted": false, "prefetch_count": 0}], "story_ranking_token": "c9a1dc8b-318c-41ec-abad-fa67e3f3af56", "broadcasts": [], "sticker_version": 4, "status": "ok"}

[1;34mGET:  [0mdirect_v2/ranked_recipients?show_threads=true
[0;32m‚Üê 200 	 2.77kB[0m
[0;36mRESPONSE: [0m{"ranked_recipients": [{"thread": {"thread_id": "340282366841710300949128158732076261216", "users": [{"pk": 323432887, "username": "nans096", "full_name": "\ud83d\udc51\ud83d\udc3c\ud83d\udc51\ud83d\udc3c\ud83d\udc51", "is_private": true, "profile_pic_url": "https://instagram.fhel2-1.fna.fbcdn.net/t51.2885-19/s150x150/19535024_1781330772164151_2747410649909821440_a.jpg", "profile_pic_id": "1547978098003472748_323432887", "is_verified": false, "has_anonymous_profile_picture": false}], "canonical": true, "named": false, "thread_title": "nans096", "pending": false, "thread_type": "private", "viewer_id": 2018677947}}, {"thread": {"thread_id": "340282366841710300949128134220084421211", "users": [{"pk": 4182473711, "username": "ya.iz.krasnodara", "full_name": "\u042f \u0438\u0437 \u041a\u0440\u0430\u0441\u043d\u043e\u0434\u0430\u0440\u0430\ud83d\udc97", "is_private": false, "profile_pic_url": "https://instagram.fhel2-1.fna.fbcdn.net/t51.2885-19/s150x150/20066166_248414302315521_8669186071575134208_a.jpg", "profile_pic_id": "1560045996281277012_4182473711", "is_verified": false, "has_anonymous_profile_picture": false}], "canonical": true, "named": false, "thread_title": "ya.iz.krasnodara", "pending": false, "thread_type": "private", "viewer_id": 2018677947}}, {"thread": {"thread_id": "340282366841710300949128149798409339884", "users": [{"pk": 47283570, "username": "nikitapashkut", "full_name": "Nikita", "is_private": false, "profile_pic_url": "https://instagram.fhel2-1.fna.fbcdn.net/t51.2885-19/s150x150/1517090_1625081187731201_1312100562_a.jpg", "is_verified": false, "has_anonymous_profile_picture": false}], "canonical": true, "named": false, "thread_title": "nikitapashkut", "pending": false, "thread_type": "private", "viewer_id": 2018677947}}, {"user": {"pk": 5590282498, "username": "coffeevstearu", "full_name": "coffee-vs-tea.ru", "is_private": false, "profile_pic_url": "https://instagram.fhel2-1.fna.fbcdn.net/t51.2885-19/s150x150/19052239_309966606116137_6276994565941493760_a.jpg", "profile_pic_id": "1537756118745724267_5590282498", "is_verified": false, "has_anonymous_profile_picture": false, "coeff_weight": 0.0}}, {"user": {"pk": 3565463212, "username": "rafo_andeyan", "full_name": "Rafo Andeyan", "is_private": false, "profile_pic_url": "https://instagram.fhel2-1.fna.fbcdn.net/t51.2885-19/s150x150/20180630_1983170291913620_7426140171524898816_a.jpg", "profile_pic_id": "1564615386081849494_3565463212", "is_verified": false, "has_anonymous_profile_picture": false, "coeff_weight": 0.0}}, {"user": {"pk": 5632990858, "username": "vsyakayakhren", "full_name": "vsyakayakhren", "is_private": false, "profile_pic_url": "https://instagram.fhel2-1.fna.fbcdn.net/t51.2885-19/s150x150/19932512_249808075506031_825822039498555392_a.jpg", "profile_pic_id": "1556060553110060530_5632990858", "is_verified": false, "has_anonymous_profile_picture": false, "coeff_weight": 0.0}}, {"user": {"pk": 5606276966, "username": "bekross.chita", "full_name": "\u0411\u041e\u041c\u0411\u0418\u0427\u0415\u0421\u041a\u0418\u0415 \u041a\u0420\u041e\u0421\u0421\u041e\u0412\u041a\u0418", "is_private": false, "profile_pic_url": "https://instagram.fhel2-1.fna.fbcdn.net/t51.2885-19/s150x150/19226949_1834401739922807_456728505883820032_n.jpg", "profile_pic_id": "1538202482692408888_5606276966", "is_verified": false, "has_anonymous_profile_picture": false, "coeff_weight": 0.0}}, {"user": {"pk": 2243546122, "username": "club_nika_38", "full_name": "\u0412\u0435\u0440\u043e\u043d\u0438\u043a\u0430 \u0423\u0441\u0442\u044c\u044f\u043d\u0446\u0435\u0432\u0430", "is_private": false, "profile_pic_url": "https://instagram.fhel2-1.fna.fbcdn.net/t51.2885-19/s150x150/17882303_1873705259541979_1400832475835400192_a.jpg", "profile_pic_id": "1494319093984893278_2243546122", "is_verified": false, "has_anonymous_profile_picture": false, "coeff_weight": 0.0}}, {"user": {"pk": 3270494922, "username": "dtp_irk_", "full_name": "\u0414\u0422\u041f \u0418\u0420\u041a\u0423\u0422\u0421\u041a\u0410 | \u0412\u0441\u0435 \u0421\u0430\u043c\u043e\u0435 \ud83d\ude0e\ud83d\ude31\ud83d\ude0a\ud83d\udd1e", "is_private": false, "profile_pic_url": "https://instagram.fhel2-1.fna.fbcdn.net/t51.2885-19/s150x150/18380660_1707825409516500_396056311801839616_a.jpg", "profile_pic_id": "1511234422006287519_3270494922", "is_verified": false, "has_anonymous_profile_picture": false, "coeff_weight": 0.0}}, {"user": {"pk": 2202127924, "username": "sbudaevanails", "full_name": "\u0421\u0430\u0448\u0430 \u0411\u0443\u0434\u0430\u0435\u0432\u0430 Nail Artist\ud83d\udc96", "is_private": false, "profile_pic_url": "https://instagram.fhel2-1.fna.fbcdn.net/t51.2885-19/s150x150/17495163_398476673885173_9101217849787023360_a.jpg", "profile_pic_id": "1488236874027119422_2202127924", "is_verified": false, "has_anonymous_profile_picture": false, "coeff_weight": 0.0}}, {"user": {"pk": 526457016, "username": "anuta_nyusha", "full_name": "", "is_private": false, "profile_pic_url": "https://instagram.fhel2-1.fna.fbcdn.net/t51.2885-19/s150x150/14547646_208814012871344_7014720744525398016_a.jpg", "profile_pic_id": "1350499607696026085_526457016", "is_verified": false, "has_anonymous_profile_picture": false, "coeff_weight": 0.0}}, {"user": {"pk": 1428848896, "username": "afrokosi_irk", "full_name": "\u0410\u0444\u0440\u043e\u043a\u043e\u0441\u044b \u0418\u0440\u043a\u0443\u0442\u0441\u043a", "is_private": false, "profile_pic_url": "https://instagram.fhel2-1.fna.fbcdn.net/t51.2885-19/11116614_1568892596729301_2093990497_a.jpg", "is_verified": false, "has_anonymous_profile_picture": false, "coeff_weight": 0.0}}, {"user": {"pk": 1364807527, "username": "sveta300310", "full_name": "", "is_private": false, "profile_pic_url": "https://instagram.fhel2-1.fna.fbcdn.net/t51.2885-19/s150x150/18298540_246233305846418_6516247368432615424_a.jpg", "profile_pic_id": "1505637228200839312_1364807527", "is_verified": false, "has_anonymous_profile_picture": false, "coeff_weight": 0.0}}, {"user": {"pk": 2976882348, "username": "sk_irokez", "full_name": "\u0421\u0442\u0443\u0434\u0438\u044f \u043a\u0440\u0430\u0441\u043e\u0442\u044b \u0418\u0440\u043e\u043a\u0435\u0437", "is_private": false, "profile_pic_url": "https://instagram.fhel2-1.fna.fbcdn.net/t51.2885-19/s150x150/12784053_467484210107456_536693459_a.jpg", "is_verified": false, "has_anonymous_profile_picture": false, "coeff_weight": 0.0}}, {"user": {"pk": 1671358984, "username": "showroom_lenevy", "full_name": "\u041e\u0431\u0443\u0432\u044c \u0438 \u043e\u0434\u0435\u0436\u0434\u0430 \u0432 \u0418\u0440\u043a\u0443\u0442\u0441\u043a\u0435\ud83d\udc96", "is_private": false, "profile_pic_url": "https://instagram.fhel2-1.fna.fbcdn.net/t51.2885-19/s150x150/19428979_881674528637174_4262673015994580992_a.jpg", "profile_pic_id": "1547180621730134952_1671358984", "is_verified": false, "has_anonymous_profile_picture": false, "coeff_weight": 0.0}}, {"user": {"pk": 1051685910, "username": "bubblemania38", "full_name": "Bubble Mania Irkutsk \u0411\u0430\u0431\u0431\u043b \u0427\u0430\u0439", "is_private": false, "profile_pic_url": "https://instagram.fhel2-1.fna.fbcdn.net/t51.2885-19/s150x150/17438117_400814966943101_7361753741264945152_a.jpg", "profile_pic_id": "1475474643233500741_1051685910", "is_verified": false, "has_anonymous_profile_picture": false, "coeff_weight": 0.0}}, {"user": {"pk": 2187820973, "username": "sok38", "full_name": "\u0421\u0442\u0443\u0434\u0438\u044f \u041a\u0440\u0430\u0441\u043e\u0442\u044b \u0421\u043e\u043a", "is_private": true, "profile_pic_url": "https://instagram.fhel2-1.fna.fbcdn.net/t51.2885-19/s150x150/13584106_624015501107255_1254988998_a.jpg", "profile_pic_id": "1291278590042053360_2187820973", "is_verified": false, "has_anonymous_profile_picture": false, "coeff_weight": 0.0}}, {"user": {"pk": 3721918271, "username": "freejeans_irk", "full_name": "\u0414\u0436\u0438\u043d\u0441\u043e\u0432\u0430\u044f \u043e\u0434\u0435\u0436\u0434\u0430 \u0438\u0437 \u0422\u0443\u0440\u0446\u0438\u0438", "is_private": false, "profile_pic_url": "https://instagram.fhel2-1.fna.fbcdn.net/t51.2885-19/s150x150/18382094_749174318597771_8617916041940434944_a.jpg", "profile_pic_id": "1513432904767963737_3721918271", "is_verified": false, "has_anonymous_profile_picture": false, "coeff_weight": 0.0}}, {"user": {"pk": 3730928778, "username": "marso_studio", "full_name": "\u0423\u0445\u043e\u0434 \u0438 \u041a\u0440\u0430\u0441\u043e\u0442\u0430", "is_private": false, "profile_pic_url": "https://instagram.fhel2-1.fna.fbcdn.net/t51.2885-19/s150x150/13721308_953666071429221_1250290953_a.jpg", "profile_pic_id": "1324811690633742106_3730928778", "is_verified": false, "has_anonymous_profile_picture": false, "coeff_weight": 0.0}}, {"user": {"pk": 2001678127, "username": "squickymariepancho", "full_name": "SQUICKY CHUPZ", "is_private": false, "profile_pic_url": "https://instagram.fhel2-1.fna.fbcdn.net/t51.2885-19/s150x150/19379435_239258129911381_8550580596940734464_a.jpg", "profile_pic_id": "1544276354181121406_2001678127", "is_verified": false, "has_anonymous_profile_picture": false, "coeff_weight": 0.0}}, {"user": {"pk": 591588899, "username": "yus_nail", "full_name": "\u041f\u043e\u0434\u0440\u0435\u0437\u043e\u0432\u0430 \u042e\u043b\u0438\u044f", "is_private": false, "profile_pic_url": "https://instagram.fhel2-1.fna.fbcdn.net/t51.2885-19/s150x150/18948171_2010759809147192_4687375947911921664_a.jpg", "profile_pic_id": "1532104372053731169_591588899", "is_verified": false, "has_anonymous_profile_picture": false, "coeff_weight": 0.0}}, {"user": {"pk": 1563530617, "username": "irkutsk_trener", "full_name": "\u041f\u0435\u0440\u0441\u043e\u043d\u0430\u043b\u044c\u043d\u044b\u0439 \u0442\u0440\u0435\u043d\u0435\u0440 \u0418\u0440\u043a\u0443\u0442\u0441\u043a", "is_private": false, "profile_pic_url": "https://instagram.fhel2-1.fna.fbcdn.net/t51.2885-19/s150x150/16908233_254543938326285_623739928391450624_a.jpg", "profile_pic_id": "1462390390530260110_1563530617", "is_verified": false, "has_anonymous_profile_picture": false, "coeff_weight": 0.0}}, {"user": {"pk": 3160880979, "username": "leonelkka", "full_name": "\u041e\u0431\u0443\u0432\u044c \u041e\u0442 250 \u0420\u0443\u0431\u2757\ufe0f\u0420\u043e\u0437\u043d\u0438\u0446\u0430\u0418\u043e\u043f\u0442", "is_private": true, "profile_pic_url": "https://instagram.fhel2-1.fna.fbcdn.net/t51.2885-19/s150x150/13703062_919807011480590_219616841_a.jpg", "profile_pic_id": "1300781416442767352_3160880979", "is_verified": false, "has_anonymous_profile_picture": false, "coeff_weight": 0.0}}, {"user": {"pk": 1338023594, "username": "brenda__choncoa", "full_name": "\ud83d\udc9a\ud83d\udc9b\ud83d\udc9c\ud83d\udc9d", "is_private": true, "profile_pic_url": "https://instagram.fhel2-1.fna.fbcdn.net/t51.2885-19/s150x150/20184277_1362677360512734_6261978883533307904_a.jpg", "profile_pic_id": "1559994267770137544_1338023594", "is_verified": false, "has_anonymous_profile_picture": false, "coeff_weight": 0.0}}, {"user": {"pk": 1470313783, "username": "kidzaniamoscow", "full_name": "KidZania Moscow", "is_private": false, "profile_pic_url": "https://instagram.fhel2-1.fna.fbcdn.net/t51.2885-19/s150x150/12965103_1016908341708115_366738978_a.jpg", "is_verified": false, "has_anonymous_profile_picture": false, "coeff_weight": 0.0}}, {"user": {"pk": 2238800722, "username": "wichulitta", "full_name": "\u0412\u0438\u043a\u0442\u043e\u0440\u0438\u044f \u0421\u0442\u0430\u0445\u043e\u0432\u0441\u043a\u0430\u044f", "is_private": false, "profile_pic_url": "https://instagram.fhel2-1.fna.fbcdn.net/t51.2885-19/s150x150/14596678_981094635346204_2866505093685968896_a.jpg", "profile_pic_id": "1357093194513177631_2238800722", "is_verified": false, "has_anonymous_profile_picture": false, "coeff_weight": 0.0}}, {"user": {"pk": 23404287, "username": "natali_fashionista", "full_name": "Natali Permyakova,Mommy,BizWom", "is_private": false, "profile_pic_url": "https://instagram.fhel2-1.fna.fbcdn.net/t51.2885-19/s150x150/19227701_467041913648127_3715777070505132032_a.jpg", "profile_pic_id": "1541508665301842105_23404287", "is_verified": false, "has_anonymous_profile_picture": false, "coeff_weight": 0.0}}, {"user": {"pk": 1439402805, "username": "_hohlushka777", "full_name": "\u0422\u043e\u0440\u043c\u043e\u0437-\u0442\u043e\u0436\u0435 \u043c\u0435\u0445\u0430\u043d\u0438\u0437\u043c\ud83d\udd29", "is_private": false, "profile_pic_url": "https://instagram.fhel2-1.fna.fbcdn.net/t51.2885-19/s150x150/16228655_1226207510804003_4186728910345469952_a.jpg", "profile_pic_id": "1443508211218095647_1439402805", "is_verified": false, "has_anonymous_profile_picture": false, "coeff_weight": 0.0}}, {"user": {"pk": 414465299, "username": "aikush_nazaryan", "full_name": "Aikush Nazaryan", "is_private": false, "profile_pic_url": "https://instagram.fhel2-1.fna.fbcdn.net/t51.2885-19/s150x150/13827225_176333029454346_575227612_a.jpg", "profile_pic_id": "1316713942164522298_414465299", "is_verified": false, "has_anonymous_profile_picture": false, "coeff_weight": 0.0}}, {"user": {"pk": 245183946, "username": "la_torte", "full_name": "YULIA IVANOVA, Moscow", "is_private": false, "profile_pic_url": "https://instagram.fhel2-1.fna.fbcdn.net/t51.2885-19/11356956_486110254904722_2116328223_a.jpg", "is_verified": false, "has_anonymous_profile_picture": false, "coeff_weight": 0.0}}], "expires": 7200, "filtered": true, "request_id": "", "rank_token": "47bf048c-710f-42af-ac80-4cbc794a5429", "status": "ok"}

[1;34mGET:  [0mdirect_share/recent_recipients/
[0;32m‚Üê 200 	 72B[0m
[0;36mRESPONSE: [0m{"recent_recipients": [], "expiration_interval": 259200, "status": "ok"}

[1;34mPOST:  [0mmegaphone/log/
[1;33mDATA: [0mtype=feed_aysf&amp;action=seen&amp;reason=&amp;_uuid=7691e152-1aed-496e-aa05-1c9f77ebef0e&amp;device_id=android-dc46c3fcbf5d513a&amp;_csrftoken=OWOFjJaqSLjBSb2eIr8MNcoSJY7dJaqF&amp;uuid=175a2fa01ac846632090929c71e79ec0
[0;32m‚Üê 200 	 33B[0m
[0;36mRESPONSE: [0m{"success": true, "status": "ok"}

[1;34mGET:  [0mdirect_v2/inbox/
[0;32m‚Üê 200 	 9.15kB[0m
[0;36mRESPONSE: [0m{"inbox": {"threads": [{"thread_id": "340282366841710300949128134220084421211", "users": [{"pk": 4182473711, "username": "ya.iz.krasnodara", "full_name": "\u042f \u0438\u0437 \u041a\u0440\u0430\u0441\u043d\u043e\u0434\u0430\u0440\u0430\ud83d\udc97", "is_private": false, "profile_pic_url": "https://instagram.fhel2-1.fna.fbcdn.net/t51.2885-19/s150x150/20066166_248414302315521_8669186071575134208_a.jpg", "profile_pic_id": "1560045996281277012_4182473711", "friendship_status": {"following": false, "blocking": false, "is_private": false, "incoming_request": false, "outgoing_request": false, "is_bestie": false}, "is_verified": false, "has_anonymous_profile_picture": false}], "left_users": [], "items": [{"item_id": "27683036924126529813430895835611136", "user_id": 4182473711, "timestamp": 1500700438706721, "item_type": "text", "text": "\u0410 \u0441\u043a\u043e\u043b\u044c\u043a\u043e \u0445\u043e\u0442\u0438\u0442\u0435 \u0431\u0440\u0430\u0442\u044c? \u041c\u043e\u0433\u0443 \u043b\u0430\u0439\u043a\u0438 \u043a\u0440\u0443\u0442\u0430\u043d\u0443\u0442\u044c \u043d\u0430 \u0442\u0435\u0441\u0442"}], "last_activity_at": 1500700438706721, "muted": false, "is_pin": false, "named": false, "canonical": true, "pending": false, "thread_type": "private", "viewer_id": 2018677947, "thread_title": "ya.iz.krasnodara", "inviter": {"pk": 4182473711, "username": "ya.iz.krasnodara", "full_name": "\u042f \u0438\u0437 \u041a\u0440\u0430\u0441\u043d\u043e\u0434\u0430\u0440\u0430\ud83d\udc97", "is_private": false, "profile_pic_url": "https://instagram.fhel2-1.fna.fbcdn.net/t51.2885-19/s150x150/20066166_248414302315521_8669186071575134208_a.jpg", "profile_pic_id": "1560045996281277012_4182473711", "is_verified": false, "has_anonymous_profile_picture": false}, "has_older": true, "has_newer": false, "last_seen_at": {"2018677947": {"timestamp": "1500700438706721", "item_id": "27683036924126529813430895835611136"}}, "newest_cursor": "27683036924126529813430895835611136", "oldest_cursor": "27683036924126529813430895835611136", "is_spam": false}, {"thread_id": "232034062317332276394658472554222918981", "users": [{"pk": 1563530617, "username": "irkutsk_trener", "full_name": "\u041f\u0435\u0440\u0441\u043e\u043d\u0430\u043b\u044c\u043d\u044b\u0439 \u0442\u0440\u0435\u043d\u0435\u0440 \u0418\u0440\u043a\u0443\u0442\u0441\u043a", "is_private": false, "profile_pic_url": "https://instagram.fhel2-1.fna.fbcdn.net/t51.2885-19/s150x150/16908233_254543938326285_623739928391450624_a.jpg", "profile_pic_id": "1462390390530260110_1563530617", "friendship_status": {"following": true, "blocking": false, "is_private": false, "incoming_request": false, "outgoing_request": false, "is_bestie": false}, "is_verified": false, "has_anonymous_profile_picture": false}], "left_users": [], "items": [{"item_id": "27669375496187804639800755172147200", "user_id": 1563530617, "timestamp": 1499959851214200, "item_type": "reel_share", "reel_share": {"text": "", "type": "mention", "mentioned_user_id": 2018677947, "media": {"user": {"pk": 1563530617, "username": "irkutsk_trener", "full_name": "\u041f\u0435\u0440\u0441\u043e\u043d\u0430\u043b\u044c\u043d\u044b\u0439 \u0442\u0440\u0435\u043d\u0435\u0440 \u0418\u0440\u043a\u0443\u0442\u0441\u043a", "is_private": false, "profile_pic_url": "https://instagram.fhel2-1.fna.fbcdn.net/t51.2885-19/s150x150/16908233_254543938326285_623739928391450624_a.jpg", "profile_pic_id": "1462390390530260110_1563530617", "is_verified": false, "has_anonymous_profile_picture": false}, "expiring_at": 0}}}], "last_activity_at": 1499959851214200, "muted": false, "is_pin": false, "named": false, "canonical": true, "pending": false, "thread_type": "private", "viewer_id": 2018677947, "thread_title": "irkutsk_trener", "inviter": {"pk": 1563530617, "username": "irkutsk_trener", "full_name": "\u041f\u0435\u0440\u0441\u043e\u043d\u0430\u043b\u044c\u043d\u044b\u0439 \u0442\u0440\u0435\u043d\u0435\u0440 \u0418\u0440\u043a\u0443\u0442\u0441\u043a", "is_private": false, "profile_pic_url": "https://instagram.fhel2-1.fna.fbcdn.net/t51.2885-19/s150x150/16908233_254543938326285_623739928391450624_a.jpg", "profile_pic_id": "1462390390530260110_1563530617", "is_verified": false, "has_anonymous_profile_picture": false}, "has_older": true, "has_newer": false, "last_seen_at": {"2018677947": {"timestamp": "1499959851214200", "item_id": "27669375496187804639800755172147200"}}, "newest_cursor": "27669375496187804639800755172147200", "oldest_cursor": "27669375496187804639800755172147200", "is_spam": false}, {"thread_id": "340282366841710300949128158732076261216", "users": [{"pk": 323432887, "username": "nans096", "full_name": "\ud83d\udc51\ud83d\udc3c\ud83d\udc51\ud83d\udc3c\ud83d\udc51", "is_private": true, "profile_pic_url": "https://instagram.fhel2-1.fna.fbcdn.net/t51.2885-19/s150x150/19535024_1781330772164151_2747410649909821440_a.jpg", "profile_pic_id": "1547978098003472748_323432887", "friendship_status": {"following": false, "blocking": false, "is_private": true, "incoming_request": false, "outgoing_request": false, "is_bestie": false}, "is_verified": false, "has_anonymous_profile_picture": false}], "left_users": [], "items": [{"item_id": "27664854494021480780598882565357568", "user_id": 2018677947, "timestamp": 1499714767195673, "item_type": "text", "text": "\u0427\u0435\u0440\u0435\u0437 robokassa", "client_context": "8b3cdc89-4f23-40a7-be05-c5a4081ee053"}], "last_activity_at": 1499714767195673, "muted": false, "is_pin": false, "named": false, "canonical": true, "pending": false, "thread_type": "private", "viewer_id": 2018677947, "thread_title": "nans096", "inviter": {"pk": 323432887, "username": "nans096", "full_name": "\ud83d\udc51\ud83d\udc3c\ud83d\udc51\ud83d\udc3c\ud83d\udc51", "is_private": true, "profile_pic_url": "https://instagram.fhel2-1.fna.fbcdn.net/t51.2885-19/s150x150/19535024_1781330772164151_2747410649909821440_a.jpg", "profile_pic_id": "1547978098003472748_323432887", "is_verified": false, "has_anonymous_profile_picture": false}, "has_older": true, "has_newer": false, "last_seen_at": {"2018677947": {"timestamp": "1499714767195673", "item_id": "27664854494021480780598882565357568"}}, "newest_cursor": "27664854494021480780598882565357568", "oldest_cursor": "27664854494021480780598882565357568", "is_spam": false}, {"thread_id": "340282366841710300949128131830737429966", "users": [{"pk": 3270494922, "username": "dtp_irk_", "full_name": "\u0414\u0422\u041f \u0418\u0420\u041a\u0423\u0422\u0421\u041a\u0410 | \u0412\u0441\u0435 \u0421\u0430\u043c\u043e\u0435 \ud83d\ude0e\ud83d\ude31\ud83d\ude0a\ud83d\udd1e", "is_private": false, "profile_pic_url": "https://instagram.fhel2-1.fna.fbcdn.net/t51.2885-19/s150x150/18380660_1707825409516500_396056311801839616_a.jpg", "profile_pic_id": "1511234422006287519_3270494922", "friendship_status": {"following": true, "blocking": false, "is_private": false, "incoming_request": false, "outgoing_request": false, "is_bestie": false}, "is_verified": false, "has_anonymous_profile_picture": false}], "left_users": [], "items": [{"item_id": "27662425821797200391621427972800512", "user_id": 3270494922, "timestamp": 1499583108610582, "item_type": "media", "media": {"image_versions2": {"candidates": [{"width": 1080, "height": 1921, "url": "https://instagram.fhel2-1.fna.fbcdn.net/t51.2885-15/e15/fr/p1080x1080/19932285_1905780102784199_5599290967636049920_n.jpg?ig_cache_key=Mjc2NjI0MjU4MjE3OTcyMDAzOTE2MjE0Mjc5NzI4MDA1MTI%3D.2"}]}, "original_width": 1080, "original_height": 1921, "media_type": 1}}], "last_activity_at": 1499583108610582, "muted": false, "is_pin": false, "named": false, "canonical": true, "pending": false, "thread_type": "private", "viewer_id": 2018677947, "thread_title": "dtp_irk_", "inviter": {"pk": 3270494922, "username": "dtp_irk_", "full_name": "\u0414\u0422\u041f \u0418\u0420\u041a\u0423\u0422\u0421\u041a\u0410 | \u0412\u0441\u0435 \u0421\u0430\u043c\u043e\u0435 \ud83d\ude0e\ud83d\ude31\ud83d\ude0a\ud83d\udd1e", "is_private": false, "profile_pic_url": "https://instagram.fhel2-1.fna.fbcdn.net/t51.2885-19/s150x150/18380660_1707825409516500_396056311801839616_a.jpg", "profile_pic_id": "1511234422006287519_3270494922", "is_verified": false, "has_anonymous_profile_picture": false}, "has_older": true, "has_newer": false, "last_seen_at": {"2018677947": {"timestamp": "1499583108610582", "item_id": "27662425821797200391621427972800512"}}, "newest_cursor": "27662425821797200391621427972800512", "oldest_cursor": "27662425821797200391621427972800512", "is_spam": false}, {"thread_id": "340282366841710300949128131893494431739", "users": [{"pk": 3967777274, "username": "galsanov_a", "full_name": "Alekswhiet", "is_private": false, "profile_pic_url": "https://instagram.fhel2-1.fna.fbcdn.net/t51.2885-19/s150x150/18812236_148744462336584_7771370733699072000_a.jpg", "profile_pic_id": "1529831241686252352_3967777274", "friendship_status": {"following": false, "blocking": false, "is_private": false, "incoming_request": false, "outgoing_request": false, "is_bestie": false}, "is_verified": false, "has_anonymous_profile_picture": false}], "left_users": [], "items": [{"item_id": "27662407233532030438323419378352128", "user_id": 2018677947, "timestamp": 1499582100938708, "item_type": "text", "text": "\u0412 \u043f\u0440\u043e\u0444\u0438\u043b\u0435", "client_context": "4bf80303-c2f5-4a0f-a6e1-fa947491a22c"}], "last_activity_at": 1499582100938708, "muted": false, "is_pin": false, "named": false, "canonical": true, "pending": false, "thread_type": "private", "viewer_id": 2018677947, "thread_title": "galsanov_a", "inviter": {"pk": 3967777274, "username": "galsanov_a", "full_name": "Alekswhiet", "is_private": false, "profile_pic_url": "https://instagram.fhel2-1.fna.fbcdn.net/t51.2885-19/s150x150/18812236_148744462336584_7771370733699072000_a.jpg", "profile_pic_id": "1529831241686252352_3967777274", "is_verified": false, "has_anonymous_profile_picture": false}, "has_older": true, "has_newer": false, "last_seen_at": {"2018677947": {"timestamp": "1499582100938708", "item_id": "27662407233532030438323419378352128"}}, "newest_cursor": "27662407233532030438323419378352128", "oldest_cursor": "27662407233532030438323419378352128", "is_spam": false}, {"thread_id": "340282366841710300949128142670202351613", "users": [{"pk": 55510597, "username": "irideflyingpigs", "full_name": "Kayla McEldowney", "is_private": true, "profile_pic_url": "https://instagram.fhel2-1.fna.fbcdn.net/t51.2885-19/11201641_1664672547096838_59480392_a.jpg", "friendship_status": {"following": false, "blocking": false, "is_private": true, "incoming_request": false, "outgoing_request": false, "is_bestie": false}, "is_verified": false, "has_anonymous_profile_picture": false}], "left_users": [], "items": [{"item_id": "27662405102591972733459170701869056", "user_id": 2018677947, "timestamp": 1499581985420216, "item_type": "text", "text": "\u041f\u043e\u0441\u0442 1000\u0440", "client_context": "afe7e37c-fd69-4a09-94eb-1e2943eb9cfb"}], "last_activity_at": 1499581985420216, "muted": false, "is_pin": false, "named": false, "canonical": true, "pending": false, "thread_type": "private", "viewer_id": 2018677947, "thread_title": "irideflyingpigs", "inviter": {"pk": 55510597, "username": "irideflyingpigs", "full_name": "Kayla McEldowney", "is_private": true, "profile_pic_url": "https://instagram.fhel2-1.fna.fbcdn.net/t51.2885-19/11201641_1664672547096838_59480392_a.jpg", "is_verified": false, "has_anonymous_profile_picture": false}, "has_older": true, "has_newer": false, "last_seen_at": {"2018677947": {"timestamp": "1499581985420216", "item_id": "27662405102591972733459170701869056"}}, "newest_cursor": "27662405102591972733459170701869056", "oldest_cursor": "27662405102591972733459170701869056", "is_spam": false}, {"thread_id": "340282366841710300949128156913224300029", "users": [{"pk": 210854587, "username": "elena3527", "full_name": "\u0415\u043b\u0435\u043d\u0430", "is_private": false, "profile_pic_url": "https://instagram.fhel2-1.fna.fbcdn.net/t51.2885-19/s150x150/16122556_1848944255363836_6024898058888675328_a.jpg", "profile_pic_id": "1433317081352383972_210854587", "friendship_status": {"following": false, "blocking": false, "is_private": false, "incoming_request": false, "outgoing_request": false, "is_bestie": false}, "is_verified": false, "has_anonymous_profile_picture": false}], "left_users": [], "items": [{"item_id": "27646605180042593199892527100985344", "user_id": 210854587, "timestamp": 1498725469902559, "item_type": "text", "text": "\u0417\u0434\u0440\u0430\u0432\u0441\u0442\u0432\u0443\u0439\u0442\u0435"}], "last_activity_at": 1498725469902559, "muted": false, "is_pin": false, "named": false, "canonical": true, "pending": false, "thread_type": "private", "viewer_id": 2018677947, "thread_title": "elena3527", "inviter": {"pk": 210854587, "username": "elena3527", "full_name": "\u0415\u043b\u0435\u043d\u0430", "is_private": false, "profile_pic_url": "https://instagram.fhel2-1.fna.fbcdn.net/t51.2885-19/s150x150/16122556_1848944255363836_6024898058888675328_a.jpg", "profile_pic_id": "1433317081352383972_210854587", "is_verified": false, "has_anonymous_profile_picture": false}, "has_older": true, "has_newer": false, "last_seen_at": {"2018677947": {"timestamp": "1498725469902559", "item_id": "27646605180042593199892527100985344"}}, "newest_cursor": "27646605180042593199892527100985344", "oldest_cursor": "27646605180042593199892527100985344", "is_spam": false}, {"thread_id": "340282366841710300949128153050319286004", "users": [{"pk": 230800151, "username": "romakondrya", "full_name": "Romcha", "is_private": false, "profile_pic_url": "https://instagram.fhel2-1.fna.fbcdn.net/t51.2885-19/s150x150/17932059_210060862818221_3618346686583144448_a.jpg", "profile_pic_id": "1494411915945751465_230800151", "friendship_status": {"following": false, "blocking": false, "is_private": false, "incoming_request": false, "outgoing_request": false, "is_bestie": false}, "is_verified": false, "has_anonymous_profile_picture": false}], "left_users": [], "items": [{"item_id": "27615199903518914921376291078799360", "user_id": 230800151, "timestamp": 1497022986450835, "item_type": "media_share", "media_share": {"taken_at": 1496582732, "pk": 1529769291699984184, "id": "1529769291699984184_2018677947", "device_timestamp": 1496582732048, "media_type": 8, "code": "BU61RDUFBc4", "client_cache_key": "MTUyOTc2OTI5MTY5OTk4NDE4NA==.2", "filter_type": 0, "carousel_media": [{"id": "1529769204089490659_2018677947", "media_type": 1, "image_versions2": {"candidates": [{"width": 600, "height": 600, "url": "https://instagram.fhel2-1.fna.fbcdn.net/t51.2885-15/e35/18812840_1931820403754100_5385728224263143424_n.jpg?ig_cache_key=MTUyOTc2OTIwNDA4OTQ5MDY1OQ%3D%3D.2"}, {"width": 240, "height": 240, "url": "https://instagram.fhel2-1.fna.fbcdn.net/t51.2885-15/s240x240/e35/18812840_1931820403754100_5385728224263143424_n.jpg?ig_cache_key=MTUyOTc2OTIwNDA4OTQ5MDY1OQ%3D%3D.2"}]}, "original_width": 600, "original_height": 600, "pk": 1529769204089490659, "carousel_parent_id": "1529769291699984184_2018677947"}, {"id": "1529769216253009311_2018677947", "media_type": 1, "image_versions2": {"candidates": [{"width": 600, "height": 600, "url": "https://instagram.fhel2-1.fna.fbcdn.net/t51.2885-15/e35/18888343_307155169708490_3572053802490003456_n.jpg?ig_cache_key=MTUyOTc2OTIxNjI1MzAwOTMxMQ%3D%3D.2"}, {"width": 240, "height": 240, "url": "https://instagram.fhel2-1.fna.fbcdn.net/t51.2885-15/s240x240/e35/18888343_307155169708490_3572053802490003456_n.jpg?ig_cache_key=MTUyOTc2OTIxNjI1MzAwOTMxMQ%3D%3D.2"}]}, "original_width": 600, "original_height": 600, "pk": 1529769216253009311, "carousel_parent_id": "1529769291699984184_2018677947"}, {"id": "1529769226503943509_2018677947", "media_type": 1, "image_versions2": {"candidates": [{"width": 600, "height": 600, "url": "https://instagram.fhel2-1.fna.fbcdn.net/t51.2885-15/e35/18812503_342937196121792_3760970554639646720_n.jpg?ig_cache_key=MTUyOTc2OTIyNjUwMzk0MzUwOQ%3D%3D.2"}, {"width": 240, "height": 240, "url": "https://instagram.fhel2-1.fna.fbcdn.net/t51.2885-15/s240x240/e35/18812503_342937196121792_3760970554639646720_n.jpg?ig_cache_key=MTUyOTc2OTIyNjUwMzk0MzUwOQ%3D%3D.2"}]}, "original_width": 600, "original_height": 600, "pk": 1529769226503943509, "carousel_parent_id": "1529769291699984184_2018677947"}, {"id": "1529769235462838258_2018677947", "media_type": 1, "image_versions2": {"candidates": [{"width": 600, "height": 600, "url": "https://instagram.fhel2-1.fna.fbcdn.net/t51.2885-15/e35/18812156_1369800973103633_3890326740437827584_n.jpg?ig_cache_key=MTUyOTc2OTIzNTQ2MjgzODI1OA%3D%3D.2"}, {"width": 240, "height": 240, "url": "https://instagram.fhel2-1.fna.fbcdn.net/t51.2885-15/s240x240/e35/18812156_1369800973103633_3890326740437827584_n.jpg?ig_cache_key=MTUyOTc2OTIzNTQ2MjgzODI1OA%3D%3D.2"}]}, "original_width": 600, "original_height": 600, "pk": 1529769235462838258, "carousel_parent_id": "1529769291699984184_2018677947"}, {"id": "1529769247802428228_2018677947", "media_type": 1, "image_versions2": {"candidates": [{"width": 600, "height": 600, "url": "https://instagram.fhel2-1.fna.fbcdn.net/t51.2885-15/e35/18811948_479857125684604_2206164360236105728_n.jpg?ig_cache_key=MTUyOTc2OTI0NzgwMjQyODIyOA%3D%3D.2"}, {"width": 240, "height": 240, "url": "https://instagram.fhel2-1.fna.fbcdn.net/t51.2885-15/s240x240/e35/18811948_479857125684604_2206164360236105728_n.jpg?ig_cache_key=MTUyOTc2OTI0NzgwMjQyODIyOA%3D%3D.2"}]}, "original_width": 600, "original_height": 600, "pk": 1529769247802428228, "carousel_parent_id": "1529769291699984184_2018677947"}], "user": {"pk": 2018677947, "username": "arenda_kvartir_bez_posrednikov", "full_name": "\u0410\u0440\u0435\u043d\u0434\u0430 \u0411\u0435\u0437 \u041f\u043e\u0441\u0440\u0435\u0434\u043d\u0438\u043a\u043e\u0432 \ud83d\udc4d", "is_private": false, "profile_pic_url": "https://instagram.fhel2-1.fna.fbcdn.net/t51.2885-19/s150x150/13712379_831467443656698_786448455_a.jpg", "profile_pic_id": "1299828878990588026_2018677947", "has_anonymous_profile_picture": false, "can_boost_post": true, "can_see_organic_insights": true, "show_insights_terms": false, "is_unpublished": false}, "caption": {"pk": 17881950712009303, "user_id": 2018677947, "text": "\u0433\u0440\u0443\u043f\u043f\u0430 \u0432 \u0432\u043a\u043e\u043d\u0442\u0430\u043a\u0442\u0435 -\u003e http://vk.com/agentzilla_krs\n\u0421\u0434\u0430\u043c 1-\u043a. \u043a\u0432\u0430\u0440\u0442\u0438\u0440\u0443, 34\u043c\u00b2, 10/17 \u044d\u0442.\n\u041a\u0440\u0430\u0441\u043d\u043e\u044f\u0440\u0441\u043a, \u0410\u043b\u0435\u043a\u0441\u0435\u0435\u0432\u0430, 22\n\u0425\u043e\u0440\u043e\u0448\u043e \u0443\u043a\u043e\u043c\u043f\u043b\u0435\u043a\u0442\u043e\u0432\u0430\u043d\u043d\u0430\u044f \u043a\u0432\u0430\u0440\u0442\u0438\u0440\u0430, \u0435\u0441\u0442\u044c \u0432\u0441\u0451 \u043d\u0435\u043e\u0431\u0445\u043e\u0434\u0438\u043c\u043e\u0435. \u0411\u044b\u0442\u043e\u0432\u0430\u044f \u0442\u0435\u0445\u043d\u0438\u043a\u0430 \u0438 \u043c\u0435\u0431\u0435\u043b\u044c \u0432 \u043e\u0442\u043b\u0438\u0447\u043d\u043e\u043c \u0441\u043e\u0441\u0442\u043e\u044f\u043d\u0438\u0438. \u0421\u0430\u043d. \u0443\u0437\u0435\u043b \u0432 \u043a\u0430\u0444\u0435\u043b\u0435.\n1200\u0440\u0443\u0431.\n\u041d\u043e\u043c\u0435\u0440 \u0442\u0435\u043b\u0435\u0444\u043e\u043d\u0430 \u043f\u043e \u0441\u0441\u044b\u043b\u043a\u0435 http://agentzilla.ru/advert/131842\n#C\u043d\u044f\u0442\u044c\u041a\u0432\u0430\u0440\u0442\u0438\u0440\u0443\u041a\u0440\u0430\u0441\u043d\u043e\u044f\u0440\u0441\u043a #\u0421\u0434\u0430\u043c\u041a\u0432\u0430\u0440\u0442\u0438\u0440\u0443\u041a\u0440\u0430\u0441\u043d\u043e\u044f\u0440\u0441\u043a #\u0410\u0440\u0435\u043d\u0434\u0430\u0411\u0435\u0437\u041f\u043e\u0441\u0440\u0435\u0434\u043d\u0438\u043a\u043e\u0432 #\u0421\u043d\u044f\u0442\u044c\u041a\u0432\u0430\u0440\u0442\u0438\u0440\u0443\u0411\u0435\u0437\u041f\u043e\u0441\u0440\u0435\u0434\u043d\u0438\u043a\u043e\u0432 #\u041a\u0440\u0430\u0441\u043d\u043e\u044f\u0440\u0441\u043a #\u041d\u0435\u0434\u0432\u0438\u0436\u0438\u043c\u043e\u0441\u0442\u044c", "type": 1, "created_at": 1496582732, "created_at_utc": 1496582732, "content_type": "comment", "status": "Active", "bit_flags": 0, "user": {"pk": 2018677947, "username": "arenda_kvartir_bez_posrednikov", "full_name": "\u0410\u0440\u0435\u043d\u0434\u0430 \u0411\u0435\u0437 \u041f\u043e\u0441\u0440\u0435\u0434\u043d\u0438\u043a\u043e\u0432 \ud83d\udc4d", "is_private": false, "profile_pic_url": "https://instagram.fhel2-1.fna.fbcdn.net/t51.2885-19/s150x150/13712379_831467443656698_786448455_a.jpg", "profile_pic_id": "1299828878990588026_2018677947", "has_anonymous_profile_picture": false, "can_boost_post": true, "can_see_organic_insights": true, "show_insights_terms": false, "is_unpublished": false}, "did_report_as_spam": false, "media_id": 1529769291699984184, "has_translation": true}, "caption_is_edited": false, "like_count": 7, "has_liked": false, "likers": [{"pk": 4205999982, "username": "mishazello", "full_name": "\u043f\u0440\u043e\u043a\u043e\u043c\u0435\u043d\u0442\u0438\u0440\u043e\u0432\u0430\u043b \u0431\u044b \u043a\u0442\u043e \u0432\u0438\u0434\u0435\u043e?", "is_private": false, "profile_pic_url": "https://instagram.fhel2-1.fna.fbcdn.net/t51.2885-19/s150x150/15253102_1822221778034280_832298884540661760_a.jpg", "profile_pic_id": "1397589778630827162_4205999982", "is_verified": false}, {"pk": 5349488127, "username": "wash_dom", "full_name": "\u0410\u043b\u044c\u0442\u0435\u0440\u043d\u0430\u0442\u0438\u0432\u0430 \u0438\u043f\u043e\u0442\u0435\u043a\u0435", "is_private": false, "profile_pic_url": "https://instagram.fhel2-1.fna.fbcdn.net/t51.2885-19/s150x150/18645209_1341148515966985_446783229937057792_a.jpg", "profile_pic_id": "1521508942563519257_5349488127", "is_verified": false}, {"pk": 3305438830, "username": "moskov.dom", "full_name": "\u041f\u0420\u041e\u041a\u041e\u041c\u041c\u0415\u041d\u0422\u0418\u0420\u041e\u0412\u0410\u041b:", "is_private": false, "profile_pic_url": "https://instagram.fhel2-1.fna.fbcdn.net/t51.2885-19/s150x150/18443617_431372360568697_2989017639939997696_a.jpg", "profile_pic_id": "1513844584453838422_3305438830", "is_verified": false}, {"pk": 1237936452, "username": "ermolaevalla", "full_name": "NAIL SYSTEM \ud83d\udc85\ud83c\udffc @hair_____nails", "is_private": false, "profile_pic_url": "https://instagram.fhel2-1.fna.fbcdn.net/t51.2885-19/s150x150/18879290_1588090851214723_7827526962942836736_a.jpg", "profile_pic_id": "1528277458255049922_1237936452", "is_verified": false}, {"pk": 2108336244, "username": "o_vas_uznayut_v_krsk", "full_name": "\u041f\u0440\u043e\u0434\u0432\u0438\u0436e\u043d\u0438e \u043f\u043e \u041a\u0440\u0430\u0441\u043d\u043e\u044f\u0440\u0441\u043a\u0443", "is_private": false, "profile_pic_url": "https://instagram.fhel2-1.fna.fbcdn.net/t51.2885-19/11264704_1451484448494737_69592192_a.jpg", "is_verified": false}, {"pk": 1563530617, "username": "irkutsk_trener", "full_name": "\u041f\u0435\u0440\u0441\u043e\u043d\u0430\u043b\u044c\u043d\u044b\u0439 \u0442\u0440\u0435\u043d\u0435\u0440 \u0418\u0440\u043a\u0443\u0442\u0441\u043a", "is_private": false, "profile_pic_url": "https://instagram.fhel2-1.fna.fbcdn.net/t51.2885-19/s150x150/16908233_254543938326285_623739928391450624_a.jpg", "profile_pic_id": "1462390390530260110_1563530617", "is_verified": false}, {"pk": 4981002149, "username": "popcorn_krsk", "full_name": "POPCORN \u041d\u0430\u0434\u0443\u0432\u043d\u044b\u0435 \u041c\u0430\u0442\u0440\u0430\u0441\u044b \u041a\u0440\u0441\u043a", "is_private": false, "profile_pic_url": "https://instagram.fhel2-1.fna.fbcdn.net/t51.2885-19/s150x150/18013283_1966662493569089_5253070862176747520_a.jpg", "profile_pic_id": "1499855584919614964_4981002149", "is_verified": false}], "comment_likes_enabled": false, "comment_threading_enabled": false, "has_more_comments": false, "max_num_visible_preview_comments": 3, "preview_comments": [], "comment_count": 0, "boosted_status": "unavailable", "boost_unavailable_reason": "This post can't be used to create a promotion.", "photo_of_you": false, "can_viewer_save": true, "organic_tracking_token": "eyJ2ZXJzaW9uIjo1LCJwYXlsb2FkIjp7ImlzX2FuYWx5dGljc190cmFja2VkIjp0cnVlLCJ1dWlkIjoiYWRmOGY3MmY2NTIyNGY0OGIxMTU5YzZmYTYwMTIzMzcxNTI5NzY5MjkxNjk5OTg0MTg0Iiwic2VydmVyX3Rva2VuIjoiMTUwMDgzMDg2NjQzNXwxNTI5NzY5MjkxNjk5OTg0MTg0fDIwMTg2Nzc5NDd8ODM2YjdjMTgxNmJhMjA3OWE3NWQ5ZWZhMDJjZWVhMjQ1MTg2MzkxOTQ0ZTg3MjUyZGJmZmYyYmJiNmEzODFkZCJ9LCJzaWduYXR1cmUiOiIifQ=="}}], "last_activity_at": 1497022986450835, "muted": false, "is_pin": false, "named": false, "canonical": true, "pending": false, "thread_type": "private", "viewer_id": 2018677947, "thread_title": "romakondrya", "inviter": {"pk": 230800151, "username": "romakondrya", "full_name": "Romcha", "is_private": false, "profile_pic_url": "https://instagram.fhel2-1.fna.fbcdn.net/t51.2885-19/s150x150/17932059_210060862818221_3618346686583144448_a.jpg", "profile_pic_id": "1494411915945751465_230800151", "is_verified": false, "has_anonymous_profile_picture": false}, "has_older": true, "has_newer": false, "last_seen_at": {"2018677947": {"timestamp": "1497022986450835", "item_id": "27615199903518914921376291078799360"}}, "newest_cursor": "27615199903518914921376291078799360", "oldest_cursor": "27615199903518914921376291078799360", "is_spam": false}, {"thread_id": "340282366841710300949128150709458313881", "users": [{"pk": 338162827, "username": "sprazdnikomsucki_", "full_name": "\u041c\u044f\u0442\u0430", "is_private": true, "profile_pic_url": "https://instagram.fhel2-1.fna.fbcdn.net/t51.2885-19/s150x150/19051765_1200239136753531_848236984190107648_a.jpg", "profile_pic_id": "1536772723706288856_338162827", "friendship_status": {"following": false, "blocking": false, "is_private": true, "incoming_request": false, "outgoing_request": false, "is_bestie": false}, "is_verified": false, "has_anonymous_profile_picture": false}], "left_users": [], "items": [{"item_id": "27577026716736065764202003438764032", "user_id": 2018677947, "timestamp": 1494953613848802, "item_type": "text", "text": "\u0412\u0441\u0435 \u0432\u0430\u0440\u0438\u0430\u043d\u0442\u044b \u043d\u0430 \u0441\u0430\u0439\u0442\u0435", "client_context": "30f9fa91-d41d-4e24-bed2-6f695749ac1c"}], "last_activity_at": 1494953613848802, "muted": false, "is_pin": false, "named": false, "canonical": true, "pending": false, "thread_type": "private", "viewer_id": 2018677947, "thread_title": "sprazdnikomsucki_", "inviter": {"pk": 338162827, "username": "sprazdnikomsucki_", "full_name": "\u041c\u044f\u0442\u0430", "is_private": true, "profile_pic_url": "https://instagram.fhel2-1.fna.fbcdn.net/t51.2885-19/s150x150/19051765_1200239136753531_848236984190107648_a.jpg", "profile_pic_id": "1536772723706288856_338162827", "is_verified": false, "has_anonymous_profile_picture": false}, "has_older": true, "has_newer": false, "last_seen_at": {"2018677947": {"timestamp": "1494953613848802", "item_id": "27577026716736065764202003438764032"}}, "newest_cursor": "27577026716736065764202003438764032", "oldest_cursor": "27577026716736065764202003438764032", "is_spam": false}, {"thread_id": "340282366841710300949128125308038443861", "users": [{"pk": 521128721, "username": "demina_valerie", "full_name": "\ud83d\udc51Valerie\ud83d\udc51", "is_private": false, "profile_pic_url": "https://instagram.fhel2-1.fna.fbcdn.net/t51.2885-19/s150x150/17818381_355821264812191_2977294664144519168_a.jpg", "profile_pic_id": "1487599140187664347_521128721", "friendship_status": {"following": false, "blocking": false, "is_private": false, "incoming_request": false, "outgoing_request": false, "is_bestie": false}, "is_verified": false, "has_anonymous_profile_picture": false}], "left_users": [], "items": [{"item_id": "27577026351323571624141736290287616", "user_id": 2018677947, "timestamp": 1494953594039751, "item_type": "text", "text": "\u0414\u043e\u0431\u0440\u044b\u0439 \u0434\u0435\u043d\u044c. \u041a\u043e\u043d\u0442\u0430\u043a\u0442\u044b \u043d\u0430 \u0441\u0430\u0439\u0442\u0435 \u043f\u043e\u0441\u043b\u0435 \u043e\u043f\u043b\u0430\u0442\u044b", "client_context": "dc60d99c-b858-4a3f-ab2a-8468a0ea19ca"}], "last_activity_at": 1494953594039751, "muted": false, "is_pin": false, "named": false, "canonical": true, "pending": false, "thread_type": "private", "viewer_id": 2018677947, "thread_title": "demina_valerie", "inviter": {"pk": 521128721, "username": "demina_valerie", "full_name": "\ud83d\udc51Valerie\ud83d\udc51", "is_private": false, "profile_pic_url": "https://instagram.fhel2-1.fna.fbcdn.net/t51.2885-19/s150x150/17818381_355821264812191_2977294664144519168_a.jpg", "profile_pic_id": "1487599140187664347_521128721", "is_verified": false, "has_anonymous_profile_picture": false}, "has_older": true, "has_newer": false, "last_seen_at": {"2018677947": {"timestamp": "1494953594039751", "item_id": "27577026351323571624141736290287616"}}, "newest_cursor": "27577026351323571624141736290287616", "oldest_cursor": "27577026351323571624141736290287616", "is_spam": false}, {"thread_id": "340282366841710300949128128302167398620", "users": [{"pk": 4022868031, "username": "american.only", "full_name": "\ud83c\uddfa\ud83c\uddf8BEAUTY-\u041d\u041e\u0412\u0418\u041d\u041a\u0418 \u0418\u0417 \u0421\u0428\u0410\ud83c\uddfa\ud83c\uddf8", "is_private": false, "profile_pic_url": "https://instagram.fhel2-1.fna.fbcdn.net/t51.2885-19/s150x150/19052014_128370957743774_4687268681103704064_a.jpg", "profile_pic_id": "1536252952845546874_4022868031", "friendship_status": {"following": false, "blocking": false, "is_private": false, "incoming_request": false, "outgoing_request": false, "is_bestie": false}, "is_verified": false, "has_anonymous_profile_picture": false}], "left_users": [], "items": [{"item_id": "27577026070540699457308749564215296", "user_id": 2018677947, "timestamp": 1494953578818481, "item_type": "text", "text": "\u0421\u043c\u043e\u0442\u0440\u0438\u0442\u0435 \u043d\u0430 \u0441\u0430\u0439\u0442\u0435", "client_context": "b7e17169-b914-431f-bffd-c8ad9005b8fa"}], "last_activity_at": 1494953578818481, "muted": false, "is_pin": false, "named": false, "canonical": true, "pending": false, "thread_type": "private", "viewer_id": 2018677947, "thread_title": "american.only", "inviter": {"pk": 4022868031, "username": "american.only", "full_name": "\ud83c\uddfa\ud83c\uddf8BEAUTY-\u041d\u041e\u0412\u0418\u041d\u041a\u0418 \u0418\u0417 \u0421\u0428\u0410\ud83c\uddfa\ud83c\uddf8", "is_private": false, "profile_pic_url": "https://instagram.fhel2-1.fna.fbcdn.net/t51.2885-19/s150x150/19052014_128370957743774_4687268681103704064_a.jpg", "profile_pic_id": "1536252952845546874_4022868031", "is_verified": false, "has_anonymous_profile_picture": false}, "has_older": true, "has_newer": false, "last_seen_at": {"2018677947": {"timestamp": "1494953578818481", "item_id": "27577026070540699457308749564215296"}}, "newest_cursor": "27577026070540699457308749564215296", "oldest_cursor": "27577026070540699457308749564215296", "is_spam": false}, {"thread_id": "340282366841710300949128144385884327708", "users": [{"pk": 200557127, "username": "dar.yaaa__", "full_name": "\u2728\u0414\u0430\u0440\u044c\u044f \u041a\u043e\u043f\u044b\u043b\u043e\u0432\u0430\u2728", "is_private": false, "profile_pic_url": "https://instagram.fhel2-1.fna.fbcdn.net/t51.2885-19/s150x150/19984297_1457358657655086_5045509437951836160_a.jpg", "profile_pic_id": "1556974138286727557_200557127", "friendship_status": {"following": false, "blocking": false, "is_private": false, "incoming_request": false, "outgoing_request": false, "is_bestie": false}, "is_verified": false, "has_anonymous_profile_picture": false}], "left_users": [], "items": [{"item_id": "27577025702930146633657473373831168", "user_id": 2018677947, "timestamp": 1494953558890273, "item_type": "text", "text": "\u041f\u043e\u0434\u0440\u043e\u044c\u043d\u043e\u0441\u0442\u0438 \u0443 \u043f\u0440\u043e\u0434\u0430\u0432\u0446\u0430", "client_context": "b4f0b9ae-5f99-4d0c-972c-c07ae8612111"}], "last_activity_at": 1494953558890273, "muted": false, "is_pin": false, "named": false, "canonical": true, "pending": false, "thread_type": "private", "viewer_id": 2018677947, "thread_title": "dar.yaaa__", "inviter": {"pk": 200557127, "username": "dar.yaaa__", "full_name": "\u2728\u0414\u0430\u0440\u044c\u044f \u041a\u043e\u043f\u044b\u043b\u043e\u0432\u0430\u2728", "is_private": false, "profile_pic_url": "https://instagram.fhel2-1.fna.fbcdn.net/t51.2885-19/s150x150/19984297_1457358657655086_5045509437951836160_a.jpg", "profile_pic_id": "1556974138286727557_200557127", "is_verified": false, "has_anonymous_profile_picture": false}, "has_older": true, "has_newer": false, "last_seen_at": {"2018677947": {"timestamp": "1494953558890273", "item_id": "27577025702930146633657473373831168"}}, "newest_cursor": "27577025702930146633657473373831168", "oldest_cursor": "27577025702930146633657473373831168", "is_spam": false}, {"thread_id": "340282366841710300949128127902813312881", "users": [{"pk": 3024794465, "username": "prokat_38", "full_name": "\u041f\u0440\u043e\u043a\u0430\u0442 \u0438\u0433\u0440\u0443\u0448\u0435\u043a \u0418\u0440\u043a\u0443\u0442\u0441\u043a.\u0428\u0435\u043b\u0435\u0445\u043e\u0432", "is_private": false, "profile_pic_url": "https://instagram.fhel2-1.fna.fbcdn.net/t51.2885-19/s150x150/17127185_377134619352690_330059307460591616_a.jpg", "profile_pic_id": "1471585902374428868_3024794465", "friendship_status": {"following": true, "blocking": false, "is_private": false, "incoming_request": false, "outgoing_request": false, "is_bestie": false}, "is_verified": false, "has_anonymous_profile_picture": false}], "left_users": [], "items": [{"item_id": "27435772706232883935509476236328960", "user_id": 3024794465, "timestamp": 1487296218595810, "item_type": "text", "text": "\u0420\u0430\u0437\u043c\u0435\u0441\u0442\u0438\u0442\u0435 , \u043f\u043e\u0436\u0430\u043b\u0443\u0439\u0441\u0442\u0430, \u0421\u0434\u0430\u0435\u0442\u0441\u044f \u0441 1 \u043c\u0430\u0440\u0442\u0430 2017 \u0442\u0435\u043f\u043b\u0430\u044f, \u0441\u0432\u0435\u0442\u043b\u0430\u044f 1 \u043a\u043e\u043c\u043d\u0430\u0442\u043d\u0430\u044f \u043a\u0432\u0430\u0440\u0442\u0438\u0440\u0430  \u043d\u0430 \u0443\u043b. \u041c\u0430\u0440\u0430\u0442\u0430 (\u0440\u044f\u0434\u043e\u043c \u0441 \u0438\u0433\u043b\u0443, \u0441\u043a\u0432\u0435\u0440) \u0432 \u0442\u0438\u0445\u043e\u043c \u0438 \u0441\u043f\u043e\u043a\u043e\u0439\u043d\u043e\u043c \u043f\u043e\u0434'\u0435\u0437\u0434\u0435. \u0422\u043e\u043b\u044c\u043a\u043e \u043d\u0430 \u0434\u043b\u0438\u0442\u0435\u043b\u044c\u043d\u044b\u0439 \u0441\u0440\u043e\u043a. 20 \u0442\u0440 + \u0434\u0435\u043f\u043e\u0437\u0438\u0442. (\u0432\u043e\u0434\u0430 \u0438 \u044d\u043b\u0435\u043a\u0442\u0440\u043e\u044d\u043d\u0435\u0440\u0433\u0438\u044f \u043f\u043e \u0441\u0447\u0435\u0442\u0447\u0438\u043a\u0430\u043c) . \u041a\u043e\u0441\u043c\u0435\u0442\u0438\u0447\u0435\u0441\u043a\u0438\u0439 \u0440\u0435\u043c\u043e\u043d\u0442, \u043d\u0430\u0442\u044f\u0436\u043d\u043e\u0439 \u043f\u043e\u0442\u043e\u043b\u043e\u043a, \u0445\u043e\u043b\u043e\u0434\u0438\u043b\u044c\u043d\u0438\u043a, \u0434\u0438\u0432\u0430\u043d, \u043c\u0438\u043a\u0440\u043e\u0432\u043e\u043b\u043d\u043e\u0432\u043a\u0430, \u0447\u0430\u0439\u043d\u0438\u043a, \u0441\u0442\u0438\u0440\u0430\u043b\u044c\u043d\u0430\u044f \u043c\u0430\u0448\u0438\u043d\u0430, \u0427\u0430\u0441\u0442\u0438\u0447\u043d\u043e \u043f\u043e\u0441\u0443\u0434\u0430 \u0438 \u0434\u0440\u0443\u0433\u043e\u0435. 89025603730 \u042e\u043b\u0438\u044f. (\u0421\u043e\u0431\u0441\u0442\u0432\u0435\u043d\u043d\u0438\u043a). \u0424\u043e\u0442\u043e \u043f\u043e\u0437\u0436\u0435 \u043c\u043e\u0433\u0443 \u043e\u0442\u043f\u0440\u0430\u0432\u0438\u0442\u044c."}], "last_activity_at": 1487296218595810, "muted": false, "is_pin": false, "named": false, "canonical": true, "pending": false, "thread_type": "private", "viewer_id": 2018677947, "thread_title": "prokat_38", "inviter": {"pk": 3024794465, "username": "prokat_38", "full_name": "\u041f\u0440\u043e\u043a\u0430\u0442 \u0438\u0433\u0440\u0443\u0448\u0435\u043a \u0418\u0440\u043a\u0443\u0442\u0441\u043a.\u0428\u0435\u043b\u0435\u0445\u043e\u0432", "is_private": false, "profile_pic_url": "https://instagram.fhel2-1.fna.fbcdn.net/t51.2885-19/s150x150/17127185_377134619352690_330059307460591616_a.jpg", "profile_pic_id": "1471585902374428868_3024794465", "is_verified": false, "has_anonymous_profile_picture": false}, "has_older": true, "has_newer": false, "last_seen_at": {"2018677947": {"timestamp": "1487296218595810", "item_id": "27435772706232883935509476236328960"}}, "newest_cursor": "27435772706232883935509476236328960", "oldest_cursor": "27435772706232883935509476236328960", "is_spam": false}, {"thread_id": "340282366841710300949128137221077322711", "users": [{"pk": 3954385783, "username": "resniznya_feya", "full_name": "\u041d\u0410\u0420\u0410\u0429\u0418\u0412\u0410\u041d\u0418\u0415 \u0420\u0415\u0421\u041d\u0418\u0426  \u0418\u0420\u041a\u0423\u0422\u0421\u041a\ud83d\udc40", "is_private": false, "profile_pic_url": "https://instagram.fhel2-1.fna.fbcdn.net/t51.2885-19/s150x150/19534087_487722661567403_5271488369136762880_a.jpg", "profile_pic_id": "1549397862255811181_3954385783", "friendship_status": {"following": true, "blocking": false, "is_private": false, "incoming_request": false, "outgoing_request": false, "is_bestie": false}, "is_verified": false, "has_anonymous_profile_picture": false}], "left_users": [], "items": [{"item_id": "27329159230866300105252604913647616", "user_id": 2018677947, "timestamp": 1481516690515376, "item_type": "text", "text": "\u0421\u043c\u043e\u0442\u0440\u0438\u0442\u0435 \u043d\u0430 \u0441\u0430\u0439\u0442\u0435", "client_context": "748d4d46-2d59-4a0b-bd0e-ec4d63473237"}], "last_activity_at": 1481516690515376, "muted": false, "is_pin": false, "named": false, "canonical": true, "pending": false, "thread_type": "private", "viewer_id": 2018677947, "thread_title": "resniznya_feya", "inviter": {"pk": 3954385783, "username": "resniznya_feya", "full_name": "\u041d\u0410\u0420\u0410\u0429\u0418\u0412\u0410\u041d\u0418\u0415 \u0420\u0415\u0421\u041d\u0418\u0426  \u0418\u0420\u041a\u0423\u0422\u0421\u041a\ud83d\udc40", "is_private": false, "profile_pic_url": "https://instagram.fhel2-1.fna.fbcdn.net/t51.2885-19/s150x150/19534087_487722661567403_5271488369136762880_a.jpg", "profile_pic_id": "1549397862255811181_3954385783", "is_verified": false, "has_anonymous_profile_picture": false}, "has_older": true, "has_newer": false, "last_seen_at": {"2018677947": {"timestamp": "1481516690515376", "item_id": "27329159230866300105252604913647616"}}, "newest_cursor": "27329159230866300105252604913647616", "oldest_cursor": "27329159230866300105252604913647616", "is_spam": false}, {"thread_id": "340282366841710300949128126448452366487", "users": [{"pk": 1514444195, "username": "soyolma.mansheeva", "full_name": "\u0421\u043e\u0435\u043b\u043c\u0430 \u041c\u0430\u043d\u0448\u0435\u0435\u0432\u0430", "is_private": false, "profile_pic_url": "https://instagram.fhel2-1.fna.fbcdn.net/t51.2885-19/s150x150/15803554_231360007312937_5535380080450076672_a.jpg", "profile_pic_id": "1418893570479660774_1514444195", "friendship_status": {"following": false, "blocking": false, "is_private": false, "incoming_request": false, "outgoing_request": false, "is_bestie": false}, "is_verified": false, "has_anonymous_profile_picture": false}, {"pk": 1612187996, "username": "marina_pinaeva07", "full_name": "Marina", "is_private": true, "profile_pic_url": "https://instagram.fhel2-1.fna.fbcdn.net/t51.2885-19/s150x150/17661820_124778081393338_5002858883694198784_a.jpg", "profile_pic_id": "1482247301707550746_1612187996", "friendship_status": {"following": false, "blocking": false, "is_private": true, "incoming_request": false, "outgoing_request": false, "is_bestie": false}, "is_verified": false, "has_anonymous_profile_picture": false}, {"pk": 1692188659, "username": "prodvizhenie_biznesa", "full_name": "\u041f\u0440\u043e\u0434\u0432\u0438\u0436\u0435\u043d\u0438\u0435 \u0432\u0430\u0448\u0435\u0433\u043e \u0431\u0438\u0437\u043d\u0435\u0441\u0430", "is_private": false, "profile_pic_url": "https://instagram.fhel2-1.fna.fbcdn.net/t51.2885-19/10454169_1440053096287387_888858082_a.jpg", "friendship_status": {"following": false, "blocking": false, "is_private": false, "incoming_request": false, "outgoing_request": false, "is_bestie": false}, "is_verified": false, "has_anonymous_profile_picture": false}, {"pk": 1705537167, "username": "Instagrammer", "full_name": "", "is_private": false, "profile_pic_url": "https://ig-s-a-a.akamaihd.net/h-ak-igx/t51.2885-19/11906329_960233084022564_1448528159_a.jpg", "friendship_status": {"following": false, "blocking": false, "is_private": false, "incoming_request": false, "outgoing_request": false, "is_bestie": false}, "is_verified": false, "is_active": false, "has_anonymous_profile_picture": true}, {"pk": 2260172923, "username": "prodvijenie__inst", "full_name": "\u25c9 \u041f\u0420\u041e\u0414\u0412\u0418\u0416\u0415\u041d\u0418\u0415, \u0420\u0410\u0421\u041a\u0420\u0423\u0422\u041a\u0410", "is_private": false, "profile_pic_url": "https://instagram.fhel2-1.fna.fbcdn.net/t51.2885-19/s150x150/14350841_174119846364318_2239006978716205056_a.jpg", "profile_pic_id": "1347172594797028750_2260172923", "friendship_status": {"following": false, "blocking": false, "is_private": false, "incoming_request": false, "outgoing_request": false, "is_bestie": false}, "is_verified": false, "has_anonymous_profile_picture": false}, {"pk": 3071109943, "username": "baldanovu", "full_name": "\u0411\u0430\u043b\u0434\u0430\u043d\u043e\u0432\u0430 \u042e\u043b\u0438\u044f", "is_private": false, "profile_pic_url": "https://ig-s-a-a.akamaihd.net/h-ak-igx/t51.2885-19/11906329_960233084022564_1448528159_a.jpg", "friendship_status": {"following": false, "blocking": false, "is_private": false, "incoming_request": false, "outgoing_request": false, "is_bestie": false}, "is_verified": false, "has_anonymous_profile_picture": true}, {"pk": 3138013984, "username": "ekaterina_wedding_planner_03", "full_name": "\u0415\u043a\u0430\u0442\u0435\u0440\u0438\u043d\u0430 \u041a\u043e\u0440\u043d\u0430\u043a\u043e\u0432\u0430", "is_private": false, "profile_pic_url": "https://instagram.fhel2-1.fna.fbcdn.net/t51.2885-19/s150x150/17882596_301302016958644_5821942596246700032_a.jpg", "profile_pic_id": "1494671167628342739_3138013984", "friendship_status": {"following": false, "blocking": false, "is_private": false, "incoming_request": false, "outgoing_request": false, "is_bestie": false}, "is_verified": false, "has_anonymous_profile_picture": false}, {"pk": 3599905632, "username": "prostor_uu", "full_name": "\u041d\u0435\u0434\u0432\u0438\u0436\u0438\u043c\u043e\u0441\u0442\u044c \u0432 \u0423\u043b\u0430\u043d-\u0423\u0434\u044d", "is_private": false, "profile_pic_url": "https://instagram.fhel2-1.fna.fbcdn.net/t51.2885-19/s150x150/14072788_550072265198768_1019854125_a.jpg", "profile_pic_id": "1330310492475935647_3599905632", "friendship_status": {"following": true, "blocking": false, "is_private": false, "incoming_request": false, "outgoing_request": false, "is_bestie": false}, "is_verified": false, "has_anonymous_profile_picture": false}, {"pk": 3636539773, "username": "Instagrammer", "full_name": "", "is_private": false, "profile_pic_url": "https://ig-s-a-a.akamaihd.net/h-ak-igx/t51.2885-19/11906329_960233084022564_1448528159_a.jpg", "friendship_status": {"following": false, "blocking": false, "is_private": false, "incoming_request": false, "outgoing_request": false, "is_bestie": false}, "is_verified": false, "is_active": false, "has_anonymous_profile_picture": true}, {"pk": 3657626385, "username": "olga.khl", "full_name": "Olga", "is_private": false, "profile_pic_url": "https://instagram.fhel2-1.fna.fbcdn.net/t51.2885-19/s150x150/18947760_635965473281097_7518483252584120320_a.jpg", "profile_pic_id": "1529211783159374981_3657626385", "friendship_status": {"following": false, "blocking": false, "is_private": false, "incoming_request": false, "outgoing_request": false, "is_bestie": false}, "is_verified": false, "has_anonymous_profile_picture": false}, {"pk": 3905049476, "username": "dugarovatuya08", "full_name": "dugarova tuyana", "is_private": true, "profile_pic_url": "https://instagram.fhel2-1.fna.fbcdn.net/t51.2885-19/s150x150/14156149_1698137250506753_1231104591_a.jpg", "profile_pic_id": "1335596211125739268_3905049476", "friendship_status": {"following": false, "blocking": false, "is_private": true, "incoming_request": false, "outgoing_request": false, "is_bestie": false}, "is_verified": false, "has_anonymous_profile_picture": false}, {"pk": 4057833698, "username": "hair_ulanude", "full_name": "\u0413\u043e\u043b\u043b\u0438\u0432\u0443\u0434\u0441\u043a\u043e\u0435 \u041d\u0430\u0440\u0430\u0449\u0438\u0432\u0430\u043d\u0438\u0435 \u0412\u043e\u043b\u043e\u0441", "is_private": false, "profile_pic_url": "https://instagram.fhel2-1.fna.fbcdn.net/t51.2885-19/s150x150/14676508_1743613709233111_768036913843011584_a.jpg", "profile_pic_id": "1364543256478496176_4057833698", "friendship_status": {"following": false, "blocking": false, "is_private": false, "incoming_request": false, "outgoing_request": false, "is_bestie": false}, "is_verified": false, "has_anonymous_profile_picture": false}, {"pk": 4096061074, "username": "novoseliedom.ru", "full_name": "\u0416\u041a \ud83c\udfbc \u041c\u0415\u041b\u041e\u0414\u0418\u042f \ud83c\udfbc", "is_private": false, "profile_pic_url": "https://instagram.fhel2-1.fna.fbcdn.net/t51.2885-19/s150x150/20066562_1098298690305091_5765915396410441728_a.jpg", "profile_pic_id": "1561921965559058578_4096061074", "friendship_status": {"following": false, "blocking": false, "is_private": false, "incoming_request": false, "outgoing_request": false, "is_bestie": false}, "is_verified": false, "has_anonymous_profile_picture": false}, {"pk": 4201667339, "username": "chinatownulanude", "full_name": "CHINATOWN IN ULAN-UDE", "is_private": false, "profile_pic_url": "https://instagram.fhel2-1.fna.fbcdn.net/t51.2885-19/s150x150/15305931_367884200215765_2632443059819773952_n.jpg", "profile_pic_id": "1393542611133907595_4201667339", "friendship_status": {"following": false, "blocking": false, "is_private": false, "incoming_request": false, "outgoing_request": false, "is_bestie": false}, "is_verified": false, "has_anonymous_profile_picture": false}, {"pk": 4232410771, "username": "armelle_baikal", "full_name": "\u0415\u0432\u0433\u0435\u043d\u0438\u044f", "is_private": false, "profile_pic_url": "https://instagram.fhel2-1.fna.fbcdn.net/t51.2885-19/s150x150/16110475_1256688031033500_8144111665210720256_a.jpg", "profile_pic_id": "1436951896186587418_4232410771", "friendship_status": {"following": false, "blocking": false, "is_private": false, "incoming_request": false, "outgoing_request": false, "is_bestie": false}, "is_verified": false, "has_anonymous_profile_picture": false}], "left_users": [], "items": [{"item_id": "27321528127413968093656594914476032", "user_id": 4096061074, "timestamp": 1481103007568302, "item_type": "text", "text": "\u0414\u043e\u0431\u0440\u044b\u0439 \u0434\u0435\u043d\u044c. \u0421\u0442\u0440\u043e\u0438\u0442\u0435\u043b\u044c\u043d\u0430\u044f \u043a\u043e\u043c\u043f\u0430\u043d\u0438\u044f '\u041d\u043e\u0432\u043e\u0441\u0435\u043b\u044c\u0435' \u043f\u0440\u0438\u0433\u043b\u0430\u0448\u0430\u0435\u0442 \u0432\u0430\u0441 \u043a \u0441\u043e\u0442\u0440\u0443\u0434\u043d\u0438\u0447\u0435\u0441\u0442\u0432\u0443 \u043f\u043e \u043f\u0440\u043e\u0434\u0430\u0436\u0430\u043c \u043a\u0432\u0430\u0440\u0442\u0438\u0440 \u0432 \u0441\u0442\u0440\u043e\u044f\u0449\u0435\u043c\u0441\u044f \u0416\u041a '\u041c\u0435\u043b\u043e\u0434\u0438\u044f' \u0432 \u041a\u0440\u0430\u0441\u043d\u043e\u0434\u0430\u0440\u0441\u043a\u043e\u043c \u041a\u0440\u0430\u0435 \u0432 \u0446\u0435\u043d\u0442\u0440\u0435 \u0433\u043e\u0440\u043e\u0434\u0430-\u043a\u0443\u0440\u043e\u0440\u0442\u0430 \u0413\u043e\u0440\u044f\u0447\u0438\u0439 \u041a\u043b\u044e\u0447 \u043f\u043e \u0430\u0434\u0440\u0435\u0441\u0443 \u0443\u043b. \u0420\u044f\u0431\u0438\u043d\u043e\u0432\u0430\u044f 2\u0412. \u041f\u043e 214 \u0424\u0417 \u0441\u0442\u0440\u043e\u0438\u0442\u0435\u043b\u044c\u0441\u0442\u0432\u043e!\n\u0422\u0430\u043a \u0436\u0435 \u0438\u043c\u0435\u044e\u0442\u0441\u044f \u0433\u043e\u0442\u043e\u0432\u044b\u0435 \u043a\u0432\u0430\u0440\u0442\u0438\u0440\u044b \u0440\u0430\u0437\u043d\u044b\u0445 \u043f\u043b\u0430\u043d\u0438\u0440\u043e\u0432\u043e\u043a \u0441\u043e \u0441\u0432\u0438\u0434\u0435\u0442\u0435\u043b\u044c\u0441\u0442\u0432\u043e\u043c.\n \u041e\u043f\u043b\u0430\u0442\u0430 3% \u043e\u0442 \u0441\u0443\u043c\u043c\u044b \u0441\u0434\u0435\u043b\u043a\u0438. \u0422\u0435\u043b 8-918-650-07-16 \u0417\u0430\u0441\u0442\u0440\u043e\u0439\u0449\u0438\u043a!\n\u0422\u0430\u043a \u0436\u0435 \u0435\u0441\u0442\u044c  \u043a\u0432\u0430\u0440\u0442\u0438\u0440\u044b \u0441\u043e \u0441\u0432\u0438\u0434\u0435\u0442\u0435\u043b\u044c\u0441\u0442\u0432\u043e\u043c \u043f\u043e \u0443\u043b \u041a\u0438\u0440\u0438\u0447\u0435\u043d\u043a\u043e 7"}], "last_activity_at": 1481103007568302, "muted": false, "is_pin": false, "named": false, "canonical": true, "pending": false, "thread_type": "private", "viewer_id": 2018677947, "thread_title": "__deleted__bhiebeaaadfadggej, armelle_baikal, baldanovu, chinatownulanude, dugarovatuya08, ekaterina_wedding_planner_03, gacagex1414, hair_ulanude, marina_pinaeva07, novoseliedom.ru, olga.khl, prodvijenie__inst, prodvizhenie_biznesa, prostor_uu, soyolma.mansheeva", "inviter": {"pk": 3599905632, "username": "prostor_uu", "full_name": "\u041d\u0435\u0434\u0432\u0438\u0436\u0438\u043c\u043e\u0441\u0442\u044c \u0432 \u0423\u043b\u0430\u043d-\u0423\u0434\u044d", "is_private": false, "profile_pic_url": "https://instagram.fhel2-1.fna.fbcdn.net/t51.2885-19/s150x150/14072788_550072265198768_1019854125_a.jpg", "profile_pic_id": "1330310492475935647_3599905632", "is_verified": false, "has_anonymous_profile_picture": false}, "has_older": true, "has_newer": false, "last_seen_at": {"2018677947": {"timestamp": "1481103007568302", "item_id": "27321528127413968093656594914476032"}}, "newest_cursor": "27321528127413968093656594914476032", "oldest_cursor": "27321528127413968093656594914476032", "is_spam": false}, {"thread_id": "340282366841710300949128127010637336636", "users": [{"pk": 1501650920, "username": "lylechek0809", "full_name": "\u042e\u043b\u0438\u044f", "is_private": true, "profile_pic_url": "https://instagram.fhel2-1.fna.fbcdn.net/t51.2885-19/s150x150/18879185_159563511249590_2017177192097644544_a.jpg", "profile_pic_id": "1528075362923180239_1501650920", "friendship_status": {"following": false, "blocking": false, "is_private": true, "incoming_request": false, "outgoing_request": false, "is_bestie": false}, "is_verified": false, "has_anonymous_profile_picture": false}], "left_users": [], "items": [{"item_id": "27291949237326096808973981867573248", "user_id": 2018677947, "timestamp": 1479499532723653, "item_type": "text", "text": "\u0421\u043c\u043e\u0442\u0440\u0438\u0442\u0435 \u043d\u0430 \u0441\u0430\u0439\u0442\u0435", "client_context": "3d6c69bd-f808-494e-8df6-6988e36d2b6c"}], "last_activity_at": 1479499532723653, "muted": false, "is_pin": false, "named": false, "canonical": true, "pending": false, "thread_type": "private", "viewer_id": 2018677947, "thread_title": "lylechek0809", "inviter": {"pk": 1501650920, "username": "lylechek0809", "full_name": "\u042e\u043b\u0438\u044f", "is_private": true, "profile_pic_url": "https://instagram.fhel2-1.fna.fbcdn.net/t51.2885-19/s150x150/18879185_159563511249590_2017177192097644544_a.jpg", "profile_pic_id": "1528075362923180239_1501650920", "is_verified": false, "has_anonymous_profile_picture": false}, "has_older": true, "has_newer": false, "last_seen_at": {"2018677947": {"timestamp": "1479499532723653", "item_id": "27291949237326096808973981867573248"}}, "newest_cursor": "27291949237326096808973981867573248", "oldest_cursor": "27291949237326096808973981867573248", "is_spam": false}, {"thread_id": "340282366841710300949128128374182313408", "users": [{"pk": 594955295, "username": "eka1011_", "full_name": "\u0415\u043a\u0430 \u041f\u0430\u043b\u044c\u0446\u0435\u0432\u0430 (\u0427\u0435\u0440\u043d\u044b\u0445)", "is_private": false, "profile_pic_url": "https://instagram.fhel2-1.fna.fbcdn.net/t51.2885-19/s150x150/15057360_147330539076445_4475930945538490368_a.jpg", "profile_pic_id": "1389676215161473461_594955295", "friendship_status": {"following": false, "blocking": false, "is_private": false, "incoming_request": false, "outgoing_request": false, "is_bestie": false}, "is_verified": false, "has_anonymous_profile_picture": false}], "left_users": [], "items": [{"item_id": "27289851462471628503217252302061568", "user_id": 2018677947, "timestamp": 1479385812120923, "item_type": "text", "text": "\u0421\u0430\u043c\u0438 \u0431\u0435\u0440\u0435\u043c", "client_context": "81e48af3-4c2d-424e-840a-83fa3c1ef50c"}], "last_activity_at": 1479385812120923, "muted": false, "is_pin": false, "named": false, "canonical": true, "pending": false, "thread_type": "private", "viewer_id": 2018677947, "thread_title": "eka1011_", "inviter": {"pk": 2018677947, "username": "arenda_kvartir_bez_posrednikov", "full_name": "\u0410\u0440\u0435\u043d\u0434\u0430 \u0411\u0435\u0437 \u041f\u043e\u0441\u0440\u0435\u0434\u043d\u0438\u043a\u043e\u0432 \ud83d\udc4d", "is_private": false, "profile_pic_url": "https://instagram.fhel2-1.fna.fbcdn.net/t51.2885-19/s150x150/13712379_831467443656698_786448455_a.jpg", "profile_pic_id": "1299828878990588026_2018677947", "is_verified": false, "has_anonymous_profile_picture": false}, "has_older": true, "has_newer": false, "last_seen_at": {"2018677947": {"timestamp": "1479385812120923", "item_id": "27289851462471628503217252302061568"}}, "newest_cursor": "27289851462471628503217252302061568", "oldest_cursor": "27289851462471628503217252302061568", "is_spam": false}, {"thread_id": "340282366841710300949128135672321277095", "users": [{"pk": 3235213601, "username": "irk1994", "full_name": "\u2735 \u0411\u0440\u044b\u0437\u0433\u0430\u043b\u043e\u0432 \u0410\u043b\u0435\u043a\u0441\u0430\u043d\u0434\u0440 \u2735", "is_private": false, "profile_pic_url": "https://instagram.fhel2-1.fna.fbcdn.net/t51.2885-19/s150x150/17881540_1795805997404072_5859010290019991552_a.jpg", "profile_pic_id": "1489742855126820959_3235213601", "friendship_status": {"following": true, "blocking": false, "is_private": false, "incoming_request": false, "outgoing_request": false, "is_bestie": false}, "is_verified": false, "has_anonymous_profile_picture": false}], "left_users": [], "items": [{"item_id": "27277858080291245673498407056965632", "user_id": 3235213601, "timestamp": 1478735649570152, "item_type": "text", "text": "\u041e\u043a"}], "last_activity_at": 1478735649570152, "muted": false, "is_pin": false, "named": false, "canonical": true, "pending": false, "thread_type": "private", "viewer_id": 2018677947, "thread_title": "irk1994", "inviter": {"pk": 3235213601, "username": "irk1994", "full_name": "\u2735 \u0411\u0440\u044b\u0437\u0433\u0430\u043b\u043e\u0432 \u0410\u043b\u0435\u043a\u0441\u0430\u043d\u0434\u0440 \u2735", "is_private": false, "profile_pic_url": "https://instagram.fhel2-1.fna.fbcdn.net/t51.2885-19/s150x150/17881540_1795805997404072_5859010290019991552_a.jpg", "profile_pic_id": "1489742855126820959_3235213601", "is_verified": false, "has_anonymous_profile_picture": false}, "has_older": true, "has_newer": false, "last_seen_at": {"2018677947": {"timestamp": "1478735649570152", "item_id": "27277858080291245673498407056965632"}}, "newest_cursor": "27277858080291245673498407056965632", "oldest_cursor": "27277858080291245673498407056965632", "is_spam": false}, {"thread_id": "340282366841710300949128134401575319382", "users": [{"pk": 3599905632, "username": "prostor_uu", "full_name": "\u041d\u0435\u0434\u0432\u0438\u0436\u0438\u043c\u043e\u0441\u0442\u044c \u0432 \u0423\u043b\u0430\u043d-\u0423\u0434\u044d", "is_private": false, "profile_pic_url": "https://instagram.fhel2-1.fna.fbcdn.net/t51.2885-19/s150x150/14072788_550072265198768_1019854125_a.jpg", "profile_pic_id": "1330310492475935647_3599905632", "friendship_status": {"following": true, "blocking": false, "is_private": false, "incoming_request": false, "outgoing_request": false, "is_bestie": false}, "is_verified": false, "has_anonymous_profile_picture": false}], "left_users": [], "items": [{"item_id": "27273972265099931502717642884513792", "user_id": 3599905632, "timestamp": 1478524999106537, "item_type": "text", "text": "\u0421\u043f\u0430\u0441\u0438\u0431\u043e. \u041f\u043e\u0434\u0443\u043c\u0430\u0435\u043c."}], "last_activity_at": 1478524999106537, "muted": false, "is_pin": false, "named": false, "canonical": true, "pending": false, "thread_type": "private", "viewer_id": 2018677947, "thread_title": "prostor_uu", "inviter": {"pk": 3599905632, "username": "prostor_uu", "full_name": "\u041d\u0435\u0434\u0432\u0438\u0436\u0438\u043c\u043e\u0441\u0442\u044c \u0432 \u0423\u043b\u0430\u043d-\u0423\u0434\u044d", "is_private": false, "profile_pic_url": "https://instagram.fhel2-1.fna.fbcdn.net/t51.2885-19/s150x150/14072788_550072265198768_1019854125_a.jpg", "profile_pic_id": "1330310492475935647_3599905632", "is_verified": false, "has_anonymous_profile_picture": false}, "has_older": true, "has_newer": false, "last_seen_at": {"2018677947": {"timestamp": "1478524999106537", "item_id": "27273972265099931502717642884513792"}}, "newest_cursor": "27273972265099931502717642884513792", "oldest_cursor": "27273972265099931502717642884513792", "is_spam": false}, {"thread_id": "340282366841710300949128112725405413497", "users": [{"pk": 4001458453, "username": "sport_girl___moscow", "full_name": "sport_girl___moscow", "is_private": false, "profile_pic_url": "https://instagram.fhel2-1.fna.fbcdn.net/t51.2885-19/s150x150/19050453_229350914236723_2554481547902189568_a.jpg", "profile_pic_id": "1535523185533856468_4001458453", "friendship_status": {"following": false, "blocking": false, "is_private": false, "incoming_request": false, "outgoing_request": false, "is_bestie": false}, "is_verified": false, "has_anonymous_profile_picture": false}], "left_users": [], "items": [{"item_id": "27266186815901882737054768380772352", "user_id": 2018677947, "timestamp": 1478102949059822, "item_type": "text", "text": "\u041d\u0435 \u043f\u0440\u043e\u0442\u0438\u0432", "client_context": "20d82dec-20cd-460d-8d95-8552437c8944"}], "last_activity_at": 1478102949059822, "muted": false, "is_pin": false, "named": false, "canonical": true, "pending": false, "thread_type": "private", "viewer_id": 2018677947, "thread_title": "sport_girl___moscow", "inviter": {"pk": 4001458453, "username": "sport_girl___moscow", "full_name": "sport_girl___moscow", "is_private": false, "profile_pic_url": "https://instagram.fhel2-1.fna.fbcdn.net/t51.2885-19/s150x150/19050453_229350914236723_2554481547902189568_a.jpg", "profile_pic_id": "1535523185533856468_4001458453", "is_verified": false, "has_anonymous_profile_picture": false}, "has_older": true, "has_newer": false, "last_seen_at": {"2018677947": {"timestamp": "1478102949059822", "item_id": "27266186815901882737054768380772352"}}, "newest_cursor": "27266186815901882737054768380772352", "oldest_cursor": "27266186815901882737054768380772352", "is_spam": false}], "has_older": true, "unseen_count": 0, "unseen_count_ts": 1500830866354652, "oldest_cursor": "AQAGSy3-aIshxvz53kKgX5uE800k8nymIhpyBMLtzESmkmQlihgttDU5_VjKkoLGt6mZx5buRkuHMDelvTbl8qiJAh2uYAqal4GpUsFbIyvsnQ"}, "seq_id": 508, "pending_requests_total": 0, "pending_requests_users": [], "status": "ok"}

[1;34mGET:  [0mnews/inbox/?activity_module=all
[0;32m‚Üê 200 	 11.67kB[0m
[0;36mRESPONSE: [0m{"aymf": {"items": [{"user": {"pk": "5757822589", "username": "krvl30", "full_name": "\u041a\u0438\u0440\u0438\u043b\u043b \u041c\u0430\u0442\u0432\u0435\u0435\u0432", "is_private": false, "profile_pic_url": "https://instagram.fhel2-1.fna.fbcdn.net/t51.2885-19/s150x150/20067066_406294559767916_6639061713448599552_a.jpg", "profile_pic_id": "1562607566540937225_5757822589", "is_verified": false, "has_anonymous_profile_picture": false}, "algorithm": "ig_weekly_new_normal_followings_of_normal_followings_algorithm", "social_context": "New to Instagram", "icon": "", "caption": "", "media_ids": [], "thumbnail_urls": [], "large_urls": [], "media_infos": [], "value": 0.17737713, "is_new_suggestion": true}, {"user": {"pk": "1547682302", "username": "lenavush", "full_name": "\u0415\u043b\u0435\u043d\u0430", "is_private": false, "profile_pic_url": "https://instagram.fhel2-1.fna.fbcdn.net/t51.2885-19/s150x150/18581032_1198261620303629_6793133151112658944_a.jpg", "profile_pic_id": "1519651399808725341_1547682302", "is_verified": false, "has_anonymous_profile_picture": false}, "algorithm": "ig_normal_followings_of_normal_followings_algorithm", "social_context": "Followed by _kristinaegorova_ + 1 more", "icon": "", "caption": "", "media_ids": [], "thumbnail_urls": [], "large_urls": [], "media_infos": [], "value": 0.12975039, "is_new_suggestion": false}, {"user": {"pk": "5760905963", "username": "pasechnik_angelina_", "full_name": "\u0410\u043d\u0433\u0435\u043b\u0438\u043d\u0430 \u0421\u0443\u0432\u043e\u0440\u043e\u0432\u0430\ud83d\ude0e", "is_private": false, "profile_pic_url": "https://instagram.fhel2-1.fna.fbcdn.net/t51.2885-19/s150x150/20181151_287391545062462_4007144245956706304_a.jpg", "profile_pic_id": "1562816652109545837_5760905963", "is_verified": false, "has_anonymous_profile_picture": false}, "algorithm": "ig_weekly_new_normal_followings_of_normal_followings_algorithm", "social_context": "New to Instagram", "icon": "", "caption": "", "media_ids": [], "thumbnail_urls": [], "large_urls": [], "media_infos": [], "value": 0.16390068, "is_new_suggestion": true}, {"user": {"pk": "5753955775", "username": "alexsandr_alexsandrovitch", "full_name": "Alexsandr", "is_private": false, "profile_pic_url": "https://instagram.fhel2-1.fna.fbcdn.net/t51.2885-19/s150x150/20181301_116566328970361_5376086039863492608_a.jpg", "profile_pic_id": "1561771396227593233_5753955775", "is_verified": false, "has_anonymous_profile_picture": false}, "algorithm": "ig_weekly_new_normal_followings_of_normal_followings_algorithm", "social_context": "New to Instagram", "icon": "", "caption": "", "media_ids": [], "thumbnail_urls": [], "large_urls": [], "media_infos": [], "value": 0.18765401, "is_new_suggestion": true}, {"user": {"pk": "5761289628", "username": "saitovaoxana", "full_name": "Oxana Saitova", "is_private": false, "profile_pic_url": "https://instagram.fhel2-1.fna.fbcdn.net/t51.2885-19/s150x150/20225401_158258761402193_5673542310709690368_a.jpg", "profile_pic_id": "1563160429780461167_5761289628", "is_verified": false, "has_anonymous_profile_picture": false}, "algorithm": "ig_weekly_new_normal_followings_of_normal_followings_algorithm", "social_context": "New to Instagram", "icon": "", "caption": "", "media_ids": [], "thumbnail_urls": [], "large_urls": [], "media_infos": [], "value": 0.09089586, "is_new_suggestion": true}, {"user": {"pk": "5752808213", "username": "skam_forever_in_our_heart", "full_name": "SKAM", "is_private": false, "profile_pic_url": "https://instagram.fhel2-1.fna.fbcdn.net/t51.2885-19/s150x150/20184217_269518270196611_321636399851765760_a.jpg", "profile_pic_id": "1561653454269647523_5752808213", "is_verified": false, "has_anonymous_profile_picture": false}, "algorithm": "ig_weekly_new_normal_followings_of_normal_followings_algorithm", "social_context": "New to Instagram", "icon": "", "caption": "", "media_ids": [], "thumbnail_urls": [], "large_urls": [], "media_infos": [], "value": 0.17227906, "is_new_suggestion": true}, {"user": {"pk": "4794901601", "username": "shiniavskiidmitrii", "full_name": "\u0414\u043c\u0438\u0442\u0440\u0438\u0439 \u0448\u0438\u043d\u044f\u0432\u0441\u043a\u0438\u0439", "is_private": false, "profile_pic_url": "https://instagram.fhel2-1.fna.fbcdn.net/t51.2885-19/11906329_960233084022564_1448528159_a.jpg", "is_verified": false, "has_anonymous_profile_picture": true}, "algorithm": "followers_algorithm", "social_context": "Follows you", "icon": "", "caption": "", "media_ids": [], "thumbnail_urls": [], "large_urls": [], "media_infos": [], "value": 0.0213635, "is_new_suggestion": false}, {"user": {"pk": "5752934366", "username": "waynegraham14", "full_name": "Wayne Graham", "is_private": false, "profile_pic_url": "https://instagram.fhel2-1.fna.fbcdn.net/t51.2885-19/s150x150/20067080_1876740665908091_4098610595341795328_a.jpg", "profile_pic_id": "1561815228155589244_5752934366", "is_verified": false, "has_anonymous_profile_picture": false}, "algorithm": "ig_weekly_new_normal_followings_of_normal_followings_algorithm", "social_context": "New to Instagram", "icon": "", "caption": "", "media_ids": [], "thumbnail_urls": [], "large_urls": [], "media_infos": [], "value": 0.0994556, "is_new_suggestion": true}, {"user": {"pk": "5752794284", "username": "tainarakezia", "full_name": "Tainara Kezia", "is_private": false, "profile_pic_url": "https://instagram.fhel2-1.fna.fbcdn.net/t51.2885-19/s150x150/20065692_200311003832996_3871478272164364288_a.jpg", "profile_pic_id": "1561733000755319455_5752794284", "is_verified": false, "has_anonymous_profile_picture": false}, "algorithm": "ig_weekly_new_normal_followings_of_normal_followings_algorithm", "social_context": "New to Instagram", "icon": "", "caption": "", "media_ids": [], "thumbnail_urls": [], "large_urls": [], "media_infos": [], "value": 0.14589535, "is_new_suggestion": true}, {"user": {"pk": "5747173018", "username": "bekbossynovazhanna", "full_name": "Zhanna Bekbossynova", "is_private": false, "profile_pic_url": "https://instagram.fhel2-1.fna.fbcdn.net/t51.2885-19/s150x150/19986140_1340697532709968_5487022871865720832_a.jpg", "profile_pic_id": "1560687722166513033_5747173018", "is_verified": false, "has_anonymous_profile_picture": false}, "algorithm": "ig_weekly_new_normal_followings_of_normal_followings_algorithm", "social_context": "New to Instagram", "icon": "", "caption": "", "media_ids": [], "thumbnail_urls": [], "large_urls": [], "media_infos": [], "value": 0.01954912, "is_new_suggestion": true}, {"user": {"pk": "5542404758", "username": "maria_muz.k", "full_name": "\u041c\u0430\u0440\u0438\u044f \u041c.", "is_private": false, "profile_pic_url": "https://instagram.fhel2-1.fna.fbcdn.net/t51.2885-19/s150x150/18878890_118363138746323_915235038033870848_a.jpg", "profile_pic_id": "1527749564805872917_5542404758", "is_verified": false, "has_anonymous_profile_picture": false}, "algorithm": "page_rank_algorithm", "social_context": "Followed by anastacia_cosmetolog", "icon": "", "caption": "", "media_ids": [], "thumbnail_urls": [], "large_urls": [], "media_infos": [], "value": 0.21619029, "is_new_suggestion": false}, {"user": {"pk": "4626509394", "username": "korobenkovdenis", "full_name": "\u0414\u0435\u043d\u0438\u0441 \u041a\u043e\u0440\u043e\u0431\u0435\u043d\u043a\u043e\u0432", "is_private": false, "profile_pic_url": "https://instagram.fhel2-1.fna.fbcdn.net/t51.2885-19/s150x150/20184681_1895295924071119_4964900834610511872_a.jpg", "profile_pic_id": "1564357425088149878_4626509394", "is_verified": false, "has_anonymous_profile_picture": false}, "algorithm": "followers_algorithm", "social_context": "Follows you", "icon": "", "caption": "", "media_ids": [], "thumbnail_urls": [], "large_urls": [], "media_infos": [], "value": 0.00128509, "is_new_suggestion": false}, {"user": {"pk": "5767677640", "username": "kot_baton26", "full_name": "\u041a\u043e\u0442 \u0411\u0430\u0442\u043e\u043d", "is_private": false, "profile_pic_url": "https://instagram.fhel2-1.fna.fbcdn.net/t51.2885-19/s150x150/20067014_1397915746996656_6240460388710744064_a.jpg", "profile_pic_id": "1564305337828378332_5767677640", "is_verified": false, "has_anonymous_profile_picture": false}, "algorithm": "ig_weekly_new_normal_followings_of_normal_followings_algorithm", "social_context": "New to Instagram", "icon": "", "caption": "", "media_ids": [], "thumbnail_urls": [], "large_urls": [], "media_infos": [], "value": 0.02779126, "is_new_suggestion": true}, {"user": {"pk": "5714517538", "username": "evgenichechet", "full_name": "\u0415\u0432\u0433\u0435\u043d\u0439 \u0427\u0435\u0447\u0435\u0442", "is_private": false, "profile_pic_url": "https://instagram.fhel2-1.fna.fbcdn.net/t51.2885-19/s150x150/19933146_461990900860511_7494624876758564864_a.jpg", "profile_pic_id": "1555497273073229765_5714517538", "is_verified": false, "has_anonymous_profile_picture": false}, "algorithm": "ig_weekly_new_normal_followings_of_normal_followings_algorithm", "social_context": "New to Instagram", "icon": "", "caption": "", "media_ids": [], "thumbnail_urls": [], "large_urls": [], "media_infos": [], "value": 0.03263712, "is_new_suggestion": false}, {"user": {"pk": "5750051527", "username": "rakislova1991", "full_name": "\u0410\u043d\u043d\u0430 \u041a\u0443\u0437\u043d\u0435\u0446\u043e\u0432\u0430", "is_private": false, "profile_pic_url": "https://instagram.fhel2-1.fna.fbcdn.net/t51.2885-19/s150x150/20065301_130553177545237_1095935934358093824_a.jpg", "profile_pic_id": "1561139594500756129_5750051527", "is_verified": false, "has_anonymous_profile_picture": false}, "algorithm": "ig_weekly_new_normal_followings_of_normal_followings_algorithm", "social_context": "New to Instagram", "icon": "", "caption": "", "media_ids": [], "thumbnail_urls": [], "large_urls": [], "media_infos": [], "value": 0.02188634, "is_new_suggestion": true}, {"user": {"pk": "5737576409", "username": "sayonara.dzyosiikita", "full_name": "/ / \u0441\u043a\u0435\u0442\u0447\u0438\u043a\u0438 \u0441\u0440\u0438\u0441\u043e\u0432\u043e\u0447\u043a\u0438", "is_private": false, "profile_pic_url": "https://instagram.fhel2-1.fna.fbcdn.net/t51.2885-19/s150x150/19984802_152565345315353_192997821484367872_a.jpg", "profile_pic_id": "1559378406814467790_5737576409", "is_verified": false, "has_anonymous_profile_picture": false}, "algorithm": "ig_weekly_new_normal_followings_of_normal_followings_algorithm", "social_context": "New to Instagram", "icon": "", "caption": "", "media_ids": [], "thumbnail_urls": [], "large_urls": [], "media_infos": [], "value": 0.05323258, "is_new_suggestion": false}, {"user": {"pk": "3711333182", "username": "in_the_arms_of_demon", "full_name": "\u0412 \u043e\u0431\u044a\u044f\u0442\u044c\u044f\u0445 \u0434\u0435\u043c\u043e\u043d\u0430", "is_private": false, "profile_pic_url": "https://instagram.fhel2-1.fna.fbcdn.net/t51.2885-19/s150x150/19534482_1235401423237356_4628980782281523200_a.jpg", "profile_pic_id": "1548804519427702067_3711333182", "is_verified": false, "has_anonymous_profile_picture": false}, "algorithm": "ig_normal_followings_of_normal_followings_algorithm", "social_context": "Followed by ann_kot_8855", "icon": "", "caption": "", "media_ids": [], "thumbnail_urls": [], "large_urls": [], "media_infos": [], "value": 0.01872802, "is_new_suggestion": false}, {"user": {"pk": "5724327068", "username": "olyaa.tb", "full_name": "", "is_private": false, "profile_pic_url": "https://instagram.fhel2-1.fna.fbcdn.net/t51.2885-19/s150x150/19932658_1485618721500108_4729366541789822976_a.jpg", "profile_pic_id": "1556998449698056625_5724327068", "is_verified": false, "has_anonymous_profile_picture": false}, "algorithm": "ig_weekly_new_normal_followings_of_normal_followings_algorithm", "social_context": "New to Instagram", "icon": "", "caption": "", "media_ids": [], "thumbnail_urls": [], "large_urls": [], "media_infos": [], "value": 0.03106317, "is_new_suggestion": false}, {"user": {"pk": "5735185733", "username": "chimitabatotsyrenova", "full_name": "\u0427\u0438\u043c\u0438\u0442\u0430 \u0411\u0430\u0442\u043e\u0446\u044b\u0440\u0435\u043d\u043e\u0432\u0430", "is_private": false, "profile_pic_url": "https://instagram.fhel2-1.fna.fbcdn.net/t51.2885-19/s150x150/19985368_1405427712875029_763320799233835008_a.jpg", "profile_pic_id": "1558614196623482955_5735185733", "is_verified": false, "has_anonymous_profile_picture": false}, "algorithm": "ig_weekly_new_normal_followings_of_normal_followings_algorithm", "social_context": "New to Instagram", "icon": "", "caption": "", "media_ids": [], "thumbnail_urls": [], "large_urls": [], "media_infos": [], "value": 0.01128027, "is_new_suggestion": false}, {"user": {"pk": "5740850709", "username": "zoya_dn", "full_name": "Zoya Grishina", "is_private": false, "profile_pic_url": "https://instagram.fhel2-1.fna.fbcdn.net/t51.2885-19/19985392_319088975216842_8403873585080303616_a.jpg", "profile_pic_id": "1559654068209027385_5740850709", "is_verified": false, "has_anonymous_profile_picture": false}, "algorithm": "ig_weekly_new_normal_followings_of_normal_followings_algorithm", "social_context": "New to Instagram", "icon": "", "caption": "", "media_ids": [], "thumbnail_urls": [], "large_urls": [], "media_infos": [], "value": 0.01933356, "is_new_suggestion": true}], "more_available": false}, "counts": {"usertags": 0, "relationships": 0, "comments": 0, "likes": 1, "comment_likes": 0, "campaign_notification": 0, "photos_of_you": 0, "requests": 0}, "friend_request_stories": [], "new_stories": [{"type": 1, "story_type": 60, "args": {"text": "khamzinova.s liked your post.", "links": [{"start": 0, "end": 12, "type": "user", "id": "1793078080"}], "profile_id": 1793078080, "profile_image": "https://instagram.fhel2-1.fna.fbcdn.net/t51.2885-19/s150x150/17663583_368096350250895_874971884297388032_a.jpg", "media": [{"id": "1564400852507967370_2018677947", "image": "https://instagram.fhel2-1.fna.fbcdn.net/t51.2885-15/s150x150/e15/c187.0.706.706/20066083_147940242450876_6160193196614746112_n.jpg?ig_cache_key=MTU2NDQwMDg1MjUwNzk2NzM3MA%3D%3D.2.c"}], "timestamp": 1500830627.733374, "tuuid": "afd87aec-6fcb-11e7-8080-808080808080"}, "counts": {"usertags": 0, "relationships": 0, "comments": 0, "likes": 1, "comment_likes": 0, "campaign_notification": 0}, "pk": "4+lxL7iLYCnkI9o1MwjeqBAIxEk="}], "old_stories": [{"type": 1, "story_type": 60, "args": {"text": "andreinamoretti liked your post.", "links": [{"start": 0, "end": 15, "type": "user", "id": "3053098142"}], "profile_id": 3053098142, "profile_image": "https://instagram.fhel2-1.fna.fbcdn.net/t51.2885-19/s150x150/19380032_143622819538833_6229069435362082816_a.jpg", "media": [{"id": "1565400138180787217_2018677947", "image": "https://instagram.fhel2-1.fna.fbcdn.net/t51.2885-15/s150x150/e35/20347605_1724372297867938_5386689562498039808_n.jpg?ig_cache_key=MTU2NTQwMDAzOTY2NTEzNDY0NQ%3D%3D.2"}], "timestamp": 1500830413.940833, "tuuid": "306a53ca-6fcb-11e7-8080-808080808080"}, "counts": {}, "pk": "TUKWIjcrmthnIaZNDBqysB8GyzA="}, {"type": 1, "story_type": 60, "args": {"text": "ivan_peperoni liked your post.", "links": [{"start": 0, "end": 13, "type": "user", "id": "3148291503"}], "profile_id": 3148291503, "profile_image": "https://instagram.fhel2-1.fna.fbcdn.net/t51.2885-19/s150x150/17661868_1816653711988110_5169721567189401600_a.jpg", "media": [{"id": "1564400852507967370_2018677947", "image": "https://instagram.fhel2-1.fna.fbcdn.net/t51.2885-15/s150x150/e15/c187.0.706.706/20066083_147940242450876_6160193196614746112_n.jpg?ig_cache_key=MTU2NDQwMDg1MjUwNzk2NzM3MA%3D%3D.2.c"}], "timestamp": 1500830302.898501, "tuuid": "ee3a9cb2-6fca-11e7-8080-808080808080"}, "counts": {}, "pk": "CwUkwlDJFBd5Qt16YCFWO18Fxyo="}, {"type": 1, "story_type": 60, "args": {"text": "ffoodinfo liked your post.", "links": [{"start": 0, "end": 9, "type": "user", "id": "2955906639"}], "profile_id": 2955906639, "profile_image": "https://instagram.fhel2-1.fna.fbcdn.net/t51.2885-19/s150x150/923883_646546055483242_1793195029_a.jpg", "media": [{"id": "1565400138180787217_2018677947", "image": "https://instagram.fhel2-1.fna.fbcdn.net/t51.2885-15/s150x150/e35/20347605_1724372297867938_5386689562498039808_n.jpg?ig_cache_key=MTU2NTQwMDAzOTY2NTEzNDY0NQ%3D%3D.2"}], "timestamp": 1500830284.744004, "tuuid": "e36874a8-6fca-11e7-8080-808080808080"}, "counts": {}, "pk": "WPOYwUqnwg+JJGtrk11huPMHZEc="}, {"type": 1, "story_type": 60, "args": {"text": "paunovicstevo liked your post.", "links": [{"start": 0, "end": 13, "type": "user", "id": "3114325682"}], "profile_id": 3114325682, "profile_image": "https://instagram.fhel2-1.fna.fbcdn.net/t51.2885-19/s150x150/13181320_941890525932591_819121805_a.jpg", "media": [{"id": "1565391598938710352_2018677947", "image": "https://instagram.fhel2-1.fna.fbcdn.net/t51.2885-15/s150x150/e35/20214329_1948325295436841_8829447252897431552_n.jpg?ig_cache_key=MTU2NTM5MTUwMzA4MTkwNDYzOQ%3D%3D.2"}], "timestamp": 1500830210.231212, "tuuid": "b6feb4b8-6fca-11e7-8080-808080808080"}, "counts": {}, "pk": "LL74W1m/d2LGQMB73EigLGAIJUk="}, {"type": 1, "story_type": 60, "args": {"text": "ffoodinfo liked your post.", "links": [{"start": 0, "end": 9, "type": "user", "id": "2955906639"}], "profile_id": 2955906639, "profile_image": "https://instagram.fhel2-1.fna.fbcdn.net/t51.2885-19/s150x150/923883_646546055483242_1793195029_a.jpg", "media": [{"id": "1565373933360658425_2018677947", "image": "https://instagram.fhel2-1.fna.fbcdn.net/t51.2885-15/s150x150/e35/20347707_1596075217109160_2542242901153284096_n.jpg?ig_cache_key=MTU2NTM3MzgzODE5MTkzNTE1Nw%3D%3D.2"}], "timestamp": 1500830003.922033, "tuuid": "3c066c6a-6fca-11e7-8080-808080808080"}, "counts": {}, "pk": "kfuwW7tWJEFJrCBQ+gnJkdAHrUU="}, {"type": 1, "story_type": 60, "args": {"text": "ffoodinfo liked your post.", "links": [{"start": 0, "end": 9, "type": "user", "id": "2955906639"}], "profile_id": 2955906639, "profile_image": "https://instagram.fhel2-1.fna.fbcdn.net/t51.2885-19/s150x150/923883_646546055483242_1793195029_a.jpg", "media": [{"id": "1565396752194783098_2018677947", "image": "https://instagram.fhel2-1.fna.fbcdn.net/t51.2885-15/s150x150/e35/20393985_417146915346158_1950226644887142400_n.jpg?ig_cache_key=MTU2NTM5NjY2MjIwMTY5MjE1Nw%3D%3D.2"}], "timestamp": 1500829997.054391, "tuuid": "37ee8126-6fca-11e7-8080-808080808080"}, "counts": {}, "pk": "wgs61/B29WoCKLPu/IAEKhkILEg="}, {"type": 1, "story_type": 12, "args": {"text": "sugar_ekb_kosmetolog commented: \ud83d\udc4d\ud83c\udffb\ud83d\ude09", "links": [{"start": 0, "end": 20, "type": "user", "id": "1711460937"}], "profile_id": 1711460937, "profile_image": "https://instagram.fhel2-1.fna.fbcdn.net/t51.2885-19/s150x150/18888902_860016920815717_4217851583402082304_a.jpg", "media": [{"id": "1565369835223558353_2018677947", "image": "https://instagram.fhel2-1.fna.fbcdn.net/t51.2885-15/s150x150/e35/20225949_457934681231495_7673245157780619264_n.jpg?ig_cache_key=MTU2NTM2OTc4OTQ2MzczNTg5NQ%3D%3D.2"}], "comment_ids": [17865236476184937], "timestamp": 1500829981.451381, "tuuid": "2ea1ac92-6fca-11e7-8080-808080808080"}, "counts": {}, "pk": "wGtbmk6G4tkxbyUNWF0g0yoHOkI="}, {"type": 1, "story_type": 60, "args": {"text": "ffoodinfo liked your post.", "links": [{"start": 0, "end": 9, "type": "user", "id": "2955906639"}], "profile_id": 2955906639, "profile_image": "https://instagram.fhel2-1.fna.fbcdn.net/t51.2885-19/s150x150/923883_646546055483242_1793195029_a.jpg", "media": [{"id": "1565391598938710352_2018677947", "image": "https://instagram.fhel2-1.fna.fbcdn.net/t51.2885-15/s150x150/e35/20214329_1948325295436841_8829447252897431552_n.jpg?ig_cache_key=MTU2NTM5MTUwMzA4MTkwNDYzOQ%3D%3D.2"}], "timestamp": 1500829428.992896, "tuuid": "e5573300-6fc8-11e7-8080-808080808080"}, "counts": {}, "pk": "6IXoNM57Eda194GibOZCJUIJdFQ="}, {"type": 1, "story_type": 60, "args": {"text": "dvcupcake liked your post.", "links": [{"start": 0, "end": 9, "type": "user", "id": "1728798813"}], "profile_id": 1728798813, "profile_image": "https://instagram.fhel2-1.fna.fbcdn.net/t51.2885-19/s150x150/13636175_638193393012228_1245765720_a.jpg", "media": [{"id": "1565386570941129978_2018677947", "image": "https://instagram.fhel2-1.fna.fbcdn.net/t51.2885-15/s150x150/e35/20184868_2048876298666886_3851493338364510208_n.jpg?ig_cache_key=MTU2NTM4NjQ3MTQwMTkzNzMyMw%3D%3D.2"}], "timestamp": 1500829413.156435, "tuuid": "dbe6bf3e-6fc8-11e7-8080-808080808080"}, "counts": {}, "pk": "3iLY/RMDs01XMEFzvQH1B+EGBEA="}, {"type": 1, "story_type": 60, "args": {"text": "sugarbody_s liked your post.", "links": [{"start": 0, "end": 11, "type": "user", "id": "3252265417"}], "profile_id": 3252265417, "profile_image": "https://instagram.fhel2-1.fna.fbcdn.net/t51.2885-19/s150x150/18949654_1215694828553261_1988170722442215424_a.jpg", "media": [{"id": "1565391598938710352_2018677947", "image": "https://instagram.fhel2-1.fna.fbcdn.net/t51.2885-15/s150x150/e35/20214329_1948325295436841_8829447252897431552_n.jpg?ig_cache_key=MTU2NTM5MTUwMzA4MTkwNDYzOQ%3D%3D.2"}], "timestamp": 1500829345.613076, "tuuid": "b3a472c8-6fc8-11e7-8080-808080808080"}, "counts": {}, "pk": "B1nx+/o+RUwo8hzunD6BH7QH20Q="}, {"type": 1, "story_type": 60, "args": {"text": "andreevna_nastenka1999 liked your post.", "links": [{"start": 0, "end": 22, "type": "user", "id": "1480023126"}], "profile_id": 1480023126, "profile_image": "https://instagram.fhel2-1.fna.fbcdn.net/t51.2885-19/s150x150/19764497_1414402975310409_7427805536503988224_a.jpg", "media": [{"id": "1564400852507967370_2018677947", "image": "https://instagram.fhel2-1.fna.fbcdn.net/t51.2885-15/s150x150/e15/c187.0.706.706/20066083_147940242450876_6160193196614746112_n.jpg?ig_cache_key=MTU2NDQwMDg1MjUwNzk2NzM3MA%3D%3D.2.c"}], "timestamp": 1500829290.240598, "tuuid": "92a3475c-6fc8-11e7-8080-808080808080"}, "counts": {}, "pk": "gZPwhfhlYN5fvHWBgFOxunQJl1I="}, {"type": 1, "story_type": 60, "args": {"text": "ffoodinfo liked your post.", "links": [{"start": 0, "end": 9, "type": "user", "id": "2955906639"}], "profile_id": 2955906639, "profile_image": "https://instagram.fhel2-1.fna.fbcdn.net/t51.2885-19/s150x150/923883_646546055483242_1793195029_a.jpg", "media": [{"id": "1565386570941129978_2018677947", "image": "https://instagram.fhel2-1.fna.fbcdn.net/t51.2885-15/s150x150/e35/20184868_2048876298666886_3851493338364510208_n.jpg?ig_cache_key=MTU2NTM4NjQ3MTQwMTkzNzMyMw%3D%3D.2"}], "timestamp": 1500829135.427346, "tuuid": "365ca6b4-6fc8-11e7-8080-808080808080"}, "counts": {}, "pk": "7n3kPF4t3DVRkJeaQxom0Y4HDkY="}, {"type": 1, "story_type": 60, "args": {"text": "sugarbody_s liked your post.", "links": [{"start": 0, "end": 11, "type": "user", "id": "3252265417"}], "profile_id": 3252265417, "profile_image": "https://instagram.fhel2-1.fna.fbcdn.net/t51.2885-19/s150x150/18949654_1215694828553261_1988170722442215424_a.jpg", "media": [{"id": "1565386570941129978_2018677947", "image": "https://instagram.fhel2-1.fna.fbcdn.net/t51.2885-15/s150x150/e35/20184868_2048876298666886_3851493338364510208_n.jpg?ig_cache_key=MTU2NTM4NjQ3MTQwMTkzNzMyMw%3D%3D.2"}], "timestamp": 1500828748.418494, "tuuid": "4fafc96c-6fc7-11e7-8080-808080808080"}, "counts": {}, "pk": "EkhIbzS92z+eYRn1H4p+EGEGazQ="}, {"type": 3, "story_type": 101, "args": {"text": "katya_lashkova started following you.", "links": [{"start": 0, "end": 14, "type": "user", "id": "253370581"}], "inline_follow": {"user_info": {"id": 253370581, "username": "katya_lashkova", "is_private": false, "profile_pic_url": "https://instagram.fhel2-1.fna.fbcdn.net/t51.2885-19/s150x150/19436805_439574256412633_6128210696875278336_a.jpg"}, "following": false, "outgoing_request": false}, "profile_id": 253370581, "profile_image": "https://instagram.fhel2-1.fna.fbcdn.net/t51.2885-19/s150x150/19436805_439574256412633_6128210696875278336_a.jpg", "timestamp": 1500828658.782813, "tuuid": "1a4277a2-6fc7-11e7-8080-808080808080"}, "counts": {}, "pk": "XwhbSg63zx90ZHNOkfMWiXwGTDE="}, {"type": 1, "story_type": 60, "args": {"text": "ffoodinfo liked your post.", "links": [{"start": 0, "end": 9, "type": "user", "id": "2955906639"}], "profile_id": 2955906639, "profile_image": "https://instagram.fhel2-1.fna.fbcdn.net/t51.2885-19/s150x150/923883_646546055483242_1793195029_a.jpg", "media": [{"id": "1565379167516590272_2018677947", "image": "https://instagram.fhel2-1.fna.fbcdn.net/t51.2885-15/s150x150/e35/20184772_153370431883296_1128714081084112896_n.jpg?ig_cache_key=MTU2NTM3OTA4MzMyMDA3MTA5OQ%3D%3D.2"}], "timestamp": 1500828241.351746, "tuuid": "21738a94-6fc6-11e7-8080-808080808080"}, "counts": {}, "pk": "ckdH0Iu8IPUUa62gJ9blv5oIokI="}, {"type": 1, "story_type": 60, "args": {"text": "sugarbody_s liked your post.", "links": [{"start": 0, "end": 11, "type": "user", "id": "3252265417"}], "profile_id": 3252265417, "profile_image": "https://instagram.fhel2-1.fna.fbcdn.net/t51.2885-19/s150x150/18949654_1215694828553261_1988170722442215424_a.jpg", "media": [{"id": "1565379167516590272_2018677947", "image": "https://instagram.fhel2-1.fna.fbcdn.net/t51.2885-15/s150x150/e35/20184772_153370431883296_1128714081084112896_n.jpg?ig_cache_key=MTU2NTM3OTA4MzMyMDA3MTA5OQ%3D%3D.2"}], "timestamp": 1500827911.926301, "tuuid": "5d193522-6fc5-11e7-8080-808080808080"}, "counts": {}, "pk": "UDiQX9wOIE3jxBbWtZ4BWxEHGzo="}, {"type": 1, "story_type": 60, "args": {"text": "nameddaria liked your post.", "links": [{"start": 0, "end": 10, "type": "user", "id": "3734574606"}], "profile_id": 3734574606, "profile_image": "https://instagram.fhel2-1.fna.fbcdn.net/t51.2885-19/s150x150/19436867_1768692086480766_4860595724171083776_a.jpg", "media": [{"id": "1565379167516590272_2018677947", "image": "https://instagram.fhel2-1.fna.fbcdn.net/t51.2885-15/s150x150/e35/20184772_153370431883296_1128714081084112896_n.jpg?ig_cache_key=MTU2NTM3OTA4MzMyMDA3MTA5OQ%3D%3D.2"}], "timestamp": 1500827842.554056, "tuuid": "33bfd7d0-6fc5-11e7-8080-808080808080"}, "counts": {}, "pk": "vc7CAjVrDV/Z9qobY2uBZaQHz0M="}, {"type": 1, "story_type": 60, "args": {"text": "alenchikha liked your post.", "links": [{"start": 0, "end": 10, "type": "user", "id": "4790541371"}], "profile_id": 4790541371, "profile_image": "https://instagram.fhel2-1.fna.fbcdn.net/t51.2885-19/s150x150/17265477_766270146858288_5322117220283711488_a.jpg", "media": [{"id": "1564400852507967370_2018677947", "image": "https://instagram.fhel2-1.fna.fbcdn.net/t51.2885-15/s150x150/e15/c187.0.706.706/20066083_147940242450876_6160193196614746112_n.jpg?ig_cache_key=MTU2NDQwMDg1MjUwNzk2NzM3MA%3D%3D.2.c"}], "timestamp": 1500827707.553348, "tuuid": "e3485ea8-6fc4-11e7-8080-808080808080"}, "counts": {}, "pk": "jHvaWY1Bct4Ce85FMlpCALcGE0I="}, {"type": 1, "story_type": 60, "args": {"text": "poexavshaya_ya liked your post.", "links": [{"start": 0, "end": 14, "type": "user", "id": "2261160028"}], "profile_id": 2261160028, "profile_image": "https://instagram.fhel2-1.fna.fbcdn.net/t51.2885-19/s150x150/19955100_444962799221837_4944990040536121344_a.jpg", "media": [{"id": "1564400852507967370_2018677947", "image": "https://instagram.fhel2-1.fna.fbcdn.net/t51.2885-15/s150x150/e15/c187.0.706.706/20066083_147940242450876_6160193196614746112_n.jpg?ig_cache_key=MTU2NDQwMDg1MjUwNzk2NzM3MA%3D%3D.2.c"}], "timestamp": 1500827478.840757, "tuuid": "5af59912-6fc4-11e7-8080-808080808080"}, "counts": {}, "pk": "lW1rSHsRoU9bSKVOg6eWN78GbTg="}, {"type": 1, "story_type": 60, "args": {"text": "sugarbody_s liked your post.", "links": [{"start": 0, "end": 11, "type": "user", "id": "3252265417"}], "profile_id": 3252265417, "profile_image": "https://instagram.fhel2-1.fna.fbcdn.net/t51.2885-19/s150x150/18949654_1215694828553261_1988170722442215424_a.jpg", "media": [{"id": "1565373933360658425_2018677947", "image": "https://instagram.fhel2-1.fna.fbcdn.net/t51.2885-15/s150x150/e35/20347707_1596075217109160_2542242901153284096_n.jpg?ig_cache_key=MTU2NTM3MzgzODE5MTkzNTE1Nw%3D%3D.2"}], "timestamp": 1500827180.878384, "tuuid": "a95c25e0-6fc3-11e7-8080-808080808080"}, "counts": {}, "pk": "gvCCQRsMgu5QQAQW/RXxlA4HUjs="}, {"type": 1, "story_type": 60, "args": {"text": "ffoodinfo liked your post.", "links": [{"start": 0, "end": 9, "type": "user", "id": "2955906639"}], "profile_id": 2955906639, "profile_image": "https://instagram.fhel2-1.fna.fbcdn.net/t51.2885-19/s150x150/923883_646546055483242_1793195029_a.jpg", "media": [{"id": "1565369835223558353_2018677947", "image": "https://instagram.fhel2-1.fna.fbcdn.net/t51.2885-15/s150x150/e35/20225949_457934681231495_7673245157780619264_n.jpg?ig_cache_key=MTU2NTM2OTc4OTQ2MzczNTg5NQ%3D%3D.2"}], "timestamp": 1500826748.16327, "tuuid": "a7710fbc-6fc2-11e7-8080-808080808080"}, "counts": {}, "pk": "rnZjy4JvhZswk7cSn4rr4+cIEUg="}, {"type": 1, "story_type": 60, "args": {"text": "sugarbody_s liked your post.", "links": [{"start": 0, "end": 11, "type": "user", "id": "3252265417"}], "profile_id": 3252265417, "profile_image": "https://instagram.fhel2-1.fna.fbcdn.net/t51.2885-19/s150x150/18949654_1215694828553261_1988170722442215424_a.jpg", "media": [{"id": "1565369835223558353_2018677947", "image": "https://instagram.fhel2-1.fna.fbcdn.net/t51.2885-15/s150x150/e35/20225949_457934681231495_7673245157780619264_n.jpg?ig_cache_key=MTU2NTM2OTc4OTQ2MzczNTg5NQ%3D%3D.2"}], "timestamp": 1500826697.588147, "tuuid": "894be8fe-6fc2-11e7-8080-808080808080"}, "counts": {}, "pk": "5GH9kX3rXcA+uyHgiHw8BpkIzlM="}, {"type": 1, "story_type": 60, "args": {"text": "ffoodinfo liked your post.", "links": [{"start": 0, "end": 9, "type": "user", "id": "2955906639"}], "profile_id": 2955906639, "profile_image": "https://instagram.fhel2-1.fna.fbcdn.net/t51.2885-19/s150x150/923883_646546055483242_1793195029_a.jpg", "media": [{"id": "1565366360553163487_2018677947", "image": "https://instagram.fhel2-1.fna.fbcdn.net/t51.2885-15/s150x150/e35/20214505_1459583580754058_3385038995003015168_n.jpg?ig_cache_key=MTU2NTM2NjI1NTU4NjU2ODgyMA%3D%3D.2"}], "timestamp": 1500826572.08873, "tuuid": "3e7e3804-6fc2-11e7-8080-808080808080"}, "counts": {}, "pk": "Xgb9h4NCUs4ZDniSxRY/e5QGijk="}, {"type": 1, "story_type": 60, "args": {"text": "khishchenkoo liked your post.", "links": [{"start": 0, "end": 12, "type": "user", "id": "1584367805"}], "profile_id": 1584367805, "profile_image": "https://instagram.fhel2-1.fna.fbcdn.net/t51.2885-19/s150x150/20184248_153924445180802_1917689763654008832_a.jpg", "media": [{"id": "1564400852507967370_2018677947", "image": "https://instagram.fhel2-1.fna.fbcdn.net/t51.2885-15/s150x150/e15/c187.0.706.706/20066083_147940242450876_6160193196614746112_n.jpg?ig_cache_key=MTU2NDQwMDg1MjUwNzk2NzM3MA%3D%3D.2.c"}], "timestamp": 1500826534.251314, "tuuid": "27f0aff4-6fc2-11e7-8080-808080808080"}, "counts": {}, "pk": "7rAdkBEk9TWdlGBNvQ9iuG8HP0E="}, {"type": 1, "story_type": 60, "args": {"text": "sugarbody_s liked your post.", "links": [{"start": 0, "end": 11, "type": "user", "id": "3252265417"}], "profile_id": 3252265417, "profile_image": "https://instagram.fhel2-1.fna.fbcdn.net/t51.2885-19/s150x150/18949654_1215694828553261_1988170722442215424_a.jpg", "media": [{"id": "1565366360553163487_2018677947", "image": "https://instagram.fhel2-1.fna.fbcdn.net/t51.2885-15/s150x150/e35/20214505_1459583580754058_3385038995003015168_n.jpg?ig_cache_key=MTU2NTM2NjI1NTU4NjU2ODgyMA%3D%3D.2"}], "timestamp": 1500826358.771637, "tuuid": "bf589d12-6fc1-11e7-8080-808080808080"}, "counts": {}, "pk": "I3aXyA9XHBxKsl+j9PkgF7kGwjU="}, {"type": 3, "story_type": 101, "args": {"text": "krossovki_keds started following you.", "links": [{"start": 0, "end": 14, "type": "user", "id": "5727012983"}], "inline_follow": {"user_info": {"id": 5727012983, "username": "krossovki_keds", "is_private": false, "profile_pic_url": "https://instagram.fhel2-1.fna.fbcdn.net/t51.2885-19/s150x150/19955510_325118884610330_2768747201327792128_a.jpg"}, "following": false, "outgoing_request": false}, "profile_id": 5727012983, "profile_image": "https://instagram.fhel2-1.fna.fbcdn.net/t51.2885-19/s150x150/19955510_325118884610330_2768747201327792128_a.jpg", "timestamp": 1500826263.088279, "tuuid": "86507de6-6fc1-11e7-8080-808080808080"}, "counts": {}, "pk": "i5FeUtTTyistfsQ4jq4CqvgHb0Y="}, {"type": 1, "story_type": 60, "args": {"text": "elena_dudina_ liked your post.", "links": [{"start": 0, "end": 13, "type": "user", "id": "639781203"}], "profile_id": 639781203, "profile_image": "https://instagram.fhel2-1.fna.fbcdn.net/t51.2885-19/s150x150/13118096_1101211639946094_2096577479_a.jpg", "media": [{"id": "1565356256265094740_2018677947", "image": "https://instagram.fhel2-1.fna.fbcdn.net/t51.2885-15/s150x150/e35/20214141_668312693365879_1884085703306903552_n.jpg?ig_cache_key=MTU2NTM1NjE3ODg2MzU0Mzc5Ng%3D%3D.2"}], "timestamp": 1500825897.769501, "tuuid": "ac914522-6fc0-11e7-8080-808080808080"}, "counts": {}, "pk": "fuI5mCnmG71VD6jmWcTPa2IIvUQ="}, {"type": 1, "story_type": 60, "args": {"text": "elena_dudina_ liked your post.", "links": [{"start": 0, "end": 13, "type": "user", "id": "639781203"}], "profile_id": 639781203, "profile_image": "https://instagram.fhel2-1.fna.fbcdn.net/t51.2885-19/s150x150/13118096_1101211639946094_2096577479_a.jpg", "media": [{"id": "1565309436507761519_2018677947", "image": "https://instagram.fhel2-1.fna.fbcdn.net/t51.2885-15/s150x150/e35/20214632_823061127851713_6644234597829705728_n.jpg?ig_cache_key=MTU2NTMwOTM5OTY1NjY0NjYwMg%3D%3D.2"}], "timestamp": 1500825891.982171, "tuuid": "a91e318e-6fc0-11e7-8080-808080808080"}, "counts": {}, "pk": "CFx1E3i7yvBgPAGBdCKXeZ4GWjY="}, {"type": 1, "story_type": 60, "args": {"text": "domedeco_irkutsk liked your post.", "links": [{"start": 0, "end": 16, "type": "user", "id": "4182289797"}], "profile_id": 4182289797, "profile_image": "https://instagram.fhel2-1.fna.fbcdn.net/t51.2885-19/s150x150/11420905_597414563778948_523734728755380224_a.jpg", "media": [{"id": "1559563399478547818_2018677947", "image": "https://instagram.fhel2-1.fna.fbcdn.net/t51.2885-15/s150x150/e35/19985846_326447194475891_2346458732520538112_n.jpg?ig_cache_key=MTU1OTU2MzI5Mjg0MjUyMjA5OA%3D%3D.2"}], "timestamp": 1500825779.07896, "tuuid": "65d287e0-6fc0-11e7-8080-808080808080"}, "counts": {}, "pk": "wpM9XlZmDklKOCWepgkREhsFIzM="}, {"type": 1, "story_type": 60, "args": {"text": "wolf_dzhul liked your post.", "links": [{"start": 0, "end": 10, "type": "user", "id": "2886317637"}], "profile_id": 2886317637, "profile_image": "https://instagram.fhel2-1.fna.fbcdn.net/t51.2885-19/s150x150/16789594_1792138374439729_4656950657285095424_a.jpg", "media": [{"id": "1565036776473334974_2018677947", "image": "https://instagram.fhel2-1.fna.fbcdn.net/t51.2885-15/s150x150/e35/20184770_1454384734656430_1020117387782914048_n.jpg?ig_cache_key=MTU2NTAzNjY1NjIzMTE1NjIxNQ%3D%3D.2"}], "timestamp": 1500825729.651466, "tuuid": "485c7e64-6fc0-11e7-8080-808080808080"}, "counts": {}, "pk": "iwuvnhdRNYs4cjdVEEoopmoFZjA="}, {"type": 1, "story_type": 60, "args": {"text": "domedeco_irkutsk liked your post.", "links": [{"start": 0, "end": 16, "type": "user", "id": "4182289797"}], "profile_id": 4182289797, "profile_image": "https://instagram.fhel2-1.fna.fbcdn.net/t51.2885-19/s150x150/11420905_597414563778948_523734728755380224_a.jpg", "media": [{"id": "1559321447512383898_2018677947", "image": "https://instagram.fhel2-1.fna.fbcdn.net/t51.2885-15/s150x150/e35/19955783_1413892382030652_951875146338009088_n.jpg?ig_cache_key=MTU1OTMyMTQyMjE3MDM4NjY5OA%3D%3D.2"}], "timestamp": 1500825488.981112, "tuuid": "b8e91cb0-6fbf-11e7-8080-808080808080"}, "counts": {}, "pk": "eb8RFxN6JnwE24V36c8eH2AG3jI="}, {"type": 1, "story_type": 60, "args": {"text": "ffoodinfo liked your post.", "links": [{"start": 0, "end": 9, "type": "user", "id": "2955906639"}], "profile_id": 2955906639, "profile_image": "https://instagram.fhel2-1.fna.fbcdn.net/t51.2885-19/s150x150/923883_646546055483242_1793195029_a.jpg", "media": [{"id": "1565356256265094740_2018677947", "image": "https://instagram.fhel2-1.fna.fbcdn.net/t51.2885-15/s150x150/e35/20214141_668312693365879_1884085703306903552_n.jpg?ig_cache_key=MTU2NTM1NjE3ODg2MzU0Mzc5Ng%3D%3D.2"}], "timestamp": 1500825178.147643, "tuuid": "ffa3b04e-6fbe-11e7-8080-808080808080"}, "counts": {}, "pk": "XwzowPlPwdqzm55d4FV+NSgJc1A="}, {"type": 1, "story_type": 60, "args": {"text": "sugarbody_s liked your post.", "links": [{"start": 0, "end": 11, "type": "user", "id": "3252265417"}], "profile_id": 3252265417, "profile_image": "https://instagram.fhel2-1.fna.fbcdn.net/t51.2885-19/s150x150/18949654_1215694828553261_1988170722442215424_a.jpg", "media": [{"id": "1565356256265094740_2018677947", "image": "https://instagram.fhel2-1.fna.fbcdn.net/t51.2885-15/s150x150/e35/20214141_668312693365879_1884085703306903552_n.jpg?ig_cache_key=MTU2NTM1NjE3ODg2MzU0Mzc5Ng%3D%3D.2"}], "timestamp": 1500825160.420234, "tuuid": "f512b364-6fbe-11e7-8080-808080808080"}, "counts": {}, "pk": "fKDbiGWU3eVO/pkRGd/EVUIJBFI="}, {"type": 1, "story_type": 60, "args": {"text": "kosmos.k.k liked your post.", "links": [{"start": 0, "end": 10, "type": "user", "id": "3418188579"}], "profile_id": 3418188579, "profile_image": "https://instagram.fhel2-1.fna.fbcdn.net/t51.2885-19/s150x150/20181413_431979453856006_5822639579244527616_a.jpg", "media": [{"id": "1564400852507967370_2018677947", "image": "https://instagram.fhel2-1.fna.fbcdn.net/t51.2885-15/s150x150/e15/c187.0.706.706/20066083_147940242450876_6160193196614746112_n.jpg?ig_cache_key=MTU2NDQwMDg1MjUwNzk2NzM3MA%3D%3D.2.c"}], "timestamp": 1500825028.069008, "tuuid": "a62f81a0-6fbe-11e7-8080-808080808080"}, "counts": {}, "pk": "C+D0b7bDENKKYCRfWfxR5aIISEk="}, {"type": 1, "story_type": 60, "args": {"text": "ffoodinfo liked your post.", "links": [{"start": 0, "end": 9, "type": "user", "id": "2955906639"}], "profile_id": 2955906639, "profile_image": "https://instagram.fhel2-1.fna.fbcdn.net/t51.2885-19/s150x150/923883_646546055483242_1793195029_a.jpg", "media": [{"id": "1565343761290793346_2018677947", "image": "https://instagram.fhel2-1.fna.fbcdn.net/t51.2885-15/s150x150/e35/20225176_382015012201930_6545799354769211392_n.jpg?ig_cache_key=MTU2NTM0MzcwNDY5Mjk2NjEzOQ%3D%3D.2"}], "timestamp": 1500824798.138785, "tuuid": "1d22f04a-6fbe-11e7-8080-808080808080"}, "counts": {}, "pk": "QI7Ip0miOt2hrFIVJsLnvoEIs0U="}, {"type": 1, "story_type": 60, "args": {"text": "wolf_dzhul liked your post.", "links": [{"start": 0, "end": 10, "type": "user", "id": "2886317637"}], "profile_id": 2886317637, "profile_image": "https://instagram.fhel2-1.fna.fbcdn.net/t51.2885-19/s150x150/16789594_1792138374439729_4656950657285095424_a.jpg", "media": [{"id": "1564855511295999465_2018677947", "image": "https://instagram.fhel2-1.fna.fbcdn.net/t51.2885-15/s150x150/e35/20346969_151150115440534_5757180042815733760_n.jpg?ig_cache_key=MTU2NDg1NTQ2NjUwOTI0NDg4Ng%3D%3D.2"}], "timestamp": 1500824561.797059, "tuuid": "90440d9e-6fbd-11e7-8080-808080808080"}, "counts": {}, "pk": "hh5Cu87TmmtVSZhGVCVBVtQG+T8="}, {"type": 1, "story_type": 60, "args": {"text": "ffoodinfo liked your post.", "links": [{"start": 0, "end": 9, "type": "user", "id": "2955906639"}], "profile_id": 2955906639, "profile_image": "https://instagram.fhel2-1.fna.fbcdn.net/t51.2885-19/s150x150/923883_646546055483242_1793195029_a.jpg", "media": [{"id": "1565348753217256553_2018677947", "image": "https://instagram.fhel2-1.fna.fbcdn.net/t51.2885-15/s150x150/e35/20347377_106097773392256_6569718036230569984_n.jpg?ig_cache_key=MTU2NTM0ODY2MzAyMjg3MjA2Nw%3D%3D.2"}], "timestamp": 1500824254.780746, "tuuid": "d94514e4-6fbc-11e7-8080-808080808080"}, "counts": {}, "pk": "h5fe4HFSiADD6ydxnLVV5voIwkw="}, {"type": 1, "story_type": 60, "args": {"text": "sugarbody_s liked your post.", "links": [{"start": 0, "end": 11, "type": "user", "id": "3252265417"}], "profile_id": 3252265417, "profile_image": "https://instagram.fhel2-1.fna.fbcdn.net/t51.2885-19/s150x150/18949654_1215694828553261_1988170722442215424_a.jpg", "media": [{"id": "1565343761290793346_2018677947", "image": "https://instagram.fhel2-1.fna.fbcdn.net/t51.2885-15/s150x150/e35/20225176_382015012201930_6545799354769211392_n.jpg?ig_cache_key=MTU2NTM0MzcwNDY5Mjk2NjEzOQ%3D%3D.2"}], "timestamp": 1500823773.766888, "tuuid": "ba903110-6fbb-11e7-8080-808080808080"}, "counts": {}, "pk": "bW+shgEMjgUbnaJXYbkDJKEFWzI="}, {"type": 1, "story_type": 60, "args": {"text": "ffoodinfo liked your post.", "links": [{"start": 0, "end": 9, "type": "user", "id": "2955906639"}], "profile_id": 2955906639, "profile_image": "https://instagram.fhel2-1.fna.fbcdn.net/t51.2885-19/s150x150/923883_646546055483242_1793195029_a.jpg", "media": [{"id": "1565339710809634573_2018677947", "image": "https://instagram.fhel2-1.fna.fbcdn.net/t51.2885-15/s150x150/e35/20346867_252246461958080_3915781542722404352_n.jpg?ig_cache_key=MTU2NTMzOTYxOTM2NTI4NDc0Nw%3D%3D.2"}], "timestamp": 1500823178.26986, "tuuid": "579e8e68-6fba-11e7-8080-808080808080"}, "counts": {}, "pk": "DWZoS1uN53VEVDUI9hoHkegFZjI="}, {"type": 1, "story_type": 60, "args": {"text": "aolia6398 liked your post.", "links": [{"start": 0, "end": 9, "type": "user", "id": "3418465718"}], "profile_id": 3418465718, "profile_image": "https://instagram.fhel2-1.fna.fbcdn.net/t51.2885-19/11906329_960233084022564_1448528159_a.jpg", "media": [{"id": "1565278230038852797_2018677947", "image": "https://instagram.fhel2-1.fna.fbcdn.net/t51.2885-15/s150x150/e35/20225886_289770591431603_2992549623475732480_n.jpg?ig_cache_key=MTU2NTI3ODE4MzEyOTg1ODk2NA%3D%3D.2"}], "timestamp": 1500822750.706256, "tuuid": "58c58720-6fb9-11e7-8080-808080808080"}, "counts": {}, "pk": "vjVhVhpXCu2u1Zpmk+u9yJkIkT4="}, {"type": 1, "story_type": 60, "args": {"text": "ffoodinfo liked your post.", "links": [{"start": 0, "end": 9, "type": "user", "id": "2955906639"}], "profile_id": 2955906639, "profile_image": "https://instagram.fhel2-1.fna.fbcdn.net/t51.2885-19/s150x150/923883_646546055483242_1793195029_a.jpg", "media": [{"id": "1565336168661001712_2018677947", "image": "https://instagram.fhel2-1.fna.fbcdn.net/t51.2885-15/s150x150/e35/20214285_247842432401682_2398974659153362944_n.jpg?ig_cache_key=MTU2NTMzNjA3MTc2NDM2MTg5NQ%3D%3D.2"}], "timestamp": 1500822718.300993, "tuuid": "4574e08a-6fb9-11e7-8080-808080808080"}, "counts": {}, "pk": "1tSlhlng6Xc1nWqJkCINYFMIAVM="}, {"type": 1, "story_type": 60, "args": {"text": "sugarbody_s liked your post.", "links": [{"start": 0, "end": 11, "type": "user", "id": "3252265417"}], "profile_id": 3252265417, "profile_image": "https://instagram.fhel2-1.fna.fbcdn.net/t51.2885-19/s150x150/18949654_1215694828553261_1988170722442215424_a.jpg", "media": [{"id": "1565336168661001712_2018677947", "image": "https://instagram.fhel2-1.fna.fbcdn.net/t51.2885-15/s150x150/e35/20214285_247842432401682_2398974659153362944_n.jpg?ig_cache_key=MTU2NTMzNjA3MTc2NDM2MTg5NQ%3D%3D.2"}], "timestamp": 1500822692.974226, "tuuid": "365c51b4-6fb9-11e7-8080-808080808080"}, "counts": {}, "pk": "onC77K76dF9HA1qrNttTblYI+E0="}, {"type": 1, "story_type": 60, "args": {"text": "__kristinochka2000__ liked your post.", "links": [{"start": 0, "end": 20, "type": "user", "id": "1363786388"}], "profile_id": 1363786388, "profile_image": "https://instagram.fhel2-1.fna.fbcdn.net/t51.2885-19/s150x150/18161306_873150792809198_4815547070628757504_a.jpg", "media": [{"id": "1564400852507967370_2018677947", "image": "https://instagram.fhel2-1.fna.fbcdn.net/t51.2885-15/s150x150/e15/c187.0.706.706/20066083_147940242450876_6160193196614746112_n.jpg?ig_cache_key=MTU2NDQwMDg1MjUwNzk2NzM3MA%3D%3D.2.c"}], "timestamp": 1500822484.370412, "tuuid": "ba05e738-6fb8-11e7-8080-808080808080"}, "counts": {}, "pk": "OdVDEhQffYWn06JDh9roXZ4Hcjc="}, {"type": 1, "story_type": 60, "args": {"text": "yy.mind liked your post.", "links": [{"start": 0, "end": 7, "type": "user", "id": "778063646"}], "profile_id": 778063646, "profile_image": "https://instagram.fhel2-1.fna.fbcdn.net/t51.2885-19/s150x150/16585357_1317306034995479_8850020644461477888_a.jpg", "media": [{"id": "1564400852507967370_2018677947", "image": "https://instagram.fhel2-1.fna.fbcdn.net/t51.2885-15/s150x150/e15/c187.0.706.706/20066083_147940242450876_6160193196614746112_n.jpg?ig_cache_key=MTU2NDQwMDg1MjUwNzk2NzM3MA%3D%3D.2.c"}], "timestamp": 1500822201.366246, "tuuid": "1156e4fc-6fb8-11e7-8080-808080808080"}, "counts": {}, "pk": "S+pvHh7KRb8QU6rTuOJsFqsH4T4="}, {"type": 1, "story_type": 60, "args": {"text": "sugarbody_s liked your post.", "links": [{"start": 0, "end": 11, "type": "user", "id": "3252265417"}], "profile_id": 3252265417, "profile_image": "https://instagram.fhel2-1.fna.fbcdn.net/t51.2885-19/s150x150/18949654_1215694828553261_1988170722442215424_a.jpg", "media": [{"id": "1565331095365182517_2018677947", "image": "https://instagram.fhel2-1.fna.fbcdn.net/t51.2885-15/s150x150/e35/20184961_1060868284015554_8875141504448856064_n.jpg?ig_cache_key=MTU2NTMzMTA3MjA0NTAxMTkzMA%3D%3D.2"}], "timestamp": 1500822071.591301, "tuuid": "c3fccf32-6fb7-11e7-8080-808080808080"}, "counts": {}, "pk": "Y3ViAyAZqOZIVAFC1MwYeRUGEDA="}, {"type": 1, "story_type": 60, "args": {"text": "ffoodinfo liked your post.", "links": [{"start": 0, "end": 9, "type": "user", "id": "2955906639"}], "profile_id": 2955906639, "profile_image": "https://instagram.fhel2-1.fna.fbcdn.net/t51.2885-19/s150x150/923883_646546055483242_1793195029_a.jpg", "media": [{"id": "1565331095365182517_2018677947", "image": "https://instagram.fhel2-1.fna.fbcdn.net/t51.2885-15/s150x150/e35/20184961_1060868284015554_8875141504448856064_n.jpg?ig_cache_key=MTU2NTMzMTA3MjA0NTAxMTkzMA%3D%3D.2"}], "timestamp": 1500822059.350924, "tuuid": "bcb11378-6fb7-11e7-8080-808080808080"}, "counts": {}, "pk": "DbBnPJrkJ2ZcVTi5QLzVOBcHNDk="}, {"type": 3, "story_type": 101, "args": {"text": "propovednik_da_bsc started following you.", "links": [{"start": 0, "end": 18, "type": "user", "id": "278246397"}], "inline_follow": {"user_info": {"id": 278246397, "username": "propovednik_da_bsc", "is_private": false, "profile_pic_url": "https://instagram.fhel2-1.fna.fbcdn.net/t51.2885-19/s150x150/14350851_1695897890732202_1531157799529086976_a.jpg"}, "following": false, "outgoing_request": false}, "profile_id": 278246397, "profile_image": "https://instagram.fhel2-1.fna.fbcdn.net/t51.2885-19/s150x150/14350851_1695897890732202_1531157799529086976_a.jpg", "timestamp": 1500821991.301485, "tuuid": "94218e42-6fb7-11e7-8080-808080808080"}, "counts": {}, "pk": "lxBhptCOIspaNOUh/zPPIrAHCEE="}, {"type": 1, "story_type": 60, "args": {"text": "ffoodinfo liked your post.", "links": [{"start": 0, "end": 9, "type": "user", "id": "2955906639"}], "profile_id": 2955906639, "profile_image": "https://instagram.fhel2-1.fna.fbcdn.net/t51.2885-19/s150x150/923883_646546055483242_1793195029_a.jpg", "media": [{"id": "1565309436507761519_2018677947", "image": "https://instagram.fhel2-1.fna.fbcdn.net/t51.2885-15/s150x150/e35/20214632_823061127851713_6644234597829705728_n.jpg?ig_cache_key=MTU2NTMwOTM5OTY1NjY0NjYwMg%3D%3D.2"}], "timestamp": 1500821700.420229, "tuuid": "e6c09932-6fb6-11e7-8080-808080808080"}, "counts": {}, "pk": "7HxaEEUI1Mw8ejlk1XwgAYUGYTw="}, {"type": 1, "story_type": 60, "args": {"text": "ffoodinfo liked your post.", "links": [{"start": 0, "end": 9, "type": "user", "id": "2955906639"}], "profile_id": 2955906639, "profile_image": "https://instagram.fhel2-1.fna.fbcdn.net/t51.2885-19/s150x150/923883_646546055483242_1793195029_a.jpg", "media": [{"id": "1565326204051702782_2018677947", "image": "https://instagram.fhel2-1.fna.fbcdn.net/t51.2885-15/s150x150/e35/20214445_466117883781273_5628270954523131904_n.jpg?ig_cache_key=MTU2NTMyNjEwMTQ5MjYxNzE1MQ%3D%3D.2"}], "timestamp": 1500821513.608624, "tuuid": "776768e0-6fb6-11e7-8080-808080808080"}, "counts": {}, "pk": "OTZmDPOVZN3D/W0FThbSnbAH1z0="}, {"type": 1, "story_type": 60, "args": {"text": "sugarbody_s liked your post.", "links": [{"start": 0, "end": 11, "type": "user", "id": "3252265417"}], "profile_id": 3252265417, "profile_image": "https://instagram.fhel2-1.fna.fbcdn.net/t51.2885-19/s150x150/18949654_1215694828553261_1988170722442215424_a.jpg", "media": [{"id": "1565326204051702782_2018677947", "image": "https://instagram.fhel2-1.fna.fbcdn.net/t51.2885-15/s150x150/e35/20214445_466117883781273_5628270954523131904_n.jpg?ig_cache_key=MTU2NTMyNjEwMTQ5MjYxNzE1MQ%3D%3D.2"}], "timestamp": 1500821498.167327, "tuuid": "6e334136-6fb6-11e7-8080-808080808080"}, "counts": {}, "pk": "vXc4/saymO2YL/gYSKjiTF0Je1M="}, {"type": 1, "story_type": 60, "args": {"text": "irkutsk_trener liked your post.", "links": [{"start": 0, "end": 14, "type": "user", "id": "1563530617"}], "profile_id": 1563530617, "profile_image": "https://instagram.fhel2-1.fna.fbcdn.net/t51.2885-19/s150x150/16908233_254543938326285_623739928391450624_a.jpg", "media": [{"id": "1565326204051702782_2018677947", "image": "https://instagram.fhel2-1.fna.fbcdn.net/t51.2885-15/s150x150/e35/20214445_466117883781273_5628270954523131904_n.jpg?ig_cache_key=MTU2NTMyNjEwMTQ5MjYxNzE1MQ%3D%3D.2"}], "timestamp": 1500821495.959896, "tuuid": "6ce26d70-6fb6-11e7-8080-808080808080"}, "counts": {}, "pk": "i7V5eIjdd6VdIDtMYAz1sckHSEU="}, {"type": 1, "story_type": 60, "args": {"text": "ffoodinfo liked your post.", "links": [{"start": 0, "end": 9, "type": "user", "id": "2955906639"}], "profile_id": 2955906639, "profile_image": "https://instagram.fhel2-1.fna.fbcdn.net/t51.2885-19/s150x150/923883_646546055483242_1793195029_a.jpg", "media": [{"id": "1565318483227424523_2018677947", "image": "https://instagram.fhel2-1.fna.fbcdn.net/t51.2885-15/s150x150/e35/20225734_441363882913592_396873034192912384_n.jpg?ig_cache_key=MTU2NTMxODQ0MTc0NTY0MzQ1Mg%3D%3D.2"}], "timestamp": 1500820610.464186, "tuuid": "5d168144-6fb4-11e7-8080-808080808080"}, "counts": {}, "pk": "+0gHSi44n6Bq+SEF5JU2KJoGYzk="}, {"type": 1, "story_type": 60, "args": {"text": "irkutsk_trener liked your post.", "links": [{"start": 0, "end": 14, "type": "user", "id": "1563530617"}], "profile_id": 1563530617, "profile_image": "https://instagram.fhel2-1.fna.fbcdn.net/t51.2885-19/s150x150/16908233_254543938326285_623739928391450624_a.jpg", "media": [{"id": "1565313499832152763_2018677947", "image": "https://instagram.fhel2-1.fna.fbcdn.net/t51.2885-15/s150x150/e35/20214045_1261918733916557_8525776761374375936_n.jpg?ig_cache_key=MTU2NTMxMzQxNzMyMTg2ODQ4MQ%3D%3D.2"}], "timestamp": 1500820114.840158, "tuuid": "35ac47ac-6fb3-11e7-8080-808080808080"}, "counts": {}, "pk": "r+08d00yrhfnMVriTB1JHbcG3kA="}, {"type": 1, "story_type": 60, "args": {"text": "ffoodinfo liked your post.", "links": [{"start": 0, "end": 9, "type": "user", "id": "2955906639"}], "profile_id": 2955906639, "profile_image": "https://instagram.fhel2-1.fna.fbcdn.net/t51.2885-19/s150x150/923883_646546055483242_1793195029_a.jpg", "media": [{"id": "1565313499832152763_2018677947", "image": "https://instagram.fhel2-1.fna.fbcdn.net/t51.2885-15/s150x150/e35/20214045_1261918733916557_8525776761374375936_n.jpg?ig_cache_key=MTU2NTMxMzQxNzMyMTg2ODQ4MQ%3D%3D.2"}], "timestamp": 1500820071.464793, "tuuid": "1bd1b97a-6fb3-11e7-8080-808080808080"}, "counts": {}, "pk": "cFse462qlzPKctsvb9Why+QIbkY="}, {"type": 1, "story_type": 60, "args": {"text": "sugarbody_s liked your post.", "links": [{"start": 0, "end": 11, "type": "user", "id": "3252265417"}], "profile_id": 3252265417, "profile_image": "https://instagram.fhel2-1.fna.fbcdn.net/t51.2885-19/s150x150/18949654_1215694828553261_1988170722442215424_a.jpg", "media": [{"id": "1565313499832152763_2018677947", "image": "https://instagram.fhel2-1.fna.fbcdn.net/t51.2885-15/s150x150/e35/20214045_1261918733916557_8525776761374375936_n.jpg?ig_cache_key=MTU2NTMxMzQxNzMyMTg2ODQ4MQ%3D%3D.2"}], "timestamp": 1500820044.047225, "tuuid": "0b7a22ba-6fb3-11e7-8080-808080808080"}, "counts": {}, "pk": "tebcPOcCQ3JTb4nEHTKLKGMHa0g="}, {"type": 1, "story_type": 60, "args": {"text": "topsecretsalon liked your post.", "links": [{"start": 0, "end": 14, "type": "user", "id": "5484126995"}], "profile_id": 5484126995, "profile_image": "https://instagram.fhel2-1.fna.fbcdn.net/t51.2885-19/s150x150/18809362_1540276822673718_3249958631411548160_a.jpg", "media": [{"id": "1564400852507967370_2018677947", "image": "https://instagram.fhel2-1.fna.fbcdn.net/t51.2885-15/s150x150/e15/c187.0.706.706/20066083_147940242450876_6160193196614746112_n.jpg?ig_cache_key=MTU2NDQwMDg1MjUwNzk2NzM3MA%3D%3D.2.c"}], "timestamp": 1500819795.454428, "tuuid": "774de298-6fb2-11e7-8080-808080808080"}, "counts": {}, "pk": "LDyNIQUpUIlNyvXKKGCYaX0Gni4="}, {"type": 1, "story_type": 60, "args": {"text": "sugarbody_s liked your post.", "links": [{"start": 0, "end": 11, "type": "user", "id": "3252265417"}], "profile_id": 3252265417, "profile_image": "https://instagram.fhel2-1.fna.fbcdn.net/t51.2885-19/s150x150/18949654_1215694828553261_1988170722442215424_a.jpg", "media": [{"id": "1565309436507761519_2018677947", "image": "https://instagram.fhel2-1.fna.fbcdn.net/t51.2885-15/s150x150/e35/20214632_823061127851713_6644234597829705728_n.jpg?ig_cache_key=MTU2NTMwOTM5OTY1NjY0NjYwMg%3D%3D.2"}], "timestamp": 1500819571.584434, "tuuid": "f1de08f4-6fb1-11e7-8080-808080808080"}, "counts": {}, "pk": "dRZslVpPf3Cn+bkGhzL0jb4HSDw="}, {"type": 1, "story_type": 60, "args": {"text": "sugarbody_s liked your post.", "links": [{"start": 0, "end": 11, "type": "user", "id": "3252265417"}], "profile_id": 3252265417, "profile_image": "https://instagram.fhel2-1.fna.fbcdn.net/t51.2885-19/s150x150/18949654_1215694828553261_1988170722442215424_a.jpg", "media": [{"id": "1565295913476268504_2018677947", "image": "https://instagram.fhel2-1.fna.fbcdn.net/t51.2885-15/s150x150/e35/20184454_271304533352166_4641596750497316864_n.jpg?ig_cache_key=MTU2NTI5NTgxOTIzMDA4NjQ4NA%3D%3D.2"}], "timestamp": 1500818594.362196, "tuuid": "ab65c148-6faf-11e7-8080-808080808080"}, "counts": {}, "pk": "X/GbEE2iAKK7XM3Zle/08rQJD0c="}, {"type": 1, "story_type": 60, "args": {"text": "sugarbody_s liked your post.", "links": [{"start": 0, "end": 11, "type": "user", "id": "3252265417"}], "profile_id": 3252265417, "profile_image": "https://instagram.fhel2-1.fna.fbcdn.net/t51.2885-19/s150x150/18949654_1215694828553261_1988170722442215424_a.jpg", "media": [{"id": "1565300941028995559_2018677947", "image": "https://instagram.fhel2-1.fna.fbcdn.net/t51.2885-15/s150x150/e35/20214130_243443609496240_8589208742526976000_n.jpg?ig_cache_key=MTU2NTMwMDg0NjIwNDE1NDEzNg%3D%3D.2"}], "timestamp": 1500818485.387974, "tuuid": "6a719bbc-6faf-11e7-8080-808080808080"}, "counts": {}, "pk": "dOu9IKltCwWL/dveEjMhDBYHK0Q="}, {"type": 1, "story_type": 60, "args": {"text": "ffoodinfo liked your post.", "links": [{"start": 0, "end": 9, "type": "user", "id": "2955906639"}], "profile_id": 2955906639, "profile_image": "https://instagram.fhel2-1.fna.fbcdn.net/t51.2885-19/s150x150/923883_646546055483242_1793195029_a.jpg", "media": [{"id": "1565300941028995559_2018677947", "image": "https://instagram.fhel2-1.fna.fbcdn.net/t51.2885-15/s150x150/e35/20214130_243443609496240_8589208742526976000_n.jpg?ig_cache_key=MTU2NTMwMDg0NjIwNDE1NDEzNg%3D%3D.2"}], "timestamp": 1500818445.176306, "tuuid": "5279cb74-6faf-11e7-8080-808080808080"}, "counts": {}, "pk": "+rVFO6ogP+tLLZsyHWVAI04Glj8="}, {"type": 1, "story_type": 60, "args": {"text": "ara_ritter liked your post.", "links": [{"start": 0, "end": 10, "type": "user", "id": "4299843002"}], "profile_id": 4299843002, "profile_image": "https://instagram.fhel2-1.fna.fbcdn.net/t51.2885-19/s150x150/19761803_848450545306086_266180413486006272_a.jpg", "media": [{"id": "1564400852507967370_2018677947", "image": "https://instagram.fhel2-1.fna.fbcdn.net/t51.2885-15/s150x150/e15/c187.0.706.706/20066083_147940242450876_6160193196614746112_n.jpg?ig_cache_key=MTU2NDQwMDg1MjUwNzk2NzM3MA%3D%3D.2.c"}], "timestamp": 1500818329.419412, "tuuid": "0d7ab1c8-6faf-11e7-8080-808080808080"}, "counts": {}, "pk": "6dTtST0lYFlUBnVFFvxgSN0GQEI="}, {"type": 1, "story_type": 60, "args": {"text": "ffoodinfo liked your post.", "links": [{"start": 0, "end": 9, "type": "user", "id": "2955906639"}], "profile_id": 2955906639, "profile_image": "https://instagram.fhel2-1.fna.fbcdn.net/t51.2885-19/s150x150/923883_646546055483242_1793195029_a.jpg", "media": [{"id": "1565295913476268504_2018677947", "image": "https://instagram.fhel2-1.fna.fbcdn.net/t51.2885-15/s150x150/e35/20184454_271304533352166_4641596750497316864_n.jpg?ig_cache_key=MTU2NTI5NTgxOTIzMDA4NjQ4NA%3D%3D.2"}], "timestamp": 1500818164.064546, "tuuid": "aaeb8b54-6fae-11e7-8080-808080808080"}, "counts": {}, "pk": "zPbnjfLajAwBWfFjpFEBa6oIm1c="}, {"type": 1, "story_type": 60, "args": {"text": "annetviva liked your post.", "links": [{"start": 0, "end": 9, "type": "user", "id": "1529027718"}], "profile_id": 1529027718, "profile_image": "https://instagram.fhel2-1.fna.fbcdn.net/t51.2885-19/s150x150/18644818_1217531545036099_3668464488161476608_a.jpg", "media": [{"id": "1565295913476268504_2018677947", "image": "https://instagram.fhel2-1.fna.fbcdn.net/t51.2885-15/s150x150/e35/20184454_271304533352166_4641596750497316864_n.jpg?ig_cache_key=MTU2NTI5NTgxOTIzMDA4NjQ4NA%3D%3D.2"}], "timestamp": 1500817880.241992, "tuuid": "01bfa8d0-6fae-11e7-8080-808080808080"}, "counts": {}, "pk": "EhVUtPMIpusRnmiQy3ajUJcH4Do="}, {"type": 1, "story_type": 60, "args": {"text": "25_helen_17 liked your post.", "links": [{"start": 0, "end": 11, "type": "user", "id": "659829831"}], "profile_id": 659829831, "profile_image": "https://instagram.fhel2-1.fna.fbcdn.net/t51.2885-19/s150x150/19955201_302932636783979_6342339057376296960_a.jpg", "media": [{"id": "1564400852507967370_2018677947", "image": "https://instagram.fhel2-1.fna.fbcdn.net/t51.2885-15/s150x150/e15/c187.0.706.706/20066083_147940242450876_6160193196614746112_n.jpg?ig_cache_key=MTU2NDQwMDg1MjUwNzk2NzM3MA%3D%3D.2.c"}], "timestamp": 1500817638.241622, "tuuid": "7181555c-6fad-11e7-8080-808080808080"}, "counts": {}, "pk": "+gs83DY2BlYU/R24CYc62nAGvTU="}, {"type": 1, "story_type": 60, "args": {"text": "astera.blaga.28rus liked your post.", "links": [{"start": 0, "end": 18, "type": "user", "id": "3902626426"}], "profile_id": 3902626426, "profile_image": "https://instagram.fhel2-1.fna.fbcdn.net/t51.2885-19/s150x150/14145398_657782347710035_713112823_a.jpg", "media": [{"id": "1565288367268885632_2018677947", "image": "https://instagram.fhel2-1.fna.fbcdn.net/t51.2885-15/s150x150/e35/20225529_152439945309857_5148330577060954112_n.jpg?ig_cache_key=MTU2NTI4ODI2NzczODEzNzM3Mg%3D%3D.2"}], "timestamp": 1500817462.044435, "tuuid": "087bc6be-6fad-11e7-8080-808080808080"}, "counts": {}, "pk": "sd4UnRxRL1UkLtwYF9qxr8kGzjc="}, {"type": 1, "story_type": 60, "args": {"text": "irkutsk_trener liked your post.", "links": [{"start": 0, "end": 14, "type": "user", "id": "1563530617"}], "profile_id": 1563530617, "profile_image": "https://instagram.fhel2-1.fna.fbcdn.net/t51.2885-19/s150x150/16908233_254543938326285_623739928391450624_a.jpg", "media": [{"id": "1565288367268885632_2018677947", "image": "https://instagram.fhel2-1.fna.fbcdn.net/t51.2885-15/s150x150/e35/20225529_152439945309857_5148330577060954112_n.jpg?ig_cache_key=MTU2NTI4ODI2NzczODEzNzM3Mg%3D%3D.2"}], "timestamp": 1500817111.57689, "tuuid": "3796ac44-6fac-11e7-8080-808080808080"}, "counts": {}, "pk": "CxmgVciDDSNegc502WKh43UHRDQ="}, {"type": 1, "story_type": 60, "args": {"text": "ffoodinfo liked your post.", "links": [{"start": 0, "end": 9, "type": "user", "id": "2955906639"}], "profile_id": 2955906639, "profile_image": "https://instagram.fhel2-1.fna.fbcdn.net/t51.2885-19/s150x150/923883_646546055483242_1793195029_a.jpg", "media": [{"id": "1565288367268885632_2018677947", "image": "https://instagram.fhel2-1.fna.fbcdn.net/t51.2885-15/s150x150/e35/20225529_152439945309857_5148330577060954112_n.jpg?ig_cache_key=MTU2NTI4ODI2NzczODEzNzM3Mg%3D%3D.2"}], "timestamp": 1500816982.039106, "tuuid": "ea60c694-6fab-11e7-8080-808080808080"}, "counts": {}, "pk": "unUCiL3Gsl5Wm4DXlSaFcEUIj0c="}, {"type": 1, "story_type": 60, "args": {"text": "_milafox_58_ liked your post.", "links": [{"start": 0, "end": 12, "type": "user", "id": "4291158303"}], "profile_id": 4291158303, "profile_image": "https://instagram.fhel2-1.fna.fbcdn.net/t51.2885-19/s150x150/19932213_696126973913342_69343243426332672_a.jpg", "media": [{"id": "1564400852507967370_2018677947", "image": "https://instagram.fhel2-1.fna.fbcdn.net/t51.2885-15/s150x150/e15/c187.0.706.706/20066083_147940242450876_6160193196614746112_n.jpg?ig_cache_key=MTU2NDQwMDg1MjUwNzk2NzM3MA%3D%3D.2.c"}], "timestamp": 1500816256.595724, "tuuid": "39fae678-6faa-11e7-8080-808080808080"}, "counts": {}, "pk": "lwZD429JeZviRW6EB3lc22AHxDw="}, {"type": 1, "story_type": 60, "args": {"text": "irkutsk_trener liked your post.", "links": [{"start": 0, "end": 14, "type": "user", "id": "1563530617"}], "profile_id": 1563530617, "profile_image": "https://instagram.fhel2-1.fna.fbcdn.net/t51.2885-19/s150x150/16908233_254543938326285_623739928391450624_a.jpg", "media": [{"id": "1565279322789333121_2018677947", "image": "https://instagram.fhel2-1.fna.fbcdn.net/t51.2885-15/s150x150/e35/20214575_2006281569601299_5966613557385625600_n.jpg?ig_cache_key=MTU2NTI3OTIyMzExNTgyNDc3NQ%3D%3D.2"}], "timestamp": 1500816045.592293, "tuuid": "bc3654f2-6fa9-11e7-8080-808080808080"}, "counts": {}, "pk": "vavHrr22sBiwJFkDX8k9lkQIi08="}, {"type": 1, "story_type": 60, "args": {"text": "ffoodinfo liked your post.", "links": [{"start": 0, "end": 9, "type": "user", "id": "2955906639"}], "profile_id": 2955906639, "profile_image": "https://instagram.fhel2-1.fna.fbcdn.net/t51.2885-19/s150x150/923883_646546055483242_1793195029_a.jpg", "media": [{"id": "1565278230038852797_2018677947", "image": "https://instagram.fhel2-1.fna.fbcdn.net/t51.2885-15/s150x150/e35/20225886_289770591431603_2992549623475732480_n.jpg?ig_cache_key=MTU2NTI3ODE4MzEyOTg1ODk2NA%3D%3D.2"}], "timestamp": 1500815945.59611, "tuuid": "809c200c-6fa9-11e7-8080-808080808080"}, "counts": {}, "pk": "zBoQK0dJglD6kSRIUFcPD0AFOTA="}, {"type": 1, "story_type": 60, "args": {"text": "ffoodinfo liked your post.", "links": [{"start": 0, "end": 9, "type": "user", "id": "2955906639"}], "profile_id": 2955906639, "profile_image": "https://instagram.fhel2-1.fna.fbcdn.net/t51.2885-19/s150x150/923883_646546055483242_1793195029_a.jpg", "media": [{"id": "1565279322789333121_2018677947", "image": "https://instagram.fhel2-1.fna.fbcdn.net/t51.2885-15/s150x150/e35/20214575_2006281569601299_5966613557385625600_n.jpg?ig_cache_key=MTU2NTI3OTIyMzExNTgyNDc3NQ%3D%3D.2"}], "timestamp": 1500815941.937128, "tuuid": "7e6dcf10-6fa9-11e7-8080-808080808080"}, "counts": {}, "pk": "0N+MlrgAUDYSFarsZYnMcfgHAEY="}, {"type": 1, "story_type": 60, "args": {"text": "irkutsk_trener liked your post.", "links": [{"start": 0, "end": 14, "type": "user", "id": "1563530617"}], "profile_id": 1563530617, "profile_image": "https://instagram.fhel2-1.fna.fbcdn.net/t51.2885-19/s150x150/16908233_254543938326285_623739928391450624_a.jpg", "media": [{"id": "1565275808499445272_2018677947", "image": "https://instagram.fhel2-1.fna.fbcdn.net/t51.2885-15/s150x150/e35/20181372_327086401070290_6267924312271880192_n.jpg?ig_cache_key=MTU2NTI3NTc2NDE5MDc5NDU0Mg%3D%3D.2"}], "timestamp": 1500815853.915302, "tuuid": "49f6be7c-6fa9-11e7-8080-808080808080"}, "counts": {}, "pk": "3Rtw3JgTaCpwsw8x/J2LND0HAT8="}, {"type": 3, "story_type": 101, "args": {"text": "shiniavskiidmitrii started following you.", "links": [{"start": 0, "end": 18, "type": "user", "id": "4794901601"}], "inline_follow": {"user_info": {"id": 4794901601, "username": "shiniavskiidmitrii", "is_private": false, "profile_pic_url": "https://instagram.fhel2-1.fna.fbcdn.net/t51.2885-19/11906329_960233084022564_1448528159_a.jpg"}, "following": false, "outgoing_request": false}, "profile_id": 4794901601, "profile_image": "https://instagram.fhel2-1.fna.fbcdn.net/t51.2885-19/11906329_960233084022564_1448528159_a.jpg", "timestamp": 1500815684.759578, "tuuid": "e523a104-6fa8-11e7-8080-808080808080"}, "counts": {}, "pk": "1bnPEp8SZU6erHMTGkhVofwGnUI="}, {"type": 1, "story_type": 60, "args": {"text": "sugarbody_s liked your post.", "links": [{"start": 0, "end": 11, "type": "user", "id": "3252265417"}], "profile_id": 3252265417, "profile_image": "https://instagram.fhel2-1.fna.fbcdn.net/t51.2885-19/s150x150/18949654_1215694828553261_1988170722442215424_a.jpg", "media": [{"id": "1565275808499445272_2018677947", "image": "https://instagram.fhel2-1.fna.fbcdn.net/t51.2885-15/s150x150/e35/20181372_327086401070290_6267924312271880192_n.jpg?ig_cache_key=MTU2NTI3NTc2NDE5MDc5NDU0Mg%3D%3D.2"}], "timestamp": 1500815588.780901, "tuuid": "abee71f2-6fa8-11e7-8080-808080808080"}, "counts": {}, "pk": "8prgRvV6Vt6uhOyhK8EBW10J7Vg="}, {"type": 1, "story_type": 60, "args": {"text": "ffoodinfo liked your post.", "links": [{"start": 0, "end": 9, "type": "user", "id": "2955906639"}], "profile_id": 2955906639, "profile_image": "https://instagram.fhel2-1.fna.fbcdn.net/t51.2885-19/s150x150/923883_646546055483242_1793195029_a.jpg", "media": [{"id": "1565275808499445272_2018677947", "image": "https://instagram.fhel2-1.fna.fbcdn.net/t51.2885-15/s150x150/e35/20181372_327086401070290_6267924312271880192_n.jpg?ig_cache_key=MTU2NTI3NTc2NDE5MDc5NDU0Mg%3D%3D.2"}], "timestamp": 1500815579.936309, "tuuid": "a6a8de12-6fa8-11e7-8080-808080808080"}, "counts": {}, "pk": "mQRzgXGaVTBddWqDwENewgQHDDg="}, {"type": 1, "story_type": 60, "args": {"text": "greatcityspb liked your post.", "links": [{"start": 0, "end": 12, "type": "user", "id": "4171607734"}], "profile_id": 4171607734, "profile_image": "https://instagram.fhel2-1.fna.fbcdn.net/t51.2885-19/s150x150/18513577_294564717661730_983421079831707648_a.jpg", "media": [{"id": "1565265637027042566_2018677947", "image": "https://instagram.fhel2-1.fna.fbcdn.net/t51.2885-15/s150x150/e35/20214339_141541806428927_2408830088679260160_n.jpg?ig_cache_key=MTU2NTI2NTU5ODk5Mjk1NjU5MA%3D%3D.2"}], "timestamp": 1500815020.722892, "tuuid": "5957abf8-6fa7-11e7-8080-808080808080"}, "counts": {}, "pk": "9UeSJwNMv5417Akm4taV2RgICT8="}, {"type": 1, "story_type": 60, "args": {"text": "tatianahmel liked your post.", "links": [{"start": 0, "end": 11, "type": "user", "id": "3304171898"}], "profile_id": 3304171898, "profile_image": "https://instagram.fhel2-1.fna.fbcdn.net/t51.2885-19/s150x150/14676767_212350772526604_8919422015975194624_a.jpg", "media": [{"id": "1565210336596677380_2018677947", "image": "https://instagram.fhel2-1.fna.fbcdn.net/t51.2885-15/s150x150/e35/20226094_888955264589704_143518136082104320_n.jpg?ig_cache_key=MTU2NTIxMDI1MjkwMzU1NTE0NA%3D%3D.2"}], "timestamp": 1500814596.570007, "tuuid": "5c8713e6-6fa6-11e7-8080-808080808080"}, "counts": {}, "pk": "/LjUi2BCGuja8MPV+uLUC9UKHVw="}, {"type": 1, "story_type": 60, "args": {"text": "ffoodinfo liked your post.", "links": [{"start": 0, "end": 9, "type": "user", "id": "2955906639"}], "profile_id": 2955906639, "profile_image": "https://instagram.fhel2-1.fna.fbcdn.net/t51.2885-19/s150x150/923883_646546055483242_1793195029_a.jpg", "media": [{"id": "1565265637027042566_2018677947", "image": "https://instagram.fhel2-1.fna.fbcdn.net/t51.2885-15/s150x150/e35/20214339_141541806428927_2408830088679260160_n.jpg?ig_cache_key=MTU2NTI2NTU5ODk5Mjk1NjU5MA%3D%3D.2"}], "timestamp": 1500814425.848059, "tuuid": "f6c4f9ce-6fa5-11e7-8080-808080808080"}, "counts": {}, "pk": "YSIDtR1JWDEnnA0fpvoKOf0EWSc="}, {"type": 1, "story_type": 60, "args": {"text": "ffoodinfo liked your post.", "links": [{"start": 0, "end": 9, "type": "user", "id": "2955906639"}], "profile_id": 2955906639, "profile_image": "https://instagram.fhel2-1.fna.fbcdn.net/t51.2885-19/s150x150/923883_646546055483242_1793195029_a.jpg", "media": [{"id": "1565258229399646005_2018677947", "image": "https://instagram.fhel2-1.fna.fbcdn.net/t51.2885-15/s150x150/e35/20184880_1363630603751663_7493423707549859840_n.jpg?ig_cache_key=MTU2NTI1ODE0MTQ3ODUwMDY4MA%3D%3D.2"}], "timestamp": 1500813536.806688, "tuuid": "e4dc0740-6fa3-11e7-8080-808080808080"}, "counts": {}, "pk": "iIoC015wZ2zcSVmfHgTkVgIHNT0="}, {"type": 1, "story_type": 60, "args": {"text": "irkutsk_trener liked your post.", "links": [{"start": 0, "end": 14, "type": "user", "id": "1563530617"}], "profile_id": 1563530617, "profile_image": "https://instagram.fhel2-1.fna.fbcdn.net/t51.2885-19/s150x150/16908233_254543938326285_623739928391450624_a.jpg", "media": [{"id": "1565249160878087440_2018677947", "image": "https://instagram.fhel2-1.fna.fbcdn.net/t51.2885-15/s150x150/e35/20214314_1551415148259812_131391390411128832_n.jpg?ig_cache_key=MTU2NTI0OTA0NDM1MTk0ODY2OQ%3D%3D.2"}], "timestamp": 1500812497.26, "tuuid": "793dcac0-6fa1-11e7-8080-808080808080"}, "counts": {}, "pk": "LjFaRiwD2qLzGGfrPfvNIC0HkDM="}, {"type": 1, "story_type": 60, "args": {"text": "ffoodinfo liked your post.", "links": [{"start": 0, "end": 9, "type": "user", "id": "2955906639"}], "profile_id": 2955906639, "profile_image": "https://instagram.fhel2-1.fna.fbcdn.net/t51.2885-19/s150x150/923883_646546055483242_1793195029_a.jpg", "media": [{"id": "1565249160878087440_2018677947", "image": "https://instagram.fhel2-1.fna.fbcdn.net/t51.2885-15/s150x150/e35/20214314_1551415148259812_131391390411128832_n.jpg?ig_cache_key=MTU2NTI0OTA0NDM1MTk0ODY2OQ%3D%3D.2"}], "timestamp": 1500812482.39077, "tuuid": "7060ed74-6fa1-11e7-8080-808080808080"}, "counts": {}, "pk": "utt9mSdT7SfsBV7Ptdb/tpgJ8kw="}, {"type": 1, "story_type": 60, "args": {"text": "astera.blaga.28rus liked your post.", "links": [{"start": 0, "end": 18, "type": "user", "id": "3902626426"}], "profile_id": 3902626426, "profile_image": "https://instagram.fhel2-1.fna.fbcdn.net/t51.2885-19/s150x150/14145398_657782347710035_713112823_a.jpg", "media": [{"id": "1565223058373633081_2018677947", "image": "https://instagram.fhel2-1.fna.fbcdn.net/t51.2885-15/s150x150/e35/20347489_1462155540536957_7685393953813692416_n.jpg?ig_cache_key=MTU2NTIyMjk1NjEyNTAwNjYzNw%3D%3D.2"}], "timestamp": 1500812324.425877, "tuuid": "123965d2-6fa1-11e7-8080-808080808080"}, "counts": {}, "pk": "oeqz/kQyHYE5BpXlfHqvUwIIf0g="}, {"type": 1, "story_type": 60, "args": {"text": "meow.valentina liked your post.", "links": [{"start": 0, "end": 14, "type": "user", "id": "4684567698"}], "profile_id": 4684567698, "profile_image": "https://instagram.fhel2-1.fna.fbcdn.net/t51.2885-19/s150x150/16790021_1721210961502800_9108833818940276736_n.jpg", "media": [{"id": "1565240553495195419_2018677947", "image": "https://instagram.fhel2-1.fna.fbcdn.net/t51.2885-15/s150x150/e35/20347469_1759801027380756_62419008820871168_n.jpg?ig_cache_key=MTU2NTI0MDUyMTQxNzI4NDYwMg%3D%3D.2"}], "timestamp": 1500811878.786549, "tuuid": "089a3b92-6fa0-11e7-8080-808080808080"}, "counts": {}, "pk": "t8iRQaunrAueZQuk1BTFYBoIXkk="}, {"type": 1, "story_type": 60, "args": {"text": "ffoodinfo liked your post.", "links": [{"start": 0, "end": 9, "type": "user", "id": "2955906639"}], "profile_id": 2955906639, "profile_image": "https://instagram.fhel2-1.fna.fbcdn.net/t51.2885-19/s150x150/923883_646546055483242_1793195029_a.jpg", "media": [{"id": "1565240553495195419_2018677947", "image": "https://instagram.fhel2-1.fna.fbcdn.net/t51.2885-15/s150x150/e35/20347469_1759801027380756_62419008820871168_n.jpg?ig_cache_key=MTU2NTI0MDUyMTQxNzI4NDYwMg%3D%3D.2"}], "timestamp": 1500811670.125747, "tuuid": "8c3b1efe-6f9f-11e7-8080-808080808080"}, "counts": {}, "pk": "L6HNE6OjUDlySBAhRqgFAV8FCjY="}, {"type": 1, "story_type": 60, "args": {"text": "katyatrufanovaa liked your post.", "links": [{"start": 0, "end": 15, "type": "user", "id": "1710909318"}], "profile_id": 1710909318, "profile_image": "https://instagram.fhel2-1.fna.fbcdn.net/t51.2885-19/s150x150/19931547_448170092226264_1271261902449672192_a.jpg", "media": [{"id": "1564400852507967370_2018677947", "image": "https://instagram.fhel2-1.fna.fbcdn.net/t51.2885-15/s150x150/e15/c187.0.706.706/20066083_147940242450876_6160193196614746112_n.jpg?ig_cache_key=MTU2NDQwMDg1MjUwNzk2NzM3MA%3D%3D.2.c"}], "timestamp": 1500811456.275119, "tuuid": "0cc41ad6-6f9f-11e7-8080-808080808080"}, "counts": {}, "pk": "rpn2QRXzKjMa/dd9lahnGg0I7kc="}, {"type": 1, "story_type": 60, "args": {"text": "irkutsk_trener liked your post.", "links": [{"start": 0, "end": 14, "type": "user", "id": "1563530617"}], "profile_id": 1563530617, "profile_image": "https://instagram.fhel2-1.fna.fbcdn.net/t51.2885-19/s150x150/16908233_254543938326285_623739928391450624_a.jpg", "media": [{"id": "1565240553495195419_2018677947", "image": "https://instagram.fhel2-1.fna.fbcdn.net/t51.2885-15/s150x150/e35/20347469_1759801027380756_62419008820871168_n.jpg?ig_cache_key=MTU2NTI0MDUyMTQxNzI4NDYwMg%3D%3D.2"}], "timestamp": 1500811436.427606, "tuuid": "00ef9d5c-6f9f-11e7-8080-808080808080"}, "counts": {}, "pk": "CKU7l8jcPu2zvX6zoyq8pR4JEkk="}, {"type": 1, "story_type": 60, "args": {"text": "ffoodinfo liked your post.", "links": [{"start": 0, "end": 9, "type": "user", "id": "2955906639"}], "profile_id": 2955906639, "profile_image": "https://instagram.fhel2-1.fna.fbcdn.net/t51.2885-19/s150x150/923883_646546055483242_1793195029_a.jpg", "media": [{"id": "1565235489586224490_2018677947", "image": "https://instagram.fhel2-1.fna.fbcdn.net/t51.2885-15/s150x150/e35/20214192_1989367901293794_6979070664837693440_n.jpg?ig_cache_key=MTU2NTIzNTM5MzI1MTMwMTk2MA%3D%3D.2"}], "timestamp": 1500810854.750946, "tuuid": "a63accd4-6f9d-11e7-8080-808080808080"}, "counts": {}, "pk": "xGOJQkQbC6+zZjWtEgQcl9AFBzY="}, {"type": 1, "story_type": 60, "args": {"text": "lev_kyani_irk liked your post.", "links": [{"start": 0, "end": 13, "type": "user", "id": "297417907"}], "profile_id": 297417907, "profile_image": "https://instagram.fhel2-1.fna.fbcdn.net/t51.2885-19/s150x150/15877207_146399525855729_1488745663201017856_a.jpg", "media": [{"id": "1565227949678899408_2018677947", "image": "https://instagram.fhel2-1.fna.fbcdn.net/t51.2885-15/s150x150/e35/20226033_666238600233088_1660296771651239936_n.jpg?ig_cache_key=MTU2NTIyNzg4OTQ0MDE0NjQ4OQ%3D%3D.2"}], "timestamp": 1500810614.16928, "tuuid": "16d4f380-6f9d-11e7-8080-808080808080"}, "counts": {}, "pk": "KsCILOVjcAwt7rrsgaVoUgQIXEE="}, {"type": 3, "story_type": 101, "args": {"text": "lev_kyani_irk started following you.", "links": [{"start": 0, "end": 13, "type": "user", "id": "297417907"}], "inline_follow": {"user_info": {"id": 297417907, "username": "lev_kyani_irk", "is_private": false, "profile_pic_url": "https://instagram.fhel2-1.fna.fbcdn.net/t51.2885-19/s150x150/15877207_146399525855729_1488745663201017856_a.jpg"}, "following": false, "outgoing_request": false}, "profile_id": 297417907, "profile_image": "https://instagram.fhel2-1.fna.fbcdn.net/t51.2885-19/s150x150/15877207_146399525855729_1488745663201017856_a.jpg", "timestamp": 1500810580.518163, "tuuid": "02c632be-6f9d-11e7-8080-808080808080"}, "counts": {}, "pk": "c2zgWmq/9nPt/citXtDh3PYKJFY="}, {"type": 1, "story_type": 60, "args": {"text": "irkutsk_trener liked your post.", "links": [{"start": 0, "end": 14, "type": "user", "id": "1563530617"}], "profile_id": 1563530617, "profile_image": "https://instagram.fhel2-1.fna.fbcdn.net/t51.2885-19/s150x150/16908233_254543938326285_623739928391450624_a.jpg", "media": [{"id": "1565227949678899408_2018677947", "image": "https://instagram.fhel2-1.fna.fbcdn.net/t51.2885-15/s150x150/e35/20226033_666238600233088_1660296771651239936_n.jpg?ig_cache_key=MTU2NTIyNzg4OTQ0MDE0NjQ4OQ%3D%3D.2"}], "timestamp": 1500810145.2394, "tuuid": "ff53ee10-6f9b-11e7-8080-808080808080"}, "counts": {}, "pk": "IdsnVgPABb3c5CwJCLJr5v8G8zY="}, {"type": 1, "story_type": 60, "args": {"text": "ffoodinfo liked your post.", "links": [{"start": 0, "end": 9, "type": "user", "id": "2955906639"}], "profile_id": 2955906639, "profile_image": "https://instagram.fhel2-1.fna.fbcdn.net/t51.2885-19/s150x150/923883_646546055483242_1793195029_a.jpg", "media": [{"id": "1565227949678899408_2018677947", "image": "https://instagram.fhel2-1.fna.fbcdn.net/t51.2885-15/s150x150/e35/20226033_666238600233088_1660296771651239936_n.jpg?ig_cache_key=MTU2NTIyNzg4OTQ0MDE0NjQ4OQ%3D%3D.2"}], "timestamp": 1500809853.185109, "tuuid": "513ffb52-6f9b-11e7-8080-808080808080"}, "counts": {}, "pk": "RUQo3bVuENyNnV6//WtGGq0H1D8="}, {"type": 1, "story_type": 60, "args": {"text": "sugarbody_s liked your post.", "links": [{"start": 0, "end": 11, "type": "user", "id": "3252265417"}], "profile_id": 3252265417, "profile_image": "https://instagram.fhel2-1.fna.fbcdn.net/t51.2885-19/s150x150/18949654_1215694828553261_1988170722442215424_a.jpg", "media": [{"id": "1565227949678899408_2018677947", "image": "https://instagram.fhel2-1.fna.fbcdn.net/t51.2885-15/s150x150/e35/20226033_666238600233088_1660296771651239936_n.jpg?ig_cache_key=MTU2NTIyNzg4OTQ0MDE0NjQ4OQ%3D%3D.2"}], "timestamp": 1500809828.926056, "tuuid": "42ca5810-6f9b-11e7-8080-808080808080"}, "counts": {}, "pk": "lciXM46vO2QNYismTk3tUp4GET0="}, {"type": 1, "story_type": 60, "args": {"text": "sugarbody_s liked your post.", "links": [{"start": 0, "end": 11, "type": "user", "id": "3252265417"}], "profile_id": 3252265417, "profile_image": "https://instagram.fhel2-1.fna.fbcdn.net/t51.2885-19/s150x150/18949654_1215694828553261_1988170722442215424_a.jpg", "media": [{"id": "1565223058373633081_2018677947", "image": "https://instagram.fhel2-1.fna.fbcdn.net/t51.2885-15/s150x150/e35/20347489_1462155540536957_7685393953813692416_n.jpg?ig_cache_key=MTU2NTIyMjk1NjEyNTAwNjYzNw%3D%3D.2"}], "timestamp": 1500809241.143849, "tuuid": "e471e59a-6f99-11e7-8080-808080808080"}, "counts": {}, "pk": "2herML6T4Gn2wRFDYWmTsoEIwEk="}, {"type": 1, "story_type": 60, "args": {"text": "ffoodinfo liked your post.", "links": [{"start": 0, "end": 9, "type": "user", "id": "2955906639"}], "profile_id": 2955906639, "profile_image": "https://instagram.fhel2-1.fna.fbcdn.net/t51.2885-19/s150x150/923883_646546055483242_1793195029_a.jpg", "media": [{"id": "1565223058373633081_2018677947", "image": "https://instagram.fhel2-1.fna.fbcdn.net/t51.2885-15/s150x150/e35/20347489_1462155540536957_7685393953813692416_n.jpg?ig_cache_key=MTU2NTIyMjk1NjEyNTAwNjYzNw%3D%3D.2"}], "timestamp": 1500809222.689625, "tuuid": "d972017a-6f99-11e7-8080-808080808080"}, "counts": {}, "pk": "i1dZs4YU2J1hrHdb81ia3J4IGEQ="}, {"type": 1, "story_type": 60, "args": {"text": "baza_otdixa_ozero_krugloe liked your post.", "links": [{"start": 0, "end": 25, "type": "user", "id": "5675435325"}], "profile_id": 5675435325, "profile_image": "https://instagram.fhel2-1.fna.fbcdn.net/t51.2885-19/s150x150/20067409_1559534940765014_7463538607844753408_a.jpg", "media": [{"id": "1565192765642131861_2018677947", "image": "https://instagram.fhel2-1.fna.fbcdn.net/t51.2885-15/s150x150/e35/20213857_1507813129282445_6314590867109707776_n.jpg?ig_cache_key=MTU2NTE5MjY3MTQxMjk5NjU3Ng%3D%3D.2"}], "timestamp": 1500808884.628056, "tuuid": "0ff1e770-6f99-11e7-8080-808080808080"}, "counts": {}, "pk": "7RSyhAQTDisNIc0jE+2cYKIFAy8="}, {"type": 1, "story_type": 60, "args": {"text": "baza_otdixa_ozero_krugloe liked your post.", "links": [{"start": 0, "end": 25, "type": "user", "id": "5675435325"}], "profile_id": 5675435325, "profile_image": "https://instagram.fhel2-1.fna.fbcdn.net/t51.2885-19/s150x150/20067409_1559534940765014_7463538607844753408_a.jpg", "media": [{"id": "1565197808974076493_2018677947", "image": "https://instagram.fhel2-1.fna.fbcdn.net/t51.2885-15/s150x150/e35/20225299_303868460079598_6558061606658375680_n.jpg?ig_cache_key=MTU2NTE5NzcwOTU2OTAwOTc3Mw%3D%3D.2"}], "timestamp": 1500808883.559269, "tuuid": "0f4ed1f2-6f99-11e7-8080-808080808080"}, "counts": {}, "pk": "g1qbTy45vBUKr/Bfzds7t6IHOTo="}, {"type": 1, "story_type": 60, "args": {"text": "baza_otdixa_ozero_krugloe liked your post.", "links": [{"start": 0, "end": 25, "type": "user", "id": "5675435325"}], "profile_id": 5675435325, "profile_image": "https://instagram.fhel2-1.fna.fbcdn.net/t51.2885-19/s150x150/20067409_1559534940765014_7463538607844753408_a.jpg", "media": [{"id": "1565205371958580507_2018677947", "image": "https://instagram.fhel2-1.fna.fbcdn.net/t51.2885-15/s150x150/e35/20346979_574300599625651_901272000570327040_n.jpg?ig_cache_key=MTU2NTIwNTI5Njc3MTI0MTU1NQ%3D%3D.2"}], "timestamp": 1500808625.279005, "tuuid": "755c6122-6f98-11e7-8080-808080808080"}, "counts": {}, "pk": "qBRXWYeetZiLeUTzDcpTh8sHSEA="}, {"type": 1, "story_type": 60, "args": {"text": "ffoodinfo liked your post.", "links": [{"start": 0, "end": 9, "type": "user", "id": "2955906639"}], "profile_id": 2955906639, "profile_image": "https://instagram.fhel2-1.fna.fbcdn.net/t51.2885-19/s150x150/923883_646546055483242_1793195029_a.jpg", "media": [{"id": "1565217897349886571_2018677947", "image": "https://instagram.fhel2-1.fna.fbcdn.net/t51.2885-15/s150x150/e35/20214239_1133650736780024_6925508737574633472_n.jpg?ig_cache_key=MTU2NTIxNzg0ODY4NzQxMzQyNA%3D%3D.2"}], "timestamp": 1500808595.681048, "tuuid": "63b816f0-6f98-11e7-8080-808080808080"}, "counts": {}, "pk": "z5sN1EoR1nG8//2nbuv21HAKWk8="}, {"type": 1, "story_type": 60, "args": {"text": "baza_otdixa_ozero_krugloe liked your post.", "links": [{"start": 0, "end": 25, "type": "user", "id": "5675435325"}], "profile_id": 5675435325, "profile_image": "https://instagram.fhel2-1.fna.fbcdn.net/t51.2885-19/s150x150/20067409_1559534940765014_7463538607844753408_a.jpg", "media": [{"id": "1565210336596677380_2018677947", "image": "https://instagram.fhel2-1.fna.fbcdn.net/t51.2885-15/s150x150/e35/20226094_888955264589704_143518136082104320_n.jpg?ig_cache_key=MTU2NTIxMDI1MjkwMzU1NTE0NA%3D%3D.2"}], "timestamp": 1500808580.880271, "tuuid": "5ae5ab96-6f98-11e7-8080-808080808080"}, "counts": {}, "pk": "m1tdYc2HHTQPJOi1zCl5FKwGlTo="}, {"type": 1, "story_type": 60, "args": {"text": "irkutsk_trener liked your post.", "links": [{"start": 0, "end": 14, "type": "user", "id": "1563530617"}], "profile_id": 1563530617, "profile_image": "https://instagram.fhel2-1.fna.fbcdn.net/t51.2885-19/s150x150/16908233_254543938326285_623739928391450624_a.jpg", "media": [{"id": "1565215436660652275_2018677947", "image": "https://instagram.fhel2-1.fna.fbcdn.net/t51.2885-15/s150x150/e35/20225796_105552483454589_352215957113929728_n.jpg?ig_cache_key=MTU2NTIxNTM0MjI3MjA1MTI4Mg%3D%3D.2"}], "timestamp": 1500808499.152119, "tuuid": "2a2ef1a6-6f98-11e7-8080-808080808080"}, "counts": {}, "pk": "Egtxq/7jYJasPzA3IhHcMKIGUDs="}], "continuation_token": 0, "subscription": null, "ads_manager": {"pending_count": 0}, "inline_su_count": 3, "status": "ok"}

[1;34mGET:  [0mdiscover/explore/
[0;32m‚Üê 200 	 20.59kB[0m
[0;36mRESPONSE: [0m{"items": [{"stories": {"id": 1500830903, "is_portrait": false, "top_live": {"broadcast_owners": [{"pk": 15406681, "username": "iamkareno", "full_name": "\ud83c\udfc1\ud83d\udd25K A R E N \u2022 Y E U N G \ud83d\udd25\ud83c\udfc1", "is_private": false, "profile_pic_url": "https://instagram.fhel2-1.fna.fbcdn.net/t51.2885-19/s150x150/18252252_1424985517540737_5609149562552844288_a.jpg", "profile_pic_id": "1507742590409525085_15406681", "is_verified": true}, {"pk": 174025470, "username": "blowek5", "full_name": "Karol BLOWEK G\u0105zwa", "is_private": false, "profile_pic_url": "https://instagram.fhel2-1.fna.fbcdn.net/t51.2885-19/s150x150/19761260_123997858205256_2662372079860449280_a.jpg", "profile_pic_id": "1553227019973029366_174025470", "is_verified": true}, {"pk": 184028108, "username": "xenia", "full_name": "XENIA TCHOUMI - London", "is_private": false, "profile_pic_url": "https://instagram.fhel2-1.fna.fbcdn.net/t51.2885-19/s150x150/15538708_1630716020563325_1327285520283205632_a.jpg", "profile_pic_id": "1405243212121218789_184028108", "is_verified": true}, {"pk": 255684841, "username": "anamojicaa", "full_name": "Ana Mojica", "is_private": false, "profile_pic_url": "https://instagram.fhel2-1.fna.fbcdn.net/t51.2885-19/s150x150/19425085_736428706530209_3990402510681538560_a.jpg", "profile_pic_id": "1546256267247632053_255684841", "is_verified": false}, {"pk": 218340322, "username": "purecareclinic2", "full_name": "\u0628\u064a\u0648\u0631 \u0643\u064a\u0631 \u0643\u0644\u064a\u0646\u064a\u0643 2 \u0639\u064a\u0627\u062f\u0629 \u062c\u0644\u062f\u064a\u0629", "is_private": false, "profile_pic_url": "https://instagram.fhel2-1.fna.fbcdn.net/t51.2885-19/s150x150/19932194_115198209103500_2287916232332017664_a.jpg", "profile_pic_id": "1554488735670936979_218340322", "is_verified": false}, {"pk": 4876884955, "username": "queencecedian", "full_name": "\ud83d\udc51 P R I N C E S S C E C E \ud83d\udc51", "is_private": false, "profile_pic_url": "https://instagram.fhel2-1.fna.fbcdn.net/t51.2885-19/s150x150/20181103_154850768420482_5723085106361401344_a.jpg", "profile_pic_id": "1565058233198222843_4876884955", "is_verified": false}, {"pk": 4162389999, "username": "iamsouuk", "full_name": "\ud83c\uddee \ud83c\udde6 \ud83c\uddf2 \ud83c\uddf8 \ud83c\uddf4 \ud83c\uddfa \ud83c\uddfa \ud83c\uddf0", "is_private": false, "profile_pic_url": "https://instagram.fhel2-1.fna.fbcdn.net/t51.2885-19/s150x150/20225527_1722101478096779_1425285777645895680_a.jpg", "profile_pic_id": "1565202547086319315_4162389999", "is_verified": false}, {"pk": 632453550, "username": "stefiex1", "full_name": "Stefie", "is_private": false, "profile_pic_url": "https://instagram.fhel2-1.fna.fbcdn.net/t51.2885-19/s150x150/18299286_969784066458124_4074109039573729280_a.jpg", "profile_pic_id": "1508551402720302289_632453550", "is_verified": false}]}, "tray": [{"id": 450973705, "latest_reel_media": 1500821339, "expiring_at": 1500907739, "seen": 0.0, "can_reply": true, "user": {"pk": 450973705, "username": "mashushunya", "full_name": "YouTube \u2014 Mashushunya", "is_private": false, "profile_pic_url": "https://instagram.fhel2-1.fna.fbcdn.net/t51.2885-19/s150x150/17818052_292508514513122_1566980128880197632_a.jpg", "profile_pic_id": "1487003737225684359_450973705", "friendship_status": {"following": false, "followed_by": false, "blocking": false, "is_private": false, "incoming_request": false, "outgoing_request": false, "is_bestie": false}, "is_verified": false}, "ranked_position": 0, "seen_ranked_position": 0, "source_token": "XLqQlMWJ8N4xER7XfOcF3COqr3Fm_Vwooty9lImWgm-WnUploQ_u_-EE6mqqRtftSabTJ9DZCJRj-pJ1ivIJSA==", "prefetch_count": 0}, {"id": 463574132, "latest_reel_media": 1500829509, "expiring_at": 1500915909, "seen": 0.0, "can_reply": true, "user": {"pk": 463574132, "username": "dzetakorma", "full_name": "Dzeta", "is_private": false, "profile_pic_url": "https://instagram.fhel2-1.fna.fbcdn.net/t51.2885-19/s150x150/16906437_261428424304385_3821487996754984960_a.jpg", "profile_pic_id": "1459638474264247656_463574132", "friendship_status": {"following": false, "followed_by": false, "blocking": false, "is_private": false, "incoming_request": false, "outgoing_request": false, "is_bestie": false}, "is_verified": false}, "ranked_position": 1, "seen_ranked_position": 1, "source_token": "XLqQlMWJ8N4xER7XfOcF3COqr3Fm_Vwooty9lImWgm92hbWvvz-vs8-K_43KwgmBC5KjiKxb2stAnSUJdgTajA==", "prefetch_count": 0}, {"id": 33871963, "latest_reel_media": 1500820730, "expiring_at": 1500907130, "seen": 0.0, "can_reply": true, "user": {"pk": 33871963, "username": "chaldeok", "full_name": "chaldeok", "is_private": false, "profile_pic_url": "https://instagram.fhel2-1.fna.fbcdn.net/t51.2885-19/s150x150/15803508_1800740420195358_637602188742361088_a.jpg", "profile_pic_id": "1421232773917640063_33871963", "friendship_status": {"following": false, "followed_by": false, "blocking": false, "is_private": false, "incoming_request": false, "outgoing_request": false, "is_bestie": false}, "is_verified": false}, "ranked_position": 2, "seen_ranked_position": 2, "source_token": "XLqQlMWJ8N4xER7XfOcF3COqr3Fm_Vwooty9lImWgm-r5eKT0KZuzESbJm4HqLUMZxzrmu2anJsPHGYEiHfttg==", "prefetch_count": 0}, {"id": 8139971, "latest_reel_media": 1500796252, "expiring_at": 1500882652, "seen": 0.0, "can_reply": false, "user": {"pk": 8139971, "username": "kellyslater", "full_name": "Kelly Slater", "is_private": false, "profile_pic_url": "https://instagram.fhel2-1.fna.fbcdn.net/t51.2885-19/s150x150/20184243_1918474968393181_8421881897621127168_a.jpg", "profile_pic_id": "1564645227078308153_8139971", "friendship_status": {"following": false, "followed_by": false, "blocking": false, "is_private": false, "incoming_request": false, "outgoing_request": false, "is_bestie": false}, "is_verified": true}, "ranked_position": 3, "seen_ranked_position": 3, "prefetch_count": 0}, {"id": 1146906227, "latest_reel_media": 1500830534, "expiring_at": 1500916934, "seen": 0.0, "can_reply": true, "user": {"pk": 1146906227, "username": "sharkweek", "full_name": "Shark Week", "is_private": false, "profile_pic_url": "https://instagram.fhel2-1.fna.fbcdn.net/t51.2885-19/s150x150/19764599_213611475829681_1583587470333706240_a.jpg", "profile_pic_id": "1553948848325258656_1146906227", "friendship_status": {"following": false, "followed_by": false, "blocking": false, "is_private": false, "incoming_request": false, "outgoing_request": false, "is_bestie": false}, "is_verified": true}, "ranked_position": 4, "seen_ranked_position": 4, "prefetch_count": 0}, {"id": 249828574, "latest_reel_media": 1500798845, "expiring_at": 1500885245, "seen": 0.0, "can_reply": true, "user": {"pk": 249828574, "username": "farrukoofficial", "full_name": "Farruko", "is_private": false, "profile_pic_url": "https://instagram.fhel2-1.fna.fbcdn.net/t51.2885-19/s150x150/20066548_701948913339130_8801397852279406592_a.jpg", "profile_pic_id": "1562493362648175137_249828574", "friendship_status": {"following": false, "followed_by": false, "blocking": false, "is_private": false, "incoming_request": false, "outgoing_request": false, "is_bestie": false}, "is_verified": true}, "ranked_position": 5, "seen_ranked_position": 5, "prefetch_count": 0}, {"id": 1097305, "latest_reel_media": 1500817344, "expiring_at": 1500903744, "seen": 0.0, "can_reply": true, "user": {"pk": 1097305, "username": "marcelod2", "full_name": "Marcelo D2", "is_private": false, "profile_pic_url": "https://instagram.fhel2-1.fna.fbcdn.net/t51.2885-19/s150x150/14240523_174453969656796_2036932398_a.jpg", "profile_pic_id": "1335994958817943069_1097305", "friendship_status": {"following": false, "followed_by": false, "blocking": false, "is_private": false, "incoming_request": false, "outgoing_request": false, "is_bestie": false}, "is_verified": true}, "ranked_position": 6, "seen_ranked_position": 6, "prefetch_count": 0}, {"id": 9857988, "latest_reel_media": 1500829837, "expiring_at": 1500916237, "seen": 0.0, "can_reply": false, "user": {"pk": 9857988, "username": "surfer_magazine", "full_name": "SURFER", "is_private": false, "profile_pic_url": "https://instagram.fhel2-1.fna.fbcdn.net/t51.2885-19/11379883_546374435503558_1975362541_a.jpg", "friendship_status": {"following": false, "followed_by": false, "blocking": false, "is_private": false, "incoming_request": false, "outgoing_request": false, "is_bestie": false}, "is_verified": true}, "ranked_position": 7, "seen_ranked_position": 7, "prefetch_count": 0}, {"id": 331767699, "latest_reel_media": 1500820799, "expiring_at": 1500907199, "seen": 0.0, "can_reply": false, "user": {"pk": 331767699, "username": "mundodeportivo", "full_name": "Mundo Deportivo", "is_private": false, "profile_pic_url": "https://instagram.fhel2-1.fna.fbcdn.net/t51.2885-19/s150x150/12292644_811366025655853_807868014_a.jpg", "friendship_status": {"following": false, "followed_by": false, "blocking": false, "is_private": false, "incoming_request": false, "outgoing_request": false, "is_bestie": false}, "is_verified": true}, "ranked_position": 8, "seen_ranked_position": 8, "prefetch_count": 0}, {"id": 289708892, "latest_reel_media": 1500828892, "expiring_at": 1500915292, "seen": 0.0, "can_reply": true, "user": {"pk": 289708892, "username": "leogdeus", "full_name": "Leonardo de Deus", "is_private": false, "profile_pic_url": "https://instagram.fhel2-1.fna.fbcdn.net/t51.2885-19/11348105_896639120421252_1861539664_a.jpg", "friendship_status": {"following": false, "followed_by": false, "blocking": false, "is_private": false, "incoming_request": false, "outgoing_request": false, "is_bestie": false}, "is_verified": true}, "ranked_position": 9, "seen_ranked_position": 9, "prefetch_count": 0}, {"id": 363832557, "latest_reel_media": 1500827338, "expiring_at": 1500913738, "seen": 0.0, "can_reply": true, "user": {"pk": 363832557, "username": "joyceribeirooficial", "full_name": "Joyce Ribeiro", "is_private": false, "profile_pic_url": "https://instagram.fhel2-1.fna.fbcdn.net/t51.2885-19/11373904_413193018871259_2099866438_a.jpg", "friendship_status": {"following": false, "followed_by": false, "blocking": false, "is_private": false, "incoming_request": false, "outgoing_request": false, "is_bestie": false}, "is_verified": true}, "ranked_position": 10, "seen_ranked_position": 10, "prefetch_count": 0}, {"id": 15889699, "latest_reel_media": 1500829708, "expiring_at": 1500916108, "seen": 0.0, "can_reply": false, "user": {"pk": 15889699, "username": "biaebrancaferes", "full_name": "Bia \u0026 Branca Feres \ud83d\udc6f Twins", "is_private": false, "profile_pic_url": "https://instagram.fhel2-1.fna.fbcdn.net/t51.2885-19/s150x150/14482749_674902289354908_5220024889880084480_a.jpg", "profile_pic_id": "1348542527615524987_15889699", "friendship_status": {"following": false, "followed_by": false, "blocking": false, "is_private": false, "incoming_request": false, "outgoing_request": false, "is_bestie": false}, "is_verified": true}, "ranked_position": 11, "seen_ranked_position": 11, "prefetch_count": 0}, {"id": 33511106, "latest_reel_media": 1500755708, "expiring_at": 1500842108, "seen": 0.0, "can_reply": false, "user": {"pk": 33511106, "username": "lauramarano", "full_name": "Laura", "is_private": false, "profile_pic_url": "https://instagram.fhel2-1.fna.fbcdn.net/t51.2885-19/s150x150/18382269_209226132920608_3243450166820208640_a.jpg", "profile_pic_id": "1510347253696248099_33511106", "friendship_status": {"following": false, "followed_by": false, "blocking": false, "is_private": false, "incoming_request": false, "outgoing_request": false, "is_bestie": false}, "is_verified": true}, "ranked_position": 12, "seen_ranked_position": 12, "prefetch_count": 0}, {"id": 50173723, "latest_reel_media": 1500785997, "expiring_at": 1500872397, "seen": 0.0, "can_reply": true, "user": {"pk": 50173723, "username": "iaustinhunt", "full_name": "Austin Hunt", "is_private": false, "profile_pic_url": "https://instagram.fhel2-1.fna.fbcdn.net/t51.2885-19/s150x150/12424497_1512294085732882_1108968541_a.jpg", "friendship_status": {"following": false, "followed_by": false, "blocking": false, "is_private": false, "incoming_request": false, "outgoing_request": false, "is_bestie": false}, "is_verified": false}, "ranked_position": 13, "seen_ranked_position": 13, "prefetch_count": 0}, {"id": 226671638, "latest_reel_media": 1500768226, "expiring_at": 1500854626, "seen": 0.0, "can_reply": true, "user": {"pk": 226671638, "username": "rodolfobarili", "full_name": "Rodolfo Barili", "is_private": false, "profile_pic_url": "https://instagram.fhel2-1.fna.fbcdn.net/t51.2885-19/s150x150/16464481_140590603117567_6946571317323759616_a.jpg", "profile_pic_id": "1441626870880826914_226671638", "friendship_status": {"following": false, "followed_by": false, "blocking": false, "is_private": false, "incoming_request": false, "outgoing_request": false, "is_bestie": false}, "is_verified": true}, "ranked_position": 14, "seen_ranked_position": 14, "prefetch_count": 0}, {"id": 11904202, "latest_reel_media": 1500783765, "expiring_at": 1500870165, "seen": 0.0, "can_reply": true, "user": {"pk": 11904202, "username": "ludacris", "full_name": "", "is_private": false, "profile_pic_url": "https://instagram.fhel2-1.fna.fbcdn.net/t51.2885-19/10616805_342742689215538_1393188605_a.jpg", "friendship_status": {"following": false, "followed_by": false, "blocking": false, "is_private": false, "incoming_request": false, "outgoing_request": false, "is_bestie": false}, "is_verified": true}, "ranked_position": 15, "seen_ranked_position": 15, "prefetch_count": 0}, {"id": 222492022, "latest_reel_media": 1500824462, "expiring_at": 1500910862, "seen": 0.0, "can_reply": true, "user": {"pk": 222492022, "username": "le_grand_palais", "full_name": "Le Grand Palais", "is_private": false, "profile_pic_url": "https://instagram.fhel2-1.fna.fbcdn.net/t51.2885-19/11326307_383856955144803_728207490_a.jpg", "friendship_status": {"following": false, "followed_by": false, "blocking": false, "is_private": false, "incoming_request": false, "outgoing_request": false, "is_bestie": false}, "is_verified": true}, "ranked_position": 16, "seen_ranked_position": 16, "prefetch_count": 0}, {"id": 16401822, "latest_reel_media": 1500823709, "expiring_at": 1500910109, "seen": 0.0, "can_reply": false, "user": {"pk": 16401822, "username": "ryandungey", "full_name": "Ryan Dungey", "is_private": false, "profile_pic_url": "https://instagram.fhel2-1.fna.fbcdn.net/t51.2885-19/s150x150/11375337_1478577132443529_1265452984_a.jpg", "friendship_status": {"following": false, "followed_by": false, "blocking": false, "is_private": false, "incoming_request": false, "outgoing_request": false, "is_bestie": false}, "is_verified": true}, "ranked_position": 17, "seen_ranked_position": 17, "prefetch_count": 0}, {"id": 184601031, "latest_reel_media": 1500762324, "expiring_at": 1500848724, "seen": 0.0, "can_reply": false, "user": {"pk": 184601031, "username": "juanmatagarcia", "full_name": "Juan Mata", "is_private": false, "profile_pic_url": "https://instagram.fhel2-1.fna.fbcdn.net/t51.2885-19/s150x150/13092414_610344462454363_1190871902_a.jpg", "friendship_status": {"following": false, "followed_by": false, "blocking": false, "is_private": false, "incoming_request": false, "outgoing_request": false, "is_bestie": false}, "is_verified": true}, "ranked_position": 18, "seen_ranked_position": 18, "prefetch_count": 0}, {"id": 261724810, "latest_reel_media": 1500807654, "expiring_at": 1500894054, "seen": 0.0, "can_reply": false, "user": {"pk": 261724810, "username": "kp24", "full_name": "\ud83c\uddff\ud83c\udde6K \ud83c\uddec\ud83c\udde7", "is_private": false, "profile_pic_url": "https://instagram.fhel2-1.fna.fbcdn.net/t51.2885-19/s150x150/18444798_1852489465003997_5219707212624035840_a.jpg", "profile_pic_id": "1517329825534564548_261724810", "friendship_status": {"following": false, "followed_by": false, "blocking": false, "is_private": false, "incoming_request": false, "outgoing_request": false, "is_bestie": false}, "is_verified": true}, "ranked_position": 19, "seen_ranked_position": 19, "prefetch_count": 0}]}}, {"channel": {"title": "Videos You Might Like", "channel_id": "0_1565250993351097518", "channel_type": "discover_videos", "header": "Watch", "context": "", "media": {"taken_at": 1500812480, "pk": 1565250993351097518, "id": "1565250993351097518_5657424438", "device_timestamp": 1500812417, "media_type": 2, "code": "BW443xDBPyu", "client_cache_key": "MTU2NTI1MDk5MzM1MTA5NzUxOA==.2", "filter_type": 0, "image_versions2": {"candidates": [{"width": 640, "height": 640, "url": "https://instagram.fhel2-1.fna.fbcdn.net/t51.2885-15/s640x640/e15/20184759_1475462949180173_5771696705858699264_n.jpg?ig_cache_key=MTU2NTI1MDk5MzM1MTA5NzUxOA%3D%3D.2"}, {"width": 240, "height": 240, "url": "https://instagram.fhel2-1.fna.fbcdn.net/t51.2885-15/s240x240/e15/20184759_1475462949180173_5771696705858699264_n.jpg?ig_cache_key=MTU2NTI1MDk5MzM1MTA5NzUxOA%3D%3D.2"}]}, "original_width": 720, "original_height": 720, "video_versions": [{"type": 101, "width": 640, "height": 640, "url": "https://instagram.fhel2-1.fna.fbcdn.net/t50.2886-16/20270683_2171841846393917_4137182889173319680_n.mp4"}, {"type": 103, "width": 480, "height": 480, "url": "https://instagram.fhel2-1.fna.fbcdn.net/t50.2886-16/20374156_109458183048892_4811727118125760512_n.mp4"}, {"type": 102, "width": 480, "height": 480, "url": "https://instagram.fhel2-1.fna.fbcdn.net/t50.2886-16/20374156_109458183048892_4811727118125760512_n.mp4"}], "has_audio": true, "video_duration": -1, "view_count": 31961.0, "user": {"pk": 5657424438, "username": "epilagen__of", "full_name": "EPILAGE - \u041a\u0440\u0435\u043c \u0434\u043b\u044f \u0434\u0435\u043f\u0438\u043b\u044f\u0446\u0438\u0438 \ud83d\udc59", "is_private": false, "profile_pic_url": "https://instagram.fhel2-1.fna.fbcdn.net/t51.2885-19/s150x150/19436361_1381544521959912_5402510886281674752_n.jpg", "profile_pic_id": "1546336351434433061_5657424438", "friendship_status": {"following": false, "outgoing_request": false, "is_bestie": false}, "is_verified": false, "has_anonymous_profile_picture": false, "is_unpublished": false, "is_favorite": false}, "caption": {"pk": 17865892876146740, "user_id": 5657424438, "text": "\u041b\u0435\u0442\u043e \u043dac\u0442\u0443\u043f\u0438\u043bo, \u043fopa \u0438\u0437\u0431a\u0432\u0438\u0442\u044cc\u044f o\u0442 \u043d\u0435\u0436\u0435\u043ba\u0442\u0435\u043b\u044c\u043d\u044b\u0445 \u0432o\u043boc \u0432\u043ce\u0441\u0442e \u0441 @epilagen__of\ud83d\ude0d\n\u2705 \u041d\u0435 \u0442\u0440\u0430\u0432\u043c\u0438\u0440\u0443\u0435\u0442 \u043a\u043e\u0436\u0443\n\u2705 \u0413\u0438\u043f\u043e\u0430\u043b\u043b\u0435\u0440\u0433\u0435\u043d\u043d\u043e \ud83c\udf3f\n\u2705 \u0413\u043b\u0443\u0431\u043e\u043a\u0438\u0439 \u043f\u0438\u043b\u0438\u043d\u0433 \u043a\u043e\u0436\u0438\n\u2705 \u0413\u043b\u0430\u0434\u043a\u0430\u044f ko\u0436\u0430 \u0431\u0435\u0437 \u0431o\u043b\u0438 \u2800 \n\u0417\u0410\u041a\u0410\u0417\u0410\u0422\u042c \u043f\u043e \u0421\u041a\u0418\u0414\u041a\u0415 53% \u27a1 @epilagen__of\ud83d\udea9\u0414\u043b\u044f \u0437aka\u0437a \u043fepe\u0439\u0434\u0438\u0442\u0435 \u043f\u043e \u0441\u0441\u044b\u043b\u043a\u0435 \u0432 \u043fpo\u0444\u0438\u043b\u0435 @epilagen__of o\u043d\u0430 \u043f\u043e\u0434\u0441\u0432\u0435\u0447\u0438\u0432\u0430\u0435\u0442\u0441\u044f c\u0438\u043d\u0438\u043c, \u043e\u0441\u0442a\u0432\u044c\u0442\u0435 \u0437a\u044f\u0432k\u0443, \u0441 \u0432a\u043c\u0438 \u0441\u0432\u044f\u0436\u0443\u0442\u0441\u044f \u0434\u043b\u044f \u043f\u043e\u0434\u0442\u0432\u0435\u0440\u0436\u0434\u0435\u043d\u0438\u044f \u0437aka\u0437a.O\u043f\u043ba\u0442a \u043fo\u0441\u043b\u0435 \u043fo\u043by\u0447\u0435\u043d\u0438\u044f \n\u041c\u044b \u043d\u0435 \u0431e\u0440\u0451\u043c \u043d\u0438\u043aa\u043a\u0438\u0445 \u043f\u0440\u0435\u0434o\u043f\u043ba\u0442! \ud83d\ude9b \u0414oc\u0442\u0430\u0432\u043a\u0430 \u043f\u043e \ud83c\uddf7\ud83c\uddfa \ud83c\uddfa\ud83c\udde6 \ud83c\uddf0\ud83c\uddff \ud83c\uddf0\ud83c\uddec \ud83c\uddec\ud83c\uddea\ud83c\udde6\ud83c\uddf2", "type": 1, "created_at": 1500812500, "created_at_utc": 1500812500, "content_type": "comment", "status": "Active", "bit_flags": 0, "user": {"pk": 5657424438, "username": "epilagen__of", "full_name": "EPILAGE - \u041a\u0440\u0435\u043c \u0434\u043b\u044f \u0434\u0435\u043f\u0438\u043b\u044f\u0446\u0438\u0438 \ud83d\udc59", "is_private": false, "profile_pic_url": "https://instagram.fhel2-1.fna.fbcdn.net/t51.2885-19/s150x150/19436361_1381544521959912_5402510886281674752_n.jpg", "profile_pic_id": "1546336351434433061_5657424438", "friendship_status": {"following": false, "outgoing_request": false, "is_bestie": false}, "is_verified": false, "has_anonymous_profile_picture": false, "is_unpublished": false, "is_favorite": false}, "did_report_as_spam": false, "media_id": 1565250993351097518, "has_translation": true}, "caption_is_edited": true, "like_count": 807, "has_liked": false, "comments_disabled": true, "photo_of_you": false, "can_viewer_save": true, "organic_tracking_token": "eyJ2ZXJzaW9uIjo1LCJwYXlsb2FkIjp7ImlzX2FuYWx5dGljc190cmFja2VkIjp0cnVlLCJ1dWlkIjoiZDQ4YjVhZTVjZTFkNDU2OGJlMTFiNGM1N2NmYzRiYWUxNTY1MjUwOTkzMzUxMDk3NTE4Iiwic2VydmVyX3Rva2VuIjoiMTUwMDgzMDkwMjkwNHwxNTY1MjUwOTkzMzUxMDk3NTE4fDIwMTg2Nzc5NDd8ODNmN2M4MWNkNjM1NDZlYjJlMTVhOWYyZWY0ZDA3YmQyYmI2MTNlOGIxNDhiYjJjZDhmZjc2YzAwOWFiZGM2ZSJ9LCJzaWduYXR1cmUiOiIifQ==", "algorithm": "edge_dedupe_unicorn", "explore_context": "Based on photos you liked", "explore_source_token": "BDLiJpDTozqNgfiumM2hiqZq0nObSwufgXlUeAog9AgdZp6b3yPsU9LlkYYC2AowCIdXEMS8f_51WuN2uMEsSA==", "explore": {"explanation": "Based on photos you liked", "actor_id": 5657424438, "source_token": "BDLiJpDTozqNgfiumM2hiqZq0nObSwufgXlUeAog9AgdZp6b3yPsU9LlkYYC2AowCIdXEMS8f_51WuN2uMEsSA=="}, "impression_token": "eyJ2ZXJzaW9uIjo1LCJwYXlsb2FkIjp7ImlzX2FuYWx5dGljc190cmFja2VkIjp0cnVlLCJ1dWlkIjoiZDQ4YjVhZTVjZTFkNDU2OGJlMTFiNGM1N2NmYzRiYWUxNTY1MjUwOTkzMzUxMDk3NTE4Iiwic2VydmVyX3Rva2VuIjoiMTUwMDgzMDkwMjkwNHwxNTY1MjUwOTkzMzUxMDk3NTE4fDIwMTg2Nzc5NDd8ODNmN2M4MWNkNjM1NDZlYjJlMTVhOWYyZWY0ZDA3YmQyYmI2MTNlOGIxNDhiYjJjZDhmZjc2YzAwOWFiZGM2ZSJ9LCJzaWduYXR1cmUiOiIifQ=="}, "media_count": -1}}, {"media": {"taken_at": 1500826918, "pk": 1565372107268623631, "id": "1565372107268623631_1485525320", "device_timestamp": 1500826900, "media_type": 1, "code": "BW5UaNLDQ0P", "client_cache_key": "MTU2NTM3MjEwNzI2ODYyMzYzMQ==.2", "filter_type": 0, "image_versions2": {"candidates": [{"width": 1080, "height": 1080, "url": "https://instagram.fhel2-1.fna.fbcdn.net/t51.2885-15/e35/20213922_846491922196185_8222651198121967616_n.jpg?ig_cache_key=MTU2NTM3MjEwNzI2ODYyMzYzMQ%3D%3D.2\u0026se=8"}, {"width": 240, "height": 240, "url": "https://instagram.fhel2-1.fna.fbcdn.net/t51.2885-15/s240x240/e35/20213922_846491922196185_8222651198121967616_n.jpg?ig_cache_key=MTU2NTM3MjEwNzI2ODYyMzYzMQ%3D%3D.2"}]}, "original_width": 1080, "original_height": 1080, "location": {"pk": 60945106, "name": "\u0413\u043c\u0440", "address": "", "city": "", "short_name": "\u0413\u043c\u0440", "lng": 39.077436114167, "lat": 45.005919583333, "external_source": "facebook_places", "facebook_places_id": 363577756993093}, "lat": 45.005919583333, "lng": 39.077436114167, "user": {"pk": 1485525320, "username": "_art_lash_", "full_name": "Anastasiya Deinekina", "is_private": false, "profile_pic_url": "https://instagram.fhel2-1.fna.fbcdn.net/t51.2885-19/s150x150/14716524_1260184664005950_3113420156487860224_a.jpg", "profile_pic_id": "1358843773732033644_1485525320", "friendship_status": {"following": false, "outgoing_request": false, "is_bestie": false}, "is_verified": false, "has_anonymous_profile_picture": false, "is_unpublished": false, "is_favorite": false, "latest_reel_media": 1500745591}, "caption": {"pk": 17890899991042682, "user_id": 1485525320, "text": "\u0410 \u043a\u0430\u043a \u0412\u044b \u043e\u0442\u043d\u043e\u0441\u0438\u0442\u0435\u0441\u044c \u043a \u044d\u0444\u0444\u0435\u043a\u0442\u0443 \u043f\u043e\u0434\u0432\u043e\u0434\u043a\u0438? \u0420\u0430\u0431\u043e\u0442\u0430 \u0432\u044b\u043f\u043e\u043b\u043d\u0435\u043d\u0430 3\u043c\u044f \u044f\u0440\u0443\u0441\u0430\u043c\u0438 \u043a\u043e\u0440\u0438\u0447\u043d\u0435\u0432\u044b\u043c\u0438 \u0440\u0435\u0441\u043d\u0438\u0447\u043a\u0430\u043c\u0438 \ud83d\ude037-12\u043c\u043c 0,07\u0414 3/4\u0434 #\u0440\u0435\u0441\u043d\u0438\u0446\u044b\u043a\u0440\u0430\u0441\u043d\u043e\u0434\u0430\u0440#\u0440\u0435\u0441\u043d\u0438\u0447\u043a\u0438\u043a\u0440\u0434#\u0440\u0435\u0441\u043d\u0438\u0447\u043a\u0438\u0432\u043a\u0440\u0430\u0441\u043d\u043e\u0434\u0430\u0440\u0435#\u043d\u0430\u0440\u0430\u0449\u0438\u0432\u0430\u043d\u0438\u0435\u0440\u0435\u0441\u043d\u0438\u0446\u043a\u0440\u0430\u0441\u043d\u043e\u0434\u0430\u0440#\u0440\u0435\u0441\u043d\u0438\u0447\u043a\u0438\u0433\u043c\u0440#\u0440\u0435\u0441\u043d\u0438\u0446\u044b\u0433\u043c\u0440#\u043d\u0430\u0440\u0430\u0449\u0438\u0432\u0430\u043d\u0438\u0435\u0433\u043c\u0440# ##likeforfollow #like4likes #like4like #likeforfollowers #like500like #lashes #\u043e\u0431\u0443\u0447\u0435\u043d\u0438\u0435\u043a\u0440\u0430\u0441\u043d\u043e\u0434\u0430\u0440 #\u043e\u0431\u0443\u0447\u0435\u043d\u0438\u0435\u043d\u0430\u0440\u0430\u0449\u0438\u0432\u0430\u043d\u0438\u044e\u0440\u0435\u0441\u043d\u0438\u0446 #\u043e\u0431\u0443\u0447\u0435\u043d\u0438\u0435\u0440\u0435\u0441\u043d\u0438\u0446\u044b #gloriatalipova_brownlashes", "type": 1, "created_at": 1500826918, "created_at_utc": 1500826918, "content_type": "comment", "status": "Active", "bit_flags": 0, "user": {"pk": 1485525320, "username": "_art_lash_", "full_name": "Anastasiya Deinekina", "is_private": false, "profile_pic_url": "https://instagram.fhel2-1.fna.fbcdn.net/t51.2885-19/s150x150/14716524_1260184664005950_3113420156487860224_a.jpg", "profile_pic_id": "1358843773732033644_1485525320", "friendship_status": {"following": false, "outgoing_request": false, "is_bestie": false}, "is_verified": false, "has_anonymous_profile_picture": false, "is_unpublished": false, "is_favorite": false, "latest_reel_media": 1500745591}, "did_report_as_spam": false, "media_id": 1565372107268623631, "has_translation": true}, "caption_is_edited": false, "like_count": 328, "has_liked": false, "top_likers": ["bestbarvinok"], "comment_likes_enabled": false, "comment_threading_enabled": false, "has_more_comments": true, "max_num_visible_preview_comments": 2, "preview_comments": [], "comment_count": 3, "photo_of_you": false, "can_viewer_save": true, "organic_tracking_token": "eyJ2ZXJzaW9uIjo1LCJwYXlsb2FkIjp7ImlzX2FuYWx5dGljc190cmFja2VkIjp0cnVlLCJ1dWlkIjoiZDQ4YjVhZTVjZTFkNDU2OGJlMTFiNGM1N2NmYzRiYWUxNTY1MzcyMTA3MjY4NjIzNjMxIiwic2VydmVyX3Rva2VuIjoiMTUwMDgzMDkwMjkwMnwxNTY1MzcyMTA3MjY4NjIzNjMxfDIwMTg2Nzc5NDd8N2EyMGY0YmIwZmY4OTZkMjdlZGQ5YzJkN2FjYTA2YWUyNDg2Zjg0ZWQ0ZmM2NTQ5MGQ4YTAzMDRlN2E5OGRhMCJ9LCJzaWduYXR1cmUiOiIifQ==", "algorithm": "edge_dedupe_unicorn", "explore_context": "Based on people you follow", "explore_source_token": "_lkoNXiU3j6vRx_Mbs1SVx4PUfdQJnF8LmYWFk18NaaUNugyrqJJRQD7b2OIdq5p", "explore": {"explanation": "Based on people you follow", "actor_id": 1485525320, "source_token": "_lkoNXiU3j6vRx_Mbs1SVx4PUfdQJnF8LmYWFk18NaaUNugyrqJJRQD7b2OIdq5p"}, "impression_token": "eyJ2ZXJzaW9uIjo1LCJwYXlsb2FkIjp7ImlzX2FuYWx5dGljc190cmFja2VkIjp0cnVlLCJ1dWlkIjoiZDQ4YjVhZTVjZTFkNDU2OGJlMTFiNGM1N2NmYzRiYWUxNTY1MzcyMTA3MjY4NjIzNjMxIiwic2VydmVyX3Rva2VuIjoiMTUwMDgzMDkwMjkwMnwxNTY1MzcyMTA3MjY4NjIzNjMxfDIwMTg2Nzc5NDd8N2EyMGY0YmIwZmY4OTZkMjdlZGQ5YzJkN2FjYTA2YWUyNDg2Zjg0ZWQ0ZmM2NTQ5MGQ4YTAzMDRlN2E5OGRhMCJ9LCJzaWduYXR1cmUiOiIifQ=="}}, {"media": {"taken_at": 1500824491, "pk": 1565351747193747363, "id": "1565351747193747363_482451631", "device_timestamp": 1500824473, "media_type": 1, "code": "BW5Px7YBTej", "client_cache_key": "MTU2NTM1MTc0NzE5Mzc0NzM2Mw==.2", "filter_type": 0, "image_versions2": {"candidates": [{"width": 1080, "height": 1252, "url": "https://instagram.fhel2-1.fna.fbcdn.net/t51.2885-15/e35/20214705_338549629912954_4342330348504350720_n.jpg?ig_cache_key=MTU2NTM1MTc0NzE5Mzc0NzM2Mw%3D%3D.2\u0026se=8"}, {"width": 240, "height": 278, "url": "https://instagram.fhel2-1.fna.fbcdn.net/t51.2885-15/e35/p240x240/20214705_338549629912954_4342330348504350720_n.jpg?ig_cache_key=MTU2NTM1MTc0NzE5Mzc0NzM2Mw%3D%3D.2"}]}, "original_width": 1080, "original_height": 1252, "user": {"pk": 482451631, "username": "yna_90", "full_name": "\u041c\u0430\u043c\u0430, \u0416\u0435\u043d\u0430 \ud83d\udc68\u200d\ud83d\udc69\u200d\ud83d\udc67\u200d\ud83d\udc66", "is_private": false, "profile_pic_url": "https://instagram.fhel2-1.fna.fbcdn.net/t51.2885-19/s150x150/20180769_467090750321596_1231993974240051200_a.jpg", "profile_pic_id": "1561052705634687296_482451631", "friendship_status": {"following": false, "outgoing_request": false, "is_bestie": false}, "is_verified": false, "has_anonymous_profile_picture": false, "is_unpublished": false, "is_favorite": false, "latest_reel_media": 1500822943}, "caption": {"pk": 17867915989135044, "user_id": 482451631, "text": "#\u0431\u0430\u0439\u043a\u0430\u043b \u2764\ufe0f", "type": 1, "created_at": 1500824492, "created_at_utc": 1500824492, "content_type": "comment", "status": "Active", "bit_flags": 0, "user": {"pk": 482451631, "username": "yna_90", "full_name": "\u041c\u0430\u043c\u0430, \u0416\u0435\u043d\u0430 \ud83d\udc68\u200d\ud83d\udc69\u200d\ud83d\udc67\u200d\ud83d\udc66", "is_private": false, "profile_pic_url": "https://instagram.fhel2-1.fna.fbcdn.net/t51.2885-19/s150x150/20180769_467090750321596_1231993974240051200_a.jpg", "profile_pic_id": "1561052705634687296_482451631", "friendship_status": {"following": false, "outgoing_request": false, "is_bestie": false}, "is_verified": false, "has_anonymous_profile_picture": false, "is_unpublished": false, "is_favorite": false, "latest_reel_media": 1500822943}, "did_report_as_spam": false, "media_id": 1565351747193747363}, "caption_is_edited": false, "like_count": 55, "has_liked": false, "top_likers": ["ninelmon"], "comment_likes_enabled": false, "comment_threading_enabled": false, "has_more_comments": true, "next_max_id": 17891210509038629, "max_num_visible_preview_comments": 2, "preview_comments": [{"pk": 17878377301112330, "user_id": 321156140, "text": "\u0422\u044b \u043d\u0435\u0447\u0430\u044f\u043d\u043d\u043e \u043d\u0435 \u0441\u0432\u043e\u0451 \u0444\u043e\u0442\u043e \u0432\u044b\u0441\u0442\u0430\u0432\u0438\u043b\u0430 ))) \ud83d\ude0b \u0430 \u043d\u0435\u0433\u0440\u0438\u0442\u044f\u043d\u043a\u0443 \u043a\u0430\u043a\u0443\u044e-\u0442\u043e \ud83d\ude3b", "type": 0, "created_at": 1500825058, "created_at_utc": 1500825058, "content_type": "comment", "status": "Active", "bit_flags": 0, "user": {"pk": 321156140, "username": "juliatruf", "full_name": "\u042e\u043b\u0438\u044f \ud83c\udf52", "is_private": false, "profile_pic_url": "https://instagram.fhel2-1.fna.fbcdn.net/t51.2885-19/s150x150/19764470_325798711176590_2199751656235597824_a.jpg", "profile_pic_id": "1553615277458251838_321156140", "is_verified": false}, "did_report_as_spam": false, "media_id": 1565351747193747363, "has_translation": true}, {"pk": 17891210509038629, "user_id": 321156140, "text": "\u0417\u0430\u0433\u0430\u0440 \ud83d\ude0b \u0448\u0438\u043a\u0430\u0434\u043e\u0441 \u0431\u0435\u0439\u0431\u0430 \ud83d\ude18", "type": 0, "created_at": 1500825508, "created_at_utc": 1500825508, "content_type": "comment", "status": "Active", "bit_flags": 0, "user": {"pk": 321156140, "username": "juliatruf", "full_name": "\u042e\u043b\u0438\u044f \ud83c\udf52", "is_private": false, "profile_pic_url": "https://instagram.fhel2-1.fna.fbcdn.net/t51.2885-19/s150x150/19764470_325798711176590_2199751656235597824_a.jpg", "profile_pic_id": "1553615277458251838_321156140", "is_verified": false}, "did_report_as_spam": false, "media_id": 1565351747193747363, "has_translation": true}], "comment_count": 3, "photo_of_you": false, "can_viewer_save": true, "organic_tracking_token": "eyJ2ZXJzaW9uIjo1LCJwYXlsb2FkIjp7ImlzX2FuYWx5dGljc190cmFja2VkIjpmYWxzZSwidXVpZCI6ImQ0OGI1YWU1Y2UxZDQ1NjhiZTExYjRjNTdjZmM0YmFlMTU2NTM1MTc0NzE5Mzc0NzM2MyIsInNlcnZlcl90b2tlbiI6IjE1MDA4MzA5MDI5MDN8MTU2NTM1MTc0NzE5Mzc0NzM2M3wyMDE4Njc3OTQ3fDM3NDhhNTk4Njk1NDc0MzQ2MmQ4YmQ5MTlkYTFhMTFhMzc0ZmRiMjA4MTVlM2IwYTFhOGNmYjJhZjdlMjZmMjIifSwic2lnbmF0dXJlIjoiIn0=", "algorithm": "edge_dedupe_unicorn", "explore_context": "Based on people you follow", "explore_source_token": "Sob2pqDoPEGvGfiZx4BmEAZUEvrxtcTF5BNcZJirOqOOk-DCWAuAjyIm2Axvs1UL", "explore": {"explanation": "Based on people you follow", "actor_id": 482451631, "source_token": "Sob2pqDoPEGvGfiZx4BmEAZUEvrxtcTF5BNcZJirOqOOk-DCWAuAjyIm2Axvs1UL"}, "impression_token": "eyJ2ZXJzaW9uIjo1LCJwYXlsb2FkIjp7ImlzX2FuYWx5dGljc190cmFja2VkIjpmYWxzZSwidXVpZCI6ImQ0OGI1YWU1Y2UxZDQ1NjhiZTExYjRjNTdjZmM0YmFlMTU2NTM1MTc0NzE5Mzc0NzM2MyIsInNlcnZlcl90b2tlbiI6IjE1MDA4MzA5MDI5MDN8MTU2NTM1MTc0NzE5Mzc0NzM2M3wyMDE4Njc3OTQ3fDM3NDhhNTk4Njk1NDc0MzQ2MmQ4YmQ5MTlkYTFhMTFhMzc0ZmRiMjA4MTVlM2IwYTFhOGNmYjJhZjdlMjZmMjIifSwic2lnbmF0dXJlIjoiIn0="}}, {"media": {"taken_at": 1500794708, "pk": 1565101906840461205, "id": "1565101906840461205_625831639", "device_timestamp": 1500794466, "media_type": 1, "code": "BW4W-Ragx-V", "client_cache_key": "MTU2NTEwMTkwNjg0MDQ2MTIwNQ==.2", "filter_type": 0, "image_versions2": {"candidates": [{"width": 1080, "height": 1080, "url": "https://instagram.fhel2-1.fna.fbcdn.net/t51.2885-15/e35/20184896_474914126189481_5023824526031454208_n.jpg?ig_cache_key=MTU2NTEwMTkwNjg0MDQ2MTIwNQ%3D%3D.2\u0026se=8"}, {"width": 240, "height": 240, "url": "https://instagram.fhel2-1.fna.fbcdn.net/t51.2885-15/s240x240/e35/20184896_474914126189481_5023824526031454208_n.jpg?ig_cache_key=MTU2NTEwMTkwNjg0MDQ2MTIwNQ%3D%3D.2"}]}, "original_width": 1080, "original_height": 1080, "user": {"pk": 625831639, "username": "ketty_klain", "full_name": "Ketty Klain", "is_private": false, "profile_pic_url": "https://instagram.fhel2-1.fna.fbcdn.net/t51.2885-19/s150x150/18380978_632842363587116_7987714717504241664_a.jpg", "profile_pic_id": "1513779153554444228_625831639", "friendship_status": {"following": false, "outgoing_request": false, "is_bestie": false}, "is_verified": false, "has_anonymous_profile_picture": false, "is_unpublished": false, "is_favorite": false, "latest_reel_media": 1500796428}, "caption": {"pk": 17877062605120722, "user_id": 625831639, "text": "\ud83c\udf38In love with my eyelashes\ud83c\udf38\n|| Russian volume || 9-11 mm || Israel ||Raanana || 0527766533 || #classiclashes #eyelashextensions #loungerlashes #beautybusiness #lashextensions #smallbusiness #volumelashes #lashaddict #lashstylist #eyelashextensionexpert #girlboss #lashlife #beautyexpert #eyelashesfordays #mylashtribe #raanana #kfarsaba #\u05e8\u05d9\u05e1\u05e8\u05d9\u05e1 #\u05e8\u05d9\u05e1\u05e2\u05dc\u05e8\u05d9\u05e1 #\u05e8\u05e2\u05e0\u05e0\u05d4#hertzeliya #ig_girls#israel #israeli #rlv #lashgoals #lashlove #lashmaker #londonlash #russianvolumelashes", "type": 1, "created_at": 1500794708, "created_at_utc": 1500794708, "content_type": "comment", "status": "Active", "bit_flags": 0, "user": {"pk": 625831639, "username": "ketty_klain", "full_name": "Ketty Klain", "is_private": false, "profile_pic_url": "https://instagram.fhel2-1.fna.fbcdn.net/t51.2885-19/s150x150/18380978_632842363587116_7987714717504241664_a.jpg", "profile_pic_id": "1513779153554444228_625831639", "friendship_status": {"following": false, "outgoing_request": false, "is_bestie": false}, "is_verified": false, "has_anonymous_profile_picture": false, "is_unpublished": false, "is_favorite": false, "latest_reel_media": 1500796428}, "did_report_as_spam": false, "media_id": 1565101906840461205}, "caption_is_edited": false, "like_count": 178, "has_liked": false, "top_likers": ["bestbarvinok"], "comment_likes_enabled": false, "comment_threading_enabled": false, "has_more_comments": true, "next_max_id": 17881415446079576, "max_num_visible_preview_comments": 2, "preview_comments": [{"pk": 17878385941101440, "user_id": 472555869, "text": "\u05d9\u05d5\u05d5\u05d5\u05d5\u05d5\u05d5\u05d5 \u05de\u05d4 \u05d6\u05d4\ud83c\udf53", "type": 0, "created_at": 1500799562, "created_at_utc": 1500799562, "content_type": "comment", "status": "Active", "bit_flags": 0, "user": {"pk": 472555869, "username": "simataib", "full_name": "Sima Taib", "is_private": true, "profile_pic_url": "https://instagram.fhel2-1.fna.fbcdn.net/t51.2885-19/11849864_1673161812954425_1047659599_a.jpg", "is_verified": false}, "did_report_as_spam": false, "media_id": 1565101906840461205, "has_translation": true}, {"pk": 17881415446079576, "user_id": 12953208, "text": "\u05de\u05d5\u05e9\u05dc\u05de\u05ea!!", "type": 0, "created_at": 1500802870, "created_at_utc": 1500802870, "content_type": "comment", "status": "Active", "bit_flags": 0, "user": {"pk": 12953208, "username": "yarden_karuchi", "full_name": "Yarden Karuchi", "is_private": false, "profile_pic_url": "https://instagram.fhel2-1.fna.fbcdn.net/t51.2885-19/s150x150/20065774_1776885099268041_6975098292535296000_a.jpg", "profile_pic_id": "1558655952210541929_12953208", "is_verified": false}, "did_report_as_spam": false, "media_id": 1565101906840461205, "has_translation": true}], "comment_count": 12, "photo_of_you": false, "can_viewer_save": true, "organic_tracking_token": "eyJ2ZXJzaW9uIjo1LCJwYXlsb2FkIjp7ImlzX2FuYWx5dGljc190cmFja2VkIjp0cnVlLCJ1dWlkIjoiZDQ4YjVhZTVjZTFkNDU2OGJlMTFiNGM1N2NmYzRiYWUxNTY1MTAxOTA2ODQwNDYxMjA1Iiwic2VydmVyX3Rva2VuIjoiMTUwMDgzMDkwMjkwM3wxNTY1MTAxOTA2ODQwNDYxMjA1fDIwMTg2Nzc5NDd8ZDliNTVmYjkwYWQ5MDE2YjIwYzAzMWMzNzFhMTJiYTA4ZmU3MGVhZGNlYjlhOThkMDdhODVkNmJjNDliMTljMiJ9LCJzaWduYXR1cmUiOiIifQ==", "algorithm": "edge_dedupe_unicorn", "explore_context": "Based on people you follow", "explore_source_token": "_lkoNXiU3j6vRx_Mbs1SVzJsFVYlykpPtPeqFGcXIGgrWt4MNLEvtp7JuePJI5n5", "explore": {"explanation": "Based on people you follow", "actor_id": 625831639, "source_token": "_lkoNXiU3j6vRx_Mbs1SVzJsFVYlykpPtPeqFGcXIGgrWt4MNLEvtp7JuePJI5n5"}, "impression_token": "eyJ2ZXJzaW9uIjo1LCJwYXlsb2FkIjp7ImlzX2FuYWx5dGljc190cmFja2VkIjp0cnVlLCJ1dWlkIjoiZDQ4YjVhZTVjZTFkNDU2OGJlMTFiNGM1N2NmYzRiYWUxNTY1MTAxOTA2ODQwNDYxMjA1Iiwic2VydmVyX3Rva2VuIjoiMTUwMDgzMDkwMjkwM3wxNTY1MTAxOTA2ODQwNDYxMjA1fDIwMTg2Nzc5NDd8ZDliNTVmYjkwYWQ5MDE2YjIwYzAzMWMzNzFhMTJiYTA4ZmU3MGVhZGNlYjlhOThkMDdhODVkNmJjNDliMTljMiJ9LCJzaWduYXR1cmUiOiIifQ=="}}, {"media": {"taken_at": 1500667566, "pk": 1564035369144831221, "id": "1564035369144831221_5693281360", "device_timestamp": 1500667564, "media_type": 1, "code": "BW0keGyBkz1", "client_cache_key": "MTU2NDAzNTM2OTE0NDgzMTIyMQ==.2", "filter_type": 0, "image_versions2": {"candidates": [{"width": 1080, "height": 1080, "url": "https://instagram.fhel2-1.fna.fbcdn.net/t51.2885-15/e35/20181003_125099138107635_7093186369639415808_n.jpg?ig_cache_key=MTU2NDAzNTM2OTE0NDgzMTIyMQ%3D%3D.2\u0026se=8"}, {"width": 240, "height": 240, "url": "https://instagram.fhel2-1.fna.fbcdn.net/t51.2885-15/s240x240/e35/20181003_125099138107635_7093186369639415808_n.jpg?ig_cache_key=MTU2NDAzNTM2OTE0NDgzMTIyMQ%3D%3D.2"}]}, "original_width": 1080, "original_height": 1080, "user": {"pk": 5693281360, "username": "titangelll", "full_name": "\u041e\u0444\u0438\u0446\u0438\u0430\u043b\u044c\u043d\u044b\u0439 \u041f\u0440\u0435\u0434\u0441\u0442\u0430\u0432\u0438\u0442\u0435\u043b\u044c", "is_private": false, "profile_pic_url": "https://instagram.fhel2-1.fna.fbcdn.net/t51.2885-19/s150x150/19624988_121011948508111_321429893529206784_a.jpg", "profile_pic_id": "1552400670496407757_5693281360", "friendship_status": {"following": false, "outgoing_request": false, "is_bestie": false}, "is_verified": false, "has_anonymous_profile_picture": false, "is_unpublished": false, "is_favorite": false}, "caption": {"pk": 17878387507129906, "user_id": 5693281360, "text": "\u0423\u0434\u043e\u0432\u043b\u0435\u0442\u0432\u043e\u0440\u0438 \u0434\u0435\u0432\u0443\u0448\u0435\u043a!\n\ud83d\udc49 @titangelll @titangelll @titangelll\u2028\ud83c\udf85 \u0421\u0442\u0430\u043d\u044c \u043d\u0430\u0441\u0442\u043e\u044f\u0449\u0438\u043c \u041c\u0443\u0436\u0438\u043a\u043e\u043c \u0441 \u0431\u043e\u043b\u044c\u0448\u0438\u043c \u041f\u043e\u0441\u043e\u0445\u043e\u043c!\ud83c\udf3d\u2028\u2714 \u0417\u0430\u043a\u0430\u0436\u0438 \u043f\u0440\u044f\u043c\u043e \u0441\u0435\u0439\u0447\u0430\u0441 \u0438 \u043f\u043e\u043b\u0443\u0447\u0438:\u2028\ud83c\udf81 \u0421\u043a\u0438\u0434\u043a\u0443 50% \u043d\u0430 \u043e\u0444\u0438\u0446\u0438\u0430\u043b\u044c\u043d\u043e\u043c \u0441\u0430\u0439\u0442\u0435!\u2028\ud83c\udf53 \u0423\u0432\u0435\u043b\u0438\u0447\u0435\u043d\u0438\u0435 \u0434\u043b\u0438\u043d\u044b \u0447\u043b\u0435\u043d\u0430 \u0414\u041e 5 \u0421\u041c.!\u2028\ud83c\udf80 \u0421\u0442\u043e\u0439\u043a\u0443\u044e \u0438 \u0441\u0438\u043b\u044c\u043d\u0435\u0439\u0448\u0443\u044e \u044d\u0440\u0435\u043a\u0446\u0438\u044e \u0432 \u043b\u044e\u0431\u043e\u0435 \u0432\u0440\u0435\u043c\u044f \u0434\u043d\u044f \u0438\u043b\u0438 \u043d\u043e\u0447\u0438!\u2028\ud83c\udf53 \u0423\u0432\u0435\u043b\u0438\u0447\u0435\u043d\u0438\u0435 \u043f\u0435\u043d\u0438\u0441\u0430 \u0432 \u0434\u0438\u0430\u043c\u0435\u0442\u0440\u0435 \u043d\u0430 60%!\u2028\ud83c\udf80 \u0411\u043e\u043b\u0435\u0435 \u0434\u043b\u0438\u0442\u0435\u043b\u044c\u043d\u044b\u0435 \u0438 \u044f\u0440\u043a\u0438\u0435 \u043e\u0440\u0433\u0430\u0437\u043c\u044b!\u2028\ud83c\udf53 3\u0445 \u043a\u0440\u0430\u0442\u043d\u0443\u044e \u0432\u044b\u043d\u043e\u0441\u043b\u0438\u0432\u043e\u0441\u0442\u044c \u0432 \u043f\u043e\u0441\u0442\u0435\u043b\u0438 (\u0434\u043b\u0438\u0442\u0435\u043b\u044c\u043d\u043e\u0441\u0442\u044c \u043f\u043e\u043b\u043e\u0432\u043e\u0433\u043e \u0430\u043a\u0442\u0430 \u0431\u0443\u0434\u0435\u0442 \u0434\u043e\u0445\u043e\u0434\u0438\u0442\u044c \u0434\u043e 4-5 \u0447\u0430\u0441\u043e\u0432)!\u2028\ud83c\udf80 \u0426\u0415\u041d\u0410 \u0420\u0410\u0412\u041d\u0410 3\u043c \u043f\u043e\u0445\u043e\u0434\u0430\u043c \u0432 \u043a\u0438\u043do!\u2028\u041f\u043e\u043b\u0443\u0447\u0438\u0442\u044c \u043f\u043e\u0434\u0440\u043e\u0431\u043d\u0443\u044e \u0438\u043d\u0444\u043e\u0440\u043c\u0430\u0446\u0438\u044e \u0438 \u043e\u0444\u043e\u0440\u043c\u0438\u0442\u044c \u0437\u0430\u043a\u0430\u0437 \u043c\u043e\u0436\u043d\u043e \u043f\u043e \u0441\u0441\u044b\u043b\u043a\u0435 \u0432 \u043f\u0440\u043e\u0444\u0438\u043b\u0435 @titangelll", "type": 1, "created_at": 1500667567, "created_at_utc": 1500667567, "content_type": "comment", "status": "Active", "bit_flags": 0, "user": {"pk": 5693281360, "username": "titangelll", "full_name": "\u041e\u0444\u0438\u0446\u0438\u0430\u043b\u044c\u043d\u044b\u0439 \u041f\u0440\u0435\u0434\u0441\u0442\u0430\u0432\u0438\u0442\u0435\u043b\u044c", "is_private": false, "profile_pic_url": "https://instagram.fhel2-1.fna.fbcdn.net/t51.2885-19/s150x150/19624988_121011948508111_321429893529206784_a.jpg", "profile_pic_id": "1552400670496407757_5693281360", "friendship_status": {"following": false, "outgoing_request": false, "is_bestie": false}, "is_verified": false, "has_anonymous_profile_picture": false, "is_unpublished": false, "is_favorite": false}, "did_report_as_spam": false, "media_id": 1564035369144831221, "has_translation": true}, "caption_is_edited": false, "like_count": 8193, "has_liked": false, "top_likers": [], "comments_disabled": true, "photo_of_you": false, "can_viewer_save": true, "organic_tracking_token": "eyJ2ZXJzaW9uIjo1LCJwYXlsb2FkIjp7ImlzX2FuYWx5dGljc190cmFja2VkIjpmYWxzZSwidXVpZCI6ImQ0OGI1YWU1Y2UxZDQ1NjhiZTExYjRjNTdjZmM0YmFlMTU2NDAzNTM2OTE0NDgzMTIyMSIsInNlcnZlcl90b2tlbiI6IjE1MDA4MzA5MDI5MDR8MTU2NDAzNTM2OTE0NDgzMTIyMXwyMDE4Njc3OTQ3fDYzYmViMmMxZTNmYzMwMmY1MGJkNDYwZTM2YTAzNmFlM2M1NDM3ODI3YzI1NTY1NDU2OGNmNmViMzFkMjc3OWQifSwic2lnbmF0dXJlIjoiIn0=", "algorithm": "edge_dedupe_unicorn", "explore_context": "Based on people you follow", "explore_source_token": "M4zlgF5A2N_Q3mRDl_oHGHj5T6Li3OsjG2Xtqhwc8QgpWsYHRegARWjvxEtMI8dtQrHbDPWa-9nJMvAtRkVC0w==", "explore": {"explanation": "Based on people you follow", "actor_id": 5693281360, "source_token": "M4zlgF5A2N_Q3mRDl_oHGHj5T6Li3OsjG2Xtqhwc8QgpWsYHRegARWjvxEtMI8dtQrHbDPWa-9nJMvAtRkVC0w=="}, "impression_token": "eyJ2ZXJzaW9uIjo1LCJwYXlsb2FkIjp7ImlzX2FuYWx5dGljc190cmFja2VkIjpmYWxzZSwidXVpZCI6ImQ0OGI1YWU1Y2UxZDQ1NjhiZTExYjRjNTdjZmM0YmFlMTU2NDAzNTM2OTE0NDgzMTIyMSIsInNlcnZlcl90b2tlbiI6IjE1MDA4MzA5MDI5MDR8MTU2NDAzNTM2OTE0NDgzMTIyMXwyMDE4Njc3OTQ3fDYzYmViMmMxZTNmYzMwMmY1MGJkNDYwZTM2YTAzNmFlM2M1NDM3ODI3YzI1NTY1NDU2OGNmNmViMzFkMjc3OWQifSwic2lnbmF0dXJlIjoiIn0="}}, {"media": {"taken_at": 1500803050, "pk": 1565171886504806627, "id": "1565171886504806627_5481585904", "device_timestamp": 1500803051828, "media_type": 1, "code": "BW4m4nDjAjj", "client_cache_key": "MTU2NTE3MTg4NjUwNDgwNjYyNw==.2", "filter_type": 0, "image_versions2": {"candidates": [{"width": 640, "height": 640, "url": "https://instagram.fhel2-1.fna.fbcdn.net/t51.2885-15/e35/20213801_255282454984930_7004925612045369344_n.jpg?ig_cache_key=MTU2NTE3MTg4NjUwNDgwNjYyNw%3D%3D.2"}, {"width": 240, "height": 240, "url": "https://instagram.fhel2-1.fna.fbcdn.net/t51.2885-15/s240x240/e35/20213801_255282454984930_7004925612045369344_n.jpg?ig_cache_key=MTU2NTE3MTg4NjUwNDgwNjYyNw%3D%3D.2"}]}, "original_width": 640, "original_height": 640, "user": {"pk": 5481585904, "username": "idei_dizaina_nogtey", "full_name": "\u0418\u0434\u0435\u0438 \u043c\u0430\u043d\u0438\u043a\u044e\u0440\u0430\ud83d\udc85", "is_private": false, "profile_pic_url": "https://instagram.fhel2-1.fna.fbcdn.net/t51.2885-19/s150x150/19367279_1538622816209194_3634875511739514880_n.jpg", "profile_pic_id": "1517980076879933230_5481585904", "friendship_status": {"following": false, "outgoing_request": false, "is_bestie": false}, "is_verified": false, "has_anonymous_profile_picture": false, "is_unpublished": false, "is_favorite": false}, "caption": {"pk": 17865718012152136, "user_id": 5481585904, "text": "@idei_dizaina_nogtey\n\u041e\u0446\u0435\u043d\u0438\u0442\u0435 \u043c\u0430\u043d\u0438\u043a\u044e\u0440 \u043f\u043e \u0448\u043a\u0430\u043b\u0435 \u043e\u0442 1 \u0434\u043e 10!\n\u0414\u0435\u0432\u043e\u0447\u043a\u0438, \u043d\u0435 \u0437\u0430\u0431\u044b\u0432\u0430\u0439\u0442\u0435 \u0441\u0442\u0430\u0432\u0438\u0442\u044c \u043b\u0430\u0439\u043a\ud83d\udc8b\u0438 \u043f\u043e\u0434\u043f\u0438\u0441\u0430\u0442\u044c\u0441\u044f))))@idei_dizaina_nogtey\r\n@idei_dizaina_nogtey\r\n@idei_dizaina_nogtey\ud83d\udc85\u0438\u0434\u0435\u0438 \u0434\u0438\u0437\u0430\u0439\u043d\u0430\u00a0\n#\u043d\u043e\u0433\u0442\u0438#\u043c\u0430\u043d\u0438\u043a\u044e\u0440\u00a0#\u0434\u0438\u0437\u0430\u0439\u043d\u043d\u043e\u0433\u0442\u0435\u0439\u00a0#\u0433\u0435\u043b\u044c\u043b\u0430\u043a\u00a0#\u043a\u0440\u0430\u0441\u0438\u0432\u044b\u0435\u043d\u043e\u0433\u0442\u0438\u00a0#\u043a\u0440\u0430\u0441\u043e\u0442\u0430\u00a0#nails\u00a0#\u0448\u0435\u043b\u043b\u0430\u043a#shellac\u00a0#nailart\u00a0#\u0438\u0434\u0435\u0430\u043b\u044c\u043d\u044b\u0439\u043c\u0430\u043d\u0438\u043a\u044e\u0440\u00a0#\u043a\u0440\u0430\u0441\u0438\u0432\u044b\u0439\u043c\u0430\u043d\u0438\u043a\u044e\u0440\u00a0#nail\u00a0#\u0434\u0438\u0437\u0430\u0439\u043d\u00a0#\u0444\u0440\u0435\u043d\u0447#\u0434\u0435\u0432\u043e\u0447\u043a\u0438\u0442\u0430\u043a\u0438\u0435\u0434\u0435\u0432\u043e\u0447\u043a\u0438\u00a0#\u043d\u0430\u0440\u0430\u0449\u0438\u0432\u0430\u043d\u0438\u0435\u043d\u043e\u0433\u0442\u0435\u0439\u00a0#\u043d\u043e\u0433\u043e\u0442\u043a\u0438\u00a0#fashion\u00a0#\u0441\u0442\u0440\u0430\u0437\u044b#\u043d\u0430\u0440\u0430\u0449\u0438\u0432\u0430\u043d\u0438\u0435\u00a0#rnd\u00a0#\u043f\u0435\u0434\u0438\u043a\u044e\u0440\u00a0#161\u00a0#\u0441\u0442\u0438\u043b\u044c\u00a0#moscownails\u00a0#\u043c\u043e\u0441\u043a\u0432\u0430\u043a\u043e\u0441\u043c\u0435\u0442\u0438\u043a", "type": 1, "created_at": 1500803051, "created_at_utc": 1500803051, "content_type": "comment", "status": "Active", "bit_flags": 4, "user": {"pk": 5481585904, "username": "idei_dizaina_nogtey", "full_name": "\u0418\u0434\u0435\u0438 \u043c\u0430\u043d\u0438\u043a\u044e\u0440\u0430\ud83d\udc85", "is_private": false, "profile_pic_url": "https://instagram.fhel2-1.fna.fbcdn.net/t51.2885-19/s150x150/19367279_1538622816209194_3634875511739514880_n.jpg", "profile_pic_id": "1517980076879933230_5481585904", "friendship_status": {"following": false, "outgoing_request": false, "is_bestie": false}, "is_verified": false, "has_anonymous_profile_picture": false, "is_unpublished": false, "is_favorite": false}, "did_report_as_spam": false, "media_id": 1565171886504806627, "has_translation": true}, "caption_is_edited": false, "like_count": 3999, "has_liked": false, "top_likers": [], "comment_likes_enabled": false, "comment_threading_enabled": false, "has_more_comments": true, "max_num_visible_preview_comments": 2, "preview_comments": [], "comment_count": 5, "photo_of_you": false, "can_viewer_save": true, "organic_tracking_token": "eyJ2ZXJzaW9uIjo1LCJwYXlsb2FkIjp7ImlzX2FuYWx5dGljc190cmFja2VkIjp0cnVlLCJ1dWlkIjoiZDQ4YjVhZTVjZTFkNDU2OGJlMTFiNGM1N2NmYzRiYWUxNTY1MTcxODg2NTA0ODA2NjI3Iiwic2VydmVyX3Rva2VuIjoiMTUwMDgzMDkwMjkwNHwxNTY1MTcxODg2NTA0ODA2NjI3fDIwMTg2Nzc5NDd8NWZhM2EyNmE5NjEzZDk0ZDgzZTE3YTNjMDYzNzVjNDIyOGNlZDFhNzM4MWFkMzZiMDRhODI5OWNkNjY1ZGJkYSJ9LCJzaWduYXR1cmUiOiIifQ==", "algorithm": "edge_dedupe_unicorn", "explore_context": "Based on photos you liked", "explore_source_token": "UZEYeZz3l5tcUcvLTdG_UZuH9DcY8cR9dqS5cznoiUvqLOW5ZRg5qOEA3GEIjLTtuXnaCUUU3mXPyLgIHxOJEQ==", "explore": {"explanation": "Based on photos you liked", "actor_id": 5481585904, "source_token": "UZEYeZz3l5tcUcvLTdG_UZuH9DcY8cR9dqS5cznoiUvqLOW5ZRg5qOEA3GEIjLTtuXnaCUUU3mXPyLgIHxOJEQ=="}, "impression_token": "eyJ2ZXJzaW9uIjo1LCJwYXlsb2FkIjp7ImlzX2FuYWx5dGljc190cmFja2VkIjp0cnVlLCJ1dWlkIjoiZDQ4YjVhZTVjZTFkNDU2OGJlMTFiNGM1N2NmYzRiYWUxNTY1MTcxODg2NTA0ODA2NjI3Iiwic2VydmVyX3Rva2VuIjoiMTUwMDgzMDkwMjkwNHwxNTY1MTcxODg2NTA0ODA2NjI3fDIwMTg2Nzc5NDd8NWZhM2EyNmE5NjEzZDk0ZDgzZTE3YTNjMDYzNzVjNDIyOGNlZDFhNzM4MWFkMzZiMDRhODI5OWNkNjY1ZGJkYSJ9LCJzaWduYXR1cmUiOiIifQ=="}}, {"media": {"taken_at": 1500799566, "pk": 1565142662909270462, "id": "1565142662909270462_4656870583", "device_timestamp": 1500703457, "media_type": 1, "code": "BW4gPWdhBm-", "client_cache_key": "MTU2NTE0MjY2MjkwOTI3MDQ2Mg==.2", "filter_type": 112, "image_versions2": {"candidates": [{"width": 960, "height": 960, "url": "https://instagram.fhel2-1.fna.fbcdn.net/t51.2885-15/e35/20180531_1859452377705520_5337446624283066368_n.jpg?ig_cache_key=MTU2NTE0MjY2MjkwOTI3MDQ2Mg%3D%3D.2"}, {"width": 240, "height": 240, "url": "https://instagram.fhel2-1.fna.fbcdn.net/t51.2885-15/s240x240/e35/20180531_1859452377705520_5337446624283066368_n.jpg?ig_cache_key=MTU2NTE0MjY2MjkwOTI3MDQ2Mg%3D%3D.2"}]}, "original_width": 960, "original_height": 960, "user": {"pk": 4656870583, "username": "nadezhdatarskaia", "full_name": "\u041d\u0430\u0434\u0435\u0436\u0434\u0430 \u0422\u0430\u0440\u0441\u043a\u0430\u044f", "is_private": false, "profile_pic_url": "https://instagram.fhel2-1.fna.fbcdn.net/t51.2885-19/s150x150/19931940_246161575872242_7812952566949478400_a.jpg", "profile_pic_id": "1552831909741238762_4656870583", "friendship_status": {"following": false, "outgoing_request": false, "is_bestie": false}, "is_verified": false, "has_anonymous_profile_picture": false, "is_unpublished": false, "is_favorite": false}, "caption": {"pk": 17885406619065420, "user_id": 4656870583, "text": "\u0412\u044b\u0435\u0437\u0434#", "type": 1, "created_at": 1500799568, "created_at_utc": 1500799568, "content_type": "comment", "status": "Active", "bit_flags": 0, "user": {"pk": 4656870583, "username": "nadezhdatarskaia", "full_name": "\u041d\u0430\u0434\u0435\u0436\u0434\u0430 \u0422\u0430\u0440\u0441\u043a\u0430\u044f", "is_private": false, "profile_pic_url": "https://instagram.fhel2-1.fna.fbcdn.net/t51.2885-19/s150x150/19931940_246161575872242_7812952566949478400_a.jpg", "profile_pic_id": "1552831909741238762_4656870583", "friendship_status": {"following": false, "outgoing_request": false, "is_bestie": false}, "is_verified": false, "has_anonymous_profile_picture": false, "is_unpublished": false, "is_favorite": false}, "did_report_as_spam": false, "media_id": 1565142662909270462, "has_translation": true}, "caption_is_edited": false, "like_count": 43, "has_liked": false, "top_likers": ["25egor"], "comment_likes_enabled": false, "comment_threading_enabled": false, "has_more_comments": false, "max_num_visible_preview_comments": 2, "preview_comments": [], "comment_count": 0, "photo_of_you": false, "can_viewer_save": true, "organic_tracking_token": "eyJ2ZXJzaW9uIjo1LCJwYXlsb2FkIjp7ImlzX2FuYWx5dGljc190cmFja2VkIjpmYWxzZSwidXVpZCI6ImQ0OGI1YWU1Y2UxZDQ1NjhiZTExYjRjNTdjZmM0YmFlMTU2NTE0MjY2MjkwOTI3MDQ2MiIsInNlcnZlcl90b2tlbiI6IjE1MDA4MzA5MDI5MDV8MTU2NTE0MjY2MjkwOTI3MDQ2MnwyMDE4Njc3OTQ3fDhlNTNiNTg3NzRlMWEwMTUzYTViODk3YjQ5ZDgxMWQ5OGEyMGVmM2Q0MzBkMTA4ZmQxYTBjNGViNGFjYWI4MTYifSwic2lnbmF0dXJlIjoiIn0=", "algorithm": "edge_dedupe_unicorn", "explore_context": "Based on people you follow", "explore_source_token": "pVcNfxFvXDclf-vbgT--yGfJqdVeoN_yWehWY8-SukdWMvQHd7YOzbFqaSvtstDO", "explore": {"explanation": "Based on people you follow", "actor_id": 4656870583, "source_token": "pVcNfxFvXDclf-vbgT--yGfJqdVeoN_yWehWY8-SukdWMvQHd7YOzbFqaSvtstDO"}, "impression_token": "eyJ2ZXJzaW9uIjo1LCJwYXlsb2FkIjp7ImlzX2FuYWx5dGljc190cmFja2VkIjpmYWxzZSwidXVpZCI6ImQ0OGI1YWU1Y2UxZDQ1NjhiZTExYjRjNTdjZmM0YmFlMTU2NTE0MjY2MjkwOTI3MDQ2MiIsInNlcnZlcl90b2tlbiI6IjE1MDA4MzA5MDI5MDV8MTU2NTE0MjY2MjkwOTI3MDQ2MnwyMDE4Njc3OTQ3fDhlNTNiNTg3NzRlMWEwMTUzYTViODk3YjQ5ZDgxMWQ5OGEyMGVmM2Q0MzBkMTA4ZmQxYTBjNGViNGFjYWI4MTYifSwic2lnbmF0dXJlIjoiIn0="}}, {"media": {"taken_at": 1500799106, "pk": 1565138803840786259, "id": "1565138803840786259_44147235", "device_timestamp": 1500798921, "media_type": 1, "code": "BW4fXMbHB9T", "client_cache_key": "MTU2NTEzODgwMzg0MDc4NjI1OQ==.2", "filter_type": 0, "image_versions2": {"candidates": [{"width": 1060, "height": 1325, "url": "https://instagram.fhel2-1.fna.fbcdn.net/t51.2885-15/e35/20225236_159159824631629_4265700366642839552_n.jpg?ig_cache_key=MTU2NTEzODgwMzg0MDc4NjI1OQ%3D%3D.2\u0026se=8"}, {"width": 240, "height": 300, "url": "https://instagram.fhel2-1.fna.fbcdn.net/t51.2885-15/e35/p240x240/20225236_159159824631629_4265700366642839552_n.jpg?ig_cache_key=MTU2NTEzODgwMzg0MDc4NjI1OQ%3D%3D.2"}]}, "original_width": 1060, "original_height": 1325, "location": {"pk": 741059214, "name": "\u0421\u0435\u0432\u0430\u0441\u0442\u043e\u043f\u043e\u043b\u044c\u0441\u043a\u0430\u044f \u041f\u043b\u043e\u0449\u0430\u0434\u044c \u041a\u0438\u0435\u0432", "address": "", "city": "", "short_name": "\u0421\u0435\u0432\u0430\u0441\u0442\u043e\u043f\u043e\u043b\u044c\u0441\u043a\u0430\u044f \u041f\u043b\u043e\u0449\u0430\u0434\u044c \u041a\u0438\u0435\u0432", "lng": 30.452325086364, "lat": 50.428148185091, "external_source": "facebook_places", "facebook_places_id": 998520110181212}, "lat": 50.428148185091, "lng": 30.452325086364, "user": {"pk": 44147235, "username": "steseviatka", "full_name": "\u041d\u0430\u0441\u0442\u044f \u0421\u0442\u0435\u0446\u0435\u0432\u044f\u0442", "is_private": false, "profile_pic_url": "https://instagram.fhel2-1.fna.fbcdn.net/t51.2885-19/s150x150/20180616_115870049047211_5322686926220689408_a.jpg", "profile_pic_id": "1561046025838168767_44147235", "friendship_status": {"following": false, "outgoing_request": false, "is_bestie": false}, "is_verified": false, "has_anonymous_profile_picture": false, "is_unpublished": false, "is_favorite": false, "latest_reel_media": 1500799729}, "caption": {"pk": 17890262731003226, "user_id": 44147235, "text": "#\u043d\u0435\u0434\u0435\u043b\u044f\u0432\u044b\u0436\u0438\u0432\u0430\u043d\u0438\u044f \n\u0427\u0442\u043e \u044f \u0432\u0430\u043c \u0441\u043a\u0430\u0436\u0443, \u043f\u0440\u0435\u0436\u0434\u0435 \u0447\u0435\u043c \u043f\u0440\u0438\u043d\u0438\u043c\u0430\u0442\u044c \u0432 \u0436\u0438\u0437\u043d\u0438 \u0440\u0435\u0448\u0435\u043d\u0438\u044f,7 \u0440\u0430\u0437 \u043f\u043e\u0434\u0443\u043c\u0430\u0435\u0442\u0435, \u0430 \u0442\u043e \u043a\u0430\u043a \u044f \u043d\u0430 \u043d\u0435\u0434\u0435\u043b\u044e \u0432 \u0430\u0440\u043c\u0438\u044e \u043f\u043e\u043f\u0430\u0434\u0435\u0442\u0435\ud83d\ude02\ud83d\udc9a\u0433\u043e\u0432\u043e\u0440\u044f\u0442 \u0442\u0430\u043c \u043d\u0435\u0442 \u0441\u0432\u044f\u0437\u0438\ud83e\udd26\ud83c\udffc\u200d\u2640\ufe0f\u0431\u0443\u0434\u0443 \u0437\u0430 \u0432\u0430\u043c\u0438 \u0441\u043a\u0443\u0447\u0430\u0442\u044c \ud83d\udc9a \u043f\u043e\u0436\u0435\u043b\u0430\u0439\u0442\u0435 \u043c\u043d\u0435 \u0443\u0434\u0430\u0447\u0438 \u0438 \u0436\u0434\u0438\u0442\u0435 \u043d\u043e\u0432\u043e\u0435 \u0432\u0438\u0434\u0435\u043e\ud83d\udc9a#\u0441\u0435\u0440\u0446\u044f\u0442\u0440\u044c\u043e\u04454 #\u043d\u0430\u0441\u0442\u044f\u0441\u0442\u0435\u0446\u0435\u0432\u044f\u0442 #\u043d\u043e\u0432\u044b\u0439\u043a\u0430\u043d\u0430\u043b", "type": 1, "created_at": 1500799107, "created_at_utc": 1500799107, "content_type": "comment", "status": "Active", "bit_flags": 0, "user": {"pk": 44147235, "username": "steseviatka", "full_name": "\u041d\u0430\u0441\u0442\u044f \u0421\u0442\u0435\u0446\u0435\u0432\u044f\u0442", "is_private": false, "profile_pic_url": "https://instagram.fhel2-1.fna.fbcdn.net/t51.2885-19/s150x150/20180616_115870049047211_5322686926220689408_a.jpg", "profile_pic_id": "1561046025838168767_44147235", "friendship_status": {"following": false, "outgoing_request": false, "is_bestie": false}, "is_verified": false, "has_anonymous_profile_picture": false, "is_unpublished": false, "is_favorite": false, "latest_reel_media": 1500799729}, "did_report_as_spam": false, "media_id": 1565138803840786259, "has_translation": true}, "caption_is_edited": false, "like_count": 13794, "has_liked": false, "top_likers": ["anastasia_astra_han"], "comment_likes_enabled": false, "comment_threading_enabled": false, "has_more_comments": true, "max_num_visible_preview_comments": 2, "preview_comments": [], "comment_count": 44, "photo_of_you": false, "can_viewer_save": true, "organic_tracking_token": "eyJ2ZXJzaW9uIjo1LCJwYXlsb2FkIjp7ImlzX2FuYWx5dGljc190cmFja2VkIjp0cnVlLCJ1dWlkIjoiZDQ4YjVhZTVjZTFkNDU2OGJlMTFiNGM1N2NmYzRiYWUxNTY1MTM4ODAzODQwNzg2MjU5Iiwic2VydmVyX3Rva2VuIjoiMTUwMDgzMDkwMjkwNXwxNTY1MTM4ODAzODQwNzg2MjU5fDIwMTg2Nzc5NDd8YmI1MjNiZGU1YTdkZmQ5MzY1ZjQ5NDI3YWRlZmUxMzQ4MGIwNTdiYWQ1ZTJmZmQzMzEyYjkzNTcyNmRjMWYxZiJ9LCJzaWduYXR1cmUiOiIifQ==", "algorithm": "edge_dedupe_unicorn", "explore_context": "Based on people you follow", "explore_source_token": "Z9d3zswjvpRGRYhokXH2HeFhne7dPL3BoKdGmXO-z7Ha3j_Qv7nrFstCGXl2_atK2o8aLyTJOm3EnO7WVFAArg==", "explore": {"explanation": "Based on people you follow", "actor_id": 44147235, "source_token": "Z9d3zswjvpRGRYhokXH2HeFhne7dPL3BoKdGmXO-z7Ha3j_Qv7nrFstCGXl2_atK2o8aLyTJOm3EnO7WVFAArg=="}, "impression_token": "eyJ2ZXJzaW9uIjo1LCJwYXlsb2FkIjp7ImlzX2FuYWx5dGljc190cmFja2VkIjp0cnVlLCJ1dWlkIjoiZDQ4YjVhZTVjZTFkNDU2OGJlMTFiNGM1N2NmYzRiYWUxNTY1MTM4ODAzODQwNzg2MjU5Iiwic2VydmVyX3Rva2VuIjoiMTUwMDgzMDkwMjkwNXwxNTY1MTM4ODAzODQwNzg2MjU5fDIwMTg2Nzc5NDd8YmI1MjNiZGU1YTdkZmQ5MzY1ZjQ5NDI3YWRlZmUxMzQ4MGIwNTdiYWQ1ZTJmZmQzMzEyYjkzNTcyNmRjMWYxZiJ9LCJzaWduYXR1cmUiOiIifQ=="}}, {"media": {"taken_at": 1500825775, "pk": 1565362522571563003, "id": "1565362522571563003_289633663", "device_timestamp": 1500825686710, "media_type": 2, "code": "BW5SOuull_7", "client_cache_key": "MTU2NTM2MjUyMjU3MTU2MzAwMw==.2", "filter_type": 0, "image_versions2": {"candidates": [{"width": 640, "height": 640, "url": "https://instagram.fhel2-1.fna.fbcdn.net/t51.2885-15/e15/20346902_1834444373239413_2897326698125066240_n.jpg?ig_cache_key=MTU2NTM2MjUyMjU3MTU2MzAwMw%3D%3D.2"}, {"width": 240, "height": 240, "url": "https://instagram.fhel2-1.fna.fbcdn.net/t51.2885-15/s240x240/e15/20346902_1834444373239413_2897326698125066240_n.jpg?ig_cache_key=MTU2NTM2MjUyMjU3MTU2MzAwMw%3D%3D.2"}]}, "original_width": 640, "original_height": 640, "video_versions": [{"type": 101, "width": 640, "height": 640, "url": "https://instagram.fhel2-1.fna.fbcdn.net/t50.2886-16/20372251_106527480017556_7546836603742715904_n.mp4"}, {"type": 103, "width": 480, "height": 480, "url": "https://instagram.fhel2-1.fna.fbcdn.net/t50.2886-16/20373770_117798738854166_2256429114120470528_n.mp4"}, {"type": 102, "width": 480, "height": 480, "url": "https://instagram.fhel2-1.fna.fbcdn.net/t50.2886-16/20373770_117798738854166_2256429114120470528_n.mp4"}], "has_audio": true, "video_duration": 32.16, "view_count": 13713.0, "user": {"pk": 289633663, "username": "kyd.1", "full_name": "\u0643\u064a\u062f\ud83c\udf37", "is_private": false, "profile_pic_url": "https://instagram.fhel2-1.fna.fbcdn.net/t51.2885-19/s150x150/16122416_1832634430347540_1847858276935401472_n.jpg", "profile_pic_id": "1428547621898904882_289633663", "friendship_status": {"following": false, "outgoing_request": false, "is_bestie": false}, "is_verified": false, "has_anonymous_profile_picture": false, "is_unpublished": false, "is_favorite": false, "latest_reel_media": 1500823496}, "caption": {"pk": 17889572815046193, "user_id": 289633663, "text": "_\n\u0631\u0627\u064a\u0643\u0645\u061f\u061f \u0645\u0639 \u0627\u0648 \u0636\u062f \u0627\u0644\u064a \u0633\u0648\u0627\u0647\u061f\u060c \u0645\u0646\u0634\u0646\u0648\u0627 \u0646\u0627\u0633 \u062a\u0634\u0648\u0641 \u0627\u0644\u0645\u0642\u0637\u0639 \u062d\u0633\u0627\u0628\u064a \u0643\u064a\u062f \u0627\u0644\u0646\u0633\u0648\u0627\u0646\ud83d\udc83\ud83d\udc48 @kyd.1 \u062d\u064a\u0627\u0643\u0645 \ud83d\ude4b\ud83e\udd17_\n_\n_\n_\n\u0627\u0644\u0644\u064a \u0641\u0627\u0632\u062a \u0628\u0627\u0644\u0633\u0646\u0627\u0628 \u062a\u062c\u064a \u0644\u064a \u062e\u0627\u0635 \ud83d\ude07_\n_\n_\n_\n_\n_\nbduc_#\u0628\u0648\u064a\u0631\u0627\u0632_\u0643\u0627\u0631\u0627\u064a\u0644\u00a0#poyrazkarayel\u00a0#kirgincicekler#\u0627\u0644\u0627\u0632\u0647\u0627\u0631_\u0627\u0644\u062d\u0632\u064a\u0646\u0629\u00a0#\u0628\u0646\u0627\u062a_\u0627\u0644\u0634\u0645\u0633\u00a0#gunesinkizlari#\u062d\u0628_\u0644\u0644\u0627\u064a\u062c\u0627\u0631\u00a0#\u062d\u0628_\u0627\u0639\u0645\u0649\u00a0#karasevda\u00a0#hayatsarkisi#\u0627\u063a\u0646\u064a\u0629_\u0627\u0644\u062d\u064a\u0627\u0629\u00a0#no309\u00a0#\u0627\u0644\u063a\u0631\u0641\u0629_309#\u0627\u0644\u062d\u0628_\u0644\u0627_\u064a\u0641\u0647\u0645_\u0645\u0646_\u0627\u0644\u0643\u0644\u0627\u0645\u00a0#asklaftananlamaz#\u0627\u0644\u0637\u0628\u0642\u0629_\u0627\u0644\u0645\u062e\u0645\u0644\u064a\u0629\u00a0#fazilethanimvekizlari\u00a0#\u0639\u0631\u0648\u0633_\u0627\u0633\u0637\u0646\u0628\u0648\u0644#seviyorsevmiyor\u00a0#\u0641\u064a_\u0627\u0644\u062f\u0627\u062e\u0644\u00a0#icerde\u00a0#cesurveguzel#\u062c\u0633\u0648\u0631_\u0648\u0627\u0644\u062c\u0645\u064a\u0644\u0629\u00a0#\u0627\u0644\u0627\u0632\u0647\u0627\u0631_\u0627\u0644\u062d\u0632\u064a\u0646\u0647\u00a0#\u0627\u0644\u0639\u0647\u062f\u00a0#\u0646\u0628\u0636\u0627\u062a_\u0642\u0644\u0628#\u0627\u0644\u064a\u0648\u0645_\u0627\u0644\u0627\u0633\u0648\u062f\u00a0#\u0641\u0636\u064a\u0644\u0629_\u0648\u0628\u0646\u0627\u062a\u0647\u0627\u00a0#A\u015fkLaftanAnlamaz#cesurveg\u00fczel", "type": 1, "created_at": 1500829516, "created_at_utc": 1500829516, "content_type": "comment", "status": "Active", "bit_flags": 0, "user": {"pk": 289633663, "username": "kyd.1", "full_name": "\u0643\u064a\u062f\ud83c\udf37", "is_private": false, "profile_pic_url": "https://instagram.fhel2-1.fna.fbcdn.net/t51.2885-19/s150x150/16122416_1832634430347540_1847858276935401472_n.jpg", "profile_pic_id": "1428547621898904882_289633663", "friendship_status": {"following": false, "outgoing_request": false, "is_bestie": false}, "is_verified": false, "has_anonymous_profile_picture": false, "is_unpublished": false, "is_favorite": false, "latest_reel_media": 1500823496}, "did_report_as_spam": false, "media_id": 1565362522571563003}, "caption_is_edited": true, "like_count": 1575, "has_liked": false, "top_likers": ["_moorebey"], "comment_likes_enabled": false, "comment_threading_enabled": false, "has_more_comments": true, "next_max_id": 17875272976094377, "max_num_visible_preview_comments": 2, "preview_comments": [{"pk": 17867357797133884, "user_id": 3612655003, "text": "\u0645\u0639", "type": 0, "created_at": 1500829056, "created_at_utc": 1500829056, "content_type": "comment", "status": "Active", "bit_flags": 0, "user": {"pk": 3612655003, "username": "efnenn1", "full_name": "\u0623\u0641\u0646\u0627\u0646 \u0627\u0644\u063a\u0645\u0627\u0633\u064a\ud83c\udf39", "is_private": false, "profile_pic_url": "https://instagram.fhel2-1.fna.fbcdn.net/t51.2885-19/s150x150/19624761_526526291072143_803490112229867520_a.jpg", "profile_pic_id": "1550788259160168517_3612655003", "is_verified": false}, "did_report_as_spam": false, "media_id": 1565362522571563003, "has_translation": true}, {"pk": 17875272976094377, "user_id": 3612655003, "text": "\u0645\u0639", "type": 0, "created_at": 1500829057, "created_at_utc": 1500829057, "content_type": "comment", "status": "Active", "bit_flags": 0, "user": {"pk": 3612655003, "username": "efnenn1", "full_name": "\u0623\u0641\u0646\u0627\u0646 \u0627\u0644\u063a\u0645\u0627\u0633\u064a\ud83c\udf39", "is_private": false, "profile_pic_url": "https://instagram.fhel2-1.fna.fbcdn.net/t51.2885-19/s150x150/19624761_526526291072143_803490112229867520_a.jpg", "profile_pic_id": "1550788259160168517_3612655003", "is_verified": false}, "did_report_as_spam": false, "media_id": 1565362522571563003, "has_translation": true}], "comment_count": 359, "photo_of_you": false, "usertags": {"in": []}, "can_viewer_save": true, "organic_tracking_token": "eyJ2ZXJzaW9uIjo1LCJwYXlsb2FkIjp7ImlzX2FuYWx5dGljc190cmFja2VkIjpmYWxzZSwidXVpZCI6ImQ0OGI1YWU1Y2UxZDQ1NjhiZTExYjRjNTdjZmM0YmFlMTU2NTM2MjUyMjU3MTU2MzAwMyIsInNlcnZlcl90b2tlbiI6IjE1MDA4MzA5MDI5MDZ8MTU2NTM2MjUyMjU3MTU2MzAwM3wyMDE4Njc3OTQ3fDljMWNkYTFkNzJkNDQ3MzIyODhiOTNkYTU0NTA1NTM2OWE1NDRmYjAxYTZmZDk1MzM0NjFkNTE0ZWRhMzBlMWIifSwic2lnbmF0dXJlIjoiIn0=", "algorithm": "edge_dedupe_unicorn", "explore_context": "Based on people you follow", "explore_source_token": "_6PB-9FuAaadJBrd1pMoSyEy4xRrKrnePOyUmioGmVgu4hpEtRhrBgBiMeQiGGKo", "explore": {"explanation": "Based on people you follow", "actor_id": 289633663, "source_token": "_6PB-9FuAaadJBrd1pMoSyEy4xRrKrnePOyUmioGmVgu4hpEtRhrBgBiMeQiGGKo"}, "impression_token": "eyJ2ZXJzaW9uIjo1LCJwYXlsb2FkIjp7ImlzX2FuYWx5dGljc190cmFja2VkIjpmYWxzZSwidXVpZCI6ImQ0OGI1YWU1Y2UxZDQ1NjhiZTExYjRjNTdjZmM0YmFlMTU2NTM2MjUyMjU3MTU2MzAwMyIsInNlcnZlcl90b2tlbiI6IjE1MDA4MzA5MDI5MDZ8MTU2NTM2MjUyMjU3MTU2MzAwM3wyMDE4Njc3OTQ3fDljMWNkYTFkNzJkNDQ3MzIyODhiOTNkYTU0NTA1NTM2OWE1NDRmYjAxYTZmZDk1MzM0NjFkNTE0ZWRhMzBlMWIifSwic2lnbmF0dXJlIjoiIn0="}}, {"media": {"taken_at": 1500818326, "pk": 1565300032475213487, "id": "1565300032475213487_1273873597", "device_timestamp": 1500818287633, "media_type": 1, "code": "BW5EBYSl66v", "client_cache_key": "MTU2NTMwMDAzMjQ3NTIxMzQ4Nw==.2", "filter_type": 0, "image_versions2": {"candidates": [{"width": 1080, "height": 1080, "url": "https://instagram.fhel2-1.fna.fbcdn.net/t51.2885-15/e35/20394082_757969977715911_1024073331835404288_n.jpg?ig_cache_key=MTU2NTMwMDAzMjQ3NTIxMzQ4Nw%3D%3D.2\u0026se=8"}, {"width": 240, "height": 240, "url": "https://instagram.fhel2-1.fna.fbcdn.net/t51.2885-15/s240x240/e35/20394082_757969977715911_1024073331835404288_n.jpg?ig_cache_key=MTU2NTMwMDAzMjQ3NTIxMzQ4Nw%3D%3D.2"}]}, "original_width": 1080, "original_height": 1080, "user": {"pk": 1273873597, "username": "patrick_teutsch", "full_name": "Patrick Teutsch", "is_private": false, "profile_pic_url": "https://instagram.fhel2-1.fna.fbcdn.net/t51.2885-19/s150x150/19625114_1470032756373272_5890354926986461184_a.jpg", "profile_pic_id": "1551718275935000939_1273873597", "friendship_status": {"following": false, "outgoing_request": false, "is_bestie": false}, "is_verified": false, "has_anonymous_profile_picture": false, "is_unpublished": false, "is_favorite": false, "latest_reel_media": 1500823590}, "caption": {"pk": 17890269739061695, "user_id": 1273873597, "text": "I love travelling, adventures and experiences.\ud83d\ude4c\ud83c\udf0d Love sharing the experiences with my family \u0026 friends \ud83d\udc81\ud83c\udffb\u200d\u2642\ufe0f Wie siehts mit euch aus, eher ordentlich was sehen und erleben oder eher chillen \u0026 relaxen im Urlaub? \nMitm Training ists dann immer so ne Sache, ach was sag ich \"deload\" kein Problem \ud83d\ude01\n\nJetzt -50% auf Novum 1.0 und Champion Edition mit: PATRICK\n@PROBROWEAR \u261d\ud83c\udffc Link in der Bio \u261d\ud83c\udffc\n#lifeisgood \u25e4\u25e2\u25e4\u25e2\u25e4\u25e2\u25e4\u25e2\u25e4\u25e2\u25e4\u25e2\u25e4\u25e2\u25e4\u25e2\u25e4\u25e2\nYoutube \ud83d\udc49 Patrick Teutsch\n\u26a0\ufe0f NEUES VIDEO ONLINE \u26a0\ufe0f\n\u2b06\ufe0f Link in der Bio \u2b06\ufe0f\n========================\n#masse #aesthetic #bodybuilding \n#motivation #probro\n#passion #focus #probroarmy \n#gymmotivation #naturalbodybuilding #aesthetics #trainingtips\u00a0 #shredded \u00a0#photooftheday #gym #beastmode\u00a0 #workout #sixpack #fitfam #fit #fitness #muscle #body #gymaddict #shredded #inspiration", "type": 1, "created_at": 1500818327, "created_at_utc": 1500818327, "content_type": "comment", "status": "Active", "bit_flags": 0, "user": {"pk": 1273873597, "username": "patrick_teutsch", "full_name": "Patrick Teutsch", "is_private": false, "profile_pic_url": "https://instagram.fhel2-1.fna.fbcdn.net/t51.2885-19/s150x150/19625114_1470032756373272_5890354926986461184_a.jpg", "profile_pic_id": "1551718275935000939_1273873597", "friendship_status": {"following": false, "outgoing_request": false, "is_bestie": false}, "is_verified": false, "has_anonymous_profile_picture": false, "is_unpublished": false, "is_favorite": false, "latest_reel_media": 1500823590}, "did_report_as_spam": false, "media_id": 1565300032475213487, "has_translation": true}, "caption_is_edited": false, "like_count": 1277, "has_liked": false, "top_likers": ["musclemenworld"], "comment_likes_enabled": false, "comment_threading_enabled": false, "has_more_comments": true, "next_max_id": 17889756619055730, "max_num_visible_preview_comments": 2, "preview_comments": [{"pk": 17889732499060666, "user_id": 965260745, "text": "Wow \ud83d\ude31", "type": 0, "created_at": 1500820491, "created_at_utc": 1500820491, "content_type": "comment", "status": "Active", "bit_flags": 0, "user": {"pk": 965260745, "username": "fitnessoskar", "full_name": "FitnessOskar", "is_private": false, "profile_pic_url": "https://instagram.fhel2-1.fna.fbcdn.net/t51.2885-19/11195670_826029944157497_781479803_a.jpg", "is_verified": false}, "did_report_as_spam": false, "media_id": 1565300032475213487}, {"pk": 17889756619055730, "user_id": 1539249272, "text": "Viel Spa\u00df Coach\ud83d\udc4d\ud83c\udffc", "type": 0, "created_at": 1500828104, "created_at_utc": 1500828104, "content_type": "comment", "status": "Active", "bit_flags": 0, "user": {"pk": 1539249272, "username": "yannik_busch", "full_name": "Bodybuilder/Traveller/Dreamer", "is_private": false, "profile_pic_url": "https://instagram.fhel2-1.fna.fbcdn.net/t51.2885-19/s150x150/14099799_1764997220401368_773713817_a.jpg", "profile_pic_id": "1326428269633733399_1539249272", "is_verified": false}, "did_report_as_spam": false, "media_id": 1565300032475213487, "has_translation": true}], "comment_count": 32, "photo_of_you": false, "usertags": {"in": [{"user": {"pk": 23464020, "username": "fitbit", "full_name": "fitbit", "is_private": false, "profile_pic_url": "https://instagram.fhel2-1.fna.fbcdn.net/t51.2885-19/s150x150/12407683_153550765013326_1805736770_a.jpg", "is_verified": true}, "position": [0.7025863, 0.091147676], "time_in_video": null}, {"user": {"pk": 1460672893, "username": "probroarmy", "full_name": "#PROBROARMY OFFICIAL", "is_private": false, "profile_pic_url": "https://instagram.fhel2-1.fna.fbcdn.net/t51.2885-19/10948866_1407906402857194_161138752_a.jpg", "is_verified": false}, "position": [0.41241387, 0.44257894], "time_in_video": null}, {"user": {"pk": 1466284283, "username": "probrowear", "full_name": "PROBROWEAR\u00ae | KEEP GOING!", "is_private": false, "profile_pic_url": "https://instagram.fhel2-1.fna.fbcdn.net/t51.2885-19/s150x150/13108642_508578065997417_1655153148_a.jpg", "is_verified": false}, "position": [0.5229492, 0.25486112], "time_in_video": null}, {"user": {"pk": 4726118168, "username": "fitbit_de", "full_name": "Fitbit_DE", "is_private": false, "profile_pic_url": "https://instagram.fhel2-1.fna.fbcdn.net/t51.2885-19/s150x150/16789896_246905945715173_5122441209985368064_a.jpg", "profile_pic_id": "1459412749607826780_4726118168", "is_verified": false}, "position": [0.70288086, 0.12638889], "time_in_video": null}]}, "can_viewer_save": true, "organic_tracking_token": "eyJ2ZXJzaW9uIjo1LCJwYXlsb2FkIjp7ImlzX2FuYWx5dGljc190cmFja2VkIjpmYWxzZSwidXVpZCI6ImQ0OGI1YWU1Y2UxZDQ1NjhiZTExYjRjNTdjZmM0YmFlMTU2NTMwMDAzMjQ3NTIxMzQ4NyIsInNlcnZlcl90b2tlbiI6IjE1MDA4MzA5MDI5MDZ8MTU2NTMwMDAzMjQ3NTIxMzQ4N3wyMDE4Njc3OTQ3fDdiZTg1YjRjNDYyNjhlMmM1NzYxMzI3OGFhOWYxYjhiMTE4Zjc1YTRmNGZlZjU4MDQxODBhYjZmN2NkYmEwZDUifSwic2lnbmF0dXJlIjoiIn0=", "algorithm": "edge_dedupe_unicorn", "explore_context": "Based on people you follow", "explore_source_token": "dJ9gK9YlVMRZcfG0yQ1pqQmgaMRa_U7dZMJBRhpwbWf4nl3OsxzV0Rsa3yvk7rRL", "explore": {"explanation": "Based on people you follow", "actor_id": 1273873597, "source_token": "dJ9gK9YlVMRZcfG0yQ1pqQmgaMRa_U7dZMJBRhpwbWf4nl3OsxzV0Rsa3yvk7rRL"}, "impression_token": "eyJ2ZXJzaW9uIjo1LCJwYXlsb2FkIjp7ImlzX2FuYWx5dGljc190cmFja2VkIjpmYWxzZSwidXVpZCI6ImQ0OGI1YWU1Y2UxZDQ1NjhiZTExYjRjNTdjZmM0YmFlMTU2NTMwMDAzMjQ3NTIxMzQ4NyIsInNlcnZlcl90b2tlbiI6IjE1MDA4MzA5MDI5MDZ8MTU2NTMwMDAzMjQ3NTIxMzQ4N3wyMDE4Njc3OTQ3fDdiZTg1YjRjNDYyNjhlMmM1NzYxMzI3OGFhOWYxYjhiMTE4Zjc1YTRmNGZlZjU4MDQxODBhYjZmN2NkYmEwZDUifSwic2lnbmF0dXJlIjoiIn0="}}, {"media": {"taken_at": 1500794777, "pk": 1565102486417730159, "id": "1565102486417730159_239604331", "device_timestamp": 1500792435179, "media_type": 1, "code": "BW4XGtMAmpv", "client_cache_key": "MTU2NTEwMjQ4NjQxNzczMDE1OQ==.2", "filter_type": 0, "image_versions2": {"candidates": [{"width": 640, "height": 640, "url": "https://instagram.fhel2-1.fna.fbcdn.net/t51.2885-15/e35/20225823_498840413796495_5899426417606656000_n.jpg?ig_cache_key=MTU2NTEwMjQ4NjQxNzczMDE1OQ%3D%3D.2"}, {"width": 240, "height": 240, "url": "https://instagram.fhel2-1.fna.fbcdn.net/t51.2885-15/s240x240/e35/20225823_498840413796495_5899426417606656000_n.jpg?ig_cache_key=MTU2NTEwMjQ4NjQxNzczMDE1OQ%3D%3D.2"}]}, "original_width": 640, "original_height": 640, "location": {"pk": 755334587, "name": "\u0422\u0443\u043d\u043a\u0438\u043d\u0441\u043a\u0430\u044f \u0414\u043e\u043b\u0438\u043d\u0430, \u0412\u044b\u0448\u043a\u0430, \u0416\u0435\u043c\u0447\u0443\u0436\u0438\u043d\u0430", "address": "", "city": "", "short_name": "\u0422\u0443\u043d\u043a\u0438\u043d\u0441\u043a\u0430\u044f \u0414\u043e\u043b\u0438\u043d\u0430", "lng": 102.42057407, "lat": 51.71021349, "external_source": "facebook_places", "facebook_places_id": 570363483107416}, "lat": 51.71021349, "lng": 102.42057407, "user": {"pk": 239604331, "username": "chris_yudina", "full_name": "\u0414\u043d\u0435\u0432\u043d\u0438\u043a \u041f\u0430\u043c\u044f\u0442\u0438", "is_private": false, "profile_pic_url": "https://instagram.fhel2-1.fna.fbcdn.net/t51.2885-19/s150x150/19534922_587626611626433_6213152698879967232_a.jpg", "profile_pic_id": "1550807425047794110_239604331", "friendship_status": {"following": false, "outgoing_request": false, "is_bestie": false}, "is_verified": false, "has_anonymous_profile_picture": false, "is_unpublished": false, "is_favorite": false}, "caption": {"pk": 17890419139040540, "user_id": 239604331, "text": "\u0412 \u0416\u0435\u043c\u0447\u0443\u0433\u0435 \u043d\u0430\u043a\u0443\u043f\u0430\u043b\u0438\u0441\u044c, \u0432 \u0431\u0430\u043d\u0435 \u0432\u0447\u0435\u0440\u0430 \u043d\u0430\u043f\u0430\u0440\u0438\u043b\u0438\u0441\u044c,  \u0432\u043e\u0434\u043e\u0439 \u043b\u0435\u0434\u044f\u043d\u043e\u0439 \u043d\u0430\u043e\u0431\u043b\u0438\u0432\u0430\u043b\u0438\u0441\u044c, \u044d\u043a\u0441\u0442\u0440\u0438\u043c\u0430 \u0445\u0430\u043f\u043d\u0443\u043b\u0438! \u041f\u0440\u043e\u0433\u0440\u0430\u043c\u043c\u0430 \u0432\u044b\u043f\u043e\u043b\u043d\u0435\u043d\u043d\u0430\ud83d\ude0a", "type": 1, "created_at": 1500794777, "created_at_utc": 1500794777, "content_type": "comment", "status": "Active", "bit_flags": 0, "user": {"pk": 239604331, "username": "chris_yudina", "full_name": "\u0414\u043d\u0435\u0432\u043d\u0438\u043a \u041f\u0430\u043c\u044f\u0442\u0438", "is_private": false, "profile_pic_url": "https://instagram.fhel2-1.fna.fbcdn.net/t51.2885-19/s150x150/19534922_587626611626433_6213152698879967232_a.jpg", "profile_pic_id": "1550807425047794110_239604331", "friendship_status": {"following": false, "outgoing_request": false, "is_bestie": false}, "is_verified": false, "has_anonymous_profile_picture": false, "is_unpublished": false, "is_favorite": false}, "did_report_as_spam": false, "media_id": 1565102486417730159, "has_translation": true}, "caption_is_edited": false, "like_count": 89, "has_liked": false, "top_likers": ["ksusha_nail_irk"], "comment_likes_enabled": false, "comment_threading_enabled": false, "has_more_comments": false, "max_num_visible_preview_comments": 2, "preview_comments": [], "comment_count": 0, "photo_of_you": false, "can_viewer_save": true, "organic_tracking_token": "eyJ2ZXJzaW9uIjo1LCJwYXlsb2FkIjp7ImlzX2FuYWx5dGljc190cmFja2VkIjpmYWxzZSwidXVpZCI6ImQ0OGI1YWU1Y2UxZDQ1NjhiZTExYjRjNTdjZmM0YmFlMTU2NTEwMjQ4NjQxNzczMDE1OSIsInNlcnZlcl90b2tlbiI6IjE1MDA4MzA5MDI5MDZ8MTU2NTEwMjQ4NjQxNzczMDE1OXwyMDE4Njc3OTQ3fGFmZTI1NWZlMGZjMGEzMDMwNDg3NGRkMjg4YmYyNzgyNmY0MmZmODY0YWI4NDc3MzEyMzgzM2RiOGEwYTBhNGUifSwic2lnbmF0dXJlIjoiIn0=", "algorithm": "edge_dedupe_unicorn", "explore_context": "Based on photos you liked", "explore_source_token": "UZEYeZz3l5tcUcvLTdG_UZuH9DcY8cR9dqS5cznoiUuZS-T8WQ0Pe-R_Kl0jLz5K2RLDQ37-rY-nt9TsnRcXUg==", "explore": {"explanation": "Based on photos you liked", "actor_id": 239604331, "source_token": "UZEYeZz3l5tcUcvLTdG_UZuH9DcY8cR9dqS5cznoiUuZS-T8WQ0Pe-R_Kl0jLz5K2RLDQ37-rY-nt9TsnRcXUg=="}, "impression_token": "eyJ2ZXJzaW9uIjo1LCJwYXlsb2FkIjp7ImlzX2FuYWx5dGljc190cmFja2VkIjpmYWxzZSwidXVpZCI6ImQ0OGI1YWU1Y2UxZDQ1NjhiZTExYjRjNTdjZmM0YmFlMTU2NTEwMjQ4NjQxNzczMDE1OSIsInNlcnZlcl90b2tlbiI6IjE1MDA4MzA5MDI5MDZ8MTU2NTEwMjQ4NjQxNzczMDE1OXwyMDE4Njc3OTQ3fGFmZTI1NWZlMGZjMGEzMDMwNDg3NGRkMjg4YmYyNzgyNmY0MmZmODY0YWI4NDc3MzEyMzgzM2RiOGEwYTBhNGUifSwic2lnbmF0dXJlIjoiIn0="}}, {"media": {"taken_at": 1500826785, "pk": 1565370989595303764, "id": "1565370989595303764_4292425943", "device_timestamp": 1652836798088, "media_type": 8, "code": "BW5UJ8Qh59U", "client_cache_key": "MTU2NTM3MDk4OTU5NTMwMzc2NA==.2", "filter_type": 0, "carousel_media": [{"id": "1565370977054352463_4292425943", "media_type": 1, "image_versions2": {"candidates": [{"width": 1024, "height": 1024, "url": "https://instagram.fhel2-1.fna.fbcdn.net/t51.2885-15/e35/20184958_157327351492121_5195692701852368896_n.jpg?ig_cache_key=MTU2NTM3MDk3NzA1NDM1MjQ2Mw%3D%3D.2\u0026se=8"}, {"width": 240, "height": 240, "url": "https://instagram.fhel2-1.fna.fbcdn.net/t51.2885-15/s240x240/e35/20184958_157327351492121_5195692701852368896_n.jpg?ig_cache_key=MTU2NTM3MDk3NzA1NDM1MjQ2Mw%3D%3D.2"}]}, "original_width": 1024, "original_height": 1024, "pk": 1565370977054352463, "carousel_parent_id": "1565370989595303764_4292425943"}, {"id": "1565370948407026685_4292425943", "media_type": 1, "image_versions2": {"candidates": [{"width": 1024, "height": 1024, "url": "https://instagram.fhel2-1.fna.fbcdn.net/t51.2885-15/e35/20180697_151194085436134_5438522640870408192_n.jpg?ig_cache_key=MTU2NTM3MDk0ODQwNzAyNjY4NQ%3D%3D.2\u0026se=8"}, {"width": 240, "height": 240, "url": "https://instagram.fhel2-1.fna.fbcdn.net/t51.2885-15/s240x240/e35/20180697_151194085436134_5438522640870408192_n.jpg?ig_cache_key=MTU2NTM3MDk0ODQwNzAyNjY4NQ%3D%3D.2"}]}, "original_width": 1024, "original_height": 1024, "pk": 1565370948407026685, "carousel_parent_id": "1565370989595303764_4292425943"}], "user": {"pk": 4292425943, "username": "mr32_12", "full_name": "", "is_private": false, "profile_pic_url": "https://instagram.fhel2-1.fna.fbcdn.net/t51.2885-19/s150x150/19122166_1848439545483988_4485608808231469056_a.jpg", "profile_pic_id": "1539360628459098809_4292425943", "friendship_status": {"following": false, "outgoing_request": false, "is_bestie": false}, "is_verified": false, "has_anonymous_profile_picture": false, "is_unpublished": false, "is_favorite": false}, "caption": {"pk": 17878157428116124, "user_id": 4292425943, "text": "\u0421 \u0422\u0432\u043e\u0438\u043c \u0414\u043d\u0451\u043c , \u0441\u043e\u043b\u043d\u044b\u0448\u043a\u043e \u2763\u2763\u2763", "type": 1, "created_at": 1500826785, "created_at_utc": 1500826785, "content_type": "comment", "status": "Active", "bit_flags": 0, "user": {"pk": 4292425943, "username": "mr32_12", "full_name": "", "is_private": false, "profile_pic_url": "https://instagram.fhel2-1.fna.fbcdn.net/t51.2885-19/s150x150/19122166_1848439545483988_4485608808231469056_a.jpg", "profile_pic_id": "1539360628459098809_4292425943", "friendship_status": {"following": false, "outgoing_request": false, "is_bestie": false}, "is_verified": false, "has_anonymous_profile_picture": false, "is_unpublished": false, "is_favorite": false}, "did_report_as_spam": false, "media_id": 1565370989595303764, "has_translation": true}, "caption_is_edited": false, "like_count": 70, "has_liked": false, "top_likers": ["kazzanchyan"], "comment_likes_enabled": false, "comment_threading_enabled": false, "has_more_comments": false, "max_num_visible_preview_comments": 2, "preview_comments": [], "comment_count": 0, "photo_of_you": false, "can_viewer_save": true, "organic_tracking_token": "eyJ2ZXJzaW9uIjo1LCJwYXlsb2FkIjp7ImlzX2FuYWx5dGljc190cmFja2VkIjpmYWxzZSwidXVpZCI6ImQ0OGI1YWU1Y2UxZDQ1NjhiZTExYjRjNTdjZmM0YmFlMTU2NTM3MDk4OTU5NTMwMzc2NCIsInNlcnZlcl90b2tlbiI6IjE1MDA4MzA5MDI5MDd8MTU2NTM3MDk4OTU5NTMwMzc2NHwyMDE4Njc3OTQ3fDQxMWNkOTE0NjlhZWUyOTRiMjcyMTFhOTM3ZWJmYWY0Zjk4M2NhMTU5MzUyYWUzMTE2MDI4OTI4ZTJiNzU5NjgifSwic2lnbmF0dXJlIjoiIn0=", "algorithm": "edge_dedupe_unicorn", "explore_context": "Based on people you follow", "explore_source_token": "-Pio9EarmPG_S8FRVrMa6-yjashneQVeSbcsV3h6FR3dGQcEDOjW22TIpMH6rZxr", "explore": {"explanation": "Based on people you follow", "actor_id": 4292425943, "source_token": "-Pio9EarmPG_S8FRVrMa6-yjashneQVeSbcsV3h6FR3dGQcEDOjW22TIpMH6rZxr"}, "impression_token": "eyJ2ZXJzaW9uIjo1LCJwYXlsb2FkIjp7ImlzX2FuYWx5dGljc190cmFja2VkIjpmYWxzZSwidXVpZCI6ImQ0OGI1YWU1Y2UxZDQ1NjhiZTExYjRjNTdjZmM0YmFlMTU2NTM3MDk4OTU5NTMwMzc2NCIsInNlcnZlcl90b2tlbiI6IjE1MDA4MzA5MDI5MDd8MTU2NTM3MDk4OTU5NTMwMzc2NHwyMDE4Njc3OTQ3fDQxMWNkOTE0NjlhZWUyOTRiMjcyMTFhOTM3ZWJmYWY0Zjk4M2NhMTU5MzUyYWUzMTE2MDI4OTI4ZTJiNzU5NjgifSwic2lnbmF0dXJlIjoiIn0="}}, {"media": {"taken_at": 1500795811, "pk": 1565111160600889512, "id": "1565111160600889512_1453032712", "device_timestamp": 1500795735, "media_type": 1, "code": "BW4ZE7pnYio", "client_cache_key": "MTU2NTExMTE2MDYwMDg4OTUxMg==.2", "filter_type": 0, "image_versions2": {"candidates": [{"width": 923, "height": 1137, "url": "https://instagram.fhel2-1.fna.fbcdn.net/t51.2885-15/e35/20214553_711855202357592_7687645856706592768_n.jpg?ig_cache_key=MTU2NTExMTE2MDYwMDg4OTUxMg%3D%3D.2"}, {"width": 240, "height": 295, "url": "https://instagram.fhel2-1.fna.fbcdn.net/t51.2885-15/e35/p240x240/20214553_711855202357592_7687645856706592768_n.jpg?ig_cache_key=MTU2NTExMTE2MDYwMDg4OTUxMg%3D%3D.2"}]}, "original_width": 923, "original_height": 1137, "user": {"pk": 1453032712, "username": "wedding_dress_irk", "full_name": "\u0421\u0432\u0430\u0434\u0435\u0431\u043d\u044b\u0435 \u043f\u043b\u0430\u0442\u044c\u044f \ud83c\udf37 \u0418\u0440\u043a\u0443\u0442\u0441\u043a \ud83c\udf37", "is_private": false, "profile_pic_url": "https://instagram.fhel2-1.fna.fbcdn.net/t51.2885-19/s150x150/10601759_937240832977610_408598489_a.jpg", "friendship_status": {"following": false, "outgoing_request": false, "is_bestie": false}, "is_verified": false, "has_anonymous_profile_picture": false, "is_unpublished": false, "is_favorite": false, "latest_reel_media": 1500778893}, "caption": {"pk": 17889969694011648, "user_id": 1453032712, "text": "\u0421\u043f\u0430\u0441\u0438\u0431\u043e \u043e\u0433\u0440\u043e\u043c\u043d\u043e\u0435 \u0414\u0430\u0448\u0430 @dasha_polotskaya1992 \ud83d\udc8b\u041f\u0440\u043e\u0441\u044b\u043f\u0430\u0442\u044c\u0441\u044f \u0441 \u0442\u0430\u043a\u0438\u043c\u0438 \u043f\u0440\u0438\u044f\u0442\u043d\u044b\u043c\u0438 \u043c\u043e\u043c\u0435\u043d\u0442\u0430\u043c\u0438 \u043f\u0440\u0438\u044f\u0442\u043d\u0435\u0435 \u0432 \u0441\u0442\u043e \u0440\u0430\u0437 \ud83d\udd25\u0412\u0430\u0448\u0435 \u043c\u043d\u0435\u043d\u0438\u0435 \u0432\u0441\u0435\u0433\u0434\u0430 \u0446\u0435\u043d\u043d\u043e \u2764\ufe0f", "type": 1, "created_at": 1500795812, "created_at_utc": 1500795812, "content_type": "comment", "status": "Active", "bit_flags": 0, "user": {"pk": 1453032712, "username": "wedding_dress_irk", "full_name": "\u0421\u0432\u0430\u0434\u0435\u0431\u043d\u044b\u0435 \u043f\u043b\u0430\u0442\u044c\u044f \ud83c\udf37 \u0418\u0440\u043a\u0443\u0442\u0441\u043a \ud83c\udf37", "is_private": false, "profile_pic_url": "https://instagram.fhel2-1.fna.fbcdn.net/t51.2885-19/s150x150/10601759_937240832977610_408598489_a.jpg", "friendship_status": {"following": false, "outgoing_request": false, "is_bestie": false}, "is_verified": false, "has_anonymous_profile_picture": false, "is_unpublished": false, "is_favorite": false, "latest_reel_media": 1500778893}, "did_report_as_spam": false, "media_id": 1565111160600889512, "has_translation": true}, "caption_is_edited": false, "like_count": 87, "has_liked": false, "top_likers": ["malyshevphoto"], "comment_likes_enabled": false, "comment_threading_enabled": false, "has_more_comments": false, "max_num_visible_preview_comments": 2, "preview_comments": [], "comment_count": 0, "photo_of_you": false, "can_viewer_save": true, "organic_tracking_token": "eyJ2ZXJzaW9uIjo1LCJwYXlsb2FkIjp7ImlzX2FuYWx5dGljc190cmFja2VkIjpmYWxzZSwidXVpZCI6ImQ0OGI1YWU1Y2UxZDQ1NjhiZTExYjRjNTdjZmM0YmFlMTU2NTExMTE2MDYwMDg4OTUxMiIsInNlcnZlcl90b2tlbiI6IjE1MDA4MzA5MDI5MDd8MTU2NTExMTE2MDYwMDg4OTUxMnwyMDE4Njc3OTQ3fDg5OWNiMDJmYzVmYWRhZTUwNGRjYjVjYjAzNDNhNjY2N2JlMzdkZTdkNDJmY2M1YTI3ZmQ3ZGZiMGExNjUwYzEifSwic2lnbmF0dXJlIjoiIn0=", "algorithm": "edge_dedupe_unicorn", "explore_context": "Based on people you follow", "explore_source_token": "9731jeNgzQx-aXaSTncp46tzxoSVWQ-uU7rlilt96B7YGIuA7vkH6unjtYgJtmzu", "explore": {"explanation": "Based on people you follow", "actor_id": 1453032712, "source_token": "9731jeNgzQx-aXaSTncp46tzxoSVWQ-uU7rlilt96B7YGIuA7vkH6unjtYgJtmzu"}, "impression_token": "eyJ2ZXJzaW9uIjo1LCJwYXlsb2FkIjp7ImlzX2FuYWx5dGljc190cmFja2VkIjpmYWxzZSwidXVpZCI6ImQ0OGI1YWU1Y2UxZDQ1NjhiZTExYjRjNTdjZmM0YmFlMTU2NTExMTE2MDYwMDg4OTUxMiIsInNlcnZlcl90b2tlbiI6IjE1MDA4MzA5MDI5MDd8MTU2NTExMTE2MDYwMDg4OTUxMnwyMDE4Njc3OTQ3fDg5OWNiMDJmYzVmYWRhZTUwNGRjYjVjYjAzNDNhNjY2N2JlMzdkZTdkNDJmY2M1YTI3ZmQ3ZGZiMGExNjUwYzEifSwic2lnbmF0dXJlIjoiIn0="}}, {"media": {"taken_at": 1500742369, "pk": 1564662856217326085, "id": "1564662856217326085_3851551489", "device_timestamp": 1500742307, "media_type": 1, "code": "BW2zJPqFPIF", "client_cache_key": "MTU2NDY2Mjg1NjIxNzMyNjA4NQ==.2", "filter_type": 23, "image_versions2": {"candidates": [{"width": 1080, "height": 1080, "url": "https://instagram.fhel2-1.fna.fbcdn.net/t51.2885-15/e35/20346819_319369015175197_1699127841557315584_n.jpg?ig_cache_key=MTU2NDY2Mjg1NjIxNzMyNjA4NQ%3D%3D.2\u0026se=8"}, {"width": 240, "height": 240, "url": "https://instagram.fhel2-1.fna.fbcdn.net/t51.2885-15/s240x240/e35/20346819_319369015175197_1699127841557315584_n.jpg?ig_cache_key=MTU2NDY2Mjg1NjIxNzMyNjA4NQ%3D%3D.2"}]}, "original_width": 1080, "original_height": 1080, "user": {"pk": 3851551489, "username": "revizor_komanda", "full_name": "Revizor", "is_private": false, "profile_pic_url": "https://instagram.fhel2-1.fna.fbcdn.net/t51.2885-19/s150x150/19625094_121349545136841_6870962579900989440_a.jpg", "profile_pic_id": "1547915601791810207_3851551489", "friendship_status": {"following": false, "outgoing_request": false, "is_bestie": false}, "is_verified": false, "has_anonymous_profile_picture": false, "is_unpublished": false, "is_favorite": false}, "caption": {"pk": 17878529185108644, "user_id": 3851551489, "text": "\u041f\u0440\u0438\u0454\u043c\u043d\u0456 \u0441\u043f\u043e\u0433\u0430\u0434\u0438 \u0437\u0456 \u041b\u044c\u0432\u043e\u0432\u0430 - \u0430\u043d\u0433\u0435\u043b\u0438\u043a\u0438 \u043d\u0430 \u0449\u0430\u0441\u0442\u044f\ud83d\ude07 #\u0440\u0435\u0432\u0456\u0437\u043e\u0440 #\u0440\u0435\u0432\u0438\u0437\u043e\u0440 #\u0442\u0438\u0449\u0435\u043d\u043a\u043e #\u0430\u043d\u043d\u0430\u0436\u0438\u0436\u0430 #\u0441\u0435\u0437\u043e\u043d\u043f\u0440\u043e\u0444\u0456 #\u043b\u044c\u0432\u0456\u0432 #\u043b\u044c\u0432\u043e\u0432", "type": 1, "created_at": 1500742369, "created_at_utc": 1500742369, "content_type": "comment", "status": "Active", "bit_flags": 0, "user": {"pk": 3851551489, "username": "revizor_komanda", "full_name": "Revizor", "is_private": false, "profile_pic_url": "https://instagram.fhel2-1.fna.fbcdn.net/t51.2885-19/s150x150/19625094_121349545136841_6870962579900989440_a.jpg", "profile_pic_id": "1547915601791810207_3851551489", "friendship_status": {"following": false, "outgoing_request": false, "is_bestie": false}, "is_verified": false, "has_anonymous_profile_picture": false, "is_unpublished": false, "is_favorite": false}, "did_report_as_spam": false, "media_id": 1564662856217326085, "has_translation": true}, "caption_is_edited": false, "like_count": 892, "has_liked": false, "top_likers": [], "comment_likes_enabled": false, "comment_threading_enabled": false, "has_more_comments": true, "next_max_id": 17890432048025560, "max_num_visible_preview_comments": 2, "preview_comments": [{"pk": 17890432048025560, "user_id": 18595549, "text": "\u0434\u044f\u0430\u0430\u0430\u0430\u0430\u043a\u0443\u044e\u0443\u0443\u0443\u0443\u0443\u0443!:)", "type": 0, "created_at": 1500742540, "created_at_utc": 1500742540, "content_type": "comment", "status": "Active", "bit_flags": 0, "user": {"pk": 18595549, "username": "azhizha", "full_name": "Anna Zhizha", "is_private": false, "profile_pic_url": "https://instagram.fhel2-1.fna.fbcdn.net/t51.2885-19/s150x150/19623602_1970151049898298_3096367804882878464_a.jpg", "profile_pic_id": "1547983143893968757_18595549", "is_verified": false}, "did_report_as_spam": false, "media_id": 1564662856217326085, "has_translation": true}], "comment_count": 3, "photo_of_you": false, "usertags": {"in": [{"user": {"pk": 18595549, "username": "azhizha", "full_name": "Anna Zhizha", "is_private": false, "profile_pic_url": "https://instagram.fhel2-1.fna.fbcdn.net/t51.2885-19/s150x150/19623602_1970151049898298_3096367804882878464_a.jpg", "profile_pic_id": "1547983143893968757_18595549", "is_verified": false}, "position": [0.8893333333333333, 0.6493333333333333], "time_in_video": null}, {"user": {"pk": 208102124, "username": "nikolaytyshchenko", "full_name": "\u041d\u0438\u043a\u043e\u043b\u0430\u0439 \u0422\u0438\u0449\u0435\u043d\u043a\u043e", "is_private": false, "profile_pic_url": "https://instagram.fhel2-1.fna.fbcdn.net/t51.2885-19/s150x150/17881648_1472621306101664_5952869627678687232_a.jpg", "profile_pic_id": "1489581106835254277_208102124", "is_verified": false}, "position": [0.104, 0.5333333333333333], "time_in_video": null}]}, "can_viewer_save": true, "organic_tracking_token": "eyJ2ZXJzaW9uIjo1LCJwYXlsb2FkIjp7ImlzX2FuYWx5dGljc190cmFja2VkIjpmYWxzZSwidXVpZCI6ImQ0OGI1YWU1Y2UxZDQ1NjhiZTExYjRjNTdjZmM0YmFlMTU2NDY2Mjg1NjIxNzMyNjA4NSIsInNlcnZlcl90b2tlbiI6IjE1MDA4MzA5MDI5MDh8MTU2NDY2Mjg1NjIxNzMyNjA4NXwyMDE4Njc3OTQ3fDRlOGE1MjJmYzIzOGM2ZTgwNWNmMDgzNTQ1MjliMjllZWU1NzVmOTYwYzFiOGRkZmE2ODJmOGE4MDhiMmJlOWUifSwic2lnbmF0dXJlIjoiIn0=", "algorithm": "edge_dedupe_unicorn", "explore_context": "Based on people you follow", "explore_source_token": "Z9d3zswjvpRGRYhokXH2HTazJZpdq0uKVWOvEgaxsqno54DbV6po2-RjqJUrao4tdTTSoQJwHU0ELf_ppSnBsw==", "explore": {"explanation": "Based on people you follow", "actor_id": 3851551489, "source_token": "Z9d3zswjvpRGRYhokXH2HTazJZpdq0uKVWOvEgaxsqno54DbV6po2-RjqJUrao4tdTTSoQJwHU0ELf_ppSnBsw=="}, "impression_token": "eyJ2ZXJzaW9uIjo1LCJwYXlsb2FkIjp7ImlzX2FuYWx5dGljc190cmFja2VkIjpmYWxzZSwidXVpZCI6ImQ0OGI1YWU1Y2UxZDQ1NjhiZTExYjRjNTdjZmM0YmFlMTU2NDY2Mjg1NjIxNzMyNjA4NSIsInNlcnZlcl90b2tlbiI6IjE1MDA4MzA5MDI5MDh8MTU2NDY2Mjg1NjIxNzMyNjA4NXwyMDE4Njc3OTQ3fDRlOGE1MjJmYzIzOGM2ZTgwNWNmMDgzNTQ1MjliMjllZWU1NzVmOTYwYzFiOGRkZmE2ODJmOGE4MDhiMmJlOWUifSwic2lnbmF0dXJlIjoiIn0="}}, {"media": {"taken_at": 1500791696, "pk": 1565076643280763030, "id": "1565076643280763030_4018330716", "device_timestamp": 1500791615, "media_type": 1, "code": "BW4ROo5AriW", "client_cache_key": "MTU2NTA3NjY0MzI4MDc2MzAzMA==.2", "filter_type": 0, "image_versions2": {"candidates": [{"width": 750, "height": 750, "url": "https://instagram.fhel2-1.fna.fbcdn.net/t51.2885-15/e35/20181436_257369324777066_47796655222685696_n.jpg?ig_cache_key=MTU2NTA3NjY0MzI4MDc2MzAzMA%3D%3D.2"}, {"width": 240, "height": 240, "url": "https://instagram.fhel2-1.fna.fbcdn.net/t51.2885-15/s240x240/e35/20181436_257369324777066_47796655222685696_n.jpg?ig_cache_key=MTU2NTA3NjY0MzI4MDc2MzAzMA%3D%3D.2"}]}, "original_width": 750, "original_height": 750, "user": {"pk": 4018330716, "username": "lashmaker.krd", "full_name": "\u0412\u0438\u043a\u0442\u043e\u0440\u0438\u044f \u0410\u043b\u0435\u043a\u0441\u0430\u043d\u0434\u0440\u043e\u0432\u0430", "is_private": false, "profile_pic_url": "https://instagram.fhel2-1.fna.fbcdn.net/t51.2885-19/s150x150/19625004_1899772870291293_4795752459714691072_a.jpg", "profile_pic_id": "1552456779412178243_4018330716", "friendship_status": {"following": false, "outgoing_request": false, "is_bestie": false}, "is_verified": false, "has_anonymous_profile_picture": false, "is_unpublished": false, "is_favorite": false}, "caption": {"pk": 17878409242110249, "user_id": 4018330716, "text": "\u0414\u0435\u0432\u043e\u0447\u043a\u0438, \u0434\u043e\u0440\u043e\u0433\u0438\u0435 \u043c\u043e\u0438! \u041f\u043e\u0436\u0430\u043b\u0443\u0439\u0441\u0442\u0430 \u043f\u0440\u043e\u0447\u0442\u0438\u0442\u0435 \u043f\u043e\u0441\u0442 \u0437\u0430\u043c\u0435\u0447\u0430\u0442\u0435\u043b\u044c\u043d\u043e\u0433\u043e \u043c\u0430\u0441\u0442\u0435\u0440\u0430 @_art_lash_  \u0438 \u0441\u0434\u0435\u043b\u0430\u0439\u0442\u0435 \u0432\u044b\u0432\u043e\u0434\u044b!\ud83d\udc47\ud83c\udffb .\nRepost from @_art_lash_ @TopRankRepost #TopRankRepost \u042f \u041d\u0415 \u041d\u0410\u0420\u0410\u0429\u0418\u0412\u0410\u042e \u0417\u0410 40 \u043c\u0438\u043d!!! \u0415\u0449\u0451 \u043c\u0435\u0441\u044f\u0446\u0435\u0432 8 \u043d\u0430\u0437\u0430\u0434 \u044f \u0441\u0432\u0435\u043b\u0430 \u0432\u0440\u0435\u043c\u044f \u0440\u0430\u0431\u043e\u0442\u044b \u043a \u043c\u0438\u043d\u0438\u043c\u0443\u043c\u0443, \u043b\u044e\u0431\u043e\u0439 \u043e\u0431\u044a\u0451\u043c \u0437\u0430\u043d\u0438\u043c\u0430\u043b \u0443 \u043c\u0435\u043d\u044f \u043e\u0442 2 \u0434\u043e 2,5\u0447, \u043d\u043e \u044d\u0442\u043e \u0432\u0440\u0435\u043c\u044f \u043d\u0435\u043e\u0431\u0445\u043e\u0434\u0438\u043c\u043e \u0412\u0430\u043c \u0435\u0441\u043b\u0438 \u0432\u044b \u0440\u0430\u0431\u043e\u0442\u0430\u0435\u0442\u0435 \u043d\u0430 \"\u043f\u043e\u0442\u043e\u043a\" \u043a\u043b\u0438\u0435\u043d\u0442\u043e\u0432... \u0441\u0435\u0439\u0447\u0430\u0441 \u044f \u043c\u043e\u0433\u0443 \u043f\u043e\u0442\u0440\u0430\u0442\u0438\u0442\u044c \u0438 3 \u0438 \u0434\u0430\u0436\u0435 4\u0447\u0430\u0441\u0430 \u0442\u043a \u044f \u043f\u0435\u0440\u0435\u0441\u0442\u0430\u043b\u0430 \u0433\u043d\u0430\u0442\u044c\u0441\u044f \u0437\u0430 \u0432\u0440\u0435\u043c\u0435\u043d\u0435\u043c, \u0430 \u0441\u0442\u0430\u043b\u0430 \u0440\u0430\u0431\u043e\u0442\u0430\u0442\u044c \u0432 \u0441\u0432\u043e\u0451 \u0443\u0434\u043e\u0432\u043e\u043b\u044c\u0441\u0442\u0432\u0438\u0435! \ud83d\ude03 \u0434\u0435\u0432\u043e\u0447\u043a\u0438 \u043a\u043e\u0442\u043e\u0440\u044b\u0435 \u0438\u0449\u0443\u0442 \u0441\u0435\u0431\u0435 \u043c\u0430\u0441\u0442\u0435\u0440\u0430, \u0432\u044b \u0434\u043e\u043b\u0436\u043d\u044b \u043f\u043e\u043d\u0438\u043c\u0430\u0442\u044c, \u0447\u0442\u043e \u0433\u0440\u0430\u043c\u043e\u0442\u043d\u043e \u0438 \u0442\u0435\u0445\u043d\u0438\u0447\u0435\u0441\u043a\u0438 \u0432\u0435\u0440\u043d\u043e \u0432\u044b\u043f\u043e\u043b\u043d\u0435\u043d\u043d\u0430\u044f \u0440\u0430\u0431\u043e\u0442\u0430, \u041d\u0415 \u041c\u041e\u0416\u0415\u0422 \u0411\u042b\u0422\u042c \u0421\u0414\u0415\u041b\u0410\u041d\u0410 \u0417\u0410 \u0427\u0410\u0421 \u0418\u041b\u0418 \u0414\u0410\u0416\u0415 1.5!!! \u0425\u043e\u0442\u0438\u0442\u0435 \u043a\u0440\u0430\u0441\u0438\u0432\u044b\u0435 \u0440\u0435\u0441\u043d\u0438\u0447\u043a\u0438, \u0437\u0430\u043f\u0430\u0441\u0438\u0442\u0435\u0441\u044c \u0442\u0435\u0440\u043f\u0435\u043d\u0438\u0435\u043c \ud83d\ude1d \u043a\u0430\u043a \u0412\u0430\u043c \u043a\u0441\u0442\u0430\u0442\u0438 \u0442\u0430\u043a\u043e\u0439 \u043e\u0442\u0441\u0442\u0443\u043f \u0432\u043e \u0432\u043d\u0435\u0448\u043d\u0435\u043c \u0443\u0433\u043b\u0443? \ud83d\ude03\ud83d\ude03\ud83d\ude03\n#\u0440\u0435\u0441\u043d\u0438\u0446\u044b\u043a\u0440\u0430\u0441\u043d\u043e\u0434\u0430\u0440#\u0440\u0435\u0441\u043d\u0438\u0447\u043a\u0438\u043a\u0440\u0434#\u0440\u0435\u0441\u043d\u0438\u0447\u043a\u0438\u0432\u043a\u0440\u0430\u0441\u043d\u043e\u0434\u0430\u0440\u0435#\u043d\u0430\u0440\u0430\u0449\u0438\u0432\u0430\u043d\u0438\u0435\u0440\u0435\u0441\u043d\u0438\u0446\u043a\u0440\u0430\u0441\u043d\u043e\u0434\u0430\u0440#\u0440\u0435\u0441\u043d\u0438\u0447\u043a\u0438\u0433\u043c\u0440#\u0440\u0435\u0441\u043d\u0438\u0446\u044b\u0433\u043c\u0440#\u043d\u0430\u0440\u0430\u0449\u0438\u0432\u0430\u043d\u0438\u0435\u0433\u043c\u0440# ##likeforfollow #like4likes #like4like #likeforfollowers #like500like #lashes #\u043e\u0431\u0443\u0447\u0435\u043d\u0438\u0435\u043a\u0440\u0430\u0441\u043d\u043e\u0434\u0430\u0440 #\u043e\u0431\u0443\u0447\u0435\u043d\u0438\u0435\u043d\u0430\u0440\u0430\u0449\u0438\u0432\u0430\u043d\u0438\u044e\u0440\u0435\u0441\u043d\u0438\u0446 #\u043e\u0431\u0443\u0447\u0435\u043d\u0438\u0435\u0440\u0435\u0441\u043d\u0438\u0446\u044b", "type": 1, "created_at": 1500791696, "created_at_utc": 1500791696, "content_type": "comment", "status": "Active", "bit_flags": 0, "user": {"pk": 4018330716, "username": "lashmaker.krd", "full_name": "\u0412\u0438\u043a\u0442\u043e\u0440\u0438\u044f \u0410\u043b\u0435\u043a\u0441\u0430\u043d\u0434\u0440\u043e\u0432\u0430", "is_private": false, "profile_pic_url": "https://instagram.fhel2-1.fna.fbcdn.net/t51.2885-19/s150x150/19625004_1899772870291293_4795752459714691072_a.jpg", "profile_pic_id": "1552456779412178243_4018330716", "friendship_status": {"following": false, "outgoing_request": false, "is_bestie": false}, "is_verified": false, "has_anonymous_profile_picture": false, "is_unpublished": false, "is_favorite": false}, "did_report_as_spam": false, "media_id": 1565076643280763030, "has_translation": true}, "caption_is_edited": false, "like_count": 180, "has_liked": false, "top_likers": ["bestbarvinok"], "comment_likes_enabled": false, "comment_threading_enabled": false, "has_more_comments": true, "max_num_visible_preview_comments": 2, "preview_comments": [], "comment_count": 7, "photo_of_you": false, "can_viewer_save": true, "organic_tracking_token": "eyJ2ZXJzaW9uIjo1LCJwYXlsb2FkIjp7ImlzX2FuYWx5dGljc190cmFja2VkIjp0cnVlLCJ1dWlkIjoiZDQ4YjVhZTVjZTFkNDU2OGJlMTFiNGM1N2NmYzRiYWUxNTY1MDc2NjQzMjgwNzYzMDMwIiwic2VydmVyX3Rva2VuIjoiMTUwMDgzMDkwMjkwOHwxNTY1MDc2NjQzMjgwNzYzMDMwfDIwMTg2Nzc5NDd8YmFiMTMxOWE2OTdiODhjNWNjMzRiYjFhZWIxYjZiYjg5NDM3OTM3ODA1ZTMyOTVkYzg3OGVjY2VjZjNlODRhYyJ9LCJzaWduYXR1cmUiOiIifQ==", "algorithm": "edge_dedupe_unicorn", "explore_context": "Based on people you follow", "explore_source_token": "_lkoNXiU3j6vRx_Mbs1SV758pGaTuCz7jFW_h_LmQlSjEC9t7jvmmVg9YmhB-oxV", "explore": {"explanation": "Based on people you follow", "actor_id": 4018330716, "source_token": "_lkoNXiU3j6vRx_Mbs1SV758pGaTuCz7jFW_h_LmQlSjEC9t7jvmmVg9YmhB-oxV"}, "impression_token": "eyJ2ZXJzaW9uIjo1LCJwYXlsb2FkIjp7ImlzX2FuYWx5dGljc190cmFja2VkIjp0cnVlLCJ1dWlkIjoiZDQ4YjVhZTVjZTFkNDU2OGJlMTFiNGM1N2NmYzRiYWUxNTY1MDc2NjQzMjgwNzYzMDMwIiwic2VydmVyX3Rva2VuIjoiMTUwMDgzMDkwMjkwOHwxNTY1MDc2NjQzMjgwNzYzMDMwfDIwMTg2Nzc5NDd8YmFiMTMxOWE2OTdiODhjNWNjMzRiYjFhZWIxYjZiYjg5NDM3OTM3ODA1ZTMyOTVkYzg3OGVjY2VjZjNlODRhYyJ9LCJzaWduYXR1cmUiOiIifQ=="}}, {"media": {"taken_at": 1500824411, "pk": 1565351077213435940, "id": "1565351077213435940_308483533", "device_timestamp": 1500824375, "media_type": 1, "code": "BW5PoLaFPgk", "client_cache_key": "MTU2NTM1MTA3NzIxMzQzNTk0MA==.2", "filter_type": 0, "image_versions2": {"candidates": [{"width": 718, "height": 718, "url": "https://instagram.fhel2-1.fna.fbcdn.net/t51.2885-15/e35/20184735_1587766244591452_9063748009635872768_n.jpg?ig_cache_key=MTU2NTM1MTA3NzIxMzQzNTk0MA%3D%3D.2"}, {"width": 240, "height": 240, "url": "https://instagram.fhel2-1.fna.fbcdn.net/t51.2885-15/s240x240/e35/20184735_1587766244591452_9063748009635872768_n.jpg?ig_cache_key=MTU2NTM1MTA3NzIxMzQzNTk0MA%3D%3D.2"}]}, "original_width": 718, "original_height": 718, "location": {"pk": 383309025, "name": "Naberezhnyye Chelny", "address": "", "city": "", "short_name": "Naberezhnyye Chelny", "lng": 52.4289, "lat": 55.7561, "external_source": "facebook_places", "facebook_places_id": 114699981875778}, "lat": 55.7561, "lng": 52.4289, "user": {"pk": 308483533, "username": "olga_ustyuzhanina", "full_name": "\u041e\u043b\u044c\u0433\u0430 \u0423\u0441\u0442\u044e\u0436\u0430\u043d\u0438\u043d\u0430", "is_private": false, "profile_pic_url": "https://instagram.fhel2-1.fna.fbcdn.net/t51.2885-19/s150x150/20067099_1982515328633862_356545674990321664_a.jpg", "profile_pic_id": "1559953469968123100_308483533", "friendship_status": {"following": false, "outgoing_request": false, "is_bestie": false}, "is_verified": false, "has_anonymous_profile_picture": false, "is_unpublished": false, "is_favorite": false}, "caption": {"pk": 17884388383069303, "user_id": 308483533, "text": "\u0415\u0441\u0442\u044c \u0442\u043e\u043b\u044c\u043a\u043e \u0434\u0432\u0430 \u0441\u043f\u043e\u0441\u043e\u0431\u0430 \u043f\u0440\u043e\u0436\u0438\u0442\u044c \u0441\u0432\u043e\u044e \u0436\u0438\u0437\u043d\u044c. \u041f\u0435\u0440\u0432\u044b\u0439 \u2013 \u0442\u0430\u043a, \u0431\u0443\u0434\u0442\u043e \u043d\u0438\u043a\u0430\u043a\u0438\u0445 \u0447\u0443\u0434\u0435\u0441 \u043d\u0435 \u0431\u044b\u0432\u0430\u0435\u0442. \u0412\u0442\u043e\u0440\u043e\u0439 \u2013 \u0442\u0430\u043a, \u0431\u0443\u0434\u0442\u043e \u0432\u0441\u0435 \u043d\u0430 \u0441\u0432\u0435\u0442\u0435 \u044f\u0432\u043b\u044f\u0435\u0442\u0441\u044f \u0447\u0443\u0434\u043e\u043c. \u0410\u043b\u044c\u0431\u0435\u0440\u0442 \u042d\u0439\u043d\u0448\u0442\u0435\u0439\u043d", "type": 1, "created_at": 1500824412, "created_at_utc": 1500824412, "content_type": "comment", "status": "Active", "bit_flags": 0, "user": {"pk": 308483533, "username": "olga_ustyuzhanina", "full_name": "\u041e\u043b\u044c\u0433\u0430 \u0423\u0441\u0442\u044e\u0436\u0430\u043d\u0438\u043d\u0430", "is_private": false, "profile_pic_url": "https://instagram.fhel2-1.fna.fbcdn.net/t51.2885-19/s150x150/20067099_1982515328633862_356545674990321664_a.jpg", "profile_pic_id": "1559953469968123100_308483533", "friendship_status": {"following": false, "outgoing_request": false, "is_bestie": false}, "is_verified": false, "has_anonymous_profile_picture": false, "is_unpublished": false, "is_favorite": false}, "did_report_as_spam": false, "media_id": 1565351077213435940, "has_translation": true}, "caption_is_edited": false, "like_count": 150, "has_liked": false, "top_likers": [], "comment_likes_enabled": false, "comment_threading_enabled": false, "has_more_comments": false, "max_num_visible_preview_comments": 2, "preview_comments": [], "comment_count": 0, "photo_of_you": false, "can_viewer_save": true, "organic_tracking_token": "eyJ2ZXJzaW9uIjo1LCJwYXlsb2FkIjp7ImlzX2FuYWx5dGljc190cmFja2VkIjpmYWxzZSwidXVpZCI6ImQ0OGI1YWU1Y2UxZDQ1NjhiZTExYjRjNTdjZmM0YmFlMTU2NTM1MTA3NzIxMzQzNTk0MCIsInNlcnZlcl90b2tlbiI6IjE1MDA4MzA5MDI5MDh8MTU2NTM1MTA3NzIxMzQzNTk0MHwyMDE4Njc3OTQ3fDEzN2IzNzNjOWY4YmEzZjliZjEwNGIwYmRkOTNiY2I1M2Q0OWQ1NDEyOGI5NzE3ZTg2NzExOGVkN2ZjNGU3MGUifSwic2lnbmF0dXJlIjoiIn0=", "algorithm": "edge_dedupe_unicorn", "explore_context": "Based on photos you liked", "explore_source_token": "UZEYeZz3l5tcUcvLTdG_UZuH9DcY8cR9dqS5cznoiUvvid6mlPccFclwoVK28D38JpnMtgwnddSwrL8R3JhVFQ==", "explore": {"explanation": "Based on photos you liked", "actor_id": 308483533, "source_token": "UZEYeZz3l5tcUcvLTdG_UZuH9DcY8cR9dqS5cznoiUvvid6mlPccFclwoVK28D38JpnMtgwnddSwrL8R3JhVFQ=="}, "impression_token": "eyJ2ZXJzaW9uIjo1LCJwYXlsb2FkIjp7ImlzX2FuYWx5dGljc190cmFja2VkIjpmYWxzZSwidXVpZCI6ImQ0OGI1YWU1Y2UxZDQ1NjhiZTExYjRjNTdjZmM0YmFlMTU2NTM1MTA3NzIxMzQzNTk0MCIsInNlcnZlcl90b2tlbiI6IjE1MDA4MzA5MDI5MDh8MTU2NTM1MTA3NzIxMzQzNTk0MHwyMDE4Njc3OTQ3fDEzN2IzNzNjOWY4YmEzZjliZjEwNGIwYmRkOTNiY2I1M2Q0OWQ1NDEyOGI5NzE3ZTg2NzExOGVkN2ZjNGU3MGUifSwic2lnbmF0dXJlIjoiIn0="}}, {"media": {"taken_at": 1500216162, "pk": 1560248715783283462, "id": "1560248715783283462_4615395267", "device_timestamp": 1500216140410, "media_type": 2, "code": "BWnHfDBhaMG", "client_cache_key": "MTU2MDI0ODcxNTc4MzI4MzQ2Mg==.2", "filter_type": 0, "image_versions2": {"candidates": [{"width": 1080, "height": 1080, "url": "https://instagram.fhel2-1.fna.fbcdn.net/t51.2885-15/s1080x1080/e15/fr/20066710_1400405846712345_942114167437918208_n.jpg?ig_cache_key=MTU2MDI0ODcxNTc4MzI4MzQ2Mg%3D%3D.2"}, {"width": 240, "height": 240, "url": "https://instagram.fhel2-1.fna.fbcdn.net/t51.2885-15/s240x240/e15/20066710_1400405846712345_942114167437918208_n.jpg?ig_cache_key=MTU2MDI0ODcxNTc4MzI4MzQ2Mg%3D%3D.2"}]}, "original_width": 1080, "original_height": 1080, "video_versions": [{"type": 101, "width": 640, "height": 640, "url": "https://instagram.fhel2-1.fna.fbcdn.net/t50.2886-16/20224207_779844025528096_3746529388531810304_n.mp4"}, {"type": 103, "width": 480, "height": 480, "url": "https://instagram.fhel2-1.fna.fbcdn.net/t50.2886-16/20204141_1908748886057989_5003921677646561280_n.mp4"}, {"type": 102, "width": 480, "height": 480, "url": "https://instagram.fhel2-1.fna.fbcdn.net/t50.2886-16/20204141_1908748886057989_5003921677646561280_n.mp4"}], "has_audio": true, "video_duration": 58.143, "view_count": 515839.0, "user": {"pk": 4615395267, "username": "humor__video", "full_name": "", "is_private": false, "profile_pic_url": "https://instagram.fhel2-1.fna.fbcdn.net/t51.2885-19/s150x150/20066493_479061102446738_1084389249790246912_n.jpg", "profile_pic_id": "1484024547991956905_4615395267", "friendship_status": {"following": false, "outgoing_request": false, "is_bestie": false}, "is_verified": false, "has_anonymous_profile_picture": false, "is_unpublished": false, "is_favorite": false}, "caption": {"pk": 17862865159168281, "user_id": 4615395267, "text": "\u041a\u0430\u043a \u0432\u0430\u043c \u043f\u043e\u0434\u0431\u043e\u0440\u043a\u0430 ? \u263a\ufe0f\n\u0421\u0442\u0430\u0432\u044c \u2764\ufe0f\n@humor__video \u0421\u0430\u043c\u044b\u0439 \u043a\u0440\u0443\u0442\u043e\u0439 \u043f\u0430\u0431\u043b\u0438\u043a, \u0433\u0434\u0435 \u0441\u043e\u0431\u0440\u0430\u043d\u044b \u0441\u0430\u043c\u044b\u0435 \u043d\u0435\u0440\u0435\u0430\u043b\u044c\u043d\u043e \u043a\u0440\u0443\u0442\u044b\u0435 \u0440\u043e\u043b\u0438\u043a\u0438 \u0432\u0441\u0435\u0433\u043e \u0438\u043d\u0442\u0435\u0440\u043d\u0435\u0442\u0430\ud83d\udc4c@humor__video\n\u041f\u041e\u0414\u041f\u0418\u0421\u042b\u0412\u0410\u0419\u0422\u0415\u0421\u042c\ud83d\udc4d\n@humor__video\n@humor__video\n@humor__video", "type": 1, "created_at": 1500216164, "created_at_utc": 1500216164, "content_type": "comment", "status": "Active", "bit_flags": 4, "user": {"pk": 4615395267, "username": "humor__video", "full_name": "", "is_private": false, "profile_pic_url": "https://instagram.fhel2-1.fna.fbcdn.net/t51.2885-19/s150x150/20066493_479061102446738_1084389249790246912_n.jpg", "profile_pic_id": "1484024547991956905_4615395267", "friendship_status": {"following": false, "outgoing_request": false, "is_bestie": false}, "is_verified": false, "has_anonymous_profile_picture": false, "is_unpublished": false, "is_favorite": false}, "did_report_as_spam": false, "media_id": 1560248715783283462, "has_translation": true}, "caption_is_edited": false, "like_count": 11305, "has_liked": false, "top_likers": [], "comment_likes_enabled": false, "comment_threading_enabled": false, "has_more_comments": true, "next_max_id": 17889007918043932, "max_num_visible_preview_comments": 2, "preview_comments": [{"pk": 17876964451118914, "user_id": 3030011066, "text": "\u0425\u0430\u0445", "type": 0, "created_at": 1500216211, "created_at_utc": 1500216211, "content_type": "comment", "status": "Active", "bit_flags": 0, "user": {"pk": 3030011066, "username": "dobroe__video", "full_name": "\u0421\u0430\u043c\u0430\u044f \u0434\u043e\u0431\u0440\u0430\u044f \u0441\u0442\u0440\u0430\u043d\u0438\u0447\u043a\u0430", "is_private": false, "profile_pic_url": "https://instagram.fhel2-1.fna.fbcdn.net/t51.2885-19/s150x150/19985356_1989241201309638_2299802378230038528_n.jpg", "profile_pic_id": "1433384547931695767_3030011066", "is_verified": false}, "did_report_as_spam": false, "media_id": 1560248715783283462}, {"pk": 17889007918043932, "user_id": 1312840419, "text": "\u041a\u0440\u0443\u0442\u043e", "type": 0, "created_at": 1500216435, "created_at_utc": 1500216435, "content_type": "comment", "status": "Active", "bit_flags": 0, "user": {"pk": 1312840419, "username": "science_ins", "full_name": "", "is_private": false, "profile_pic_url": "https://instagram.fhel2-1.fna.fbcdn.net/t51.2885-19/s150x150/19985180_326415371130629_5617251167953223680_n.jpg", "profile_pic_id": "1464586578597083899_1312840419", "is_verified": false}, "did_report_as_spam": false, "media_id": 1560248715783283462, "has_translation": true}], "comment_count": 59, "photo_of_you": false, "can_viewer_save": true, "organic_tracking_token": "eyJ2ZXJzaW9uIjo1LCJwYXlsb2FkIjp7ImlzX2FuYWx5dGljc190cmFja2VkIjp0cnVlLCJ1dWlkIjoiZDQ4YjVhZTVjZTFkNDU2OGJlMTFiNGM1N2NmYzRiYWUxNTYwMjQ4NzE1NzgzMjgzNDYyIiwic2VydmVyX3Rva2VuIjoiMTUwMDgzMDkwMjkwOXwxNTYwMjQ4NzE1NzgzMjgzNDYyfDIwMTg2Nzc5NDd8ZDliN2FlZjkxYzk3ODUxODA2ZGMyZGFiZmI0YzY1ODI5NmE3M2I1MzA1ZWVmOGU3MzZmNzFhZWIzNjA5OTA4MCJ9LCJzaWduYXR1cmUiOiIifQ==", "algorithm": "edge_dedupe_unicorn", "explore_context": "Based on photos you liked", "explore_source_token": "BDLiJpDTozqNgfiumM2hirpqq3WXpUctHjfyYl9DCeMgYl2i78mW_xFS6XdtgdMjK9GQKzSc5HbC6qTs2t978Q==", "explore": {"explanation": "Based on photos you liked", "actor_id": 4615395267, "source_token": "BDLiJpDTozqNgfiumM2hirpqq3WXpUctHjfyYl9DCeMgYl2i78mW_xFS6XdtgdMjK9GQKzSc5HbC6qTs2t978Q=="}, "impression_token": "eyJ2ZXJzaW9uIjo1LCJwYXlsb2FkIjp7ImlzX2FuYWx5dGljc190cmFja2VkIjp0cnVlLCJ1dWlkIjoiZDQ4YjVhZTVjZTFkNDU2OGJlMTFiNGM1N2NmYzRiYWUxNTYwMjQ4NzE1NzgzMjgzNDYyIiwic2VydmVyX3Rva2VuIjoiMTUwMDgzMDkwMjkwOXwxNTYwMjQ4NzE1NzgzMjgzNDYyfDIwMTg2Nzc5NDd8ZDliN2FlZjkxYzk3ODUxODA2ZGMyZGFiZmI0YzY1ODI5NmE3M2I1MzA1ZWVmOGU3MzZmNzFhZWIzNjA5OTA4MCJ9LCJzaWduYXR1cmUiOiIifQ=="}}, {"media": {"taken_at": 1500821021, "pk": 1565322635889333040, "id": "1565322635889333040_5386768430", "device_timestamp": 1500820976201, "media_type": 1, "code": "BW5JKTXD9Mw", "client_cache_key": "MTU2NTMyMjYzNTg4OTMzMzA0MA==.2", "filter_type": 0, "image_versions2": {"candidates": [{"width": 1080, "height": 1080, "url": "https://instagram.fhel2-1.fna.fbcdn.net/t51.2885-15/e35/20214256_1752482898098130_6924543503804399616_n.jpg?ig_cache_key=MTU2NTMyMjYzNTg4OTMzMzA0MA%3D%3D.2\u0026se=8"}, {"width": 240, "height": 240, "url": "https://instagram.fhel2-1.fna.fbcdn.net/t51.2885-15/s240x240/e35/20214256_1752482898098130_6924543503804399616_n.jpg?ig_cache_key=MTU2NTMyMjYzNTg4OTMzMzA0MA%3D%3D.2"}]}, "original_width": 1080, "original_height": 1080, "user": {"pk": 5386768430, "username": "oopscyrusagain", "full_name": "Oops! Cyrus Again", "is_private": false, "profile_pic_url": "https://instagram.fhel2-1.fna.fbcdn.net/t51.2885-19/s150x150/18949601_1865600020324346_431925245843079168_a.jpg", "profile_pic_id": "1564724659772774777_5386768430", "friendship_status": {"following": false, "outgoing_request": false, "is_bestie": false}, "is_verified": false, "has_anonymous_profile_picture": false, "is_unpublished": false, "is_favorite": false, "latest_reel_media": 1500830542}, "caption": {"pk": 17878340347108372, "user_id": 5386768430, "text": "Who is the best? Comment!\nFollow(@oopscyrusagain) for more", "type": 1, "created_at": 1500821021, "created_at_utc": 1500821021, "content_type": "comment", "status": "Active", "bit_flags": 0, "user": {"pk": 5386768430, "username": "oopscyrusagain", "full_name": "Oops! Cyrus Again", "is_private": false, "profile_pic_url": "https://instagram.fhel2-1.fna.fbcdn.net/t51.2885-19/s150x150/18949601_1865600020324346_431925245843079168_a.jpg", "profile_pic_id": "1564724659772774777_5386768430", "friendship_status": {"following": false, "outgoing_request": false, "is_bestie": false}, "is_verified": false, "has_anonymous_profile_picture": false, "is_unpublished": false, "is_favorite": false, "latest_reel_media": 1500830542}, "did_report_as_spam": false, "media_id": 1565322635889333040}, "caption_is_edited": false, "like_count": 1109, "has_liked": false, "top_likers": ["_moorebey"], "comment_likes_enabled": false, "comment_threading_enabled": false, "has_more_comments": true, "next_max_id": 17863952428171643, "max_num_visible_preview_comments": 2, "preview_comments": [{"pk": 17891472910051929, "user_id": 3156280194, "text": "Tay and Miley", "type": 0, "created_at": 1500827272, "created_at_utc": 1500827272, "content_type": "comment", "status": "Active", "bit_flags": 0, "user": {"pk": 3156280194, "username": "clearblueswift", "full_name": "Swiftie\ud83d\udc51", "is_private": false, "profile_pic_url": "https://instagram.fhel2-1.fna.fbcdn.net/t51.2885-19/s150x150/20347448_1872960873031071_2947505496828936192_a.jpg", "profile_pic_id": "1565332116467917009_3156280194", "is_verified": false}, "did_report_as_spam": false, "media_id": 1565322635889333040}, {"pk": 17863952428171643, "user_id": 4300815764, "text": "Miley, logique !", "type": 0, "created_at": 1500829467, "created_at_utc": 1500829467, "content_type": "comment", "status": "Active", "bit_flags": 0, "user": {"pk": 4300815764, "username": "lauthier9698", "full_name": "lauthier", "is_private": false, "profile_pic_url": "https://scontent-lga3-1.cdninstagram.com/t51.2885-19/11906329_960233084022564_1448528159_a.jpg", "is_verified": false}, "did_report_as_spam": false, "media_id": 1565322635889333040, "has_translation": true}], "comment_count": 39, "photo_of_you": false, "usertags": {"in": [{"user": {"pk": 7719696, "username": "arianagrande", "full_name": "Ariana Grande", "is_private": false, "profile_pic_url": "https://instagram.fhel2-1.fna.fbcdn.net/t51.2885-19/s150x150/19955508_868839163274024_3488951111639891968_a.jpg", "profile_pic_id": "1555351717704871124_7719696", "is_verified": true}, "position": [0.5492372, 0.14694901], "time_in_video": null}, {"user": {"pk": 11830955, "username": "taylorswift", "full_name": "Taylor Swift", "is_private": false, "profile_pic_url": "https://instagram.fhel2-1.fna.fbcdn.net/t51.2885-19/s150x150/12599210_1266879739993740_674087546_a.jpg", "is_verified": true}, "position": [0.51456314, 0.7020709], "time_in_video": null}, {"user": {"pk": 325734299, "username": "mileycyrus", "full_name": "Miley Cyrus", "is_private": false, "profile_pic_url": "https://instagram.fhel2-1.fna.fbcdn.net/t51.2885-19/s150x150/19984613_811506665691195_4428358680882184192_a.jpg", "profile_pic_id": "1557728893828614014_325734299", "is_verified": true}, "position": [0.5228849, 0.93383425], "time_in_video": null}, {"user": {"pk": 460563723, "username": "selenagomez", "full_name": "Selena Gomez", "is_private": false, "profile_pic_url": "https://instagram.fhel2-1.fna.fbcdn.net/t51.2885-19/s150x150/19955667_1078934505542036_6745075692590858240_a.jpg", "profile_pic_id": "1556115683752806218_460563723", "is_verified": true}, "position": [0.517337, 0.40924406], "time_in_video": null}]}, "can_viewer_save": true, "organic_tracking_token": "eyJ2ZXJzaW9uIjo1LCJwYXlsb2FkIjp7ImlzX2FuYWx5dGljc190cmFja2VkIjp0cnVlLCJ1dWlkIjoiZDQ4YjVhZTVjZTFkNDU2OGJlMTFiNGM1N2NmYzRiYWUxNTY1MzIyNjM1ODg5MzMzMDQwIiwic2VydmVyX3Rva2VuIjoiMTUwMDgzMDkwMjkwOXwxNTY1MzIyNjM1ODg5MzMzMDQwfDIwMTg2Nzc5NDd8YmI0NmM1MzJhM2YzMDUwZWY3ODU3YmRhMjk2MGRiNzYyYjliYmQ0MGYzNWFkMDkyZGIyYjhmZWM4Yjk5ZjUwNSJ9LCJzaWduYXR1cmUiOiIifQ==", "algorithm": "edge_dedupe_unicorn", "explore_context": "Based on people you follow", "explore_source_token": "_6PB-9FuAaadJBrd1pMoS2FddIg_6zcOLkmuttJ-mZCEEcoO9xWs3_Chd4AheBFR", "explore": {"explanation": "Based on people you follow", "actor_id": 5386768430, "source_token": "_6PB-9FuAaadJBrd1pMoS2FddIg_6zcOLkmuttJ-mZCEEcoO9xWs3_Chd4AheBFR"}, "impression_token": "eyJ2ZXJzaW9uIjo1LCJwYXlsb2FkIjp7ImlzX2FuYWx5dGljc190cmFja2VkIjp0cnVlLCJ1dWlkIjoiZDQ4YjVhZTVjZTFkNDU2OGJlMTFiNGM1N2NmYzRiYWUxNTY1MzIyNjM1ODg5MzMzMDQwIiwic2VydmVyX3Rva2VuIjoiMTUwMDgzMDkwMjkwOXwxNTY1MzIyNjM1ODg5MzMzMDQwfDIwMTg2Nzc5NDd8YmI0NmM1MzJhM2YzMDUwZWY3ODU3YmRhMjk2MGRiNzYyYjliYmQ0MGYzNWFkMDkyZGIyYjhmZWM4Yjk5ZjUwNSJ9LCJzaWduYXR1cmUiOiIifQ=="}}, {"media": {"taken_at": 1500807450, "pk": 1565208798711382722, "id": "1565208798711382722_387260125", "device_timestamp": 1500807415, "media_type": 1, "code": "BW4vRwOggLC", "client_cache_key": "MTU2NTIwODc5ODcxMTM4MjcyMg==.2", "filter_type": 0, "image_versions2": {"candidates": [{"width": 1080, "height": 1350, "url": "https://instagram.fhel2-1.fna.fbcdn.net/t51.2885-15/e35/20225894_328108597602131_4230529304657657856_n.jpg?ig_cache_key=MTU2NTIwODc5ODcxMTM4MjcyMg%3D%3D.2\u0026se=8"}, {"width": 240, "height": 300, "url": "https://instagram.fhel2-1.fna.fbcdn.net/t51.2885-15/e35/p240x240/20225894_328108597602131_4230529304657657856_n.jpg?ig_cache_key=MTU2NTIwODc5ODcxMTM4MjcyMg%3D%3D.2"}]}, "original_width": 1080, "original_height": 1350, "user": {"pk": 387260125, "username": "katybadulina", "full_name": "!\u041a\u0430\u0442\u044f \u0411\u0430\u0434\u044e\u043b\u0438\u043d\u0430\ud83d\udc8e\ud83c\udf40", "is_private": false, "profile_pic_url": "https://instagram.fhel2-1.fna.fbcdn.net/t51.2885-19/s150x150/17266076_265713150540451_4213566017789493248_a.jpg", "profile_pic_id": "1476199992300412027_387260125", "friendship_status": {"following": false, "outgoing_request": false, "is_bestie": false}, "is_verified": false, "has_anonymous_profile_picture": false, "is_unpublished": false, "is_favorite": false, "latest_reel_media": 1500806679}, "caption": {"pk": 17890561276052075, "user_id": 387260125, "text": "\u041d\u0435\u0443\u0436\u0435\u043b\u0438 \u043c\u044b \u0432\u044b\u0431\u0440\u0430\u043b\u0438\u0441\u044c \u0438\u0437 \u0434\u043e\u043c\u0430 \ud83d\ude0d#\u0438\u0440\u043a\u0443\u0442\u0441\u043a#\u0440\u043e\u0434\u043d\u043e\u0439#\u0430\u044f\u0441\u043a\u0443\u0447\u0430\u043b\u0430#\u0431\u0435\u0437\u0444\u0438\u043b\u044c\u0442\u0440\u043e\u0432#irkutsk #baikal", "type": 1, "created_at": 1500808113, "created_at_utc": 1500808113, "content_type": "comment", "status": "Active", "bit_flags": 0, "user": {"pk": 387260125, "username": "katybadulina", "full_name": "!\u041a\u0430\u0442\u044f \u0411\u0430\u0434\u044e\u043b\u0438\u043d\u0430\ud83d\udc8e\ud83c\udf40", "is_private": false, "profile_pic_url": "https://instagram.fhel2-1.fna.fbcdn.net/t51.2885-19/s150x150/17266076_265713150540451_4213566017789493248_a.jpg", "profile_pic_id": "1476199992300412027_387260125", "friendship_status": {"following": false, "outgoing_request": false, "is_bestie": false}, "is_verified": false, "has_anonymous_profile_picture": false, "is_unpublished": false, "is_favorite": false, "latest_reel_media": 1500806679}, "did_report_as_spam": false, "media_id": 1565208798711382722}, "caption_is_edited": true, "like_count": 521, "has_liked": false, "top_likers": ["katya2126", "black_jack_lady", "ninelmon"], "comment_likes_enabled": false, "comment_threading_enabled": false, "has_more_comments": true, "max_num_visible_preview_comments": 2, "preview_comments": [], "comment_count": 4, "photo_of_you": false, "can_viewer_save": true, "organic_tracking_token": "eyJ2ZXJzaW9uIjo1LCJwYXlsb2FkIjp7ImlzX2FuYWx5dGljc190cmFja2VkIjp0cnVlLCJ1dWlkIjoiZDQ4YjVhZTVjZTFkNDU2OGJlMTFiNGM1N2NmYzRiYWUxNTY1MjA4Nzk4NzExMzgyNzIyIiwic2VydmVyX3Rva2VuIjoiMTUwMDgzMDkwMjkwOXwxNTY1MjA4Nzk4NzExMzgyNzIyfDIwMTg2Nzc5NDd8N2YyMTFkYzVmZjU2NDhhZDdhMmU0MWY0NmViYWUxYzA3OWE4MmIxYjgzMzdhOWM0N2VlMDE3NDQxMTExNTEyZSJ9LCJzaWduYXR1cmUiOiIifQ==", "algorithm": "edge_dedupe_unicorn", "explore_context": "Based on people you follow", "explore_source_token": "Sob2pqDoPEGvGfiZx4BmEPrkEz60B5S6j3f8xag1AGprkAvV34gYfHhp5pED2wkF", "explore": {"explanation": "Based on people you follow", "actor_id": 387260125, "source_token": "Sob2pqDoPEGvGfiZx4BmEPrkEz60B5S6j3f8xag1AGprkAvV34gYfHhp5pED2wkF"}, "impression_token": "eyJ2ZXJzaW9uIjo1LCJwYXlsb2FkIjp7ImlzX2FuYWx5dGljc190cmFja2VkIjp0cnVlLCJ1dWlkIjoiZDQ4YjVhZTVjZTFkNDU2OGJlMTFiNGM1N2NmYzRiYWUxNTY1MjA4Nzk4NzExMzgyNzIyIiwic2VydmVyX3Rva2VuIjoiMTUwMDgzMDkwMjkwOXwxNTY1MjA4Nzk4NzExMzgyNzIyfDIwMTg2Nzc5NDd8N2YyMTFkYzVmZjU2NDhhZDdhMmU0MWY0NmViYWUxYzA3OWE4MmIxYjgzMzdhOWM0N2VlMDE3NDQxMTExNTEyZSJ9LCJzaWduYXR1cmUiOiIifQ=="}}], "num_results": 20, "rank_token": "7fbe6985-a18c-4173-a985-8480199beba7", "auto_load_more_enabled": true, "more_available": true, "next_max_id": "0", "max_id": "0", "status": "ok"}

[1;34mPOST:  [0mupload/photo/
[1;33m‚Üí 335.21kB[0m
[0;32m‚Üê 200 	 92B[0m
[0;36mRESPONSE: [0m{"upload_id": "1500830913914", "media_id": "1565405628910767437_2018677947", "status": "ok"}

[1;34mPOST:  [0mupload/photo/
[1;33m‚Üí 335.21kB[0m
[0;32m‚Üê 200 	 92B[0m
[0;36mRESPONSE: [0m{"upload_id": "1500830916060", "media_id": "1565405646543559158_2018677947", "status": "ok"}

[1;34mPOST:  [0mupload/photo/
[1;33m‚Üí 335.21kB[0m
[0;32m‚Üê 200 	 92B[0m
[0;36mRESPONSE: [0m{"upload_id": "1500830918052", "media_id": "1565405663396323180_2018677947", "status": "ok"}

[1;34mPOST:  [0mmedia/configure_sidecar/
[1;33mDATA: [0mig_sig_key_version=4&amp;signed_body=c9c76fac93255b93561fabd6c1c8d437dcbe11c563d530b616a6b1e9e3bfd635.{"_csrftoken":"OWOFjJaqSLjBSb2eIr8MNcoSJY7dJaqF","_uid":"2018677947","_uuid":"7691e152-1aed-496e-aa05-1c9f77ebef0e","client_sidecar_id":"1500830919888","caption":"test text","children_metadata":[{"date_time_original":"2017:07:23 17:28:39","scene_type":1,"disable_comments":false,"upload_id":"1500830913914","source_type":0,"scene_capture_type":"standard","date_time_digitized":"2017:07:23 17:28:39","geotag_enabled":false,"camera_position":"back","edits":{"filter_strength":1,"filter_name":"IGNormalFilter"}},{"date_time_original":"2017:07:23 17:28:39","scene_type":1,"disable_comments":false,"upload_id":"1500830916060","source_type":0,"scene_capture_type":"standard","date_time_digitized":"2017:07:23 17:28:39","geotag_enabled":false,"camera_position":"back","edits":{"filter_strength":1,"filter_name":"IGNormalFilter"}},{"date_time_original":"2017:07:23 17:28:39","scene_type":1,"disable_comments":false,"upload_id":"1500830918052","source_type":0,"scene_capture_type":"standard","date_time_digitized":"2017:07:23 17:28:39","geotag_enabled":false,"camera_position":"back","edits":{"filter_strength":1,"filter_name":"IGNormalFilter"}}]}
[0;32m‚Üê 200 	 1.37kB[0m
[0;36mRESPONSE: [0m{"client_sidecar_id": "1500830919888", "media": {"taken_at": 1500830920, "pk": 1565405675610052634, "id": "1565405675610052634_2018677947", "device_timestamp": 1500830919888, "media_type": 8, "code": "BW5cCsIHhga", "client_cache_key": "MTU2NTQwNTY3NTYxMDA1MjYzNA==.2", "filter_type": 0, "carousel_media": [{"id": "1565405628910767437_2018677947", "media_type": 1, "image_versions2": {"candidates": [{"width": 600, "height": 600, "url": "https://instagram.fhel2-1.fna.fbcdn.net/t51.2885-15/e35/20225849_340210759732748_6914379687036715008_n.jpg?ig_cache_key=MTU2NTQwNTYyODkxMDc2NzQzNw%3D%3D.2"}, {"width": 240, "height": 240, "url": "https://instagram.fhel2-1.fna.fbcdn.net/t51.2885-15/s240x240/e35/20225849_340210759732748_6914379687036715008_n.jpg?ig_cache_key=MTU2NTQwNTYyODkxMDc2NzQzNw%3D%3D.2"}]}, "original_width": 600, "original_height": 600, "pk": 1565405628910767437, "carousel_parent_id": "1565405675610052634_2018677947"}, {"id": "1565405646543559158_2018677947", "media_type": 1, "image_versions2": {"candidates": [{"width": 600, "height": 600, "url": "https://instagram.fhel2-1.fna.fbcdn.net/t51.2885-15/e35/20184414_1977568512382077_8473407177162227712_n.jpg?ig_cache_key=MTU2NTQwNTY0NjU0MzU1OTE1OA%3D%3D.2"}, {"width": 240, "height": 240, "url": "https://instagram.fhel2-1.fna.fbcdn.net/t51.2885-15/s240x240/e35/20184414_1977568512382077_8473407177162227712_n.jpg?ig_cache_key=MTU2NTQwNTY0NjU0MzU1OTE1OA%3D%3D.2"}]}, "original_width": 600, "original_height": 600, "pk": 1565405646543559158, "carousel_parent_id": "1565405675610052634_2018677947"}, {"id": "1565405663396323180_2018677947", "media_type": 1, "image_versions2": {"candidates": [{"width": 600, "height": 600, "url": "https://instagram.fhel2-1.fna.fbcdn.net/t51.2885-15/e35/20226045_1245714875556224_2712957208240324608_n.jpg?ig_cache_key=MTU2NTQwNTY2MzM5NjMyMzE4MA%3D%3D.2"}, {"width": 240, "height": 240, "url": "https://instagram.fhel2-1.fna.fbcdn.net/t51.2885-15/s240x240/e35/20226045_1245714875556224_2712957208240324608_n.jpg?ig_cache_key=MTU2NTQwNTY2MzM5NjMyMzE4MA%3D%3D.2"}]}, "original_width": 600, "original_height": 600, "pk": 1565405663396323180, "carousel_parent_id": "1565405675610052634_2018677947"}], "user": {"pk": 2018677947, "username": "arenda_kvartir_bez_posrednikov", "full_name": "\u0410\u0440\u0435\u043d\u0434\u0430 \u0411\u0435\u0437 \u041f\u043e\u0441\u0440\u0435\u0434\u043d\u0438\u043a\u043e\u0432 \ud83d\udc4d", "is_private": false, "profile_pic_url": "https://instagram.fhel2-1.fna.fbcdn.net/t51.2885-19/s150x150/13712379_831467443656698_786448455_a.jpg", "profile_pic_id": "1299828878990588026_2018677947", "has_anonymous_profile_picture": false, "can_boost_post": true, "can_see_organic_insights": true, "show_insights_terms": false, "is_unpublished": false}, "caption": {"pk": 17890607107038238, "user_id": 2018677947, "text": "test text", "type": 1, "created_at": 1500830920, "created_at_utc": 1500830920, "content_type": "comment", "status": "Active", "bit_flags": 0, "user": {"pk": 2018677947, "username": "arenda_kvartir_bez_posrednikov", "full_name": "\u0410\u0440\u0435\u043d\u0434\u0430 \u0411\u0435\u0437 \u041f\u043e\u0441\u0440\u0435\u0434\u043d\u0438\u043a\u043e\u0432 \ud83d\udc4d", "is_private": false, "profile_pic_url": "https://instagram.fhel2-1.fna.fbcdn.net/t51.2885-19/s150x150/13712379_831467443656698_786448455_a.jpg", "profile_pic_id": "1299828878990588026_2018677947", "has_anonymous_profile_picture": false, "can_boost_post": true, "can_see_organic_insights": true, "show_insights_terms": false, "is_unpublished": false}, "did_report_as_spam": false, "media_id": 1565405675610052634}, "caption_is_edited": false, "comment_likes_enabled": false, "comment_threading_enabled": false, "has_more_comments": false, "max_num_visible_preview_comments": 4, "preview_comments": [], "comment_count": 0, "boosted_status": "unavailable", "boost_unavailable_reason": "This post can't be used to create a promotion.", "photo_of_you": false, "can_viewer_save": true, "organic_tracking_token": "eyJ2ZXJzaW9uIjo1LCJwYXlsb2FkIjp7ImlzX2FuYWx5dGljc190cmFja2VkIjp0cnVlLCJ1dWlkIjoiMjMxMDE2NjRhMjE2NDY3Zjk1MzFmMjdmZjZiNzVhNWYxNTY1NDA1Njc1NjEwMDUyNjM0Iiwic2VydmVyX3Rva2VuIjoiMTUwMDgzMDkyMTQ2M3wxNTY1NDA1Njc1NjEwMDUyNjM0fDIwMTg2Nzc5NDd8OGJjZDQ5N2Y2Y2FhYTYyNjliOGM3MGQ3NTEyOTJlZDEwMjdiOTI4MmJkNWIxMDE1MzE0YzkyODAxNTgyNDhmYSJ9LCJzaWduYXR1cmUiOiIifQ=="}, "status": "ok"}

</system-out>
        </testcase>
      </testsuite>
    </testsuite>
  </testsuite>
</testsuites>
